[0.052s] Invoking command in '/media/psf/Developer/Robotics/char-01/char_01/build/ros2_pkg': CMAKE_PREFIX_PATH=${CMAKE_PREFIX_PATH}:/opt/ros/humble /usr/bin/cmake /media/psf/Developer/Robotics/char-01/char_01/ros2_pkg -DCMAKE_INSTALL_PREFIX=/media/psf/Developer/Robotics/char-01/char_01/install/ros2_pkg
[0.078s] -- Found ament_cmake: 1.3.6 (/opt/ros/humble/share/ament_cmake/cmake)
[0.198s] -- Override CMake install command with custom implementation using symlinks instead of copying resources
[0.220s] -- Found rclcpp: 16.0.7 (/opt/ros/humble/share/rclcpp/cmake)
[0.260s] -- Found rosidl_generator_c: 3.1.5 (/opt/ros/humble/share/rosidl_generator_c/cmake)
[0.262s] -- Found rosidl_adapter: 3.1.5 (/opt/ros/humble/share/rosidl_adapter/cmake)
[0.269s] -- Found rosidl_generator_cpp: 3.1.5 (/opt/ros/humble/share/rosidl_generator_cpp/cmake)
[0.281s] -- Using all available rosidl_typesupport_c: rosidl_typesupport_fastrtps_c;rosidl_typesupport_introspection_c
[0.296s] -- Using all available rosidl_typesupport_cpp: rosidl_typesupport_fastrtps_cpp;rosidl_typesupport_introspection_cpp
[0.360s] -- Found rmw_implementation_cmake: 6.1.1 (/opt/ros/humble/share/rmw_implementation_cmake/cmake)
[0.363s] -- Found rmw_fastrtps_cpp: 6.2.5 (/opt/ros/humble/share/rmw_fastrtps_cpp/cmake)
[0.550s] -- Using RMW implementation 'rmw_fastrtps_cpp' as default
[0.699s] -- Found rosidl_default_generators: 1.2.0 (/opt/ros/humble/share/rosidl_default_generators/cmake)
[0.708s] -- Found sensor_msgs: 4.2.3 (/opt/ros/humble/share/sensor_msgs/cmake)
[0.820s] -- Found cv_bridge: 3.2.1 (/opt/ros/humble/share/cv_bridge/cmake)
[0.828s] -- Found action_msgs: 1.2.1 (/opt/ros/humble/share/action_msgs/cmake)
[0.879s] -- Found rclcpp_action: 16.0.7 (/opt/ros/humble/share/rclcpp_action/cmake)
[1.196s] -- Found ament_cmake_cppcheck: 0.12.9 (/opt/ros/humble/share/ament_cmake_cppcheck/cmake)
[1.197s] -- Found ament_cmake_cpplint: 0.12.9 (/opt/ros/humble/share/ament_cmake_cpplint/cmake)
[1.199s] -- Found ament_cmake_uncrustify: 0.12.9 (/opt/ros/humble/share/ament_cmake_uncrustify/cmake)
[1.201s] -- Found ament_cmake_ros: 0.10.0 (/opt/ros/humble/share/ament_cmake_ros/cmake)
[1.799s] -- Using all available rosidl_typesupport_c: rosidl_typesupport_fastrtps_c;rosidl_typesupport_introspection_c
[2.032s] -- Using all available rosidl_typesupport_cpp: rosidl_typesupport_fastrtps_cpp;rosidl_typesupport_introspection_cpp
[2.055s] -- Found python_cmake_module: 0.10.0 (/opt/ros/humble/share/python_cmake_module/cmake)
[2.077s] -- Using PYTHON_EXECUTABLE: /usr/bin/python3
[2.077s] -- Using PYTHON_INCLUDE_DIRS: /usr/include/python3.10
[2.077s] -- Using PYTHON_LIBRARIES: /usr/lib/aarch64-linux-gnu/libpython3.10.so
[2.178s] -- Found ament_cmake_flake8: 0.12.9 (/opt/ros/humble/share/ament_cmake_flake8/cmake)
[2.180s] -- Found ament_cmake_pep257: 0.12.9 (/opt/ros/humble/share/ament_cmake_pep257/cmake)
[2.198s] -- Found ament_lint_auto: 0.12.9 (/opt/ros/humble/share/ament_lint_auto/cmake)
[2.282s] -- Added test 'cppcheck' to perform static code analysis on C / C++ code
[2.282s] -- Configured cppcheck include dirs: 
[2.283s] -- Configured cppcheck exclude dirs and/or files: 
[2.322s] -- Added test 'cpplint' to check C / C++ code against the Google style
[2.322s] -- Configured cpplint exclude dirs and/or files: 
[2.370s] -- Added test 'uncrustify' to check C / C++ code style
[2.371s] -- Configured uncrustify additional arguments: 
[2.376s] -- Added test 'flake8' to check Python code syntax and style conventions
[2.382s] -- Added test 'pep257' to check Python code against some of the docstring style conventions in PEP 257
[2.382s] -- Added test 'copyright' to check source files copyright and LICENSE
[2.392s] -- Added test 'lint_cmake' to check CMake code style
[2.399s] -- Added test 'xmllint' to check XML markup files
[2.415s] -- Configuring done
[2.773s] -- Generating done
[2.805s] -- Build files have been written to: /media/psf/Developer/Robotics/char-01/char_01/build/ros2_pkg
[2.813s] Invoked command in '/media/psf/Developer/Robotics/char-01/char_01/build/ros2_pkg' returned '0': CMAKE_PREFIX_PATH=${CMAKE_PREFIX_PATH}:/opt/ros/humble /usr/bin/cmake /media/psf/Developer/Robotics/char-01/char_01/ros2_pkg -DCMAKE_INSTALL_PREFIX=/media/psf/Developer/Robotics/char-01/char_01/install/ros2_pkg
[2.815s] Invoking command in '/media/psf/Developer/Robotics/char-01/char_01/build/ros2_pkg': CMAKE_PREFIX_PATH=${CMAKE_PREFIX_PATH}:/opt/ros/humble /usr/bin/cmake --build /media/psf/Developer/Robotics/char-01/char_01/build/ros2_pkg -- -j2 -l2
[2.905s] [  1%] Built target ros2_pkg__cpp
[2.932s] [35m[1mConsolidate compiler generated dependencies of target ros2_pkg__rosidl_generator_c[0m
[2.964s] [  8%] Built target ros2_pkg__rosidl_generator_c
[3.010s] [  8%] Built target ament_cmake_python_symlink_ros2_pkg
[3.030s] [35m[1mConsolidate compiler generated dependencies of target publisher[0m
[3.166s] [ 11%] Built target publisher
[3.185s] [35m[1mConsolidate compiler generated dependencies of target subscriber[0m
[3.310s] [ 14%] Built target subscriber
[3.330s] [35m[1mConsolidate compiler generated dependencies of target rpm_pub[0m
[3.450s] [ 17%] Built target rpm_pub
[3.472s] [35m[1mConsolidate compiler generated dependencies of target speed_calc[0m
[3.588s] [ 20%] Built target speed_calc
[3.607s] [35m[1mConsolidate compiler generated dependencies of target ros2_pkg__rosidl_typesupport_cpp[0m
[3.686s] [ 28%] Built target ros2_pkg__rosidl_typesupport_cpp
[3.705s] [35m[1mConsolidate compiler generated dependencies of target ros2_pkg__rosidl_typesupport_fastrtps_c[0m
[3.797s] [ 35%] Built target ros2_pkg__rosidl_typesupport_fastrtps_c
[3.820s] [35m[1mConsolidate compiler generated dependencies of target ros2_pkg__rosidl_typesupport_fastrtps_cpp[0m
[3.918s] [ 43%] Built target ros2_pkg__rosidl_typesupport_fastrtps_cpp
[3.937s] [35m[1mConsolidate compiler generated dependencies of target ros2_pkg__rosidl_typesupport_introspection_c[0m
[3.972s] [ 50%] Built target ros2_pkg__rosidl_typesupport_introspection_c
[3.995s] [35m[1mConsolidate compiler generated dependencies of target ros2_pkg__rosidl_typesupport_c[0m
[4.034s] [ 58%] Built target ros2_pkg__rosidl_typesupport_c
[4.055s] [35m[1mConsolidate compiler generated dependencies of target ros2_pkg__rosidl_typesupport_introspection_cpp[0m
[4.138s] [ 65%] Built target ros2_pkg__rosidl_typesupport_introspection_cpp
[4.307s] running egg_info
[4.308s] writing ros2_pkg.egg-info/PKG-INFO
[4.309s] writing dependency_links to ros2_pkg.egg-info/dependency_links.txt
[4.310s] writing top-level names to ros2_pkg.egg-info/top_level.txt
[4.316s] reading manifest file 'ros2_pkg.egg-info/SOURCES.txt'
[4.317s] writing manifest file 'ros2_pkg.egg-info/SOURCES.txt'
[4.345s] [ 65%] Built target ament_cmake_python_build_ros2_pkg_egg
[4.366s] [35m[1mConsolidate compiler generated dependencies of target service_server[0m
[4.477s] [ 68%] Built target service_server
[4.493s] [35m[1mConsolidate compiler generated dependencies of target service_client[0m
[4.598s] [ 71%] Built target service_client
[4.616s] [35m[1mConsolidate compiler generated dependencies of target turn_camera_service[0m
[4.748s] [ 74%] Built target turn_camera_service
[4.774s] [35m[1mConsolidate compiler generated dependencies of target turn_camera_client[0m
[4.914s] [ 77%] Built target turn_camera_client
[4.941s] [35m[1mConsolidate compiler generated dependencies of target action_server[0m
[5.030s] [ 80%] Built target action_server
[5.054s] [35m[1mConsolidate compiler generated dependencies of target action_client[0m
[5.154s] [ 83%] Built target action_client
[5.200s] [ 83%] Built target ros2_pkg
[5.240s] [ 85%] Built target ros2_pkg__py
[5.260s] [35m[1mConsolidate compiler generated dependencies of target ros2_pkg__rosidl_generator_py[0m
[5.350s] [ 91%] Built target ros2_pkg__rosidl_generator_py
[5.368s] [35m[1mConsolidate compiler generated dependencies of target ros2_pkg__rosidl_typesupport_fastrtps_c__pyext[0m
[5.412s] [ 94%] Built target ros2_pkg__rosidl_typesupport_fastrtps_c__pyext
[5.434s] [35m[1mConsolidate compiler generated dependencies of target ros2_pkg__rosidl_typesupport_introspection_c__pyext[0m
[5.496s] [ 97%] Built target ros2_pkg__rosidl_typesupport_introspection_c__pyext
[5.524s] [35m[1mConsolidate compiler generated dependencies of target ros2_pkg__rosidl_typesupport_c__pyext[0m
[5.587s] [100%] Built target ros2_pkg__rosidl_typesupport_c__pyext
[5.613s] Invoked command in '/media/psf/Developer/Robotics/char-01/char_01/build/ros2_pkg' returned '0': CMAKE_PREFIX_PATH=${CMAKE_PREFIX_PATH}:/opt/ros/humble /usr/bin/cmake --build /media/psf/Developer/Robotics/char-01/char_01/build/ros2_pkg -- -j2 -l2
[5.882s] Invoking command in '/media/psf/Developer/Robotics/char-01/char_01/build/ros2_pkg': CMAKE_PREFIX_PATH=${CMAKE_PREFIX_PATH}:/opt/ros/humble /usr/bin/cmake --install /media/psf/Developer/Robotics/char-01/char_01/build/ros2_pkg
[5.895s] -- Install configuration: ""
[5.897s] -- Execute custom install script
[5.899s] -- Up-to-date symlink: /media/psf/Developer/Robotics/char-01/char_01/install/ros2_pkg/share/ament_index/resource_index/rosidl_interfaces/ros2_pkg
[5.902s] -- Up-to-date symlink: /media/psf/Developer/Robotics/char-01/char_01/install/ros2_pkg/include/ros2_pkg/ros2_pkg/action/detail/navigate__functions.h
[5.903s] -- Up-to-date symlink: /media/psf/Developer/Robotics/char-01/char_01/install/ros2_pkg/include/ros2_pkg/ros2_pkg/action/detail/navigate__struct.h
[5.903s] -- Up-to-date symlink: /media/psf/Developer/Robotics/char-01/char_01/install/ros2_pkg/include/ros2_pkg/ros2_pkg/action/detail/navigate__type_support.h
[5.904s] -- Up-to-date symlink: /media/psf/Developer/Robotics/char-01/char_01/install/ros2_pkg/include/ros2_pkg/ros2_pkg/action/navigate.h
[5.904s] -- Up-to-date symlink: /media/psf/Developer/Robotics/char-01/char_01/install/ros2_pkg/include/ros2_pkg/ros2_pkg/msg/rosidl_generator_c__visibility_control.h
[5.905s] -- Up-to-date symlink: /media/psf/Developer/Robotics/char-01/char_01/install/ros2_pkg/include/ros2_pkg/ros2_pkg/srv/detail/odd_even_check__functions.h
[5.905s] -- Up-to-date symlink: /media/psf/Developer/Robotics/char-01/char_01/install/ros2_pkg/include/ros2_pkg/ros2_pkg/srv/detail/odd_even_check__struct.h
[5.906s] -- Up-to-date symlink: /media/psf/Developer/Robotics/char-01/char_01/install/ros2_pkg/include/ros2_pkg/ros2_pkg/srv/detail/odd_even_check__type_support.h
[5.907s] -- Up-to-date symlink: /media/psf/Developer/Robotics/char-01/char_01/install/ros2_pkg/include/ros2_pkg/ros2_pkg/srv/detail/turn_camera__functions.h
[5.907s] -- Up-to-date symlink: /media/psf/Developer/Robotics/char-01/char_01/install/ros2_pkg/include/ros2_pkg/ros2_pkg/srv/detail/turn_camera__struct.h
[5.908s] -- Up-to-date symlink: /media/psf/Developer/Robotics/char-01/char_01/install/ros2_pkg/include/ros2_pkg/ros2_pkg/srv/detail/turn_camera__type_support.h
[5.908s] -- Up-to-date symlink: /media/psf/Developer/Robotics/char-01/char_01/install/ros2_pkg/include/ros2_pkg/ros2_pkg/srv/odd_even_check.h
[5.909s] -- Up-to-date symlink: /media/psf/Developer/Robotics/char-01/char_01/install/ros2_pkg/include/ros2_pkg/ros2_pkg/srv/turn_camera.h
[5.909s] -- Up-to-date symlink: /media/psf/Developer/Robotics/char-01/char_01/install/ros2_pkg/share/ros2_pkg/environment/library_path.sh
[5.910s] -- Up-to-date symlink: /media/psf/Developer/Robotics/char-01/char_01/install/ros2_pkg/share/ros2_pkg/environment/library_path.dsv
[5.914s] -- Up-to-date symlink: /media/psf/Developer/Robotics/char-01/char_01/install/ros2_pkg/include/ros2_pkg/ros2_pkg/action/detail/navigate__rosidl_typesupport_fastrtps_c.h
[5.915s] -- Up-to-date symlink: /media/psf/Developer/Robotics/char-01/char_01/install/ros2_pkg/include/ros2_pkg/ros2_pkg/msg/rosidl_typesupport_fastrtps_c__visibility_control.h
[5.915s] -- Up-to-date symlink: /media/psf/Developer/Robotics/char-01/char_01/install/ros2_pkg/include/ros2_pkg/ros2_pkg/srv/detail/odd_even_check__rosidl_typesupport_fastrtps_c.h
[5.915s] -- Up-to-date symlink: /media/psf/Developer/Robotics/char-01/char_01/install/ros2_pkg/include/ros2_pkg/ros2_pkg/srv/detail/turn_camera__rosidl_typesupport_fastrtps_c.h
[5.918s] -- Up-to-date symlink: /media/psf/Developer/Robotics/char-01/char_01/install/ros2_pkg/include/ros2_pkg/ros2_pkg/action/detail/navigate__builder.hpp
[5.919s] -- Up-to-date symlink: /media/psf/Developer/Robotics/char-01/char_01/install/ros2_pkg/include/ros2_pkg/ros2_pkg/action/detail/navigate__struct.hpp
[5.919s] -- Up-to-date symlink: /media/psf/Developer/Robotics/char-01/char_01/install/ros2_pkg/include/ros2_pkg/ros2_pkg/action/detail/navigate__traits.hpp
[5.920s] -- Up-to-date symlink: /media/psf/Developer/Robotics/char-01/char_01/install/ros2_pkg/include/ros2_pkg/ros2_pkg/action/navigate.hpp
[5.920s] -- Up-to-date symlink: /media/psf/Developer/Robotics/char-01/char_01/install/ros2_pkg/include/ros2_pkg/ros2_pkg/srv/detail/odd_even_check__builder.hpp
[5.921s] -- Up-to-date symlink: /media/psf/Developer/Robotics/char-01/char_01/install/ros2_pkg/include/ros2_pkg/ros2_pkg/srv/detail/odd_even_check__struct.hpp
[5.922s] -- Up-to-date symlink: /media/psf/Developer/Robotics/char-01/char_01/install/ros2_pkg/include/ros2_pkg/ros2_pkg/srv/detail/odd_even_check__traits.hpp
[5.922s] -- Up-to-date symlink: /media/psf/Developer/Robotics/char-01/char_01/install/ros2_pkg/include/ros2_pkg/ros2_pkg/srv/detail/turn_camera__builder.hpp
[5.923s] -- Up-to-date symlink: /media/psf/Developer/Robotics/char-01/char_01/install/ros2_pkg/include/ros2_pkg/ros2_pkg/srv/detail/turn_camera__struct.hpp
[5.923s] -- Up-to-date symlink: /media/psf/Developer/Robotics/char-01/char_01/install/ros2_pkg/include/ros2_pkg/ros2_pkg/srv/detail/turn_camera__traits.hpp
[5.924s] -- Up-to-date symlink: /media/psf/Developer/Robotics/char-01/char_01/install/ros2_pkg/include/ros2_pkg/ros2_pkg/srv/odd_even_check.hpp
[5.924s] -- Up-to-date symlink: /media/psf/Developer/Robotics/char-01/char_01/install/ros2_pkg/include/ros2_pkg/ros2_pkg/srv/turn_camera.hpp
[5.929s] -- Up-to-date symlink: /media/psf/Developer/Robotics/char-01/char_01/install/ros2_pkg/include/ros2_pkg/ros2_pkg/action/detail/navigate__rosidl_typesupport_fastrtps_cpp.hpp
[5.930s] -- Up-to-date symlink: /media/psf/Developer/Robotics/char-01/char_01/install/ros2_pkg/include/ros2_pkg/ros2_pkg/msg/rosidl_typesupport_fastrtps_cpp__visibility_control.h
[5.930s] -- Up-to-date symlink: /media/psf/Developer/Robotics/char-01/char_01/install/ros2_pkg/include/ros2_pkg/ros2_pkg/srv/detail/odd_even_check__rosidl_typesupport_fastrtps_cpp.hpp
[5.931s] -- Up-to-date symlink: /media/psf/Developer/Robotics/char-01/char_01/install/ros2_pkg/include/ros2_pkg/ros2_pkg/srv/detail/turn_camera__rosidl_typesupport_fastrtps_cpp.hpp
[5.933s] -- Up-to-date symlink: /media/psf/Developer/Robotics/char-01/char_01/install/ros2_pkg/include/ros2_pkg/ros2_pkg/action/detail/navigate__rosidl_typesupport_introspection_c.h
[5.934s] -- Up-to-date symlink: /media/psf/Developer/Robotics/char-01/char_01/install/ros2_pkg/include/ros2_pkg/ros2_pkg/msg/rosidl_typesupport_introspection_c__visibility_control.h
[5.934s] -- Up-to-date symlink: /media/psf/Developer/Robotics/char-01/char_01/install/ros2_pkg/include/ros2_pkg/ros2_pkg/srv/detail/odd_even_check__rosidl_typesupport_introspection_c.h
[5.934s] -- Up-to-date symlink: /media/psf/Developer/Robotics/char-01/char_01/install/ros2_pkg/include/ros2_pkg/ros2_pkg/srv/detail/turn_camera__rosidl_typesupport_introspection_c.h
[5.939s] -- Up-to-date symlink: /media/psf/Developer/Robotics/char-01/char_01/install/ros2_pkg/include/ros2_pkg/ros2_pkg/action/detail/navigate__rosidl_typesupport_introspection_cpp.hpp
[5.940s] -- Up-to-date symlink: /media/psf/Developer/Robotics/char-01/char_01/install/ros2_pkg/include/ros2_pkg/ros2_pkg/srv/detail/odd_even_check__rosidl_typesupport_introspection_cpp.hpp
[5.941s] -- Up-to-date symlink: /media/psf/Developer/Robotics/char-01/char_01/install/ros2_pkg/include/ros2_pkg/ros2_pkg/srv/detail/turn_camera__rosidl_typesupport_introspection_cpp.hpp
[5.941s] -- Up-to-date symlink: /media/psf/Developer/Robotics/char-01/char_01/install/ros2_pkg/share/ros2_pkg/environment/pythonpath.sh
[5.942s] -- Up-to-date symlink: /media/psf/Developer/Robotics/char-01/char_01/install/ros2_pkg/share/ros2_pkg/environment/pythonpath.dsv
[5.943s] -- Up-to-date symlink: /media/psf/Developer/Robotics/char-01/char_01/install/ros2_pkg/local/lib/python3.10/dist-packages/ros2_pkg-0.0.0-py3.10.egg-info/PKG-INFO
[5.944s] -- Up-to-date symlink: /media/psf/Developer/Robotics/char-01/char_01/install/ros2_pkg/local/lib/python3.10/dist-packages/ros2_pkg-0.0.0-py3.10.egg-info/SOURCES.txt
[5.944s] -- Up-to-date symlink: /media/psf/Developer/Robotics/char-01/char_01/install/ros2_pkg/local/lib/python3.10/dist-packages/ros2_pkg-0.0.0-py3.10.egg-info/dependency_links.txt
[5.944s] -- Up-to-date symlink: /media/psf/Developer/Robotics/char-01/char_01/install/ros2_pkg/local/lib/python3.10/dist-packages/ros2_pkg-0.0.0-py3.10.egg-info/top_level.txt
[5.948s] -- Up-to-date symlink: /media/psf/Developer/Robotics/char-01/char_01/install/ros2_pkg/local/lib/python3.10/dist-packages/ros2_pkg/__init__.py
[5.948s] -- Up-to-date symlink: /media/psf/Developer/Robotics/char-01/char_01/install/ros2_pkg/local/lib/python3.10/dist-packages/ros2_pkg/_ros2_pkg_s.ep.rosidl_typesupport_c.c
[5.949s] -- Up-to-date symlink: /media/psf/Developer/Robotics/char-01/char_01/install/ros2_pkg/local/lib/python3.10/dist-packages/ros2_pkg/_ros2_pkg_s.ep.rosidl_typesupport_fastrtps_c.c
[5.949s] -- Up-to-date symlink: /media/psf/Developer/Robotics/char-01/char_01/install/ros2_pkg/local/lib/python3.10/dist-packages/ros2_pkg/_ros2_pkg_s.ep.rosidl_typesupport_introspection_c.c
[5.950s] -- Up-to-date symlink: /media/psf/Developer/Robotics/char-01/char_01/install/ros2_pkg/local/lib/python3.10/dist-packages/ros2_pkg/action/__init__.py
[5.950s] -- Up-to-date symlink: /media/psf/Developer/Robotics/char-01/char_01/install/ros2_pkg/local/lib/python3.10/dist-packages/ros2_pkg/action/_navigate.py
[5.950s] -- Up-to-date symlink: /media/psf/Developer/Robotics/char-01/char_01/install/ros2_pkg/local/lib/python3.10/dist-packages/ros2_pkg/action/_navigate_s.c
[5.951s] -- Up-to-date symlink: /media/psf/Developer/Robotics/char-01/char_01/install/ros2_pkg/local/lib/python3.10/dist-packages/ros2_pkg/libros2_pkg__rosidl_generator_py.so
[5.951s] -- Up-to-date symlink: /media/psf/Developer/Robotics/char-01/char_01/install/ros2_pkg/local/lib/python3.10/dist-packages/ros2_pkg/ros2_pkg_s__rosidl_typesupport_c.cpython-310-aarch64-linux-gnu.so
[5.951s] -- Up-to-date symlink: /media/psf/Developer/Robotics/char-01/char_01/install/ros2_pkg/local/lib/python3.10/dist-packages/ros2_pkg/ros2_pkg_s__rosidl_typesupport_fastrtps_c.cpython-310-aarch64-linux-gnu.so
[5.952s] -- Up-to-date symlink: /media/psf/Developer/Robotics/char-01/char_01/install/ros2_pkg/local/lib/python3.10/dist-packages/ros2_pkg/ros2_pkg_s__rosidl_typesupport_introspection_c.cpython-310-aarch64-linux-gnu.so
[5.952s] -- Up-to-date symlink: /media/psf/Developer/Robotics/char-01/char_01/install/ros2_pkg/local/lib/python3.10/dist-packages/ros2_pkg/srv/__init__.py
[5.953s] -- Up-to-date symlink: /media/psf/Developer/Robotics/char-01/char_01/install/ros2_pkg/local/lib/python3.10/dist-packages/ros2_pkg/srv/_odd_even_check.py
[5.953s] -- Up-to-date symlink: /media/psf/Developer/Robotics/char-01/char_01/install/ros2_pkg/local/lib/python3.10/dist-packages/ros2_pkg/srv/_odd_even_check_s.c
[5.954s] -- Up-to-date symlink: /media/psf/Developer/Robotics/char-01/char_01/install/ros2_pkg/local/lib/python3.10/dist-packages/ros2_pkg/srv/_turn_camera.py
[5.954s] -- Up-to-date symlink: /media/psf/Developer/Robotics/char-01/char_01/install/ros2_pkg/local/lib/python3.10/dist-packages/ros2_pkg/srv/_turn_camera_s.c
[5.955s] -- Up-to-date symlink: /media/psf/Developer/Robotics/char-01/char_01/install/ros2_pkg/local/lib/python3.10/dist-packages/ros2_pkg/ros2_pkg_s__rosidl_typesupport_fastrtps_c.cpython-310-aarch64-linux-gnu.so
[5.956s] -- Up-to-date symlink: /media/psf/Developer/Robotics/char-01/char_01/install/ros2_pkg/local/lib/python3.10/dist-packages/ros2_pkg/ros2_pkg_s__rosidl_typesupport_introspection_c.cpython-310-aarch64-linux-gnu.so
[5.956s] -- Up-to-date symlink: /media/psf/Developer/Robotics/char-01/char_01/install/ros2_pkg/local/lib/python3.10/dist-packages/ros2_pkg/ros2_pkg_s__rosidl_typesupport_c.cpython-310-aarch64-linux-gnu.so
[5.957s] -- Up-to-date symlink: /media/psf/Developer/Robotics/char-01/char_01/install/ros2_pkg/share/ros2_pkg/srv/OddEvenCheck.idl
[5.958s] -- Up-to-date symlink: /media/psf/Developer/Robotics/char-01/char_01/install/ros2_pkg/share/ros2_pkg/srv/TurnCamera.idl
[5.958s] -- Up-to-date symlink: /media/psf/Developer/Robotics/char-01/char_01/install/ros2_pkg/share/ros2_pkg/action/Navigate.idl
[5.959s] -- Up-to-date symlink: /media/psf/Developer/Robotics/char-01/char_01/install/ros2_pkg/share/ros2_pkg/srv/OddEvenCheck.srv
[5.959s] -- Up-to-date symlink: /media/psf/Developer/Robotics/char-01/char_01/install/ros2_pkg/share/ros2_pkg/srv/OddEvenCheck_Request.msg
[5.959s] -- Up-to-date symlink: /media/psf/Developer/Robotics/char-01/char_01/install/ros2_pkg/share/ros2_pkg/srv/OddEvenCheck_Response.msg
[5.960s] -- Up-to-date symlink: /media/psf/Developer/Robotics/char-01/char_01/install/ros2_pkg/share/ros2_pkg/srv/TurnCamera.srv
[5.960s] -- Up-to-date symlink: /media/psf/Developer/Robotics/char-01/char_01/install/ros2_pkg/share/ros2_pkg/srv/TurnCamera_Request.msg
[5.961s] -- Up-to-date symlink: /media/psf/Developer/Robotics/char-01/char_01/install/ros2_pkg/share/ros2_pkg/srv/TurnCamera_Response.msg
[5.961s] -- Up-to-date symlink: /media/psf/Developer/Robotics/char-01/char_01/install/ros2_pkg/share/ros2_pkg/action/Navigate.action
[5.962s] -- Up-to-date symlink: /media/psf/Developer/Robotics/char-01/char_01/install/ros2_pkg/lib/ros2_pkg/publisher
[5.963s] -- Up-to-date symlink: /media/psf/Developer/Robotics/char-01/char_01/install/ros2_pkg/lib/ros2_pkg/subscriber
[5.964s] -- Up-to-date symlink: /media/psf/Developer/Robotics/char-01/char_01/install/ros2_pkg/lib/ros2_pkg/rpm_pub
[5.965s] -- Up-to-date symlink: /media/psf/Developer/Robotics/char-01/char_01/install/ros2_pkg/lib/ros2_pkg/speed_calc
[5.965s] -- Up-to-date symlink: /media/psf/Developer/Robotics/char-01/char_01/install/ros2_pkg/lib/ros2_pkg/service_server
[5.966s] -- Up-to-date symlink: /media/psf/Developer/Robotics/char-01/char_01/install/ros2_pkg/lib/ros2_pkg/service_client
[5.967s] -- Up-to-date symlink: /media/psf/Developer/Robotics/char-01/char_01/install/ros2_pkg/lib/ros2_pkg/turn_camera_service
[5.967s] -- Up-to-date symlink: /media/psf/Developer/Robotics/char-01/char_01/install/ros2_pkg/lib/ros2_pkg/turn_camera_client
[5.968s] -- Up-to-date symlink: /media/psf/Developer/Robotics/char-01/char_01/install/ros2_pkg/lib/ros2_pkg/action_server
[5.968s] -- Up-to-date symlink: /media/psf/Developer/Robotics/char-01/char_01/install/ros2_pkg/lib/ros2_pkg/action_client
[5.969s] -- Up-to-date symlink: /media/psf/Developer/Robotics/char-01/char_01/install/ros2_pkg/share/ros2_pkg//launch/launch_project.launch.py
[5.970s] -- Up-to-date symlink: /media/psf/Developer/Robotics/char-01/char_01/install/ros2_pkg/share/ros2_pkg//launch/rpm_node.launch.py
[5.971s] -- Up-to-date symlink: /media/psf/Developer/Robotics/char-01/char_01/install/ros2_pkg/share/ament_index/resource_index/package_run_dependencies/ros2_pkg
[5.971s] -- Up-to-date symlink: /media/psf/Developer/Robotics/char-01/char_01/install/ros2_pkg/share/ament_index/resource_index/parent_prefix_path/ros2_pkg
[5.972s] -- Up-to-date symlink: /media/psf/Developer/Robotics/char-01/char_01/install/ros2_pkg/share/ros2_pkg/environment/ament_prefix_path.sh
[5.972s] -- Up-to-date symlink: /media/psf/Developer/Robotics/char-01/char_01/install/ros2_pkg/share/ros2_pkg/environment/ament_prefix_path.dsv
[5.973s] -- Up-to-date symlink: /media/psf/Developer/Robotics/char-01/char_01/install/ros2_pkg/share/ros2_pkg/environment/path.sh
[5.973s] -- Up-to-date symlink: /media/psf/Developer/Robotics/char-01/char_01/install/ros2_pkg/share/ros2_pkg/environment/path.dsv
[5.974s] -- Up-to-date symlink: /media/psf/Developer/Robotics/char-01/char_01/install/ros2_pkg/share/ros2_pkg/local_setup.bash
[5.974s] -- Up-to-date symlink: /media/psf/Developer/Robotics/char-01/char_01/install/ros2_pkg/share/ros2_pkg/local_setup.sh
[5.975s] -- Up-to-date symlink: /media/psf/Developer/Robotics/char-01/char_01/install/ros2_pkg/share/ros2_pkg/local_setup.zsh
[5.975s] -- Up-to-date symlink: /media/psf/Developer/Robotics/char-01/char_01/install/ros2_pkg/share/ros2_pkg/local_setup.dsv
[5.976s] -- Symlinking: /media/psf/Developer/Robotics/char-01/char_01/install/ros2_pkg/share/ros2_pkg/package.dsv
[5.990s] -- Up-to-date symlink: /media/psf/Developer/Robotics/char-01/char_01/install/ros2_pkg/share/ament_index/resource_index/packages/ros2_pkg
[5.991s] -- Up-to-date symlink: /media/psf/Developer/Robotics/char-01/char_01/install/ros2_pkg/share/ros2_pkg/cmake/rosidl_cmake-extras.cmake
[5.991s] -- Up-to-date symlink: /media/psf/Developer/Robotics/char-01/char_01/install/ros2_pkg/share/ros2_pkg/cmake/ament_cmake_export_dependencies-extras.cmake
[5.992s] -- Up-to-date symlink: /media/psf/Developer/Robotics/char-01/char_01/install/ros2_pkg/share/ros2_pkg/cmake/ament_cmake_export_include_directories-extras.cmake
[5.993s] -- Up-to-date symlink: /media/psf/Developer/Robotics/char-01/char_01/install/ros2_pkg/share/ros2_pkg/cmake/ament_cmake_export_libraries-extras.cmake
[5.993s] -- Up-to-date symlink: /media/psf/Developer/Robotics/char-01/char_01/install/ros2_pkg/share/ros2_pkg/cmake/ament_cmake_export_targets-extras.cmake
[5.994s] -- Up-to-date symlink: /media/psf/Developer/Robotics/char-01/char_01/install/ros2_pkg/share/ros2_pkg/cmake/rosidl_cmake_export_typesupport_targets-extras.cmake
[5.995s] -- Up-to-date symlink: /media/psf/Developer/Robotics/char-01/char_01/install/ros2_pkg/share/ros2_pkg/cmake/rosidl_cmake_export_typesupport_libraries-extras.cmake
[5.995s] -- Up-to-date symlink: /media/psf/Developer/Robotics/char-01/char_01/install/ros2_pkg/share/ros2_pkg/cmake/ros2_pkgConfig.cmake
[5.996s] -- Up-to-date symlink: /media/psf/Developer/Robotics/char-01/char_01/install/ros2_pkg/share/ros2_pkg/cmake/ros2_pkgConfig-version.cmake
[5.996s] -- Up-to-date symlink: /media/psf/Developer/Robotics/char-01/char_01/install/ros2_pkg/share/ros2_pkg/package.xml
[5.997s] -- Up-to-date: /media/psf/Developer/Robotics/char-01/char_01/install/ros2_pkg/lib/libros2_pkg__rosidl_generator_c.so
[5.999s] -- Up-to-date: /media/psf/Developer/Robotics/char-01/char_01/install/ros2_pkg/lib/libros2_pkg__rosidl_typesupport_fastrtps_c.so
[6.000s] -- Up-to-date: /media/psf/Developer/Robotics/char-01/char_01/install/ros2_pkg/lib/libros2_pkg__rosidl_typesupport_fastrtps_cpp.so
[6.002s] -- Up-to-date: /media/psf/Developer/Robotics/char-01/char_01/install/ros2_pkg/lib/libros2_pkg__rosidl_typesupport_introspection_c.so
[6.003s] -- Up-to-date: /media/psf/Developer/Robotics/char-01/char_01/install/ros2_pkg/lib/libros2_pkg__rosidl_typesupport_c.so
[6.005s] -- Up-to-date: /media/psf/Developer/Robotics/char-01/char_01/install/ros2_pkg/lib/libros2_pkg__rosidl_typesupport_introspection_cpp.so
[6.006s] -- Up-to-date: /media/psf/Developer/Robotics/char-01/char_01/install/ros2_pkg/lib/libros2_pkg__rosidl_typesupport_cpp.so
[6.041s] Listing '/media/psf/Developer/Robotics/char-01/char_01/install/ros2_pkg/local/lib/python3.10/dist-packages/ros2_pkg'...
[6.041s] Compiling '/media/psf/Developer/Robotics/char-01/char_01/install/ros2_pkg/local/lib/python3.10/dist-packages/ros2_pkg/__init__.py'...
[6.042s] Listing '/media/psf/Developer/Robotics/char-01/char_01/install/ros2_pkg/local/lib/python3.10/dist-packages/ros2_pkg/action'...
[6.042s] Listing '/media/psf/Developer/Robotics/char-01/char_01/install/ros2_pkg/local/lib/python3.10/dist-packages/ros2_pkg/srv'...
[6.047s] -- Up-to-date: /media/psf/Developer/Robotics/char-01/char_01/install/ros2_pkg/lib/libros2_pkg__rosidl_generator_py.so
[6.048s] -- Up-to-date: /media/psf/Developer/Robotics/char-01/char_01/install/ros2_pkg/share/ros2_pkg/cmake/export_ros2_pkg__rosidl_generator_cExport.cmake
[6.048s] -- Up-to-date: /media/psf/Developer/Robotics/char-01/char_01/install/ros2_pkg/share/ros2_pkg/cmake/export_ros2_pkg__rosidl_generator_cExport-noconfig.cmake
[6.049s] -- Up-to-date: /media/psf/Developer/Robotics/char-01/char_01/install/ros2_pkg/share/ros2_pkg/cmake/export_ros2_pkg__rosidl_typesupport_fastrtps_cExport.cmake
[6.049s] -- Up-to-date: /media/psf/Developer/Robotics/char-01/char_01/install/ros2_pkg/share/ros2_pkg/cmake/export_ros2_pkg__rosidl_typesupport_fastrtps_cExport-noconfig.cmake
[6.050s] -- Up-to-date: /media/psf/Developer/Robotics/char-01/char_01/install/ros2_pkg/share/ros2_pkg/cmake/export_ros2_pkg__rosidl_generator_cppExport.cmake
[6.050s] -- Up-to-date: /media/psf/Developer/Robotics/char-01/char_01/install/ros2_pkg/share/ros2_pkg/cmake/export_ros2_pkg__rosidl_typesupport_fastrtps_cppExport.cmake
[6.050s] -- Up-to-date: /media/psf/Developer/Robotics/char-01/char_01/install/ros2_pkg/share/ros2_pkg/cmake/export_ros2_pkg__rosidl_typesupport_fastrtps_cppExport-noconfig.cmake
[6.050s] -- Up-to-date: /media/psf/Developer/Robotics/char-01/char_01/install/ros2_pkg/share/ros2_pkg/cmake/ros2_pkg__rosidl_typesupport_introspection_cExport.cmake
[6.051s] -- Up-to-date: /media/psf/Developer/Robotics/char-01/char_01/install/ros2_pkg/share/ros2_pkg/cmake/ros2_pkg__rosidl_typesupport_introspection_cExport-noconfig.cmake
[6.052s] -- Up-to-date: /media/psf/Developer/Robotics/char-01/char_01/install/ros2_pkg/share/ros2_pkg/cmake/ros2_pkg__rosidl_typesupport_cExport.cmake
[6.052s] -- Up-to-date: /media/psf/Developer/Robotics/char-01/char_01/install/ros2_pkg/share/ros2_pkg/cmake/ros2_pkg__rosidl_typesupport_cExport-noconfig.cmake
[6.053s] -- Up-to-date: /media/psf/Developer/Robotics/char-01/char_01/install/ros2_pkg/share/ros2_pkg/cmake/ros2_pkg__rosidl_typesupport_introspection_cppExport.cmake
[6.053s] -- Up-to-date: /media/psf/Developer/Robotics/char-01/char_01/install/ros2_pkg/share/ros2_pkg/cmake/ros2_pkg__rosidl_typesupport_introspection_cppExport-noconfig.cmake
[6.054s] -- Up-to-date: /media/psf/Developer/Robotics/char-01/char_01/install/ros2_pkg/share/ros2_pkg/cmake/ros2_pkg__rosidl_typesupport_cppExport.cmake
[6.054s] -- Up-to-date: /media/psf/Developer/Robotics/char-01/char_01/install/ros2_pkg/share/ros2_pkg/cmake/ros2_pkg__rosidl_typesupport_cppExport-noconfig.cmake
[6.055s] -- Up-to-date: /media/psf/Developer/Robotics/char-01/char_01/install/ros2_pkg/share/ros2_pkg/cmake/export_ros2_pkg__rosidl_generator_pyExport.cmake
[6.055s] -- Up-to-date: /media/psf/Developer/Robotics/char-01/char_01/install/ros2_pkg/share/ros2_pkg/cmake/export_ros2_pkg__rosidl_generator_pyExport-noconfig.cmake
[6.060s] Invoked command in '/media/psf/Developer/Robotics/char-01/char_01/build/ros2_pkg' returned '0': CMAKE_PREFIX_PATH=${CMAKE_PREFIX_PATH}:/opt/ros/humble /usr/bin/cmake --install /media/psf/Developer/Robotics/char-01/char_01/build/ros2_pkg
