[0.560s] DEBUG:colcon:Command line arguments: ['/usr/bin/colcon', 'build']
[0.560s] DEBUG:colcon:Parsed command line arguments: Namespace(log_base=None, log_level=None, verb_name='build', build_base='build', install_base='install', merge_install=False, symlink_install=False, test_result_base=None, continue_on_error=False, executor='parallel', parallel_workers=2, event_handlers=None, ignore_user_meta=False, metas=['./colcon.meta'], base_paths=['.'], packages_ignore=None, packages_ignore_regex=None, paths=None, packages_up_to=None, packages_up_to_regex=None, packages_above=None, packages_above_and_dependencies=None, packages_above_depth=None, packages_select_by_dep=None, packages_skip_by_dep=None, packages_skip_up_to=None, packages_select_build_failed=False, packages_skip_build_finished=False, packages_select_test_failures=False, packages_skip_test_passed=False, packages_select=None, packages_skip=None, packages_select_regex=None, packages_skip_regex=None, packages_start=None, packages_end=None, allow_overriding=[], cmake_args=None, cmake_target=None, cmake_target_skip_unavailable=False, cmake_clean_cache=False, cmake_clean_first=False, cmake_force_configure=False, ament_cmake_args=None, catkin_cmake_args=None, catkin_skip_building_tests=False, verb_parser=<colcon_defaults.argument_parser.defaults.DefaultArgumentsDecorator object at 0xffffa9285840>, verb_extension=<colcon_core.verb.build.BuildVerb object at 0xffffa92204c0>, main=<bound method BuildVerb.main of <colcon_core.verb.build.BuildVerb object at 0xffffa92204c0>>)
[0.602s] Level 1:colcon.colcon_core.package_discovery:discover_packages(colcon_meta) check parameters
[0.602s] Level 1:colcon.colcon_core.package_discovery:discover_packages(recursive) check parameters
[0.602s] Level 1:colcon.colcon_core.package_discovery:discover_packages(ignore) check parameters
[0.602s] Level 1:colcon.colcon_core.package_discovery:discover_packages(path) check parameters
[0.602s] Level 1:colcon.colcon_core.package_discovery:discover_packages(colcon_meta) discover
[0.602s] Level 1:colcon.colcon_core.package_discovery:discover_packages(recursive) discover
[0.602s] INFO:colcon.colcon_core.package_discovery:Crawling recursively for packages in '/media/psf/Developer/Robotics/char-01/ros2_pkg'
[0.603s] Level 1:colcon.colcon_core.package_identification:_identify(.) by extensions ['ignore', 'ignore_ament_install']
[0.603s] Level 1:colcon.colcon_core.package_identification:_identify(.) by extension 'ignore'
[0.603s] Level 1:colcon.colcon_core.package_identification:_identify(.) by extension 'ignore_ament_install'
[0.603s] Level 1:colcon.colcon_core.package_identification:_identify(.) by extensions ['colcon_pkg']
[0.603s] Level 1:colcon.colcon_core.package_identification:_identify(.) by extension 'colcon_pkg'
[0.603s] Level 1:colcon.colcon_core.package_identification:_identify(.) by extensions ['colcon_meta']
[0.603s] Level 1:colcon.colcon_core.package_identification:_identify(.) by extension 'colcon_meta'
[0.603s] Level 1:colcon.colcon_core.package_identification:_identify(.) by extensions ['ros']
[0.603s] Level 1:colcon.colcon_core.package_identification:_identify(.) by extension 'ros'
[0.614s] DEBUG:colcon.colcon_core.package_identification:Package '.' with type 'ros.ament_cmake' and name 'ros2_pkg'
[0.614s] Level 1:colcon.colcon_core.package_discovery:discover_packages(recursive) using defaults
[0.614s] Level 1:colcon.colcon_core.package_discovery:discover_packages(ignore) discover
[0.614s] Level 1:colcon.colcon_core.package_discovery:discover_packages(ignore) using defaults
[0.614s] Level 1:colcon.colcon_core.package_discovery:discover_packages(path) discover
[0.614s] Level 1:colcon.colcon_core.package_discovery:discover_packages(path) using defaults
[0.664s] Level 1:colcon.colcon_core.package_discovery:discover_packages(prefix_path) check parameters
[0.664s] Level 1:colcon.colcon_core.package_discovery:discover_packages(prefix_path) discover
[0.679s] DEBUG:colcon.colcon_installed_package_information.package_discovery:Found 1 installed packages in /media/psf/Developer/Robotics/char-01/ros2_pkg/install
[0.685s] DEBUG:colcon.colcon_installed_package_information.package_discovery:Found 1 installed packages in /media/psf/Developer/robotics/ros_env/install
[0.692s] DEBUG:colcon.colcon_installed_package_information.package_discovery:Found 289 installed packages in /opt/ros/humble
[0.693s] Level 1:colcon.colcon_core.package_discovery:discover_packages(prefix_path) using defaults
[0.745s] Level 5:colcon.colcon_core.verb:set package 'ros2_pkg' build argument 'cmake_args' from command line to 'None'
[0.745s] Level 5:colcon.colcon_core.verb:set package 'ros2_pkg' build argument 'cmake_target' from command line to 'None'
[0.745s] Level 5:colcon.colcon_core.verb:set package 'ros2_pkg' build argument 'cmake_target_skip_unavailable' from command line to 'False'
[0.745s] Level 5:colcon.colcon_core.verb:set package 'ros2_pkg' build argument 'cmake_clean_cache' from command line to 'False'
[0.745s] Level 5:colcon.colcon_core.verb:set package 'ros2_pkg' build argument 'cmake_clean_first' from command line to 'False'
[0.745s] Level 5:colcon.colcon_core.verb:set package 'ros2_pkg' build argument 'cmake_force_configure' from command line to 'False'
[0.745s] Level 5:colcon.colcon_core.verb:set package 'ros2_pkg' build argument 'ament_cmake_args' from command line to 'None'
[0.745s] Level 5:colcon.colcon_core.verb:set package 'ros2_pkg' build argument 'catkin_cmake_args' from command line to 'None'
[0.745s] Level 5:colcon.colcon_core.verb:set package 'ros2_pkg' build argument 'catkin_skip_building_tests' from command line to 'False'
[0.745s] DEBUG:colcon.colcon_core.verb:Building package 'ros2_pkg' with the following arguments: {'ament_cmake_args': None, 'build_base': '/media/psf/Developer/Robotics/char-01/ros2_pkg/build/ros2_pkg', 'catkin_cmake_args': None, 'catkin_skip_building_tests': False, 'cmake_args': None, 'cmake_clean_cache': False, 'cmake_clean_first': False, 'cmake_force_configure': False, 'cmake_target': None, 'cmake_target_skip_unavailable': False, 'install_base': '/media/psf/Developer/Robotics/char-01/ros2_pkg/install/ros2_pkg', 'merge_install': False, 'path': '/media/psf/Developer/Robotics/char-01/ros2_pkg', 'symlink_install': False, 'test_result_base': None}
[0.752s] INFO:colcon.colcon_core.executor:Executing jobs using 'parallel' executor
[0.758s] DEBUG:colcon.colcon_parallel_executor.executor.parallel:run_until_complete
[0.758s] INFO:colcon.colcon_ros.task.ament_cmake.build:Building ROS package in '/media/psf/Developer/Robotics/char-01/ros2_pkg' with build type 'ament_cmake'
[0.758s] INFO:colcon.colcon_cmake.task.cmake.build:Building CMake package in '/media/psf/Developer/Robotics/char-01/ros2_pkg'
[0.768s] INFO:colcon.colcon_core.plugin_system:Skipping extension 'colcon_core.shell.bat': Not used on non-Windows systems
[0.768s] INFO:colcon.colcon_core.shell:Skip shell extension 'powershell' for command environment: Not usable outside of PowerShell
[0.768s] DEBUG:colcon.colcon_core.shell:Skip shell extension 'dsv' for command environment
[0.813s] DEBUG:colcon.colcon_core.event_handler.log_command:Invoking command in '/media/psf/Developer/Robotics/char-01/ros2_pkg/build/ros2_pkg': CMAKE_PREFIX_PATH=${CMAKE_PREFIX_PATH}:/opt/ros/humble CONDA_PROMPT_MODIFIER=(base) /usr/bin/cmake --build /media/psf/Developer/Robotics/char-01/ros2_pkg/build/ros2_pkg -- -j2 -l2
[18.412s] DEBUG:colcon.colcon_core.event_handler.log_command:Invoked command in '/media/psf/Developer/Robotics/char-01/ros2_pkg/build/ros2_pkg' returned '0': CMAKE_PREFIX_PATH=${CMAKE_PREFIX_PATH}:/opt/ros/humble CONDA_PROMPT_MODIFIER=(base) /usr/bin/cmake --build /media/psf/Developer/Robotics/char-01/ros2_pkg/build/ros2_pkg -- -j2 -l2
[18.699s] DEBUG:colcon.colcon_core.event_handler.log_command:Invoking command in '/media/psf/Developer/Robotics/char-01/ros2_pkg/build/ros2_pkg': CMAKE_PREFIX_PATH=${CMAKE_PREFIX_PATH}:/opt/ros/humble CONDA_PROMPT_MODIFIER=(base) /usr/bin/cmake --install /media/psf/Developer/Robotics/char-01/ros2_pkg/build/ros2_pkg
[19.440s] Level 1:colcon.colcon_core.environment:create_environment_scripts_only(ros2_pkg)
[19.447s] DEBUG:colcon.colcon_core.event_handler.log_command:Invoked command in '/media/psf/Developer/Robotics/char-01/ros2_pkg/build/ros2_pkg' returned '0': CMAKE_PREFIX_PATH=${CMAKE_PREFIX_PATH}:/opt/ros/humble CONDA_PROMPT_MODIFIER=(base) /usr/bin/cmake --install /media/psf/Developer/Robotics/char-01/ros2_pkg/build/ros2_pkg
[19.547s] Level 1:colcon.colcon_core.environment:checking '/media/psf/Developer/Robotics/char-01/ros2_pkg/install/ros2_pkg' for CMake module files
[19.553s] Level 1:colcon.colcon_core.environment:checking '/media/psf/Developer/Robotics/char-01/ros2_pkg/install/ros2_pkg' for CMake config files
[19.557s] Level 1:colcon.colcon_core.shell:create_environment_hook('ros2_pkg', 'cmake_prefix_path')
[19.565s] INFO:colcon.colcon_core.shell:Creating environment hook '/media/psf/Developer/Robotics/char-01/ros2_pkg/install/ros2_pkg/share/ros2_pkg/hook/cmake_prefix_path.ps1'
[19.569s] INFO:colcon.colcon_core.shell:Creating environment descriptor '/media/psf/Developer/Robotics/char-01/ros2_pkg/install/ros2_pkg/share/ros2_pkg/hook/cmake_prefix_path.dsv'
[19.570s] INFO:colcon.colcon_core.shell:Creating environment hook '/media/psf/Developer/Robotics/char-01/ros2_pkg/install/ros2_pkg/share/ros2_pkg/hook/cmake_prefix_path.sh'
[19.573s] Level 1:colcon.colcon_core.environment:checking '/media/psf/Developer/Robotics/char-01/ros2_pkg/install/ros2_pkg/lib'
[19.573s] Level 1:colcon.colcon_core.shell:create_environment_hook('ros2_pkg', 'ld_library_path_lib')
[19.580s] INFO:colcon.colcon_core.shell:Creating environment hook '/media/psf/Developer/Robotics/char-01/ros2_pkg/install/ros2_pkg/share/ros2_pkg/hook/ld_library_path_lib.ps1'
[19.581s] INFO:colcon.colcon_core.shell:Creating environment descriptor '/media/psf/Developer/Robotics/char-01/ros2_pkg/install/ros2_pkg/share/ros2_pkg/hook/ld_library_path_lib.dsv'
[19.582s] INFO:colcon.colcon_core.shell:Creating environment hook '/media/psf/Developer/Robotics/char-01/ros2_pkg/install/ros2_pkg/share/ros2_pkg/hook/ld_library_path_lib.sh'
[19.582s] Level 1:colcon.colcon_core.environment:checking '/media/psf/Developer/Robotics/char-01/ros2_pkg/install/ros2_pkg/bin'
[19.583s] Level 1:colcon.colcon_core.environment:checking '/media/psf/Developer/Robotics/char-01/ros2_pkg/install/ros2_pkg/lib/pkgconfig/ros2_pkg.pc'
[19.585s] Level 1:colcon.colcon_core.environment:checking '/media/psf/Developer/Robotics/char-01/ros2_pkg/install/ros2_pkg/lib/python3.10/site-packages'
[19.586s] Level 1:colcon.colcon_core.environment:checking '/media/psf/Developer/Robotics/char-01/ros2_pkg/install/ros2_pkg/bin'
[19.592s] INFO:colcon.colcon_core.shell:Creating package script '/media/psf/Developer/Robotics/char-01/ros2_pkg/install/ros2_pkg/share/ros2_pkg/package.ps1'
[19.593s] INFO:colcon.colcon_core.shell:Creating package descriptor '/media/psf/Developer/Robotics/char-01/ros2_pkg/install/ros2_pkg/share/ros2_pkg/package.dsv'
[19.596s] INFO:colcon.colcon_core.shell:Creating package script '/media/psf/Developer/Robotics/char-01/ros2_pkg/install/ros2_pkg/share/ros2_pkg/package.sh'
[19.597s] INFO:colcon.colcon_core.shell:Creating package script '/media/psf/Developer/Robotics/char-01/ros2_pkg/install/ros2_pkg/share/ros2_pkg/package.bash'
[19.599s] INFO:colcon.colcon_core.shell:Creating package script '/media/psf/Developer/Robotics/char-01/ros2_pkg/install/ros2_pkg/share/ros2_pkg/package.zsh'
[19.601s] Level 1:colcon.colcon_core.environment:create_file_with_runtime_dependencies(/media/psf/Developer/Robotics/char-01/ros2_pkg/install/ros2_pkg/share/colcon-core/packages/ros2_pkg)
[19.827s] Level 1:colcon.colcon_core.environment:create_environment_scripts_only(ros2_pkg)
[19.833s] Level 1:colcon.colcon_core.environment:checking '/media/psf/Developer/Robotics/char-01/ros2_pkg/install/ros2_pkg' for CMake module files
[19.836s] Level 1:colcon.colcon_core.environment:checking '/media/psf/Developer/Robotics/char-01/ros2_pkg/install/ros2_pkg' for CMake config files
[19.842s] Level 1:colcon.colcon_core.shell:create_environment_hook('ros2_pkg', 'cmake_prefix_path')
[19.848s] INFO:colcon.colcon_core.shell:Creating environment hook '/media/psf/Developer/Robotics/char-01/ros2_pkg/install/ros2_pkg/share/ros2_pkg/hook/cmake_prefix_path.ps1'
[19.849s] INFO:colcon.colcon_core.shell:Creating environment descriptor '/media/psf/Developer/Robotics/char-01/ros2_pkg/install/ros2_pkg/share/ros2_pkg/hook/cmake_prefix_path.dsv'
[19.849s] INFO:colcon.colcon_core.shell:Creating environment hook '/media/psf/Developer/Robotics/char-01/ros2_pkg/install/ros2_pkg/share/ros2_pkg/hook/cmake_prefix_path.sh'
[19.851s] Level 1:colcon.colcon_core.environment:checking '/media/psf/Developer/Robotics/char-01/ros2_pkg/install/ros2_pkg/lib'
[19.851s] Level 1:colcon.colcon_core.shell:create_environment_hook('ros2_pkg', 'ld_library_path_lib')
[19.857s] INFO:colcon.colcon_core.shell:Creating environment hook '/media/psf/Developer/Robotics/char-01/ros2_pkg/install/ros2_pkg/share/ros2_pkg/hook/ld_library_path_lib.ps1'
[19.858s] INFO:colcon.colcon_core.shell:Creating environment descriptor '/media/psf/Developer/Robotics/char-01/ros2_pkg/install/ros2_pkg/share/ros2_pkg/hook/ld_library_path_lib.dsv'
[19.858s] INFO:colcon.colcon_core.shell:Creating environment hook '/media/psf/Developer/Robotics/char-01/ros2_pkg/install/ros2_pkg/share/ros2_pkg/hook/ld_library_path_lib.sh'
[19.859s] Level 1:colcon.colcon_core.environment:checking '/media/psf/Developer/Robotics/char-01/ros2_pkg/install/ros2_pkg/bin'
[19.859s] Level 1:colcon.colcon_core.environment:checking '/media/psf/Developer/Robotics/char-01/ros2_pkg/install/ros2_pkg/lib/pkgconfig/ros2_pkg.pc'
[19.859s] Level 1:colcon.colcon_core.environment:checking '/media/psf/Developer/Robotics/char-01/ros2_pkg/install/ros2_pkg/lib/python3.10/site-packages'
[19.859s] Level 1:colcon.colcon_core.environment:checking '/media/psf/Developer/Robotics/char-01/ros2_pkg/install/ros2_pkg/bin'
[19.865s] INFO:colcon.colcon_core.shell:Creating package script '/media/psf/Developer/Robotics/char-01/ros2_pkg/install/ros2_pkg/share/ros2_pkg/package.ps1'
[19.866s] INFO:colcon.colcon_core.shell:Creating package descriptor '/media/psf/Developer/Robotics/char-01/ros2_pkg/install/ros2_pkg/share/ros2_pkg/package.dsv'
[19.867s] INFO:colcon.colcon_core.shell:Creating package script '/media/psf/Developer/Robotics/char-01/ros2_pkg/install/ros2_pkg/share/ros2_pkg/package.sh'
[19.867s] INFO:colcon.colcon_core.shell:Creating package script '/media/psf/Developer/Robotics/char-01/ros2_pkg/install/ros2_pkg/share/ros2_pkg/package.bash'
[19.868s] INFO:colcon.colcon_core.shell:Creating package script '/media/psf/Developer/Robotics/char-01/ros2_pkg/install/ros2_pkg/share/ros2_pkg/package.zsh'
[19.868s] Level 1:colcon.colcon_core.environment:create_file_with_runtime_dependencies(/media/psf/Developer/Robotics/char-01/ros2_pkg/install/ros2_pkg/share/colcon-core/packages/ros2_pkg)
[19.870s] DEBUG:colcon.colcon_parallel_executor.executor.parallel:closing loop
[19.871s] DEBUG:colcon.colcon_parallel_executor.executor.parallel:loop closed
[19.872s] DEBUG:colcon.colcon_parallel_executor.executor.parallel:run_until_complete finished with '0'
[19.872s] DEBUG:colcon.colcon_core.event_reactor:joining thread
[19.917s] INFO:colcon.colcon_core.plugin_system:Skipping extension 'colcon_notification.desktop_notification.terminal_notifier': Not used on non-Darwin systems
[19.917s] INFO:colcon.colcon_core.plugin_system:Skipping extension 'colcon_notification.desktop_notification.win32': Not used on non-Windows systems
[19.917s] INFO:colcon.colcon_notification.desktop_notification:Sending desktop notification using 'notify2'
[20.128s] DEBUG:colcon.colcon_core.event_reactor:joined thread
[20.140s] INFO:colcon.colcon_core.shell:Creating prefix script '/media/psf/Developer/Robotics/char-01/ros2_pkg/install/local_setup.ps1'
[20.141s] INFO:colcon.colcon_core.shell:Creating prefix util module '/media/psf/Developer/Robotics/char-01/ros2_pkg/install/_local_setup_util_ps1.py'
[20.145s] INFO:colcon.colcon_core.shell:Creating prefix chain script '/media/psf/Developer/Robotics/char-01/ros2_pkg/install/setup.ps1'
[20.156s] INFO:colcon.colcon_core.shell:Creating prefix script '/media/psf/Developer/Robotics/char-01/ros2_pkg/install/local_setup.sh'
[20.157s] INFO:colcon.colcon_core.shell:Creating prefix util module '/media/psf/Developer/Robotics/char-01/ros2_pkg/install/_local_setup_util_sh.py'
[20.158s] INFO:colcon.colcon_core.shell:Creating prefix chain script '/media/psf/Developer/Robotics/char-01/ros2_pkg/install/setup.sh'
[20.167s] INFO:colcon.colcon_core.shell:Creating prefix script '/media/psf/Developer/Robotics/char-01/ros2_pkg/install/local_setup.bash'
[20.168s] INFO:colcon.colcon_core.shell:Creating prefix chain script '/media/psf/Developer/Robotics/char-01/ros2_pkg/install/setup.bash'
[20.178s] INFO:colcon.colcon_core.shell:Creating prefix script '/media/psf/Developer/Robotics/char-01/ros2_pkg/install/local_setup.zsh'
[20.179s] INFO:colcon.colcon_core.shell:Creating prefix chain script '/media/psf/Developer/Robotics/char-01/ros2_pkg/install/setup.zsh'
