[0.680s] DEBUG:colcon:Command line arguments: ['/usr/bin/colcon', 'build']
[0.680s] DEBUG:colcon:Parsed command line arguments: Namespace(log_base=None, log_level=None, verb_name='build', build_base='build', install_base='install', merge_install=False, symlink_install=False, test_result_base=None, continue_on_error=False, executor='parallel', parallel_workers=2, event_handlers=None, ignore_user_meta=False, metas=['./colcon.meta'], base_paths=['.'], packages_ignore=None, packages_ignore_regex=None, paths=None, packages_up_to=None, packages_up_to_regex=None, packages_above=None, packages_above_and_dependencies=None, packages_above_depth=None, packages_select_by_dep=None, packages_skip_by_dep=None, packages_skip_up_to=None, packages_select_build_failed=False, packages_skip_build_finished=False, packages_select_test_failures=False, packages_skip_test_passed=False, packages_select=None, packages_skip=None, packages_select_regex=None, packages_skip_regex=None, packages_start=None, packages_end=None, allow_overriding=[], cmake_args=None, cmake_target=None, cmake_target_skip_unavailable=False, cmake_clean_cache=False, cmake_clean_first=False, cmake_force_configure=False, ament_cmake_args=None, catkin_cmake_args=None, catkin_skip_building_tests=False, verb_parser=<colcon_defaults.argument_parser.defaults.DefaultArgumentsDecorator object at 0xffffae8df670>, verb_extension=<colcon_core.verb.build.BuildVerb object at 0xffffae8df190>, main=<bound method BuildVerb.main of <colcon_core.verb.build.BuildVerb object at 0xffffae8df190>>)
[0.721s] Level 1:colcon.colcon_core.package_discovery:discover_packages(colcon_meta) check parameters
[0.721s] Level 1:colcon.colcon_core.package_discovery:discover_packages(recursive) check parameters
[0.721s] Level 1:colcon.colcon_core.package_discovery:discover_packages(ignore) check parameters
[0.721s] Level 1:colcon.colcon_core.package_discovery:discover_packages(path) check parameters
[0.722s] Level 1:colcon.colcon_core.package_discovery:discover_packages(colcon_meta) discover
[0.722s] Level 1:colcon.colcon_core.package_discovery:discover_packages(recursive) discover
[0.722s] INFO:colcon.colcon_core.package_discovery:Crawling recursively for packages in '/media/psf/Developer/Robotics/char-01'
[0.722s] Level 1:colcon.colcon_core.package_identification:_identify(.) by extensions ['ignore', 'ignore_ament_install']
[0.722s] Level 1:colcon.colcon_core.package_identification:_identify(.) by extension 'ignore'
[0.722s] Level 1:colcon.colcon_core.package_identification:_identify(.) by extension 'ignore_ament_install'
[0.723s] Level 1:colcon.colcon_core.package_identification:_identify(.) by extensions ['colcon_pkg']
[0.723s] Level 1:colcon.colcon_core.package_identification:_identify(.) by extension 'colcon_pkg'
[0.723s] Level 1:colcon.colcon_core.package_identification:_identify(.) by extensions ['colcon_meta']
[0.723s] Level 1:colcon.colcon_core.package_identification:_identify(.) by extension 'colcon_meta'
[0.723s] Level 1:colcon.colcon_core.package_identification:_identify(.) by extensions ['ros']
[0.723s] Level 1:colcon.colcon_core.package_identification:_identify(.) by extension 'ros'
[0.732s] Level 1:colcon.colcon_core.package_identification:_identify(.) by extensions ['cmake', 'python']
[0.732s] Level 1:colcon.colcon_core.package_identification:_identify(.) by extension 'cmake'
[0.733s] Level 1:colcon.colcon_core.package_identification:_identify(.) by extension 'python'
[0.733s] Level 1:colcon.colcon_core.package_identification:_identify(.) by extensions ['python_setup_py']
[0.733s] Level 1:colcon.colcon_core.package_identification:_identify(.) by extension 'python_setup_py'
[0.733s] Level 1:colcon.colcon_core.package_identification:_identify(build) by extensions ['ignore', 'ignore_ament_install']
[0.733s] Level 1:colcon.colcon_core.package_identification:_identify(build) by extension 'ignore'
[0.733s] Level 1:colcon.colcon_core.package_identification:_identify(build) ignored
[0.734s] Level 1:colcon.colcon_core.package_identification:_identify(install) by extensions ['ignore', 'ignore_ament_install']
[0.734s] Level 1:colcon.colcon_core.package_identification:_identify(install) by extension 'ignore'
[0.734s] Level 1:colcon.colcon_core.package_identification:_identify(install) ignored
[0.734s] Level 1:colcon.colcon_core.package_identification:_identify(log) by extensions ['ignore', 'ignore_ament_install']
[0.734s] Level 1:colcon.colcon_core.package_identification:_identify(log) by extension 'ignore'
[0.735s] Level 1:colcon.colcon_core.package_identification:_identify(log) ignored
[0.735s] Level 1:colcon.colcon_core.package_identification:_identify(ros2_pkg) by extensions ['ignore', 'ignore_ament_install']
[0.735s] Level 1:colcon.colcon_core.package_identification:_identify(ros2_pkg) by extension 'ignore'
[0.735s] Level 1:colcon.colcon_core.package_identification:_identify(ros2_pkg) by extension 'ignore_ament_install'
[0.735s] Level 1:colcon.colcon_core.package_identification:_identify(ros2_pkg) by extensions ['colcon_pkg']
[0.735s] Level 1:colcon.colcon_core.package_identification:_identify(ros2_pkg) by extension 'colcon_pkg'
[0.736s] Level 1:colcon.colcon_core.package_identification:_identify(ros2_pkg) by extensions ['colcon_meta']
[0.736s] Level 1:colcon.colcon_core.package_identification:_identify(ros2_pkg) by extension 'colcon_meta'
[0.736s] Level 1:colcon.colcon_core.package_identification:_identify(ros2_pkg) by extensions ['ros']
[0.736s] Level 1:colcon.colcon_core.package_identification:_identify(ros2_pkg) by extension 'ros'
[0.738s] DEBUG:colcon.colcon_core.package_identification:Package 'ros2_pkg' with type 'ros.ament_cmake' and name 'ros2_pkg'
[0.738s] Level 1:colcon.colcon_core.package_discovery:discover_packages(recursive) using defaults
[0.738s] Level 1:colcon.colcon_core.package_discovery:discover_packages(ignore) discover
[0.738s] Level 1:colcon.colcon_core.package_discovery:discover_packages(ignore) using defaults
[0.738s] Level 1:colcon.colcon_core.package_discovery:discover_packages(path) discover
[0.738s] Level 1:colcon.colcon_core.package_discovery:discover_packages(path) using defaults
[0.792s] Level 1:colcon.colcon_core.package_discovery:discover_packages(prefix_path) check parameters
[0.792s] Level 1:colcon.colcon_core.package_discovery:discover_packages(prefix_path) discover
[0.809s] DEBUG:colcon.colcon_installed_package_information.package_discovery:Found 1 installed packages in /media/psf/Developer/Robotics/char-01/install
[0.817s] DEBUG:colcon.colcon_installed_package_information.package_discovery:Found 1 installed packages in /media/psf/Developer/Robotics/char-01/ros2_pkg/install
[0.826s] DEBUG:colcon.colcon_installed_package_information.package_discovery:Found 1 installed packages in /media/psf/Developer/robotics/ros_env/install
[0.835s] DEBUG:colcon.colcon_installed_package_information.package_discovery:Found 289 installed packages in /opt/ros/humble
[0.841s] Level 1:colcon.colcon_core.package_discovery:discover_packages(prefix_path) using defaults
[0.930s] Level 5:colcon.colcon_core.verb:set package 'ros2_pkg' build argument 'cmake_args' from command line to 'None'
[0.930s] Level 5:colcon.colcon_core.verb:set package 'ros2_pkg' build argument 'cmake_target' from command line to 'None'
[0.930s] Level 5:colcon.colcon_core.verb:set package 'ros2_pkg' build argument 'cmake_target_skip_unavailable' from command line to 'False'
[0.931s] Level 5:colcon.colcon_core.verb:set package 'ros2_pkg' build argument 'cmake_clean_cache' from command line to 'False'
[0.931s] Level 5:colcon.colcon_core.verb:set package 'ros2_pkg' build argument 'cmake_clean_first' from command line to 'False'
[0.931s] Level 5:colcon.colcon_core.verb:set package 'ros2_pkg' build argument 'cmake_force_configure' from command line to 'False'
[0.931s] Level 5:colcon.colcon_core.verb:set package 'ros2_pkg' build argument 'ament_cmake_args' from command line to 'None'
[0.931s] Level 5:colcon.colcon_core.verb:set package 'ros2_pkg' build argument 'catkin_cmake_args' from command line to 'None'
[0.931s] Level 5:colcon.colcon_core.verb:set package 'ros2_pkg' build argument 'catkin_skip_building_tests' from command line to 'False'
[0.931s] DEBUG:colcon.colcon_core.verb:Building package 'ros2_pkg' with the following arguments: {'ament_cmake_args': None, 'build_base': '/media/psf/Developer/Robotics/char-01/build/ros2_pkg', 'catkin_cmake_args': None, 'catkin_skip_building_tests': False, 'cmake_args': None, 'cmake_clean_cache': False, 'cmake_clean_first': False, 'cmake_force_configure': False, 'cmake_target': None, 'cmake_target_skip_unavailable': False, 'install_base': '/media/psf/Developer/Robotics/char-01/install/ros2_pkg', 'merge_install': False, 'path': '/media/psf/Developer/Robotics/char-01/ros2_pkg', 'symlink_install': False, 'test_result_base': None}
[0.937s] INFO:colcon.colcon_core.executor:Executing jobs using 'parallel' executor
[0.944s] DEBUG:colcon.colcon_parallel_executor.executor.parallel:run_until_complete
[0.944s] INFO:colcon.colcon_ros.task.ament_cmake.build:Building ROS package in '/media/psf/Developer/Robotics/char-01/ros2_pkg' with build type 'ament_cmake'
[0.944s] INFO:colcon.colcon_cmake.task.cmake.build:Building CMake package in '/media/psf/Developer/Robotics/char-01/ros2_pkg'
[0.956s] INFO:colcon.colcon_core.plugin_system:Skipping extension 'colcon_core.shell.bat': Not used on non-Windows systems
[0.958s] INFO:colcon.colcon_core.shell:Skip shell extension 'powershell' for command environment: Not usable outside of PowerShell
[0.958s] DEBUG:colcon.colcon_core.shell:Skip shell extension 'dsv' for command environment
[1.014s] DEBUG:colcon.colcon_core.event_handler.log_command:Invoking command in '/media/psf/Developer/Robotics/char-01/build/ros2_pkg': CMAKE_PREFIX_PATH=${CMAKE_PREFIX_PATH}:/opt/ros/humble CONDA_PROMPT_MODIFIER=(base) /usr/bin/cmake --build /media/psf/Developer/Robotics/char-01/build/ros2_pkg -- -j2 -l2
[2.732s] DEBUG:colcon.colcon_core.event_handler.log_command:Invoked command in '/media/psf/Developer/Robotics/char-01/build/ros2_pkg' returned '0': CMAKE_PREFIX_PATH=${CMAKE_PREFIX_PATH}:/opt/ros/humble CONDA_PROMPT_MODIFIER=(base) /usr/bin/cmake --build /media/psf/Developer/Robotics/char-01/build/ros2_pkg -- -j2 -l2
[3.213s] DEBUG:colcon.colcon_core.event_handler.log_command:Invoking command in '/media/psf/Developer/Robotics/char-01/build/ros2_pkg': CMAKE_PREFIX_PATH=${CMAKE_PREFIX_PATH}:/opt/ros/humble CONDA_PROMPT_MODIFIER=(base) /usr/bin/cmake --install /media/psf/Developer/Robotics/char-01/build/ros2_pkg
[3.382s] Level 1:colcon.colcon_core.environment:create_environment_scripts_only(ros2_pkg)
[3.382s] DEBUG:colcon.colcon_core.event_handler.log_command:Invoked command in '/media/psf/Developer/Robotics/char-01/build/ros2_pkg' returned '0': CMAKE_PREFIX_PATH=${CMAKE_PREFIX_PATH}:/opt/ros/humble CONDA_PROMPT_MODIFIER=(base) /usr/bin/cmake --install /media/psf/Developer/Robotics/char-01/build/ros2_pkg
[3.393s] Level 1:colcon.colcon_core.environment:checking '/media/psf/Developer/Robotics/char-01/install/ros2_pkg' for CMake module files
[3.399s] Level 1:colcon.colcon_core.environment:checking '/media/psf/Developer/Robotics/char-01/install/ros2_pkg' for CMake config files
[3.410s] Level 1:colcon.colcon_core.shell:create_environment_hook('ros2_pkg', 'cmake_prefix_path')
[3.417s] INFO:colcon.colcon_core.shell:Creating environment hook '/media/psf/Developer/Robotics/char-01/install/ros2_pkg/share/ros2_pkg/hook/cmake_prefix_path.ps1'
[3.418s] INFO:colcon.colcon_core.shell:Creating environment descriptor '/media/psf/Developer/Robotics/char-01/install/ros2_pkg/share/ros2_pkg/hook/cmake_prefix_path.dsv'
[3.419s] INFO:colcon.colcon_core.shell:Creating environment hook '/media/psf/Developer/Robotics/char-01/install/ros2_pkg/share/ros2_pkg/hook/cmake_prefix_path.sh'
[3.420s] Level 1:colcon.colcon_core.environment:checking '/media/psf/Developer/Robotics/char-01/install/ros2_pkg/lib'
[3.420s] Level 1:colcon.colcon_core.shell:create_environment_hook('ros2_pkg', 'ld_library_path_lib')
[3.426s] INFO:colcon.colcon_core.shell:Creating environment hook '/media/psf/Developer/Robotics/char-01/install/ros2_pkg/share/ros2_pkg/hook/ld_library_path_lib.ps1'
[3.427s] INFO:colcon.colcon_core.shell:Creating environment descriptor '/media/psf/Developer/Robotics/char-01/install/ros2_pkg/share/ros2_pkg/hook/ld_library_path_lib.dsv'
[3.428s] INFO:colcon.colcon_core.shell:Creating environment hook '/media/psf/Developer/Robotics/char-01/install/ros2_pkg/share/ros2_pkg/hook/ld_library_path_lib.sh'
[3.429s] Level 1:colcon.colcon_core.environment:checking '/media/psf/Developer/Robotics/char-01/install/ros2_pkg/bin'
[3.429s] Level 1:colcon.colcon_core.environment:checking '/media/psf/Developer/Robotics/char-01/install/ros2_pkg/lib/pkgconfig/ros2_pkg.pc'
[3.429s] Level 1:colcon.colcon_core.environment:checking '/media/psf/Developer/Robotics/char-01/install/ros2_pkg/lib/python3.10/site-packages'
[3.429s] Level 1:colcon.colcon_core.environment:checking '/media/psf/Developer/Robotics/char-01/install/ros2_pkg/bin'
[3.436s] INFO:colcon.colcon_core.shell:Creating package script '/media/psf/Developer/Robotics/char-01/install/ros2_pkg/share/ros2_pkg/package.ps1'
[3.437s] INFO:colcon.colcon_core.shell:Creating package descriptor '/media/psf/Developer/Robotics/char-01/install/ros2_pkg/share/ros2_pkg/package.dsv'
[3.438s] INFO:colcon.colcon_core.shell:Creating package script '/media/psf/Developer/Robotics/char-01/install/ros2_pkg/share/ros2_pkg/package.sh'
[3.439s] INFO:colcon.colcon_core.shell:Creating package script '/media/psf/Developer/Robotics/char-01/install/ros2_pkg/share/ros2_pkg/package.bash'
[3.440s] INFO:colcon.colcon_core.shell:Creating package script '/media/psf/Developer/Robotics/char-01/install/ros2_pkg/share/ros2_pkg/package.zsh'
[3.441s] Level 1:colcon.colcon_core.environment:create_file_with_runtime_dependencies(/media/psf/Developer/Robotics/char-01/install/ros2_pkg/share/colcon-core/packages/ros2_pkg)
[3.985s] Level 1:colcon.colcon_core.environment:create_environment_scripts_only(ros2_pkg)
[3.993s] Level 1:colcon.colcon_core.environment:checking '/media/psf/Developer/Robotics/char-01/install/ros2_pkg' for CMake module files
[3.998s] Level 1:colcon.colcon_core.environment:checking '/media/psf/Developer/Robotics/char-01/install/ros2_pkg' for CMake config files
[4.011s] Level 1:colcon.colcon_core.shell:create_environment_hook('ros2_pkg', 'cmake_prefix_path')
[4.018s] INFO:colcon.colcon_core.shell:Creating environment hook '/media/psf/Developer/Robotics/char-01/install/ros2_pkg/share/ros2_pkg/hook/cmake_prefix_path.ps1'
[4.019s] INFO:colcon.colcon_core.shell:Creating environment descriptor '/media/psf/Developer/Robotics/char-01/install/ros2_pkg/share/ros2_pkg/hook/cmake_prefix_path.dsv'
[4.020s] INFO:colcon.colcon_core.shell:Creating environment hook '/media/psf/Developer/Robotics/char-01/install/ros2_pkg/share/ros2_pkg/hook/cmake_prefix_path.sh'
[4.021s] Level 1:colcon.colcon_core.environment:checking '/media/psf/Developer/Robotics/char-01/install/ros2_pkg/lib'
[4.021s] Level 1:colcon.colcon_core.shell:create_environment_hook('ros2_pkg', 'ld_library_path_lib')
[4.027s] INFO:colcon.colcon_core.shell:Creating environment hook '/media/psf/Developer/Robotics/char-01/install/ros2_pkg/share/ros2_pkg/hook/ld_library_path_lib.ps1'
[4.033s] INFO:colcon.colcon_core.shell:Creating environment descriptor '/media/psf/Developer/Robotics/char-01/install/ros2_pkg/share/ros2_pkg/hook/ld_library_path_lib.dsv'
[4.037s] INFO:colcon.colcon_core.shell:Creating environment hook '/media/psf/Developer/Robotics/char-01/install/ros2_pkg/share/ros2_pkg/hook/ld_library_path_lib.sh'
[4.038s] Level 1:colcon.colcon_core.environment:checking '/media/psf/Developer/Robotics/char-01/install/ros2_pkg/bin'
[4.039s] Level 1:colcon.colcon_core.environment:checking '/media/psf/Developer/Robotics/char-01/install/ros2_pkg/lib/pkgconfig/ros2_pkg.pc'
[4.039s] Level 1:colcon.colcon_core.environment:checking '/media/psf/Developer/Robotics/char-01/install/ros2_pkg/lib/python3.10/site-packages'
[4.039s] Level 1:colcon.colcon_core.environment:checking '/media/psf/Developer/Robotics/char-01/install/ros2_pkg/bin'
[4.046s] INFO:colcon.colcon_core.shell:Creating package script '/media/psf/Developer/Robotics/char-01/install/ros2_pkg/share/ros2_pkg/package.ps1'
[4.047s] INFO:colcon.colcon_core.shell:Creating package descriptor '/media/psf/Developer/Robotics/char-01/install/ros2_pkg/share/ros2_pkg/package.dsv'
[4.047s] INFO:colcon.colcon_core.shell:Creating package script '/media/psf/Developer/Robotics/char-01/install/ros2_pkg/share/ros2_pkg/package.sh'
[4.048s] INFO:colcon.colcon_core.shell:Creating package script '/media/psf/Developer/Robotics/char-01/install/ros2_pkg/share/ros2_pkg/package.bash'
[4.048s] INFO:colcon.colcon_core.shell:Creating package script '/media/psf/Developer/Robotics/char-01/install/ros2_pkg/share/ros2_pkg/package.zsh'
[4.049s] Level 1:colcon.colcon_core.environment:create_file_with_runtime_dependencies(/media/psf/Developer/Robotics/char-01/install/ros2_pkg/share/colcon-core/packages/ros2_pkg)
[4.050s] DEBUG:colcon.colcon_parallel_executor.executor.parallel:closing loop
[4.050s] DEBUG:colcon.colcon_parallel_executor.executor.parallel:loop closed
[4.050s] DEBUG:colcon.colcon_parallel_executor.executor.parallel:run_until_complete finished with '0'
[4.050s] DEBUG:colcon.colcon_core.event_reactor:joining thread
[4.069s] INFO:colcon.colcon_core.plugin_system:Skipping extension 'colcon_notification.desktop_notification.terminal_notifier': Not used on non-Darwin systems
[4.069s] INFO:colcon.colcon_core.plugin_system:Skipping extension 'colcon_notification.desktop_notification.win32': Not used on non-Windows systems
[4.069s] INFO:colcon.colcon_notification.desktop_notification:Sending desktop notification using 'notify2'
[4.159s] DEBUG:colcon.colcon_core.event_reactor:joined thread
[4.167s] INFO:colcon.colcon_core.shell:Creating prefix script '/media/psf/Developer/Robotics/char-01/install/local_setup.ps1'
[4.180s] INFO:colcon.colcon_core.shell:Creating prefix util module '/media/psf/Developer/Robotics/char-01/install/_local_setup_util_ps1.py'
[4.186s] INFO:colcon.colcon_core.shell:Creating prefix chain script '/media/psf/Developer/Robotics/char-01/install/setup.ps1'
[4.200s] INFO:colcon.colcon_core.shell:Creating prefix script '/media/psf/Developer/Robotics/char-01/install/local_setup.sh'
[4.204s] INFO:colcon.colcon_core.shell:Creating prefix util module '/media/psf/Developer/Robotics/char-01/install/_local_setup_util_sh.py'
[4.205s] INFO:colcon.colcon_core.shell:Creating prefix chain script '/media/psf/Developer/Robotics/char-01/install/setup.sh'
[4.247s] INFO:colcon.colcon_core.shell:Creating prefix script '/media/psf/Developer/Robotics/char-01/install/local_setup.bash'
[4.263s] INFO:colcon.colcon_core.shell:Creating prefix chain script '/media/psf/Developer/Robotics/char-01/install/setup.bash'
[4.290s] INFO:colcon.colcon_core.shell:Creating prefix script '/media/psf/Developer/Robotics/char-01/install/local_setup.zsh'
[4.303s] INFO:colcon.colcon_core.shell:Creating prefix chain script '/media/psf/Developer/Robotics/char-01/install/setup.zsh'
