[0.044s] Invoking command in '/media/psf/Developer/Robotics/char-01/ros2_pkg/sensors/build/avoid_wall': /usr/bin/cmake /media/psf/Developer/Robotics/char-01/ros2_pkg/sensors -DCMAKE_INSTALL_PREFIX=/media/psf/Developer/Robotics/char-01/ros2_pkg/sensors/install/avoid_wall
[0.071s] [31mCMake Error at CMakeLists.txt:6 (find_package):
[0.071s]   By not providing "Findignition-transport11.cmake" in CMAKE_MODULE_PATH this
[0.071s]   project has asked CMake to find a package configuration file provided by
[0.072s]   "ignition-transport11", but CMake did not find one.
[0.072s] 
[0.072s]   Could not find a package configuration file provided by
[0.073s]   "ignition-transport11" with any of the following names:
[0.073s] 
[0.073s]     ignition-transport11Config.cmake
[0.074s]     ignition-transport11-config.cmake
[0.074s] 
[0.074s]   Add the installation prefix of "ignition-transport11" to CMAKE_PREFIX_PATH
[0.075s]   or set "ignition-transport11_DIR" to a directory containing one of the
[0.075s]   above files.  If "ignition-transport11" provides a separate development
[0.075s]   package or SDK, be sure it has been installed.
[0.076s] 
[0.076s] [0m
[0.076s] -- Configuring incomplete, errors occurred!
[0.076s] See also "/media/psf/Developer/Robotics/char-01/ros2_pkg/sensors/build/avoid_wall/CMakeFiles/CMakeOutput.log".
[0.077s] Invoked command in '/media/psf/Developer/Robotics/char-01/ros2_pkg/sensors/build/avoid_wall' returned '1': /usr/bin/cmake /media/psf/Developer/Robotics/char-01/ros2_pkg/sensors -DCMAKE_INSTALL_PREFIX=/media/psf/Developer/Robotics/char-01/ros2_pkg/sensors/install/avoid_wall
