-- The C compiler identification is GNU 11.4.0
-- The CXX compiler identification is GNU 11.4.0
-- Detecting C compiler ABI info
-- Detecting C compiler ABI info - done
-- Check for working C compiler: /usr/bin/cc - skipped
-- Detecting C compile features
-- Detecting C compile features - done
-- Detecting CXX compiler ABI info
-- Detecting CXX compiler ABI info - done
-- Check for working CXX compiler: /usr/bin/c++ - skipped
-- Detecting CXX compile features
-- Detecting CXX compile features - done
[31mCMake Error at CMakeLists.txt:6 (find_package):
  By not providing "Findignition-transport11.cmake" in CMAKE_MODULE_PATH this
  project has asked CMake to find a package configuration file provided by
  "ignition-transport11", but CMake did not find one.

  Could not find a package configuration file provided by
  "ignition-transport11" with any of the following names:

    ignition-transport11Config.cmake
    ignition-transport11-config.cmake

  Add the installation prefix of "ignition-transport11" to CMAKE_PREFIX_PATH
  or set "ignition-transport11_DIR" to a directory containing one of the
  above files.  If "ignition-transport11" provides a separate development
  package or SDK, be sure it has been installed.

[0m
-- Configuring incomplete, errors occurred!
See also "/media/psf/Developer/Robotics/char-01/ros2_pkg/sensors/build/avoid_wall/CMakeFiles/CMakeOutput.log".
