[0.059s] Invoking command in '/media/psf/Developer/Robotics/char-01/char_01/build/ros2_pkg': CMAKE_PREFIX_PATH=${CMAKE_PREFIX_PATH}:/opt/ros/humble /usr/bin/cmake /media/psf/Developer/Robotics/char-01/char_01/ros2_pkg -DCMAKE_INSTALL_PREFIX=/media/psf/Developer/Robotics/char-01/char_01/install/ros2_pkg
[0.193s] -- The C compiler identification is GNU 11.4.0
[0.303s] -- The CXX compiler identification is GNU 11.4.0
[0.315s] -- Detecting C compiler ABI info
[0.502s] -- Detecting C compiler ABI info - done
[0.510s] -- Check for working C compiler: /usr/bin/cc - skipped
[0.511s] -- Detecting C compile features
[0.512s] -- Detecting C compile features - done
[0.519s] -- Detecting CXX compiler ABI info
[0.684s] -- Detecting CXX compiler ABI info - done
[0.695s] -- Check for working CXX compiler: /usr/bin/c++ - skipped
[0.695s] -- Detecting CXX compile features
[0.696s] -- Detecting CXX compile features - done
[0.711s] -- Found ament_cmake: 1.3.6 (/opt/ros/humble/share/ament_cmake/cmake)
[0.872s] -- Found Python3: /usr/bin/python3.10 (found version "3.10.12") found components: Interpreter 
[0.995s] -- Found rclcpp: 16.0.7 (/opt/ros/humble/share/rclcpp/cmake)
[1.076s] -- Found rosidl_generator_c: 3.1.5 (/opt/ros/humble/share/rosidl_generator_c/cmake)
[1.089s] -- Found rosidl_adapter: 3.1.5 (/opt/ros/humble/share/rosidl_adapter/cmake)
[1.103s] -- Found rosidl_generator_cpp: 3.1.5 (/opt/ros/humble/share/rosidl_generator_cpp/cmake)
[1.141s] -- Using all available rosidl_typesupport_c: rosidl_typesupport_fastrtps_c;rosidl_typesupport_introspection_c
[1.191s] -- Using all available rosidl_typesupport_cpp: rosidl_typesupport_fastrtps_cpp;rosidl_typesupport_introspection_cpp
[1.296s] -- Found rmw_implementation_cmake: 6.1.1 (/opt/ros/humble/share/rmw_implementation_cmake/cmake)
[1.302s] -- Found rmw_fastrtps_cpp: 6.2.5 (/opt/ros/humble/share/rmw_fastrtps_cpp/cmake)
[1.461s] -- Found OpenSSL: /usr/lib/aarch64-linux-gnu/libcrypto.so (found version "3.0.2")  
[1.491s] -- Found FastRTPS: /opt/ros/humble/include  
[1.545s] -- Using RMW implementation 'rmw_fastrtps_cpp' as default
[1.566s] -- Looking for pthread.h
[1.698s] -- Looking for pthread.h - found
[1.699s] -- Performing Test CMAKE_HAVE_LIBC_PTHREAD
[1.838s] -- Performing Test CMAKE_HAVE_LIBC_PTHREAD - Success
[1.839s] -- Found Threads: TRUE  
[1.995s] -- Found rosidl_default_generators: 1.2.0 (/opt/ros/humble/share/rosidl_default_generators/cmake)
[2.009s] -- Found sensor_msgs: 4.2.3 (/opt/ros/humble/share/sensor_msgs/cmake)
[2.141s] -- Found OpenCV: /usr (found version "4.5.4") 
[2.145s] -- Found cv_bridge: 3.2.1 (/opt/ros/humble/share/cv_bridge/cmake)
[2.154s] -- Found action_msgs: 1.2.1 (/opt/ros/humble/share/action_msgs/cmake)
[2.208s] -- Found rclcpp_action: 16.0.7 (/opt/ros/humble/share/rclcpp_action/cmake)
[2.580s] -- Found ament_cmake_cppcheck: 0.12.9 (/opt/ros/humble/share/ament_cmake_cppcheck/cmake)
[2.585s] -- Found ament_cmake_cpplint: 0.12.9 (/opt/ros/humble/share/ament_cmake_cpplint/cmake)
[2.590s] -- Found ament_cmake_uncrustify: 0.12.9 (/opt/ros/humble/share/ament_cmake_uncrustify/cmake)
[2.596s] -- Found ament_cmake_ros: 0.10.0 (/opt/ros/humble/share/ament_cmake_ros/cmake)
[3.278s] -- Using all available rosidl_typesupport_c: rosidl_typesupport_fastrtps_c;rosidl_typesupport_introspection_c
[3.547s] -- Using all available rosidl_typesupport_cpp: rosidl_typesupport_fastrtps_cpp;rosidl_typesupport_introspection_cpp
[3.568s] -- Found PythonInterp: /usr/bin/python3 (found suitable version "3.10.12", minimum required is "3.6") 
[3.575s] -- Found python_cmake_module: 0.10.0 (/opt/ros/humble/share/python_cmake_module/cmake)
[3.598s] -- Found PythonLibs: /usr/lib/aarch64-linux-gnu/libpython3.10.so (found suitable version "3.10.12", minimum required is "3.5") 
[3.598s] -- Using PYTHON_EXECUTABLE: /usr/bin/python3
[3.598s] -- Using PYTHON_INCLUDE_DIRS: /usr/include/python3.10
[3.598s] -- Using PYTHON_LIBRARIES: /usr/lib/aarch64-linux-gnu/libpython3.10.so
[3.615s] -- Found PythonExtra: .so  
[3.764s] -- Found ament_cmake_flake8: 0.12.9 (/opt/ros/humble/share/ament_cmake_flake8/cmake)
[3.779s] -- Found ament_cmake_pep257: 0.12.9 (/opt/ros/humble/share/ament_cmake_pep257/cmake)
[3.807s] -- Found ament_lint_auto: 0.12.9 (/opt/ros/humble/share/ament_lint_auto/cmake)
[3.916s] -- Added test 'cppcheck' to perform static code analysis on C / C++ code
[3.917s] -- Configured cppcheck include dirs: 
[3.918s] -- Configured cppcheck exclude dirs and/or files: 
[3.963s] -- Added test 'cpplint' to check C / C++ code against the Google style
[3.964s] -- Configured cpplint exclude dirs and/or files: 
[4.007s] -- Added test 'uncrustify' to check C / C++ code style
[4.007s] -- Configured uncrustify additional arguments: 
[4.012s] -- Added test 'flake8' to check Python code syntax and style conventions
[4.017s] -- Added test 'pep257' to check Python code against some of the docstring style conventions in PEP 257
[4.018s] -- Added test 'copyright' to check source files copyright and LICENSE
[4.033s] -- Added test 'lint_cmake' to check CMake code style
[4.043s] -- Added test 'xmllint' to check XML markup files
[4.074s] -- Configuring done
[4.467s] -- Generating done
[4.503s] -- Build files have been written to: /media/psf/Developer/Robotics/char-01/char_01/build/ros2_pkg
[4.517s] Invoked command in '/media/psf/Developer/Robotics/char-01/char_01/build/ros2_pkg' returned '0': CMAKE_PREFIX_PATH=${CMAKE_PREFIX_PATH}:/opt/ros/humble /usr/bin/cmake /media/psf/Developer/Robotics/char-01/char_01/ros2_pkg -DCMAKE_INSTALL_PREFIX=/media/psf/Developer/Robotics/char-01/char_01/install/ros2_pkg
[4.521s] Invoking command in '/media/psf/Developer/Robotics/char-01/char_01/build/ros2_pkg': CMAKE_PREFIX_PATH=${CMAKE_PREFIX_PATH}:/opt/ros/humble /usr/bin/cmake --build /media/psf/Developer/Robotics/char-01/char_01/build/ros2_pkg -- -j2 -l2
[4.622s] [  1%] [34m[1mGenerating C code for ROS interfaces[0m
[4.660s] [  2%] [34m[1mGenerating C++ code for ROS interfaces[0m
[5.421s] [  2%] Built target ros2_pkg__cpp
[5.495s] [  4%] [32mBuilding C object CMakeFiles/ros2_pkg__rosidl_generator_c.dir/rosidl_generator_c/ros2_pkg/srv/detail/odd_even_check__functions.c.o[0m
[5.506s] [  4%] Built target ament_cmake_python_copy_ros2_pkg
[5.574s] [  5%] [32mBuilding CXX object CMakeFiles/publisher.dir/src/publisher.cpp.o[0m
[5.689s] [  7%] [32mBuilding C object CMakeFiles/ros2_pkg__rosidl_generator_c.dir/rosidl_generator_c/ros2_pkg/srv/detail/turn_camera__functions.c.o[0m
[5.782s] [  8%] [32mBuilding C object CMakeFiles/ros2_pkg__rosidl_generator_c.dir/rosidl_generator_c/ros2_pkg/action/detail/navigate__functions.c.o[0m
[5.952s] [ 10%] [32m[1mLinking C shared library libros2_pkg__rosidl_generator_c.so[0m
[6.047s] [ 10%] Built target ros2_pkg__rosidl_generator_c
[6.099s] [ 11%] [32mBuilding CXX object CMakeFiles/subscriber.dir/src/subscriber.cpp.o[0m
[20.977s] [ 13%] [32m[1mLinking CXX executable publisher[0m
[21.311s] [ 13%] Built target publisher
[25.095s] [ 14%] [32m[1mLinking CXX executable subscriber[0m
[25.695s] [ 14%] Built target subscriber
[25.737s] [ 16%] [32mBuilding CXX object CMakeFiles/rpm_pub.dir/src/rpm_pub.cpp.o[0m
[29.716s] [ 17%] [32m[1mLinking CXX executable rpm_pub[0m
[29.962s] [ 17%] Built target rpm_pub
[29.999s] [ 19%] [32mBuilding CXX object CMakeFiles/speed_calc.dir/src/speed_calc.cpp.o[0m
[38.431s] [ 20%] [32m[1mLinking CXX executable speed_calc[0m
[39.092s] [ 20%] Built target speed_calc
[39.177s] [ 22%] [34m[1mGenerating C++ type support dispatch for ROS interfaces[0m
[39.787s] [ 23%] [32mBuilding CXX object CMakeFiles/ros2_pkg__rosidl_typesupport_cpp.dir/rosidl_typesupport_cpp/ros2_pkg/srv/odd_even_check__type_support.cpp.o[0m
[40.109s] [ 25%] [32mBuilding CXX object CMakeFiles/ros2_pkg__rosidl_typesupport_cpp.dir/rosidl_typesupport_cpp/ros2_pkg/srv/turn_camera__type_support.cpp.o[0m
[40.392s] [ 26%] [32mBuilding CXX object CMakeFiles/ros2_pkg__rosidl_typesupport_cpp.dir/rosidl_typesupport_cpp/ros2_pkg/action/navigate__type_support.cpp.o[0m
[40.908s] [ 28%] [32m[1mLinking CXX shared library libros2_pkg__rosidl_typesupport_cpp.so[0m
[41.007s] [ 28%] Built target ros2_pkg__rosidl_typesupport_cpp
[41.032s] [ 29%] [34m[1mGenerating C type support for eProsima Fast-RTPS[0m
[41.696s] [ 31%] [32mBuilding CXX object CMakeFiles/ros2_pkg__rosidl_typesupport_fastrtps_c.dir/rosidl_typesupport_fastrtps_c/ros2_pkg/srv/detail/odd_even_check__type_support_c.cpp.o[0m
[42.132s] [ 32%] [32mBuilding CXX object CMakeFiles/ros2_pkg__rosidl_typesupport_fastrtps_c.dir/rosidl_typesupport_fastrtps_c/ros2_pkg/srv/detail/turn_camera__type_support_c.cpp.o[0m
[42.492s] [ 34%] [32mBuilding CXX object CMakeFiles/ros2_pkg__rosidl_typesupport_fastrtps_c.dir/rosidl_typesupport_fastrtps_c/ros2_pkg/action/detail/navigate__type_support_c.cpp.o[0m
[42.942s] [ 35%] [32m[1mLinking CXX shared library libros2_pkg__rosidl_typesupport_fastrtps_c.so[0m
[43.043s] [ 35%] Built target ros2_pkg__rosidl_typesupport_fastrtps_c
[43.067s] [ 37%] [34m[1mGenerating C++ type support for eProsima Fast-RTPS[0m
[43.209s] Traceback (most recent call last):
[43.213s]   File "/opt/ros/humble/lib/rosidl_typesupport_fastrtps_cpp/rosidl_typesupport_fastrtps_cpp", line 23, in <module>
[43.213s]     sys.exit(main())
[43.214s]   File "/opt/ros/humble/lib/rosidl_typesupport_fastrtps_cpp/rosidl_typesupport_fastrtps_cpp", line 19, in main
[43.214s]     generate_cpp(args.generator_arguments_file)
[43.214s]   File "/opt/ros/humble/local/lib/python3.10/dist-packages/rosidl_typesupport_fastrtps_cpp/__init__.py", line 24, in generate_cpp
[43.214s]     return generate_files(generator_arguments_file, mapping)
[43.215s]   File "/opt/ros/humble/local/lib/python3.10/dist-packages/rosidl_cmake/__init__.py", line 55, in generate_files
[43.215s]     args = read_generator_arguments(generator_arguments_file)
[43.215s]   File "/opt/ros/humble/local/lib/python3.10/dist-packages/rosidl_cmake/__init__.py", line 39, in read_generator_arguments
[43.215s]     return json.load(h)
[43.217s]   File "/usr/lib/python3.10/json/__init__.py", line 293, in load
[43.217s]     return loads(fp.read(),
[43.217s]   File "/usr/lib/python3.10/json/__init__.py", line 346, in loads
[43.220s]     return _default_decoder.decode(s)
[43.222s]   File "/usr/lib/python3.10/json/decoder.py", line 337, in decode
[43.230s]     obj, end = self.raw_decode(s, idx=_w(s, 0).end())
[43.231s]   File "/usr/lib/python3.10/json/decoder.py", line 355, in raw_decode
[43.231s]     raise JSONDecodeError("Expecting value", s, err.value) from None
[43.231s] json.decoder.JSONDecodeError: Expecting value: line 103 column 3 (char 7316)
[43.238s] gmake[2]: *** [CMakeFiles/ros2_pkg__rosidl_typesupport_fastrtps_cpp.dir/build.make:178: rosidl_typesupport_fastrtps_cpp/ros2_pkg/srv/detail/dds_fastrtps/odd_even_check__type_support.cpp] Error 1
[43.238s] gmake[1]: *** [CMakeFiles/Makefile2:310: CMakeFiles/ros2_pkg__rosidl_typesupport_fastrtps_cpp.dir/all] Error 2
[43.241s] gmake: *** [Makefile:146: all] Error 2
[43.333s] Invoked command in '/media/psf/Developer/Robotics/char-01/char_01/build/ros2_pkg' returned '2': CMAKE_PREFIX_PATH=${CMAKE_PREFIX_PATH}:/opt/ros/humble /usr/bin/cmake --build /media/psf/Developer/Robotics/char-01/char_01/build/ros2_pkg -- -j2 -l2
