[0.068s] Invoking command in '/media/psf/Developer/Robotics/char-01/build/ros2_pkg': CMAKE_PREFIX_PATH=${CMAKE_PREFIX_PATH}:/opt/ros/humble CONDA_PROMPT_MODIFIER=(base) /usr/bin/cmake --build /media/psf/Developer/Robotics/char-01/build/ros2_pkg -- -j2 -l2
[0.221s] [  1%] Built target ros2_pkg__cpp
[0.293s] [  8%] Built target ros2_pkg__rosidl_generator_c
[0.358s] [  8%] Built target ament_cmake_python_symlink_ros2_pkg
[0.429s] [ 11%] Built target publisher
[0.489s] [ 14%] Built target subscriber
[0.548s] [ 16%] Built target rpm_pub
[0.615s] [ 19%] Built target speed_calc
[0.670s] [ 26%] Built target ros2_pkg__rosidl_typesupport_cpp
[0.718s] [ 33%] Built target ros2_pkg__rosidl_typesupport_fastrtps_c
[0.772s] [ 40%] Built target ros2_pkg__rosidl_typesupport_fastrtps_cpp
[0.819s] [ 47%] Built target ros2_pkg__rosidl_typesupport_introspection_c
[0.870s] [ 54%] Built target ros2_pkg__rosidl_typesupport_c
[0.924s] [ 61%] Built target ros2_pkg__rosidl_typesupport_introspection_cpp
[1.107s] running egg_info
[1.108s] writing ros2_pkg.egg-info/PKG-INFO
[1.108s] writing dependency_links to ros2_pkg.egg-info/dependency_links.txt
[1.109s] writing top-level names to ros2_pkg.egg-info/top_level.txt
[1.114s] reading manifest file 'ros2_pkg.egg-info/SOURCES.txt'
[1.116s] writing manifest file 'ros2_pkg.egg-info/SOURCES.txt'
[1.154s] [ 61%] Built target ament_cmake_python_build_ros2_pkg_egg
[1.217s] [ 64%] Built target service_server
[1.284s] [ 67%] Built target service_client
[1.361s] [ 70%] Built target turn_camera_service
[1.418s] [ 73%] Built target turn_camera_client
[1.477s] [ 76%] Built target action_server
[1.531s] [ 78%] Built target action_client
[1.579s] [ 81%] Built target lidar_node
[1.626s] [ 84%] Built target control
[1.673s] [ 84%] Built target ros2_pkg
[1.717s] [ 85%] Built target ros2_pkg__py
[1.770s] [ 91%] Built target ros2_pkg__rosidl_generator_py
[1.816s] [ 94%] Built target ros2_pkg__rosidl_typesupport_fastrtps_c__pyext
[1.884s] [ 97%] Built target ros2_pkg__rosidl_typesupport_introspection_c__pyext
[1.946s] [100%] Built target ros2_pkg__rosidl_typesupport_c__pyext
[1.977s] Invoked command in '/media/psf/Developer/Robotics/char-01/build/ros2_pkg' returned '0': CMAKE_PREFIX_PATH=${CMAKE_PREFIX_PATH}:/opt/ros/humble CONDA_PROMPT_MODIFIER=(base) /usr/bin/cmake --build /media/psf/Developer/Robotics/char-01/build/ros2_pkg -- -j2 -l2
[2.478s] Invoking command in '/media/psf/Developer/Robotics/char-01/build/ros2_pkg': CMAKE_PREFIX_PATH=${CMAKE_PREFIX_PATH}:/opt/ros/humble CONDA_PROMPT_MODIFIER=(base) /usr/bin/cmake --install /media/psf/Developer/Robotics/char-01/build/ros2_pkg
[2.505s] -- Install configuration: ""
[2.508s] -- Execute custom install script
[2.508s] -- Up-to-date symlink: /media/psf/Developer/Robotics/char-01/install/ros2_pkg/share/ament_index/resource_index/rosidl_interfaces/ros2_pkg
[2.510s] -- Up-to-date symlink: /media/psf/Developer/Robotics/char-01/install/ros2_pkg/include/ros2_pkg/ros2_pkg/action/detail/navigate__functions.h
[2.511s] -- Up-to-date symlink: /media/psf/Developer/Robotics/char-01/install/ros2_pkg/include/ros2_pkg/ros2_pkg/action/detail/navigate__struct.h
[2.511s] -- Up-to-date symlink: /media/psf/Developer/Robotics/char-01/install/ros2_pkg/include/ros2_pkg/ros2_pkg/action/detail/navigate__type_support.h
[2.511s] -- Up-to-date symlink: /media/psf/Developer/Robotics/char-01/install/ros2_pkg/include/ros2_pkg/ros2_pkg/action/navigate.h
[2.512s] -- Up-to-date symlink: /media/psf/Developer/Robotics/char-01/install/ros2_pkg/include/ros2_pkg/ros2_pkg/msg/rosidl_generator_c__visibility_control.h
[2.512s] -- Up-to-date symlink: /media/psf/Developer/Robotics/char-01/install/ros2_pkg/include/ros2_pkg/ros2_pkg/srv/detail/odd_even_check__functions.h
[2.512s] -- Up-to-date symlink: /media/psf/Developer/Robotics/char-01/install/ros2_pkg/include/ros2_pkg/ros2_pkg/srv/detail/odd_even_check__struct.h
[2.513s] -- Up-to-date symlink: /media/psf/Developer/Robotics/char-01/install/ros2_pkg/include/ros2_pkg/ros2_pkg/srv/detail/odd_even_check__type_support.h
[2.513s] -- Up-to-date symlink: /media/psf/Developer/Robotics/char-01/install/ros2_pkg/include/ros2_pkg/ros2_pkg/srv/detail/turn_camera__functions.h
[2.513s] -- Up-to-date symlink: /media/psf/Developer/Robotics/char-01/install/ros2_pkg/include/ros2_pkg/ros2_pkg/srv/detail/turn_camera__struct.h
[2.514s] -- Up-to-date symlink: /media/psf/Developer/Robotics/char-01/install/ros2_pkg/include/ros2_pkg/ros2_pkg/srv/detail/turn_camera__type_support.h
[2.514s] -- Up-to-date symlink: /media/psf/Developer/Robotics/char-01/install/ros2_pkg/include/ros2_pkg/ros2_pkg/srv/odd_even_check.h
[2.515s] -- Up-to-date symlink: /media/psf/Developer/Robotics/char-01/install/ros2_pkg/include/ros2_pkg/ros2_pkg/srv/turn_camera.h
[2.515s] -- Up-to-date symlink: /media/psf/Developer/Robotics/char-01/install/ros2_pkg/share/ros2_pkg/environment/library_path.sh
[2.516s] -- Up-to-date symlink: /media/psf/Developer/Robotics/char-01/install/ros2_pkg/share/ros2_pkg/environment/library_path.dsv
[2.518s] -- Up-to-date symlink: /media/psf/Developer/Robotics/char-01/install/ros2_pkg/include/ros2_pkg/ros2_pkg/action/detail/navigate__rosidl_typesupport_fastrtps_c.h
[2.518s] -- Up-to-date symlink: /media/psf/Developer/Robotics/char-01/install/ros2_pkg/include/ros2_pkg/ros2_pkg/msg/rosidl_typesupport_fastrtps_c__visibility_control.h
[2.519s] -- Up-to-date symlink: /media/psf/Developer/Robotics/char-01/install/ros2_pkg/include/ros2_pkg/ros2_pkg/srv/detail/odd_even_check__rosidl_typesupport_fastrtps_c.h
[2.519s] -- Up-to-date symlink: /media/psf/Developer/Robotics/char-01/install/ros2_pkg/include/ros2_pkg/ros2_pkg/srv/detail/turn_camera__rosidl_typesupport_fastrtps_c.h
[2.521s] -- Up-to-date symlink: /media/psf/Developer/Robotics/char-01/install/ros2_pkg/include/ros2_pkg/ros2_pkg/action/detail/navigate__builder.hpp
[2.521s] -- Up-to-date symlink: /media/psf/Developer/Robotics/char-01/install/ros2_pkg/include/ros2_pkg/ros2_pkg/action/detail/navigate__struct.hpp
[2.522s] -- Up-to-date symlink: /media/psf/Developer/Robotics/char-01/install/ros2_pkg/include/ros2_pkg/ros2_pkg/action/detail/navigate__traits.hpp
[2.522s] -- Up-to-date symlink: /media/psf/Developer/Robotics/char-01/install/ros2_pkg/include/ros2_pkg/ros2_pkg/action/navigate.hpp
[2.522s] -- Up-to-date symlink: /media/psf/Developer/Robotics/char-01/install/ros2_pkg/include/ros2_pkg/ros2_pkg/srv/detail/odd_even_check__builder.hpp
[2.523s] -- Up-to-date symlink: /media/psf/Developer/Robotics/char-01/install/ros2_pkg/include/ros2_pkg/ros2_pkg/srv/detail/odd_even_check__struct.hpp
[2.523s] -- Up-to-date symlink: /media/psf/Developer/Robotics/char-01/install/ros2_pkg/include/ros2_pkg/ros2_pkg/srv/detail/odd_even_check__traits.hpp
[2.523s] -- Up-to-date symlink: /media/psf/Developer/Robotics/char-01/install/ros2_pkg/include/ros2_pkg/ros2_pkg/srv/detail/turn_camera__builder.hpp
[2.523s] -- Up-to-date symlink: /media/psf/Developer/Robotics/char-01/install/ros2_pkg/include/ros2_pkg/ros2_pkg/srv/detail/turn_camera__struct.hpp
[2.524s] -- Up-to-date symlink: /media/psf/Developer/Robotics/char-01/install/ros2_pkg/include/ros2_pkg/ros2_pkg/srv/detail/turn_camera__traits.hpp
[2.524s] -- Up-to-date symlink: /media/psf/Developer/Robotics/char-01/install/ros2_pkg/include/ros2_pkg/ros2_pkg/srv/odd_even_check.hpp
[2.525s] -- Up-to-date symlink: /media/psf/Developer/Robotics/char-01/install/ros2_pkg/include/ros2_pkg/ros2_pkg/srv/turn_camera.hpp
[2.528s] -- Up-to-date symlink: /media/psf/Developer/Robotics/char-01/install/ros2_pkg/include/ros2_pkg/ros2_pkg/action/detail/navigate__rosidl_typesupport_fastrtps_cpp.hpp
[2.528s] -- Up-to-date symlink: /media/psf/Developer/Robotics/char-01/install/ros2_pkg/include/ros2_pkg/ros2_pkg/msg/rosidl_typesupport_fastrtps_cpp__visibility_control.h
[2.529s] -- Up-to-date symlink: /media/psf/Developer/Robotics/char-01/install/ros2_pkg/include/ros2_pkg/ros2_pkg/srv/detail/odd_even_check__rosidl_typesupport_fastrtps_cpp.hpp
[2.530s] -- Up-to-date symlink: /media/psf/Developer/Robotics/char-01/install/ros2_pkg/include/ros2_pkg/ros2_pkg/srv/detail/turn_camera__rosidl_typesupport_fastrtps_cpp.hpp
[2.532s] -- Up-to-date symlink: /media/psf/Developer/Robotics/char-01/install/ros2_pkg/include/ros2_pkg/ros2_pkg/action/detail/navigate__rosidl_typesupport_introspection_c.h
[2.532s] -- Up-to-date symlink: /media/psf/Developer/Robotics/char-01/install/ros2_pkg/include/ros2_pkg/ros2_pkg/msg/rosidl_typesupport_introspection_c__visibility_control.h
[2.533s] -- Up-to-date symlink: /media/psf/Developer/Robotics/char-01/install/ros2_pkg/include/ros2_pkg/ros2_pkg/srv/detail/odd_even_check__rosidl_typesupport_introspection_c.h
[2.533s] -- Up-to-date symlink: /media/psf/Developer/Robotics/char-01/install/ros2_pkg/include/ros2_pkg/ros2_pkg/srv/detail/turn_camera__rosidl_typesupport_introspection_c.h
[2.535s] -- Up-to-date symlink: /media/psf/Developer/Robotics/char-01/install/ros2_pkg/include/ros2_pkg/ros2_pkg/action/detail/navigate__rosidl_typesupport_introspection_cpp.hpp
[2.535s] -- Up-to-date symlink: /media/psf/Developer/Robotics/char-01/install/ros2_pkg/include/ros2_pkg/ros2_pkg/srv/detail/odd_even_check__rosidl_typesupport_introspection_cpp.hpp
[2.535s] -- Up-to-date symlink: /media/psf/Developer/Robotics/char-01/install/ros2_pkg/include/ros2_pkg/ros2_pkg/srv/detail/turn_camera__rosidl_typesupport_introspection_cpp.hpp
[2.536s] -- Up-to-date symlink: /media/psf/Developer/Robotics/char-01/install/ros2_pkg/share/ros2_pkg/environment/pythonpath.sh
[2.536s] -- Up-to-date symlink: /media/psf/Developer/Robotics/char-01/install/ros2_pkg/share/ros2_pkg/environment/pythonpath.dsv
[2.537s] -- Up-to-date symlink: /media/psf/Developer/Robotics/char-01/install/ros2_pkg/local/lib/python3.10/dist-packages/ros2_pkg-0.0.0-py3.10.egg-info/PKG-INFO
[2.538s] -- Up-to-date symlink: /media/psf/Developer/Robotics/char-01/install/ros2_pkg/local/lib/python3.10/dist-packages/ros2_pkg-0.0.0-py3.10.egg-info/SOURCES.txt
[2.538s] -- Up-to-date symlink: /media/psf/Developer/Robotics/char-01/install/ros2_pkg/local/lib/python3.10/dist-packages/ros2_pkg-0.0.0-py3.10.egg-info/dependency_links.txt
[2.539s] -- Up-to-date symlink: /media/psf/Developer/Robotics/char-01/install/ros2_pkg/local/lib/python3.10/dist-packages/ros2_pkg-0.0.0-py3.10.egg-info/top_level.txt
[2.541s] -- Up-to-date symlink: /media/psf/Developer/Robotics/char-01/install/ros2_pkg/local/lib/python3.10/dist-packages/ros2_pkg/__init__.py
[2.541s] -- Up-to-date symlink: /media/psf/Developer/Robotics/char-01/install/ros2_pkg/local/lib/python3.10/dist-packages/ros2_pkg/_ros2_pkg_s.ep.rosidl_typesupport_c.c
[2.542s] -- Up-to-date symlink: /media/psf/Developer/Robotics/char-01/install/ros2_pkg/local/lib/python3.10/dist-packages/ros2_pkg/_ros2_pkg_s.ep.rosidl_typesupport_fastrtps_c.c
[2.542s] -- Up-to-date symlink: /media/psf/Developer/Robotics/char-01/install/ros2_pkg/local/lib/python3.10/dist-packages/ros2_pkg/_ros2_pkg_s.ep.rosidl_typesupport_introspection_c.c
[2.543s] -- Up-to-date symlink: /media/psf/Developer/Robotics/char-01/install/ros2_pkg/local/lib/python3.10/dist-packages/ros2_pkg/action/__init__.py
[2.543s] -- Up-to-date symlink: /media/psf/Developer/Robotics/char-01/install/ros2_pkg/local/lib/python3.10/dist-packages/ros2_pkg/action/_navigate.py
[2.543s] -- Up-to-date symlink: /media/psf/Developer/Robotics/char-01/install/ros2_pkg/local/lib/python3.10/dist-packages/ros2_pkg/action/_navigate_s.c
[2.544s] -- Up-to-date symlink: /media/psf/Developer/Robotics/char-01/install/ros2_pkg/local/lib/python3.10/dist-packages/ros2_pkg/libros2_pkg__rosidl_generator_py.so
[2.544s] -- Up-to-date symlink: /media/psf/Developer/Robotics/char-01/install/ros2_pkg/local/lib/python3.10/dist-packages/ros2_pkg/ros2_pkg_s__rosidl_typesupport_c.cpython-310-aarch64-linux-gnu.so
[2.544s] -- Up-to-date symlink: /media/psf/Developer/Robotics/char-01/install/ros2_pkg/local/lib/python3.10/dist-packages/ros2_pkg/ros2_pkg_s__rosidl_typesupport_fastrtps_c.cpython-310-aarch64-linux-gnu.so
[2.545s] -- Up-to-date symlink: /media/psf/Developer/Robotics/char-01/install/ros2_pkg/local/lib/python3.10/dist-packages/ros2_pkg/ros2_pkg_s__rosidl_typesupport_introspection_c.cpython-310-aarch64-linux-gnu.so
[2.545s] -- Up-to-date symlink: /media/psf/Developer/Robotics/char-01/install/ros2_pkg/local/lib/python3.10/dist-packages/ros2_pkg/srv/__init__.py
[2.545s] -- Up-to-date symlink: /media/psf/Developer/Robotics/char-01/install/ros2_pkg/local/lib/python3.10/dist-packages/ros2_pkg/srv/_odd_even_check.py
[2.546s] -- Up-to-date symlink: /media/psf/Developer/Robotics/char-01/install/ros2_pkg/local/lib/python3.10/dist-packages/ros2_pkg/srv/_odd_even_check_s.c
[2.546s] -- Up-to-date symlink: /media/psf/Developer/Robotics/char-01/install/ros2_pkg/local/lib/python3.10/dist-packages/ros2_pkg/srv/_turn_camera.py
[2.546s] -- Up-to-date symlink: /media/psf/Developer/Robotics/char-01/install/ros2_pkg/local/lib/python3.10/dist-packages/ros2_pkg/srv/_turn_camera_s.c
[2.547s] -- Up-to-date symlink: /media/psf/Developer/Robotics/char-01/install/ros2_pkg/local/lib/python3.10/dist-packages/ros2_pkg/ros2_pkg_s__rosidl_typesupport_fastrtps_c.cpython-310-aarch64-linux-gnu.so
[2.548s] -- Up-to-date symlink: /media/psf/Developer/Robotics/char-01/install/ros2_pkg/local/lib/python3.10/dist-packages/ros2_pkg/ros2_pkg_s__rosidl_typesupport_introspection_c.cpython-310-aarch64-linux-gnu.so
[2.549s] -- Up-to-date symlink: /media/psf/Developer/Robotics/char-01/install/ros2_pkg/local/lib/python3.10/dist-packages/ros2_pkg/ros2_pkg_s__rosidl_typesupport_c.cpython-310-aarch64-linux-gnu.so
[2.549s] -- Up-to-date symlink: /media/psf/Developer/Robotics/char-01/install/ros2_pkg/share/ros2_pkg/srv/OddEvenCheck.idl
[2.550s] -- Up-to-date symlink: /media/psf/Developer/Robotics/char-01/install/ros2_pkg/share/ros2_pkg/srv/TurnCamera.idl
[2.550s] -- Up-to-date symlink: /media/psf/Developer/Robotics/char-01/install/ros2_pkg/share/ros2_pkg/action/Navigate.idl
[2.551s] -- Up-to-date symlink: /media/psf/Developer/Robotics/char-01/install/ros2_pkg/share/ros2_pkg/srv/OddEvenCheck.srv
[2.551s] -- Up-to-date symlink: /media/psf/Developer/Robotics/char-01/install/ros2_pkg/share/ros2_pkg/srv/OddEvenCheck_Request.msg
[2.551s] -- Up-to-date symlink: /media/psf/Developer/Robotics/char-01/install/ros2_pkg/share/ros2_pkg/srv/OddEvenCheck_Response.msg
[2.552s] -- Up-to-date symlink: /media/psf/Developer/Robotics/char-01/install/ros2_pkg/share/ros2_pkg/srv/TurnCamera.srv
[2.552s] -- Up-to-date symlink: /media/psf/Developer/Robotics/char-01/install/ros2_pkg/share/ros2_pkg/srv/TurnCamera_Request.msg
[2.553s] -- Up-to-date symlink: /media/psf/Developer/Robotics/char-01/install/ros2_pkg/share/ros2_pkg/srv/TurnCamera_Response.msg
[2.553s] -- Up-to-date symlink: /media/psf/Developer/Robotics/char-01/install/ros2_pkg/share/ros2_pkg/action/Navigate.action
[2.554s] -- Up-to-date symlink: /media/psf/Developer/Robotics/char-01/install/ros2_pkg/lib/ros2_pkg/publisher
[2.554s] -- Up-to-date symlink: /media/psf/Developer/Robotics/char-01/install/ros2_pkg/lib/ros2_pkg/subscriber
[2.555s] -- Up-to-date symlink: /media/psf/Developer/Robotics/char-01/install/ros2_pkg/lib/ros2_pkg/rpm_pub
[2.555s] -- Up-to-date symlink: /media/psf/Developer/Robotics/char-01/install/ros2_pkg/lib/ros2_pkg/speed_calc
[2.555s] -- Up-to-date symlink: /media/psf/Developer/Robotics/char-01/install/ros2_pkg/lib/ros2_pkg/service_server
[2.556s] -- Up-to-date symlink: /media/psf/Developer/Robotics/char-01/install/ros2_pkg/lib/ros2_pkg/service_client
[2.556s] -- Up-to-date symlink: /media/psf/Developer/Robotics/char-01/install/ros2_pkg/lib/ros2_pkg/turn_camera_service
[2.557s] -- Up-to-date symlink: /media/psf/Developer/Robotics/char-01/install/ros2_pkg/lib/ros2_pkg/turn_camera_client
[2.557s] -- Up-to-date symlink: /media/psf/Developer/Robotics/char-01/install/ros2_pkg/lib/ros2_pkg/action_server
[2.558s] -- Up-to-date symlink: /media/psf/Developer/Robotics/char-01/install/ros2_pkg/lib/ros2_pkg/action_client
[2.558s] -- Up-to-date symlink: /media/psf/Developer/Robotics/char-01/install/ros2_pkg/lib/ros2_pkg/lidar_node
[2.559s] -- Up-to-date symlink: /media/psf/Developer/Robotics/char-01/install/ros2_pkg/lib/ros2_pkg/control
[2.559s] -- Up-to-date symlink: /media/psf/Developer/Robotics/char-01/install/ros2_pkg/lib/ros2_pkg/predict.py
[2.560s] -- Up-to-date symlink: /media/psf/Developer/Robotics/char-01/install/ros2_pkg/share/ros2_pkg//launch/__pycache__/robot_state_publisher.launch.cpython-310.pyc
[2.560s] -- Up-to-date symlink: /media/psf/Developer/Robotics/char-01/install/ros2_pkg/share/ros2_pkg//launch/char_01.launch.py
[2.561s] -- Up-to-date symlink: /media/psf/Developer/Robotics/char-01/install/ros2_pkg/share/ros2_pkg//launch/launch_project.launch.py
[2.561s] -- Up-to-date symlink: /media/psf/Developer/Robotics/char-01/install/ros2_pkg/share/ros2_pkg//launch/rpm_node.launch.py
[2.562s] -- Up-to-date symlink: /media/psf/Developer/Robotics/char-01/install/ros2_pkg/share/ament_index/resource_index/package_run_dependencies/ros2_pkg
[2.562s] -- Up-to-date symlink: /media/psf/Developer/Robotics/char-01/install/ros2_pkg/share/ament_index/resource_index/parent_prefix_path/ros2_pkg
[2.563s] -- Up-to-date symlink: /media/psf/Developer/Robotics/char-01/install/ros2_pkg/share/ros2_pkg/environment/ament_prefix_path.sh
[2.563s] -- Up-to-date symlink: /media/psf/Developer/Robotics/char-01/install/ros2_pkg/share/ros2_pkg/environment/ament_prefix_path.dsv
[2.564s] -- Up-to-date symlink: /media/psf/Developer/Robotics/char-01/install/ros2_pkg/share/ros2_pkg/environment/path.sh
[2.564s] -- Up-to-date symlink: /media/psf/Developer/Robotics/char-01/install/ros2_pkg/share/ros2_pkg/environment/path.dsv
[2.564s] -- Up-to-date symlink: /media/psf/Developer/Robotics/char-01/install/ros2_pkg/share/ros2_pkg/local_setup.bash
[2.565s] -- Up-to-date symlink: /media/psf/Developer/Robotics/char-01/install/ros2_pkg/share/ros2_pkg/local_setup.sh
[2.565s] -- Up-to-date symlink: /media/psf/Developer/Robotics/char-01/install/ros2_pkg/share/ros2_pkg/local_setup.zsh
[2.566s] -- Up-to-date symlink: /media/psf/Developer/Robotics/char-01/install/ros2_pkg/share/ros2_pkg/local_setup.dsv
[2.566s] -- Symlinking: /media/psf/Developer/Robotics/char-01/install/ros2_pkg/share/ros2_pkg/package.dsv
[2.580s] -- Up-to-date symlink: /media/psf/Developer/Robotics/char-01/install/ros2_pkg/share/ament_index/resource_index/packages/ros2_pkg
[2.581s] -- Up-to-date symlink: /media/psf/Developer/Robotics/char-01/install/ros2_pkg/share/ros2_pkg/cmake/rosidl_cmake-extras.cmake
[2.581s] -- Up-to-date symlink: /media/psf/Developer/Robotics/char-01/install/ros2_pkg/share/ros2_pkg/cmake/ament_cmake_export_dependencies-extras.cmake
[2.582s] -- Up-to-date symlink: /media/psf/Developer/Robotics/char-01/install/ros2_pkg/share/ros2_pkg/cmake/ament_cmake_export_include_directories-extras.cmake
[2.582s] -- Up-to-date symlink: /media/psf/Developer/Robotics/char-01/install/ros2_pkg/share/ros2_pkg/cmake/ament_cmake_export_libraries-extras.cmake
[2.582s] -- Up-to-date symlink: /media/psf/Developer/Robotics/char-01/install/ros2_pkg/share/ros2_pkg/cmake/ament_cmake_export_targets-extras.cmake
[2.583s] -- Up-to-date symlink: /media/psf/Developer/Robotics/char-01/install/ros2_pkg/share/ros2_pkg/cmake/rosidl_cmake_export_typesupport_targets-extras.cmake
[2.583s] -- Up-to-date symlink: /media/psf/Developer/Robotics/char-01/install/ros2_pkg/share/ros2_pkg/cmake/rosidl_cmake_export_typesupport_libraries-extras.cmake
[2.584s] -- Up-to-date symlink: /media/psf/Developer/Robotics/char-01/install/ros2_pkg/share/ros2_pkg/cmake/ros2_pkgConfig.cmake
[2.584s] -- Up-to-date symlink: /media/psf/Developer/Robotics/char-01/install/ros2_pkg/share/ros2_pkg/cmake/ros2_pkgConfig-version.cmake
[2.585s] -- Up-to-date symlink: /media/psf/Developer/Robotics/char-01/install/ros2_pkg/share/ros2_pkg/package.xml
[2.586s] -- Up-to-date: /media/psf/Developer/Robotics/char-01/install/ros2_pkg/lib/libros2_pkg__rosidl_generator_c.so
[2.588s] -- Up-to-date: /media/psf/Developer/Robotics/char-01/install/ros2_pkg/lib/libros2_pkg__rosidl_typesupport_fastrtps_c.so
[2.589s] -- Up-to-date: /media/psf/Developer/Robotics/char-01/install/ros2_pkg/lib/libros2_pkg__rosidl_typesupport_fastrtps_cpp.so
[2.591s] -- Up-to-date: /media/psf/Developer/Robotics/char-01/install/ros2_pkg/lib/libros2_pkg__rosidl_typesupport_introspection_c.so
[2.592s] -- Up-to-date: /media/psf/Developer/Robotics/char-01/install/ros2_pkg/lib/libros2_pkg__rosidl_typesupport_c.so
[2.594s] -- Up-to-date: /media/psf/Developer/Robotics/char-01/install/ros2_pkg/lib/libros2_pkg__rosidl_typesupport_introspection_cpp.so
[2.595s] -- Up-to-date: /media/psf/Developer/Robotics/char-01/install/ros2_pkg/lib/libros2_pkg__rosidl_typesupport_cpp.so
[2.646s] Listing '/media/psf/Developer/Robotics/char-01/install/ros2_pkg/local/lib/python3.10/dist-packages/ros2_pkg'...
[2.646s] Listing '/media/psf/Developer/Robotics/char-01/install/ros2_pkg/local/lib/python3.10/dist-packages/ros2_pkg/action'...
[2.647s] Listing '/media/psf/Developer/Robotics/char-01/install/ros2_pkg/local/lib/python3.10/dist-packages/ros2_pkg/srv'...
[2.647s] -- Up-to-date: /media/psf/Developer/Robotics/char-01/install/ros2_pkg/lib/libros2_pkg__rosidl_generator_py.so
[2.648s] -- Up-to-date: /media/psf/Developer/Robotics/char-01/install/ros2_pkg/share/ros2_pkg/cmake/export_ros2_pkg__rosidl_generator_cExport.cmake
[2.648s] -- Up-to-date: /media/psf/Developer/Robotics/char-01/install/ros2_pkg/share/ros2_pkg/cmake/export_ros2_pkg__rosidl_generator_cExport-noconfig.cmake
[2.649s] -- Up-to-date: /media/psf/Developer/Robotics/char-01/install/ros2_pkg/share/ros2_pkg/cmake/export_ros2_pkg__rosidl_typesupport_fastrtps_cExport.cmake
[2.650s] -- Up-to-date: /media/psf/Developer/Robotics/char-01/install/ros2_pkg/share/ros2_pkg/cmake/export_ros2_pkg__rosidl_typesupport_fastrtps_cExport-noconfig.cmake
[2.650s] -- Up-to-date: /media/psf/Developer/Robotics/char-01/install/ros2_pkg/share/ros2_pkg/cmake/export_ros2_pkg__rosidl_generator_cppExport.cmake
[2.651s] -- Up-to-date: /media/psf/Developer/Robotics/char-01/install/ros2_pkg/share/ros2_pkg/cmake/export_ros2_pkg__rosidl_typesupport_fastrtps_cppExport.cmake
[2.651s] -- Up-to-date: /media/psf/Developer/Robotics/char-01/install/ros2_pkg/share/ros2_pkg/cmake/export_ros2_pkg__rosidl_typesupport_fastrtps_cppExport-noconfig.cmake
[2.652s] -- Up-to-date: /media/psf/Developer/Robotics/char-01/install/ros2_pkg/share/ros2_pkg/cmake/ros2_pkg__rosidl_typesupport_introspection_cExport.cmake
[2.652s] -- Up-to-date: /media/psf/Developer/Robotics/char-01/install/ros2_pkg/share/ros2_pkg/cmake/ros2_pkg__rosidl_typesupport_introspection_cExport-noconfig.cmake
[2.653s] -- Up-to-date: /media/psf/Developer/Robotics/char-01/install/ros2_pkg/share/ros2_pkg/cmake/ros2_pkg__rosidl_typesupport_cExport.cmake
[2.653s] -- Up-to-date: /media/psf/Developer/Robotics/char-01/install/ros2_pkg/share/ros2_pkg/cmake/ros2_pkg__rosidl_typesupport_cExport-noconfig.cmake
[2.654s] -- Up-to-date: /media/psf/Developer/Robotics/char-01/install/ros2_pkg/share/ros2_pkg/cmake/ros2_pkg__rosidl_typesupport_introspection_cppExport.cmake
[2.654s] -- Up-to-date: /media/psf/Developer/Robotics/char-01/install/ros2_pkg/share/ros2_pkg/cmake/ros2_pkg__rosidl_typesupport_introspection_cppExport-noconfig.cmake
[2.655s] -- Up-to-date: /media/psf/Developer/Robotics/char-01/install/ros2_pkg/share/ros2_pkg/cmake/ros2_pkg__rosidl_typesupport_cppExport.cmake
[2.655s] -- Up-to-date: /media/psf/Developer/Robotics/char-01/install/ros2_pkg/share/ros2_pkg/cmake/ros2_pkg__rosidl_typesupport_cppExport-noconfig.cmake
[2.656s] -- Up-to-date: /media/psf/Developer/Robotics/char-01/install/ros2_pkg/share/ros2_pkg/cmake/export_ros2_pkg__rosidl_generator_pyExport.cmake
[2.656s] -- Up-to-date: /media/psf/Developer/Robotics/char-01/install/ros2_pkg/share/ros2_pkg/cmake/export_ros2_pkg__rosidl_generator_pyExport-noconfig.cmake
[2.667s] Invoked command in '/media/psf/Developer/Robotics/char-01/build/ros2_pkg' returned '0': CMAKE_PREFIX_PATH=${CMAKE_PREFIX_PATH}:/opt/ros/humble CONDA_PROMPT_MODIFIER=(base) /usr/bin/cmake --install /media/psf/Developer/Robotics/char-01/build/ros2_pkg
