[0.044s] Invoking command in '/media/psf/Developer/Robotics/char-01/ros2_pkg/build/ros2_pkg': CMAKE_PREFIX_PATH=${CMAKE_PREFIX_PATH}:/opt/ros/humble /usr/bin/cmake /media/psf/Developer/Robotics/char-01/ros2_pkg -DCMAKE_INSTALL_PREFIX=/media/psf/Developer/Robotics/char-01/ros2_pkg/install/ros2_pkg
[0.193s] -- The C compiler identification is GNU 11.4.0
[0.308s] -- The CXX compiler identification is GNU 11.4.0
[0.323s] -- Detecting C compiler ABI info
[0.459s] -- Detecting C compiler ABI info - done
[0.468s] -- Check for working C compiler: /usr/bin/cc - skipped
[0.468s] -- Detecting C compile features
[0.469s] -- Detecting C compile features - done
[0.475s] -- Detecting CXX compiler ABI info
[0.658s] -- Detecting CXX compiler ABI info - done
[0.666s] -- Check for working CXX compiler: /usr/bin/c++ - skipped
[0.667s] -- Detecting CXX compile features
[0.667s] -- Detecting CXX compile features - done
[0.691s] -- Found ament_cmake: 1.3.6 (/opt/ros/humble/share/ament_cmake/cmake)
[0.851s] -- Found Python3: /usr/bin/python3.10 (found version "3.10.12") found components: Interpreter 
[0.995s] -- Found rclcpp: 16.0.7 (/opt/ros/humble/share/rclcpp/cmake)
[1.114s] -- Found rosidl_generator_c: 3.1.5 (/opt/ros/humble/share/rosidl_generator_c/cmake)
[1.129s] -- Found rosidl_adapter: 3.1.5 (/opt/ros/humble/share/rosidl_adapter/cmake)
[1.147s] -- Found rosidl_generator_cpp: 3.1.5 (/opt/ros/humble/share/rosidl_generator_cpp/cmake)
[1.172s] -- Using all available rosidl_typesupport_c: rosidl_typesupport_fastrtps_c;rosidl_typesupport_introspection_c
[1.203s] -- Using all available rosidl_typesupport_cpp: rosidl_typesupport_fastrtps_cpp;rosidl_typesupport_introspection_cpp
[1.311s] -- Found rmw_implementation_cmake: 6.1.1 (/opt/ros/humble/share/rmw_implementation_cmake/cmake)
[1.318s] -- Found rmw_fastrtps_cpp: 6.2.5 (/opt/ros/humble/share/rmw_fastrtps_cpp/cmake)
[1.460s] -- Found OpenSSL: /usr/lib/aarch64-linux-gnu/libcrypto.so (found version "3.0.2")  
[1.494s] -- Found FastRTPS: /opt/ros/humble/include  
[1.556s] -- Using RMW implementation 'rmw_fastrtps_cpp' as default
[1.578s] -- Looking for pthread.h
[1.708s] -- Looking for pthread.h - found
[1.709s] -- Performing Test CMAKE_HAVE_LIBC_PTHREAD
[1.832s] -- Performing Test CMAKE_HAVE_LIBC_PTHREAD - Success
[1.834s] -- Found Threads: TRUE  
[2.027s] -- Found rosidl_default_generators: 1.2.0 (/opt/ros/humble/share/rosidl_default_generators/cmake)
[2.046s] -- Found sensor_msgs: 4.2.3 (/opt/ros/humble/share/sensor_msgs/cmake)
[2.216s] -- Found OpenCV: /usr (found version "4.5.4") 
[2.221s] -- Found cv_bridge: 3.2.1 (/opt/ros/humble/share/cv_bridge/cmake)
[2.234s] -- Found action_msgs: 1.2.1 (/opt/ros/humble/share/action_msgs/cmake)
[2.300s] -- Found rclcpp_action: 16.0.7 (/opt/ros/humble/share/rclcpp_action/cmake)
[2.640s] -- Found ament_cmake_cppcheck: 0.12.9 (/opt/ros/humble/share/ament_cmake_cppcheck/cmake)
[2.644s] -- Found ament_cmake_cpplint: 0.12.9 (/opt/ros/humble/share/ament_cmake_cpplint/cmake)
[2.649s] -- Found ament_cmake_uncrustify: 0.12.9 (/opt/ros/humble/share/ament_cmake_uncrustify/cmake)
[2.655s] -- Found ament_cmake_ros: 0.10.0 (/opt/ros/humble/share/ament_cmake_ros/cmake)
[3.284s] -- Using all available rosidl_typesupport_c: rosidl_typesupport_fastrtps_c;rosidl_typesupport_introspection_c
[3.529s] -- Using all available rosidl_typesupport_cpp: rosidl_typesupport_fastrtps_cpp;rosidl_typesupport_introspection_cpp
[3.548s] -- Found PythonInterp: /usr/bin/python3 (found suitable version "3.10.12", minimum required is "3.6") 
[3.553s] -- Found python_cmake_module: 0.10.0 (/opt/ros/humble/share/python_cmake_module/cmake)
[3.578s] -- Found PythonLibs: /usr/lib/aarch64-linux-gnu/libpython3.10.so (found suitable version "3.10.12", minimum required is "3.5") 
[3.579s] -- Using PYTHON_EXECUTABLE: /usr/bin/python3
[3.580s] -- Using PYTHON_INCLUDE_DIRS: /usr/include/python3.10
[3.580s] -- Using PYTHON_LIBRARIES: /usr/lib/aarch64-linux-gnu/libpython3.10.so
[3.596s] -- Found PythonExtra: .so  
[3.726s] -- Found ament_cmake_flake8: 0.12.9 (/opt/ros/humble/share/ament_cmake_flake8/cmake)
[3.732s] -- Found ament_cmake_pep257: 0.12.9 (/opt/ros/humble/share/ament_cmake_pep257/cmake)
[3.750s] -- Found ament_lint_auto: 0.12.9 (/opt/ros/humble/share/ament_lint_auto/cmake)
[3.997s] -- Added test 'cppcheck' to perform static code analysis on C / C++ code
[3.998s] -- Configured cppcheck include dirs: $<BUILD_INTERFACE:/media/psf/Developer/Robotics/char-01/ros2_pkg/build/ros2_pkg/rosidl_generator_c>;$<BUILD_INTERFACE:/media/psf/Developer/Robotics/char-01/ros2_pkg/build/ros2_pkg/rosidl_typesupport_fastrtps_c>;$<BUILD_INTERFACE:/media/psf/Developer/Robotics/char-01/ros2_pkg/build/ros2_pkg/rosidl_generator_cpp>;$<BUILD_INTERFACE:/media/psf/Developer/Robotics/char-01/ros2_pkg/build/ros2_pkg/rosidl_typesupport_fastrtps_cpp>;$<BUILD_INTERFACE:/media/psf/Developer/Robotics/char-01/ros2_pkg/build/ros2_pkg/rosidl_typesupport_introspection_c>;$<BUILD_INTERFACE:/media/psf/Developer/Robotics/char-01/ros2_pkg/build/ros2_pkg/rosidl_typesupport_introspection_cpp>;/media/psf/Developer/Robotics/char-01/ros2_pkg/build/ros2_pkg/rosidl_generator_c;/media/psf/Developer/Robotics/char-01/ros2_pkg/build/ros2_pkg/rosidl_generator_py
[3.998s] -- Configured cppcheck exclude dirs and/or files: 
[4.206s] -- Added test 'cpplint' to check C / C++ code against the Google style
[4.206s] -- Configured cpplint exclude dirs and/or files: 
[4.460s] -- Added test 'uncrustify' to check C / C++ code style
[4.461s] -- Configured uncrustify additional arguments: 
[4.500s] -- Added test 'flake8' to check Python code syntax and style conventions
[4.553s] -- Added test 'pep257' to check Python code against some of the docstring style conventions in PEP 257
[4.554s] -- Added test 'copyright' to check source files copyright and LICENSE
[4.653s] -- Added test 'lint_cmake' to check CMake code style
[4.690s] -- Added test 'xmllint' to check XML markup files
[4.723s] -- Configuring done
[4.738s] [31mCMake Error at CMakeLists.txt:78 (add_executable):
[4.738s]   Cannot find source file:
[4.738s] 
[4.739s]     src/lidar_node.cc
[4.739s] 
[4.739s]   Tried extensions .c .C .c++ .cc .cpp .cxx .cu .mpp .m .M .mm .ixx .cppm .h
[4.739s]   .hh .h++ .hm .hpp .hxx .in .txx .f .F .for .f77 .f90 .f95 .f03 .hip .ispc
[4.739s] 
[4.739s] [0m
[4.746s] [31mCMake Error at CMakeLists.txt:78 (add_executable):
[4.746s]   No SOURCES given to target: lidar_node
[4.746s] 
[4.746s] [0m
[4.747s] [0mCMake Generate step failed.  Build files cannot be regenerated correctly.[0m
[4.754s] Invoked command in '/media/psf/Developer/Robotics/char-01/ros2_pkg/build/ros2_pkg' returned '1': CMAKE_PREFIX_PATH=${CMAKE_PREFIX_PATH}:/opt/ros/humble /usr/bin/cmake /media/psf/Developer/Robotics/char-01/ros2_pkg -DCMAKE_INSTALL_PREFIX=/media/psf/Developer/Robotics/char-01/ros2_pkg/install/ros2_pkg
