[0.494s] DEBUG:colcon:Command line arguments: ['/usr/bin/colcon', 'build']
[0.494s] DEBUG:colcon:Parsed command line arguments: Namespace(log_base=None, log_level=None, verb_name='build', build_base='build', install_base='install', merge_install=False, symlink_install=False, test_result_base=None, continue_on_error=False, executor='parallel', parallel_workers=2, event_handlers=None, ignore_user_meta=False, metas=['./colcon.meta'], base_paths=['.'], packages_ignore=None, packages_ignore_regex=None, paths=None, packages_up_to=None, packages_up_to_regex=None, packages_above=None, packages_above_and_dependencies=None, packages_above_depth=None, packages_select_by_dep=None, packages_skip_by_dep=None, packages_skip_up_to=None, packages_select_build_failed=False, packages_skip_build_finished=False, packages_select_test_failures=False, packages_skip_test_passed=False, packages_select=None, packages_skip=None, packages_select_regex=None, packages_skip_regex=None, packages_start=None, packages_end=None, allow_overriding=[], cmake_args=None, cmake_target=None, cmake_target_skip_unavailable=False, cmake_clean_cache=False, cmake_clean_first=False, cmake_force_configure=False, ament_cmake_args=None, catkin_cmake_args=None, catkin_skip_building_tests=False, verb_parser=<colcon_defaults.argument_parser.defaults.DefaultArgumentsDecorator object at 0xffff9f8a82b0>, verb_extension=<colcon_core.verb.build.BuildVerb object at 0xffff9f8ab310>, main=<bound method BuildVerb.main of <colcon_core.verb.build.BuildVerb object at 0xffff9f8ab310>>)
[0.522s] Level 1:colcon.colcon_core.package_discovery:discover_packages(colcon_meta) check parameters
[0.523s] Level 1:colcon.colcon_core.package_discovery:discover_packages(recursive) check parameters
[0.523s] Level 1:colcon.colcon_core.package_discovery:discover_packages(ignore) check parameters
[0.523s] Level 1:colcon.colcon_core.package_discovery:discover_packages(path) check parameters
[0.523s] Level 1:colcon.colcon_core.package_discovery:discover_packages(colcon_meta) discover
[0.523s] Level 1:colcon.colcon_core.package_discovery:discover_packages(recursive) discover
[0.523s] INFO:colcon.colcon_core.package_discovery:Crawling recursively for packages in '/media/psf/Developer/Robotics/char-01/ros2_pkg'
[0.524s] Level 1:colcon.colcon_core.package_identification:_identify(.) by extensions ['ignore', 'ignore_ament_install']
[0.524s] Level 1:colcon.colcon_core.package_identification:_identify(.) by extension 'ignore'
[0.524s] Level 1:colcon.colcon_core.package_identification:_identify(.) by extension 'ignore_ament_install'
[0.524s] Level 1:colcon.colcon_core.package_identification:_identify(.) by extensions ['colcon_pkg']
[0.524s] Level 1:colcon.colcon_core.package_identification:_identify(.) by extension 'colcon_pkg'
[0.524s] Level 1:colcon.colcon_core.package_identification:_identify(.) by extensions ['colcon_meta']
[0.524s] Level 1:colcon.colcon_core.package_identification:_identify(.) by extension 'colcon_meta'
[0.524s] Level 1:colcon.colcon_core.package_identification:_identify(.) by extensions ['ros']
[0.525s] Level 1:colcon.colcon_core.package_identification:_identify(.) by extension 'ros'
[0.535s] DEBUG:colcon.colcon_core.package_identification:Package '.' with type 'ros.ament_cmake' and name 'ros2_pkg'
[0.535s] Level 1:colcon.colcon_core.package_discovery:discover_packages(recursive) using defaults
[0.535s] Level 1:colcon.colcon_core.package_discovery:discover_packages(ignore) discover
[0.535s] Level 1:colcon.colcon_core.package_discovery:discover_packages(ignore) using defaults
[0.535s] Level 1:colcon.colcon_core.package_discovery:discover_packages(path) discover
[0.535s] Level 1:colcon.colcon_core.package_discovery:discover_packages(path) using defaults
[0.586s] Level 1:colcon.colcon_core.package_discovery:discover_packages(prefix_path) check parameters
[0.586s] Level 1:colcon.colcon_core.package_discovery:discover_packages(prefix_path) discover
[0.603s] DEBUG:colcon.colcon_installed_package_information.package_discovery:Found 1 installed packages in /media/psf/Developer/robotics/ros_env/install
[0.610s] DEBUG:colcon.colcon_installed_package_information.package_discovery:Found 278 installed packages in /opt/ros/humble
[0.611s] Level 1:colcon.colcon_core.package_discovery:discover_packages(prefix_path) using defaults
[0.670s] Level 5:colcon.colcon_core.verb:set package 'ros2_pkg' build argument 'cmake_args' from command line to 'None'
[0.671s] Level 5:colcon.colcon_core.verb:set package 'ros2_pkg' build argument 'cmake_target' from command line to 'None'
[0.671s] Level 5:colcon.colcon_core.verb:set package 'ros2_pkg' build argument 'cmake_target_skip_unavailable' from command line to 'False'
[0.671s] Level 5:colcon.colcon_core.verb:set package 'ros2_pkg' build argument 'cmake_clean_cache' from command line to 'False'
[0.671s] Level 5:colcon.colcon_core.verb:set package 'ros2_pkg' build argument 'cmake_clean_first' from command line to 'False'
[0.671s] Level 5:colcon.colcon_core.verb:set package 'ros2_pkg' build argument 'cmake_force_configure' from command line to 'False'
[0.671s] Level 5:colcon.colcon_core.verb:set package 'ros2_pkg' build argument 'ament_cmake_args' from command line to 'None'
[0.671s] Level 5:colcon.colcon_core.verb:set package 'ros2_pkg' build argument 'catkin_cmake_args' from command line to 'None'
[0.671s] Level 5:colcon.colcon_core.verb:set package 'ros2_pkg' build argument 'catkin_skip_building_tests' from command line to 'False'
[0.672s] DEBUG:colcon.colcon_core.verb:Building package 'ros2_pkg' with the following arguments: {'ament_cmake_args': None, 'build_base': '/media/psf/Developer/Robotics/char-01/ros2_pkg/build/ros2_pkg', 'catkin_cmake_args': None, 'catkin_skip_building_tests': False, 'cmake_args': None, 'cmake_clean_cache': False, 'cmake_clean_first': False, 'cmake_force_configure': False, 'cmake_target': None, 'cmake_target_skip_unavailable': False, 'install_base': '/media/psf/Developer/Robotics/char-01/ros2_pkg/install/ros2_pkg', 'merge_install': False, 'path': '/media/psf/Developer/Robotics/char-01/ros2_pkg', 'symlink_install': False, 'test_result_base': None}
[0.681s] INFO:colcon.colcon_core.executor:Executing jobs using 'parallel' executor
[0.692s] DEBUG:colcon.colcon_parallel_executor.executor.parallel:run_until_complete
[0.693s] INFO:colcon.colcon_ros.task.ament_cmake.build:Building ROS package in '/media/psf/Developer/Robotics/char-01/ros2_pkg' with build type 'ament_cmake'
[0.693s] INFO:colcon.colcon_cmake.task.cmake.build:Building CMake package in '/media/psf/Developer/Robotics/char-01/ros2_pkg'
[0.703s] INFO:colcon.colcon_core.plugin_system:Skipping extension 'colcon_core.shell.bat': Not used on non-Windows systems
[0.703s] INFO:colcon.colcon_core.shell:Skip shell extension 'powershell' for command environment: Not usable outside of PowerShell
[0.703s] DEBUG:colcon.colcon_core.shell:Skip shell extension 'dsv' for command environment
[0.744s] DEBUG:colcon.colcon_core.event_handler.log_command:Invoking command in '/media/psf/Developer/Robotics/char-01/ros2_pkg/build/ros2_pkg': CMAKE_PREFIX_PATH=${CMAKE_PREFIX_PATH}:/opt/ros/humble /usr/bin/cmake --build /media/psf/Developer/Robotics/char-01/ros2_pkg/build/ros2_pkg -- -j2 -l2
[1.152s] DEBUG:colcon.colcon_core.event_handler.log_command:Invoked command in '/media/psf/Developer/Robotics/char-01/ros2_pkg/build/ros2_pkg' returned '2': CMAKE_PREFIX_PATH=${CMAKE_PREFIX_PATH}:/opt/ros/humble /usr/bin/cmake --build /media/psf/Developer/Robotics/char-01/ros2_pkg/build/ros2_pkg -- -j2 -l2
[1.460s] Level 1:colcon.colcon_core.environment:create_environment_scripts_only(ros2_pkg)
[1.468s] Level 1:colcon.colcon_core.environment:checking '/media/psf/Developer/Robotics/char-01/ros2_pkg/install/ros2_pkg' for CMake module files
[1.470s] Level 1:colcon.colcon_core.environment:checking '/media/psf/Developer/Robotics/char-01/ros2_pkg/install/ros2_pkg' for CMake config files
[1.472s] Level 1:colcon.colcon_core.environment:checking '/media/psf/Developer/Robotics/char-01/ros2_pkg/install/ros2_pkg/bin'
[1.472s] Level 1:colcon.colcon_core.environment:checking '/media/psf/Developer/Robotics/char-01/ros2_pkg/install/ros2_pkg/lib/pkgconfig/ros2_pkg.pc'
[1.472s] Level 1:colcon.colcon_core.environment:checking '/media/psf/Developer/Robotics/char-01/ros2_pkg/install/ros2_pkg/lib/python3.10/site-packages'
[1.472s] Level 1:colcon.colcon_core.environment:checking '/media/psf/Developer/Robotics/char-01/ros2_pkg/install/ros2_pkg/bin'
[1.479s] INFO:colcon.colcon_core.shell:Creating package script '/media/psf/Developer/Robotics/char-01/ros2_pkg/install/ros2_pkg/share/ros2_pkg/package.ps1'
[1.480s] INFO:colcon.colcon_core.shell:Creating package descriptor '/media/psf/Developer/Robotics/char-01/ros2_pkg/install/ros2_pkg/share/ros2_pkg/package.dsv'
[1.481s] INFO:colcon.colcon_core.shell:Creating package script '/media/psf/Developer/Robotics/char-01/ros2_pkg/install/ros2_pkg/share/ros2_pkg/package.sh'
[1.482s] INFO:colcon.colcon_core.shell:Creating package script '/media/psf/Developer/Robotics/char-01/ros2_pkg/install/ros2_pkg/share/ros2_pkg/package.bash'
[1.483s] INFO:colcon.colcon_core.shell:Creating package script '/media/psf/Developer/Robotics/char-01/ros2_pkg/install/ros2_pkg/share/ros2_pkg/package.zsh'
[1.483s] Level 1:colcon.colcon_core.environment:create_file_with_runtime_dependencies(/media/psf/Developer/Robotics/char-01/ros2_pkg/install/ros2_pkg/share/colcon-core/packages/ros2_pkg)
[1.494s] DEBUG:colcon.colcon_parallel_executor.executor.parallel:closing loop
[1.495s] DEBUG:colcon.colcon_parallel_executor.executor.parallel:loop closed
[1.495s] DEBUG:colcon.colcon_parallel_executor.executor.parallel:run_until_complete finished with '2'
[1.495s] DEBUG:colcon.colcon_core.event_reactor:joining thread
[1.511s] INFO:colcon.colcon_core.plugin_system:Skipping extension 'colcon_notification.desktop_notification.terminal_notifier': Not used on non-Darwin systems
[1.511s] INFO:colcon.colcon_core.plugin_system:Skipping extension 'colcon_notification.desktop_notification.win32': Not used on non-Windows systems
[1.512s] INFO:colcon.colcon_notification.desktop_notification:Sending desktop notification using 'notify2'
[1.546s] DEBUG:colcon.colcon_core.event_reactor:joined thread
[1.552s] INFO:colcon.colcon_core.shell:Creating prefix script '/media/psf/Developer/Robotics/char-01/ros2_pkg/install/local_setup.ps1'
[1.557s] INFO:colcon.colcon_core.shell:Creating prefix util module '/media/psf/Developer/Robotics/char-01/ros2_pkg/install/_local_setup_util_ps1.py'
[1.559s] INFO:colcon.colcon_core.shell:Creating prefix chain script '/media/psf/Developer/Robotics/char-01/ros2_pkg/install/setup.ps1'
[1.571s] INFO:colcon.colcon_core.shell:Creating prefix script '/media/psf/Developer/Robotics/char-01/ros2_pkg/install/local_setup.sh'
[1.572s] INFO:colcon.colcon_core.shell:Creating prefix util module '/media/psf/Developer/Robotics/char-01/ros2_pkg/install/_local_setup_util_sh.py'
[1.572s] INFO:colcon.colcon_core.shell:Creating prefix chain script '/media/psf/Developer/Robotics/char-01/ros2_pkg/install/setup.sh'
[1.585s] INFO:colcon.colcon_core.shell:Creating prefix script '/media/psf/Developer/Robotics/char-01/ros2_pkg/install/local_setup.bash'
[1.589s] INFO:colcon.colcon_core.shell:Creating prefix chain script '/media/psf/Developer/Robotics/char-01/ros2_pkg/install/setup.bash'
[1.600s] INFO:colcon.colcon_core.shell:Creating prefix script '/media/psf/Developer/Robotics/char-01/ros2_pkg/install/local_setup.zsh'
[1.601s] INFO:colcon.colcon_core.shell:Creating prefix chain script '/media/psf/Developer/Robotics/char-01/ros2_pkg/install/setup.zsh'
