[  1%] Built target ros2_pkg__cpp
[  8%] Built target ros2_pkg__rosidl_generator_c
[  8%] Built target ament_cmake_python_copy_ros2_pkg
[ 11%] Built target publisher
[ 17%] Built target rpm_pub
[ 17%] Built target subscriber
[ 18%] [32mBuilding CXX object CMakeFiles/lidar_node.dir/sensors/lidar_node.cc.o[0m
[ 21%] Built target speed_calc
[ 28%] Built target ros2_pkg__rosidl_typesupport_cpp
[35m[1mConsolidate compiler generated dependencies of target ros2_pkg__rosidl_typesupport_fastrtps_c[0m
[ 36%] Built target ros2_pkg__rosidl_typesupport_fastrtps_c
[ 37%] [34m[1mGenerating C++ type support for eProsima Fast-RTPS[0m
[ 39%] [32mBuilding CXX object CMakeFiles/ros2_pkg__rosidl_typesupport_fastrtps_cpp.dir/rosidl_typesupport_fastrtps_cpp/ros2_pkg/srv/detail/dds_fastrtps/odd_even_check__type_support.cpp.o[0m
[ 40%] [32mBuilding CXX object CMakeFiles/ros2_pkg__rosidl_typesupport_fastrtps_cpp.dir/rosidl_typesupport_fastrtps_cpp/ros2_pkg/srv/detail/dds_fastrtps/turn_camera__type_support.cpp.o[0m
[ 42%] [32mBuilding CXX object CMakeFiles/ros2_pkg__rosidl_typesupport_fastrtps_cpp.dir/rosidl_typesupport_fastrtps_cpp/ros2_pkg/action/detail/dds_fastrtps/navigate__type_support.cpp.o[0m
[ 43%] [32m[1mLinking CXX shared library libros2_pkg__rosidl_typesupport_fastrtps_cpp.so[0m
[ 43%] Built target ros2_pkg__rosidl_typesupport_fastrtps_cpp
[ 44%] [34m[1mGenerating C introspection for ROS interfaces[0m
[ 46%] [32mBuilding C object CMakeFiles/ros2_pkg__rosidl_typesupport_introspection_c.dir/rosidl_typesupport_introspection_c/ros2_pkg/srv/detail/odd_even_check__type_support.c.o[0m
[ 47%] [32mBuilding C object CMakeFiles/ros2_pkg__rosidl_typesupport_introspection_c.dir/rosidl_typesupport_introspection_c/ros2_pkg/srv/detail/turn_camera__type_support.c.o[0m
[ 49%] [32mBuilding C object CMakeFiles/ros2_pkg__rosidl_typesupport_introspection_c.dir/rosidl_typesupport_introspection_c/ros2_pkg/action/detail/navigate__type_support.c.o[0m
[ 50%] [32m[1mLinking C shared library libros2_pkg__rosidl_typesupport_introspection_c.so[0m
[ 50%] Built target ros2_pkg__rosidl_typesupport_introspection_c
[ 52%] [34m[1mGenerating C type support dispatch for ROS interfaces[0m
[ 53%] [32mBuilding CXX object CMakeFiles/ros2_pkg__rosidl_typesupport_c.dir/rosidl_typesupport_c/ros2_pkg/srv/odd_even_check__type_support.cpp.o[0m
[ 55%] [32mBuilding CXX object CMakeFiles/ros2_pkg__rosidl_typesupport_c.dir/rosidl_typesupport_c/ros2_pkg/srv/turn_camera__type_support.cpp.o[0m
[ 56%] [32mBuilding CXX object CMakeFiles/ros2_pkg__rosidl_typesupport_c.dir/rosidl_typesupport_c/ros2_pkg/action/navigate__type_support.cpp.o[0m
[ 57%] [32m[1mLinking CXX shared library libros2_pkg__rosidl_typesupport_c.so[0m
[ 57%] Built target ros2_pkg__rosidl_typesupport_c
[ 59%] [34m[1mGenerating C++ introspection for ROS interfaces[0m
[ 60%] [32mBuilding CXX object CMakeFiles/ros2_pkg__rosidl_typesupport_introspection_cpp.dir/rosidl_typesupport_introspection_cpp/ros2_pkg/srv/detail/odd_even_check__type_support.cpp.o[0m
[ 62%] [32mBuilding CXX object CMakeFiles/ros2_pkg__rosidl_typesupport_introspection_cpp.dir/rosidl_typesupport_introspection_cpp/ros2_pkg/srv/detail/turn_camera__type_support.cpp.o[0m
[ 63%] [32mBuilding CXX object CMakeFiles/ros2_pkg__rosidl_typesupport_introspection_cpp.dir/rosidl_typesupport_introspection_cpp/ros2_pkg/action/detail/navigate__type_support.cpp.o[0m
[ 65%] [32m[1mLinking CXX shared library libros2_pkg__rosidl_typesupport_introspection_cpp.so[0m
[ 65%] Built target ros2_pkg__rosidl_typesupport_introspection_cpp
running egg_info
creating ros2_pkg.egg-info
writing ros2_pkg.egg-info/PKG-INFO
writing dependency_links to ros2_pkg.egg-info/dependency_links.txt
writing top-level names to ros2_pkg.egg-info/top_level.txt
writing manifest file 'ros2_pkg.egg-info/SOURCES.txt'
reading manifest file 'ros2_pkg.egg-info/SOURCES.txt'
writing manifest file 'ros2_pkg.egg-info/SOURCES.txt'
[ 65%] Built target ament_cmake_python_build_ros2_pkg_egg
[ 66%] [32mBuilding CXX object CMakeFiles/service_server.dir/src/service_server.cpp.o[0m
[ 68%] [32m[1mLinking CXX executable lidar_node[0m
[ 68%] Built target lidar_node
[ 69%] [32mBuilding CXX object CMakeFiles/service_client.dir/src/service_client.cpp.o[0m
[ 71%] [32m[1mLinking CXX executable service_server[0m
[ 71%] Built target service_server
[ 72%] [32mBuilding CXX object CMakeFiles/turn_camera_service.dir/src/turn_camera_service.cpp.o[0m
[ 73%] [32m[1mLinking CXX executable service_client[0m
[ 73%] Built target service_client
[ 75%] [32mBuilding CXX object CMakeFiles/turn_camera_client.dir/src/turn_camera_client.cpp.o[0m
[ 76%] [32m[1mLinking CXX executable turn_camera_service[0m
[ 76%] Built target turn_camera_service
[ 78%] [32mBuilding CXX object CMakeFiles/action_server.dir/src/action_server.cpp.o[0m
[ 79%] [32m[1mLinking CXX executable turn_camera_client[0m
[ 79%] Built target turn_camera_client
[ 81%] [32mBuilding CXX object CMakeFiles/action_client.dir/src/action_client.cpp.o[0m
[ 82%] [32m[1mLinking CXX executable action_client[0m
[ 82%] Built target action_client
[ 82%] Built target ros2_pkg
[ 84%] [34m[1mGenerating Python code for ROS interfaces[0m
[ 84%] Built target ros2_pkg__py
[ 85%] [32mBuilding C object CMakeFiles/ros2_pkg__rosidl_generator_py.dir/rosidl_generator_py/ros2_pkg/srv/_odd_even_check_s.c.o[0m
[ 86%] [32mBuilding C object CMakeFiles/ros2_pkg__rosidl_generator_py.dir/rosidl_generator_py/ros2_pkg/srv/_turn_camera_s.c.o[0m
[ 88%] [32mBuilding C object CMakeFiles/ros2_pkg__rosidl_generator_py.dir/rosidl_generator_py/ros2_pkg/action/_navigate_s.c.o[0m
[ 89%] [32m[1mLinking C shared library rosidl_generator_py/ros2_pkg/libros2_pkg__rosidl_generator_py.so[0m
[ 89%] Built target ros2_pkg__rosidl_generator_py
[ 91%] [32mBuilding C object CMakeFiles/ros2_pkg__rosidl_typesupport_fastrtps_c__pyext.dir/rosidl_generator_py/ros2_pkg/_ros2_pkg_s.ep.rosidl_typesupport_fastrtps_c.c.o[0m
[ 92%] [32m[1mLinking C shared library rosidl_generator_py/ros2_pkg/ros2_pkg_s__rosidl_typesupport_fastrtps_c.cpython-310-aarch64-linux-gnu.so[0m
[ 92%] Built target ros2_pkg__rosidl_typesupport_fastrtps_c__pyext
[ 94%] [32mBuilding C object CMakeFiles/ros2_pkg__rosidl_typesupport_introspection_c__pyext.dir/rosidl_generator_py/ros2_pkg/_ros2_pkg_s.ep.rosidl_typesupport_introspection_c.c.o[0m
[ 97%] [32m[1mLinking CXX executable action_server[0m
[ 97%] [32m[1mLinking C shared library rosidl_generator_py/ros2_pkg/ros2_pkg_s__rosidl_typesupport_introspection_c.cpython-310-aarch64-linux-gnu.so[0m
[ 97%] Built target ros2_pkg__rosidl_typesupport_introspection_c__pyext
[ 98%] [32mBuilding C object CMakeFiles/ros2_pkg__rosidl_typesupport_c__pyext.dir/rosidl_generator_py/ros2_pkg/_ros2_pkg_s.ep.rosidl_typesupport_c.c.o[0m
[100%] [32m[1mLinking C shared library rosidl_generator_py/ros2_pkg/ros2_pkg_s__rosidl_typesupport_c.cpython-310-aarch64-linux-gnu.so[0m
[100%] Built target ros2_pkg__rosidl_typesupport_c__pyext
[100%] Built target action_server
-- Install configuration: ""
-- Installing: /media/psf/Developer/Robotics/char-01/ros2_pkg/install/ros2_pkg/share/ament_index/resource_index/rosidl_interfaces/ros2_pkg
-- Installing: /media/psf/Developer/Robotics/char-01/ros2_pkg/install/ros2_pkg/include/ros2_pkg/ros2_pkg
-- Installing: /media/psf/Developer/Robotics/char-01/ros2_pkg/install/ros2_pkg/include/ros2_pkg/ros2_pkg/msg
-- Installing: /media/psf/Developer/Robotics/char-01/ros2_pkg/install/ros2_pkg/include/ros2_pkg/ros2_pkg/msg/rosidl_generator_c__visibility_control.h
-- Installing: /media/psf/Developer/Robotics/char-01/ros2_pkg/install/ros2_pkg/include/ros2_pkg/ros2_pkg/action
-- Installing: /media/psf/Developer/Robotics/char-01/ros2_pkg/install/ros2_pkg/include/ros2_pkg/ros2_pkg/action/navigate.h
-- Installing: /media/psf/Developer/Robotics/char-01/ros2_pkg/install/ros2_pkg/include/ros2_pkg/ros2_pkg/action/detail
-- Installing: /media/psf/Developer/Robotics/char-01/ros2_pkg/install/ros2_pkg/include/ros2_pkg/ros2_pkg/action/detail/navigate__struct.h
-- Installing: /media/psf/Developer/Robotics/char-01/ros2_pkg/install/ros2_pkg/include/ros2_pkg/ros2_pkg/action/detail/navigate__functions.h
-- Installing: /media/psf/Developer/Robotics/char-01/ros2_pkg/install/ros2_pkg/include/ros2_pkg/ros2_pkg/action/detail/navigate__type_support.h
-- Installing: /media/psf/Developer/Robotics/char-01/ros2_pkg/install/ros2_pkg/include/ros2_pkg/ros2_pkg/action/detail/navigate__functions.c
-- Installing: /media/psf/Developer/Robotics/char-01/ros2_pkg/install/ros2_pkg/include/ros2_pkg/ros2_pkg/srv
-- Installing: /media/psf/Developer/Robotics/char-01/ros2_pkg/install/ros2_pkg/include/ros2_pkg/ros2_pkg/srv/odd_even_check.h
-- Installing: /media/psf/Developer/Robotics/char-01/ros2_pkg/install/ros2_pkg/include/ros2_pkg/ros2_pkg/srv/detail
-- Installing: /media/psf/Developer/Robotics/char-01/ros2_pkg/install/ros2_pkg/include/ros2_pkg/ros2_pkg/srv/detail/odd_even_check__functions.h
-- Installing: /media/psf/Developer/Robotics/char-01/ros2_pkg/install/ros2_pkg/include/ros2_pkg/ros2_pkg/srv/detail/odd_even_check__struct.h
-- Installing: /media/psf/Developer/Robotics/char-01/ros2_pkg/install/ros2_pkg/include/ros2_pkg/ros2_pkg/srv/detail/turn_camera__functions.h
-- Installing: /media/psf/Developer/Robotics/char-01/ros2_pkg/install/ros2_pkg/include/ros2_pkg/ros2_pkg/srv/detail/odd_even_check__type_support.h
-- Installing: /media/psf/Developer/Robotics/char-01/ros2_pkg/install/ros2_pkg/include/ros2_pkg/ros2_pkg/srv/detail/turn_camera__struct.h
-- Installing: /media/psf/Developer/Robotics/char-01/ros2_pkg/install/ros2_pkg/include/ros2_pkg/ros2_pkg/srv/detail/odd_even_check__functions.c
-- Installing: /media/psf/Developer/Robotics/char-01/ros2_pkg/install/ros2_pkg/include/ros2_pkg/ros2_pkg/srv/detail/turn_camera__type_support.h
-- Installing: /media/psf/Developer/Robotics/char-01/ros2_pkg/install/ros2_pkg/include/ros2_pkg/ros2_pkg/srv/detail/turn_camera__functions.c
-- Installing: /media/psf/Developer/Robotics/char-01/ros2_pkg/install/ros2_pkg/include/ros2_pkg/ros2_pkg/srv/turn_camera.h
-- Installing: /media/psf/Developer/Robotics/char-01/ros2_pkg/install/ros2_pkg/share/ros2_pkg/environment/library_path.sh
-- Installing: /media/psf/Developer/Robotics/char-01/ros2_pkg/install/ros2_pkg/share/ros2_pkg/environment/library_path.dsv
-- Installing: /media/psf/Developer/Robotics/char-01/ros2_pkg/install/ros2_pkg/lib/libros2_pkg__rosidl_generator_c.so
-- Set runtime path of "/media/psf/Developer/Robotics/char-01/ros2_pkg/install/ros2_pkg/lib/libros2_pkg__rosidl_generator_c.so" to ""
-- Up-to-date: /media/psf/Developer/Robotics/char-01/ros2_pkg/install/ros2_pkg/include/ros2_pkg/ros2_pkg
-- Up-to-date: /media/psf/Developer/Robotics/char-01/ros2_pkg/install/ros2_pkg/include/ros2_pkg/ros2_pkg/msg
-- Installing: /media/psf/Developer/Robotics/char-01/ros2_pkg/install/ros2_pkg/include/ros2_pkg/ros2_pkg/msg/rosidl_typesupport_fastrtps_c__visibility_control.h
-- Up-to-date: /media/psf/Developer/Robotics/char-01/ros2_pkg/install/ros2_pkg/include/ros2_pkg/ros2_pkg/action
-- Up-to-date: /media/psf/Developer/Robotics/char-01/ros2_pkg/install/ros2_pkg/include/ros2_pkg/ros2_pkg/action/detail
-- Installing: /media/psf/Developer/Robotics/char-01/ros2_pkg/install/ros2_pkg/include/ros2_pkg/ros2_pkg/action/detail/navigate__rosidl_typesupport_fastrtps_c.h
-- Up-to-date: /media/psf/Developer/Robotics/char-01/ros2_pkg/install/ros2_pkg/include/ros2_pkg/ros2_pkg/srv
-- Up-to-date: /media/psf/Developer/Robotics/char-01/ros2_pkg/install/ros2_pkg/include/ros2_pkg/ros2_pkg/srv/detail
-- Installing: /media/psf/Developer/Robotics/char-01/ros2_pkg/install/ros2_pkg/include/ros2_pkg/ros2_pkg/srv/detail/turn_camera__rosidl_typesupport_fastrtps_c.h
-- Installing: /media/psf/Developer/Robotics/char-01/ros2_pkg/install/ros2_pkg/include/ros2_pkg/ros2_pkg/srv/detail/odd_even_check__rosidl_typesupport_fastrtps_c.h
-- Installing: /media/psf/Developer/Robotics/char-01/ros2_pkg/install/ros2_pkg/lib/libros2_pkg__rosidl_typesupport_fastrtps_c.so
-- Set runtime path of "/media/psf/Developer/Robotics/char-01/ros2_pkg/install/ros2_pkg/lib/libros2_pkg__rosidl_typesupport_fastrtps_c.so" to ""
-- Up-to-date: /media/psf/Developer/Robotics/char-01/ros2_pkg/install/ros2_pkg/include/ros2_pkg/ros2_pkg
-- Up-to-date: /media/psf/Developer/Robotics/char-01/ros2_pkg/install/ros2_pkg/include/ros2_pkg/ros2_pkg/action
-- Installing: /media/psf/Developer/Robotics/char-01/ros2_pkg/install/ros2_pkg/include/ros2_pkg/ros2_pkg/action/navigate.hpp
-- Up-to-date: /media/psf/Developer/Robotics/char-01/ros2_pkg/install/ros2_pkg/include/ros2_pkg/ros2_pkg/action/detail
-- Installing: /media/psf/Developer/Robotics/char-01/ros2_pkg/install/ros2_pkg/include/ros2_pkg/ros2_pkg/action/detail/navigate__traits.hpp
-- Installing: /media/psf/Developer/Robotics/char-01/ros2_pkg/install/ros2_pkg/include/ros2_pkg/ros2_pkg/action/detail/navigate__struct.hpp
-- Installing: /media/psf/Developer/Robotics/char-01/ros2_pkg/install/ros2_pkg/include/ros2_pkg/ros2_pkg/action/detail/navigate__builder.hpp
-- Up-to-date: /media/psf/Developer/Robotics/char-01/ros2_pkg/install/ros2_pkg/include/ros2_pkg/ros2_pkg/srv
-- Installing: /media/psf/Developer/Robotics/char-01/ros2_pkg/install/ros2_pkg/include/ros2_pkg/ros2_pkg/srv/turn_camera.hpp
-- Installing: /media/psf/Developer/Robotics/char-01/ros2_pkg/install/ros2_pkg/include/ros2_pkg/ros2_pkg/srv/odd_even_check.hpp
-- Up-to-date: /media/psf/Developer/Robotics/char-01/ros2_pkg/install/ros2_pkg/include/ros2_pkg/ros2_pkg/srv/detail
-- Installing: /media/psf/Developer/Robotics/char-01/ros2_pkg/install/ros2_pkg/include/ros2_pkg/ros2_pkg/srv/detail/odd_even_check__struct.hpp
-- Installing: /media/psf/Developer/Robotics/char-01/ros2_pkg/install/ros2_pkg/include/ros2_pkg/ros2_pkg/srv/detail/turn_camera__traits.hpp
-- Installing: /media/psf/Developer/Robotics/char-01/ros2_pkg/install/ros2_pkg/include/ros2_pkg/ros2_pkg/srv/detail/odd_even_check__traits.hpp
-- Installing: /media/psf/Developer/Robotics/char-01/ros2_pkg/install/ros2_pkg/include/ros2_pkg/ros2_pkg/srv/detail/turn_camera__struct.hpp
-- Installing: /media/psf/Developer/Robotics/char-01/ros2_pkg/install/ros2_pkg/include/ros2_pkg/ros2_pkg/srv/detail/turn_camera__builder.hpp
-- Installing: /media/psf/Developer/Robotics/char-01/ros2_pkg/install/ros2_pkg/include/ros2_pkg/ros2_pkg/srv/detail/odd_even_check__builder.hpp
-- Up-to-date: /media/psf/Developer/Robotics/char-01/ros2_pkg/install/ros2_pkg/include/ros2_pkg/ros2_pkg
-- Up-to-date: /media/psf/Developer/Robotics/char-01/ros2_pkg/install/ros2_pkg/include/ros2_pkg/ros2_pkg/msg
-- Installing: /media/psf/Developer/Robotics/char-01/ros2_pkg/install/ros2_pkg/include/ros2_pkg/ros2_pkg/msg/rosidl_typesupport_fastrtps_cpp__visibility_control.h
-- Up-to-date: /media/psf/Developer/Robotics/char-01/ros2_pkg/install/ros2_pkg/include/ros2_pkg/ros2_pkg/action
-- Up-to-date: /media/psf/Developer/Robotics/char-01/ros2_pkg/install/ros2_pkg/include/ros2_pkg/ros2_pkg/action/detail
-- Installing: /media/psf/Developer/Robotics/char-01/ros2_pkg/install/ros2_pkg/include/ros2_pkg/ros2_pkg/action/detail/navigate__rosidl_typesupport_fastrtps_cpp.hpp
-- Installing: /media/psf/Developer/Robotics/char-01/ros2_pkg/install/ros2_pkg/include/ros2_pkg/ros2_pkg/action/detail/dds_fastrtps
-- Up-to-date: /media/psf/Developer/Robotics/char-01/ros2_pkg/install/ros2_pkg/include/ros2_pkg/ros2_pkg/srv
-- Up-to-date: /media/psf/Developer/Robotics/char-01/ros2_pkg/install/ros2_pkg/include/ros2_pkg/ros2_pkg/srv/detail
-- Installing: /media/psf/Developer/Robotics/char-01/ros2_pkg/install/ros2_pkg/include/ros2_pkg/ros2_pkg/srv/detail/odd_even_check__rosidl_typesupport_fastrtps_cpp.hpp
-- Installing: /media/psf/Developer/Robotics/char-01/ros2_pkg/install/ros2_pkg/include/ros2_pkg/ros2_pkg/srv/detail/turn_camera__rosidl_typesupport_fastrtps_cpp.hpp
-- Installing: /media/psf/Developer/Robotics/char-01/ros2_pkg/install/ros2_pkg/include/ros2_pkg/ros2_pkg/srv/detail/dds_fastrtps
-- Installing: /media/psf/Developer/Robotics/char-01/ros2_pkg/install/ros2_pkg/lib/libros2_pkg__rosidl_typesupport_fastrtps_cpp.so
-- Set runtime path of "/media/psf/Developer/Robotics/char-01/ros2_pkg/install/ros2_pkg/lib/libros2_pkg__rosidl_typesupport_fastrtps_cpp.so" to ""
-- Up-to-date: /media/psf/Developer/Robotics/char-01/ros2_pkg/install/ros2_pkg/include/ros2_pkg/ros2_pkg
-- Up-to-date: /media/psf/Developer/Robotics/char-01/ros2_pkg/install/ros2_pkg/include/ros2_pkg/ros2_pkg/msg
-- Installing: /media/psf/Developer/Robotics/char-01/ros2_pkg/install/ros2_pkg/include/ros2_pkg/ros2_pkg/msg/rosidl_typesupport_introspection_c__visibility_control.h
-- Up-to-date: /media/psf/Developer/Robotics/char-01/ros2_pkg/install/ros2_pkg/include/ros2_pkg/ros2_pkg/action
-- Up-to-date: /media/psf/Developer/Robotics/char-01/ros2_pkg/install/ros2_pkg/include/ros2_pkg/ros2_pkg/action/detail
-- Installing: /media/psf/Developer/Robotics/char-01/ros2_pkg/install/ros2_pkg/include/ros2_pkg/ros2_pkg/action/detail/navigate__rosidl_typesupport_introspection_c.h
-- Installing: /media/psf/Developer/Robotics/char-01/ros2_pkg/install/ros2_pkg/include/ros2_pkg/ros2_pkg/action/detail/navigate__type_support.c
-- Up-to-date: /media/psf/Developer/Robotics/char-01/ros2_pkg/install/ros2_pkg/include/ros2_pkg/ros2_pkg/srv
-- Up-to-date: /media/psf/Developer/Robotics/char-01/ros2_pkg/install/ros2_pkg/include/ros2_pkg/ros2_pkg/srv/detail
-- Installing: /media/psf/Developer/Robotics/char-01/ros2_pkg/install/ros2_pkg/include/ros2_pkg/ros2_pkg/srv/detail/turn_camera__type_support.c
-- Installing: /media/psf/Developer/Robotics/char-01/ros2_pkg/install/ros2_pkg/include/ros2_pkg/ros2_pkg/srv/detail/turn_camera__rosidl_typesupport_introspection_c.h
-- Installing: /media/psf/Developer/Robotics/char-01/ros2_pkg/install/ros2_pkg/include/ros2_pkg/ros2_pkg/srv/detail/odd_even_check__rosidl_typesupport_introspection_c.h
-- Installing: /media/psf/Developer/Robotics/char-01/ros2_pkg/install/ros2_pkg/include/ros2_pkg/ros2_pkg/srv/detail/odd_even_check__type_support.c
-- Installing: /media/psf/Developer/Robotics/char-01/ros2_pkg/install/ros2_pkg/lib/libros2_pkg__rosidl_typesupport_introspection_c.so
-- Set runtime path of "/media/psf/Developer/Robotics/char-01/ros2_pkg/install/ros2_pkg/lib/libros2_pkg__rosidl_typesupport_introspection_c.so" to ""
-- Installing: /media/psf/Developer/Robotics/char-01/ros2_pkg/install/ros2_pkg/lib/libros2_pkg__rosidl_typesupport_c.so
-- Set runtime path of "/media/psf/Developer/Robotics/char-01/ros2_pkg/install/ros2_pkg/lib/libros2_pkg__rosidl_typesupport_c.so" to ""
-- Up-to-date: /media/psf/Developer/Robotics/char-01/ros2_pkg/install/ros2_pkg/include/ros2_pkg/ros2_pkg
-- Up-to-date: /media/psf/Developer/Robotics/char-01/ros2_pkg/install/ros2_pkg/include/ros2_pkg/ros2_pkg/action
-- Up-to-date: /media/psf/Developer/Robotics/char-01/ros2_pkg/install/ros2_pkg/include/ros2_pkg/ros2_pkg/action/detail
-- Installing: /media/psf/Developer/Robotics/char-01/ros2_pkg/install/ros2_pkg/include/ros2_pkg/ros2_pkg/action/detail/navigate__rosidl_typesupport_introspection_cpp.hpp
-- Installing: /media/psf/Developer/Robotics/char-01/ros2_pkg/install/ros2_pkg/include/ros2_pkg/ros2_pkg/action/detail/navigate__type_support.cpp
-- Up-to-date: /media/psf/Developer/Robotics/char-01/ros2_pkg/install/ros2_pkg/include/ros2_pkg/ros2_pkg/srv
-- Up-to-date: /media/psf/Developer/Robotics/char-01/ros2_pkg/install/ros2_pkg/include/ros2_pkg/ros2_pkg/srv/detail
-- Installing: /media/psf/Developer/Robotics/char-01/ros2_pkg/install/ros2_pkg/include/ros2_pkg/ros2_pkg/srv/detail/odd_even_check__type_support.cpp
-- Installing: /media/psf/Developer/Robotics/char-01/ros2_pkg/install/ros2_pkg/include/ros2_pkg/ros2_pkg/srv/detail/odd_even_check__rosidl_typesupport_introspection_cpp.hpp
-- Installing: /media/psf/Developer/Robotics/char-01/ros2_pkg/install/ros2_pkg/include/ros2_pkg/ros2_pkg/srv/detail/turn_camera__type_support.cpp
-- Installing: /media/psf/Developer/Robotics/char-01/ros2_pkg/install/ros2_pkg/include/ros2_pkg/ros2_pkg/srv/detail/turn_camera__rosidl_typesupport_introspection_cpp.hpp
-- Installing: /media/psf/Developer/Robotics/char-01/ros2_pkg/install/ros2_pkg/lib/libros2_pkg__rosidl_typesupport_introspection_cpp.so
-- Set runtime path of "/media/psf/Developer/Robotics/char-01/ros2_pkg/install/ros2_pkg/lib/libros2_pkg__rosidl_typesupport_introspection_cpp.so" to ""
-- Installing: /media/psf/Developer/Robotics/char-01/ros2_pkg/install/ros2_pkg/lib/libros2_pkg__rosidl_typesupport_cpp.so
-- Set runtime path of "/media/psf/Developer/Robotics/char-01/ros2_pkg/install/ros2_pkg/lib/libros2_pkg__rosidl_typesupport_cpp.so" to ""
-- Installing: /media/psf/Developer/Robotics/char-01/ros2_pkg/install/ros2_pkg/share/ros2_pkg/environment/pythonpath.sh
-- Installing: /media/psf/Developer/Robotics/char-01/ros2_pkg/install/ros2_pkg/share/ros2_pkg/environment/pythonpath.dsv
-- Installing: /media/psf/Developer/Robotics/char-01/ros2_pkg/install/ros2_pkg/local/lib/python3.10/dist-packages/ros2_pkg-0.0.0-py3.10.egg-info
-- Installing: /media/psf/Developer/Robotics/char-01/ros2_pkg/install/ros2_pkg/local/lib/python3.10/dist-packages/ros2_pkg-0.0.0-py3.10.egg-info/PKG-INFO
-- Installing: /media/psf/Developer/Robotics/char-01/ros2_pkg/install/ros2_pkg/local/lib/python3.10/dist-packages/ros2_pkg-0.0.0-py3.10.egg-info/SOURCES.txt
-- Installing: /media/psf/Developer/Robotics/char-01/ros2_pkg/install/ros2_pkg/local/lib/python3.10/dist-packages/ros2_pkg-0.0.0-py3.10.egg-info/top_level.txt
-- Installing: /media/psf/Developer/Robotics/char-01/ros2_pkg/install/ros2_pkg/local/lib/python3.10/dist-packages/ros2_pkg-0.0.0-py3.10.egg-info/dependency_links.txt
-- Installing: /media/psf/Developer/Robotics/char-01/ros2_pkg/install/ros2_pkg/local/lib/python3.10/dist-packages/ros2_pkg
-- Installing: /media/psf/Developer/Robotics/char-01/ros2_pkg/install/ros2_pkg/local/lib/python3.10/dist-packages/ros2_pkg/_ros2_pkg_s.ep.rosidl_typesupport_fastrtps_c.c
-- Installing: /media/psf/Developer/Robotics/char-01/ros2_pkg/install/ros2_pkg/local/lib/python3.10/dist-packages/ros2_pkg/libros2_pkg__rosidl_generator_py.so
-- Installing: /media/psf/Developer/Robotics/char-01/ros2_pkg/install/ros2_pkg/local/lib/python3.10/dist-packages/ros2_pkg/_ros2_pkg_s.ep.rosidl_typesupport_c.c
-- Installing: /media/psf/Developer/Robotics/char-01/ros2_pkg/install/ros2_pkg/local/lib/python3.10/dist-packages/ros2_pkg/__init__.py
-- Installing: /media/psf/Developer/Robotics/char-01/ros2_pkg/install/ros2_pkg/local/lib/python3.10/dist-packages/ros2_pkg/ros2_pkg_s__rosidl_typesupport_c.cpython-310-aarch64-linux-gnu.so
-- Installing: /media/psf/Developer/Robotics/char-01/ros2_pkg/install/ros2_pkg/local/lib/python3.10/dist-packages/ros2_pkg/action
-- Installing: /media/psf/Developer/Robotics/char-01/ros2_pkg/install/ros2_pkg/local/lib/python3.10/dist-packages/ros2_pkg/action/_navigate_s.c
-- Installing: /media/psf/Developer/Robotics/char-01/ros2_pkg/install/ros2_pkg/local/lib/python3.10/dist-packages/ros2_pkg/action/_navigate.py
-- Installing: /media/psf/Developer/Robotics/char-01/ros2_pkg/install/ros2_pkg/local/lib/python3.10/dist-packages/ros2_pkg/action/__init__.py
-- Installing: /media/psf/Developer/Robotics/char-01/ros2_pkg/install/ros2_pkg/local/lib/python3.10/dist-packages/ros2_pkg/ros2_pkg_s__rosidl_typesupport_introspection_c.cpython-310-aarch64-linux-gnu.so
-- Installing: /media/psf/Developer/Robotics/char-01/ros2_pkg/install/ros2_pkg/local/lib/python3.10/dist-packages/ros2_pkg/_ros2_pkg_s.ep.rosidl_typesupport_introspection_c.c
-- Installing: /media/psf/Developer/Robotics/char-01/ros2_pkg/install/ros2_pkg/local/lib/python3.10/dist-packages/ros2_pkg/srv
-- Installing: /media/psf/Developer/Robotics/char-01/ros2_pkg/install/ros2_pkg/local/lib/python3.10/dist-packages/ros2_pkg/srv/_turn_camera.py
-- Installing: /media/psf/Developer/Robotics/char-01/ros2_pkg/install/ros2_pkg/local/lib/python3.10/dist-packages/ros2_pkg/srv/__init__.py
-- Installing: /media/psf/Developer/Robotics/char-01/ros2_pkg/install/ros2_pkg/local/lib/python3.10/dist-packages/ros2_pkg/srv/_odd_even_check_s.c
-- Installing: /media/psf/Developer/Robotics/char-01/ros2_pkg/install/ros2_pkg/local/lib/python3.10/dist-packages/ros2_pkg/srv/_odd_even_check.py
-- Installing: /media/psf/Developer/Robotics/char-01/ros2_pkg/install/ros2_pkg/local/lib/python3.10/dist-packages/ros2_pkg/srv/_turn_camera_s.c
-- Installing: /media/psf/Developer/Robotics/char-01/ros2_pkg/install/ros2_pkg/local/lib/python3.10/dist-packages/ros2_pkg/ros2_pkg_s__rosidl_typesupport_fastrtps_c.cpython-310-aarch64-linux-gnu.so
Listing '/media/psf/Developer/Robotics/char-01/ros2_pkg/install/ros2_pkg/local/lib/python3.10/dist-packages/ros2_pkg'...
Compiling '/media/psf/Developer/Robotics/char-01/ros2_pkg/install/ros2_pkg/local/lib/python3.10/dist-packages/ros2_pkg/__init__.py'...
Listing '/media/psf/Developer/Robotics/char-01/ros2_pkg/install/ros2_pkg/local/lib/python3.10/dist-packages/ros2_pkg/action'...
Compiling '/media/psf/Developer/Robotics/char-01/ros2_pkg/install/ros2_pkg/local/lib/python3.10/dist-packages/ros2_pkg/action/__init__.py'...
Compiling '/media/psf/Developer/Robotics/char-01/ros2_pkg/install/ros2_pkg/local/lib/python3.10/dist-packages/ros2_pkg/action/_navigate.py'...
Listing '/media/psf/Developer/Robotics/char-01/ros2_pkg/install/ros2_pkg/local/lib/python3.10/dist-packages/ros2_pkg/srv'...
Compiling '/media/psf/Developer/Robotics/char-01/ros2_pkg/install/ros2_pkg/local/lib/python3.10/dist-packages/ros2_pkg/srv/__init__.py'...
Compiling '/media/psf/Developer/Robotics/char-01/ros2_pkg/install/ros2_pkg/local/lib/python3.10/dist-packages/ros2_pkg/srv/_odd_even_check.py'...
Compiling '/media/psf/Developer/Robotics/char-01/ros2_pkg/install/ros2_pkg/local/lib/python3.10/dist-packages/ros2_pkg/srv/_turn_camera.py'...
-- Installing: /media/psf/Developer/Robotics/char-01/ros2_pkg/install/ros2_pkg/local/lib/python3.10/dist-packages/ros2_pkg/ros2_pkg_s__rosidl_typesupport_fastrtps_c.cpython-310-aarch64-linux-gnu.so
-- Set runtime path of "/media/psf/Developer/Robotics/char-01/ros2_pkg/install/ros2_pkg/local/lib/python3.10/dist-packages/ros2_pkg/ros2_pkg_s__rosidl_typesupport_fastrtps_c.cpython-310-aarch64-linux-gnu.so" to ""
-- Installing: /media/psf/Developer/Robotics/char-01/ros2_pkg/install/ros2_pkg/local/lib/python3.10/dist-packages/ros2_pkg/ros2_pkg_s__rosidl_typesupport_introspection_c.cpython-310-aarch64-linux-gnu.so
-- Set runtime path of "/media/psf/Developer/Robotics/char-01/ros2_pkg/install/ros2_pkg/local/lib/python3.10/dist-packages/ros2_pkg/ros2_pkg_s__rosidl_typesupport_introspection_c.cpython-310-aarch64-linux-gnu.so" to ""
-- Installing: /media/psf/Developer/Robotics/char-01/ros2_pkg/install/ros2_pkg/local/lib/python3.10/dist-packages/ros2_pkg/ros2_pkg_s__rosidl_typesupport_c.cpython-310-aarch64-linux-gnu.so
-- Set runtime path of "/media/psf/Developer/Robotics/char-01/ros2_pkg/install/ros2_pkg/local/lib/python3.10/dist-packages/ros2_pkg/ros2_pkg_s__rosidl_typesupport_c.cpython-310-aarch64-linux-gnu.so" to ""
-- Installing: /media/psf/Developer/Robotics/char-01/ros2_pkg/install/ros2_pkg/lib/libros2_pkg__rosidl_generator_py.so
-- Set runtime path of "/media/psf/Developer/Robotics/char-01/ros2_pkg/install/ros2_pkg/lib/libros2_pkg__rosidl_generator_py.so" to ""
-- Installing: /media/psf/Developer/Robotics/char-01/ros2_pkg/install/ros2_pkg/share/ros2_pkg/srv/OddEvenCheck.idl
-- Installing: /media/psf/Developer/Robotics/char-01/ros2_pkg/install/ros2_pkg/share/ros2_pkg/srv/TurnCamera.idl
-- Installing: /media/psf/Developer/Robotics/char-01/ros2_pkg/install/ros2_pkg/share/ros2_pkg/action/Navigate.idl
-- Installing: /media/psf/Developer/Robotics/char-01/ros2_pkg/install/ros2_pkg/share/ros2_pkg/srv/OddEvenCheck.srv
-- Installing: /media/psf/Developer/Robotics/char-01/ros2_pkg/install/ros2_pkg/share/ros2_pkg/srv/OddEvenCheck_Request.msg
-- Installing: /media/psf/Developer/Robotics/char-01/ros2_pkg/install/ros2_pkg/share/ros2_pkg/srv/OddEvenCheck_Response.msg
-- Installing: /media/psf/Developer/Robotics/char-01/ros2_pkg/install/ros2_pkg/share/ros2_pkg/srv/TurnCamera.srv
-- Installing: /media/psf/Developer/Robotics/char-01/ros2_pkg/install/ros2_pkg/share/ros2_pkg/srv/TurnCamera_Request.msg
-- Installing: /media/psf/Developer/Robotics/char-01/ros2_pkg/install/ros2_pkg/share/ros2_pkg/srv/TurnCamera_Response.msg
-- Installing: /media/psf/Developer/Robotics/char-01/ros2_pkg/install/ros2_pkg/share/ros2_pkg/action/Navigate.action
-- Installing: /media/psf/Developer/Robotics/char-01/ros2_pkg/install/ros2_pkg/lib/ros2_pkg/publisher
-- Set runtime path of "/media/psf/Developer/Robotics/char-01/ros2_pkg/install/ros2_pkg/lib/ros2_pkg/publisher" to ""
-- Installing: /media/psf/Developer/Robotics/char-01/ros2_pkg/install/ros2_pkg/lib/ros2_pkg/subscriber
-- Set runtime path of "/media/psf/Developer/Robotics/char-01/ros2_pkg/install/ros2_pkg/lib/ros2_pkg/subscriber" to ""
-- Installing: /media/psf/Developer/Robotics/char-01/ros2_pkg/install/ros2_pkg/lib/ros2_pkg/rpm_pub
-- Set runtime path of "/media/psf/Developer/Robotics/char-01/ros2_pkg/install/ros2_pkg/lib/ros2_pkg/rpm_pub" to ""
-- Installing: /media/psf/Developer/Robotics/char-01/ros2_pkg/install/ros2_pkg/lib/ros2_pkg/speed_calc
-- Set runtime path of "/media/psf/Developer/Robotics/char-01/ros2_pkg/install/ros2_pkg/lib/ros2_pkg/speed_calc" to ""
-- Installing: /media/psf/Developer/Robotics/char-01/ros2_pkg/install/ros2_pkg/lib/ros2_pkg/service_server
-- Set runtime path of "/media/psf/Developer/Robotics/char-01/ros2_pkg/install/ros2_pkg/lib/ros2_pkg/service_server" to ""
-- Installing: /media/psf/Developer/Robotics/char-01/ros2_pkg/install/ros2_pkg/lib/ros2_pkg/service_client
-- Set runtime path of "/media/psf/Developer/Robotics/char-01/ros2_pkg/install/ros2_pkg/lib/ros2_pkg/service_client" to ""
-- Installing: /media/psf/Developer/Robotics/char-01/ros2_pkg/install/ros2_pkg/lib/ros2_pkg/turn_camera_service
-- Set runtime path of "/media/psf/Developer/Robotics/char-01/ros2_pkg/install/ros2_pkg/lib/ros2_pkg/turn_camera_service" to ""
-- Installing: /media/psf/Developer/Robotics/char-01/ros2_pkg/install/ros2_pkg/lib/ros2_pkg/turn_camera_client
-- Set runtime path of "/media/psf/Developer/Robotics/char-01/ros2_pkg/install/ros2_pkg/lib/ros2_pkg/turn_camera_client" to ""
-- Installing: /media/psf/Developer/Robotics/char-01/ros2_pkg/install/ros2_pkg/lib/ros2_pkg/action_server
-- Set runtime path of "/media/psf/Developer/Robotics/char-01/ros2_pkg/install/ros2_pkg/lib/ros2_pkg/action_server" to ""
-- Installing: /media/psf/Developer/Robotics/char-01/ros2_pkg/install/ros2_pkg/lib/ros2_pkg/action_client
-- Set runtime path of "/media/psf/Developer/Robotics/char-01/ros2_pkg/install/ros2_pkg/lib/ros2_pkg/action_client" to ""
-- Installing: /media/psf/Developer/Robotics/char-01/ros2_pkg/install/ros2_pkg/lib/ros2_pkg/lidar_node
-- Set runtime path of "/media/psf/Developer/Robotics/char-01/ros2_pkg/install/ros2_pkg/lib/ros2_pkg/lidar_node" to ""
-- Installing: /media/psf/Developer/Robotics/char-01/ros2_pkg/install/ros2_pkg/share/ros2_pkg//launch
-- Installing: /media/psf/Developer/Robotics/char-01/ros2_pkg/install/ros2_pkg/share/ros2_pkg//launch/launch_project.launch.py
-- Installing: /media/psf/Developer/Robotics/char-01/ros2_pkg/install/ros2_pkg/share/ros2_pkg//launch/__pycache__
-- Installing: /media/psf/Developer/Robotics/char-01/ros2_pkg/install/ros2_pkg/share/ros2_pkg//launch/__pycache__/robot_state_publisher.launch.cpython-310.pyc
-- Installing: /media/psf/Developer/Robotics/char-01/ros2_pkg/install/ros2_pkg/share/ros2_pkg//launch/char_01.launch.py
-- Installing: /media/psf/Developer/Robotics/char-01/ros2_pkg/install/ros2_pkg/share/ros2_pkg//launch/rpm_node.launch.py
-- Installing: /media/psf/Developer/Robotics/char-01/ros2_pkg/install/ros2_pkg/share/ament_index/resource_index/package_run_dependencies/ros2_pkg
-- Installing: /media/psf/Developer/Robotics/char-01/ros2_pkg/install/ros2_pkg/share/ament_index/resource_index/parent_prefix_path/ros2_pkg
-- Installing: /media/psf/Developer/Robotics/char-01/ros2_pkg/install/ros2_pkg/share/ros2_pkg/environment/ament_prefix_path.sh
-- Installing: /media/psf/Developer/Robotics/char-01/ros2_pkg/install/ros2_pkg/share/ros2_pkg/environment/ament_prefix_path.dsv
-- Installing: /media/psf/Developer/Robotics/char-01/ros2_pkg/install/ros2_pkg/share/ros2_pkg/environment/path.sh
-- Installing: /media/psf/Developer/Robotics/char-01/ros2_pkg/install/ros2_pkg/share/ros2_pkg/environment/path.dsv
-- Installing: /media/psf/Developer/Robotics/char-01/ros2_pkg/install/ros2_pkg/share/ros2_pkg/local_setup.bash
-- Installing: /media/psf/Developer/Robotics/char-01/ros2_pkg/install/ros2_pkg/share/ros2_pkg/local_setup.sh
-- Installing: /media/psf/Developer/Robotics/char-01/ros2_pkg/install/ros2_pkg/share/ros2_pkg/local_setup.zsh
-- Installing: /media/psf/Developer/Robotics/char-01/ros2_pkg/install/ros2_pkg/share/ros2_pkg/local_setup.dsv
-- Installing: /media/psf/Developer/Robotics/char-01/ros2_pkg/install/ros2_pkg/share/ros2_pkg/package.dsv
-- Installing: /media/psf/Developer/Robotics/char-01/ros2_pkg/install/ros2_pkg/share/ament_index/resource_index/packages/ros2_pkg
-- Installing: /media/psf/Developer/Robotics/char-01/ros2_pkg/install/ros2_pkg/share/ros2_pkg/cmake/export_ros2_pkg__rosidl_generator_cExport.cmake
-- Installing: /media/psf/Developer/Robotics/char-01/ros2_pkg/install/ros2_pkg/share/ros2_pkg/cmake/export_ros2_pkg__rosidl_generator_cExport-noconfig.cmake
-- Installing: /media/psf/Developer/Robotics/char-01/ros2_pkg/install/ros2_pkg/share/ros2_pkg/cmake/export_ros2_pkg__rosidl_typesupport_fastrtps_cExport.cmake
-- Installing: /media/psf/Developer/Robotics/char-01/ros2_pkg/install/ros2_pkg/share/ros2_pkg/cmake/export_ros2_pkg__rosidl_typesupport_fastrtps_cExport-noconfig.cmake
-- Installing: /media/psf/Developer/Robotics/char-01/ros2_pkg/install/ros2_pkg/share/ros2_pkg/cmake/export_ros2_pkg__rosidl_generator_cppExport.cmake
-- Installing: /media/psf/Developer/Robotics/char-01/ros2_pkg/install/ros2_pkg/share/ros2_pkg/cmake/export_ros2_pkg__rosidl_typesupport_fastrtps_cppExport.cmake
-- Installing: /media/psf/Developer/Robotics/char-01/ros2_pkg/install/ros2_pkg/share/ros2_pkg/cmake/export_ros2_pkg__rosidl_typesupport_fastrtps_cppExport-noconfig.cmake
-- Installing: /media/psf/Developer/Robotics/char-01/ros2_pkg/install/ros2_pkg/share/ros2_pkg/cmake/ros2_pkg__rosidl_typesupport_introspection_cExport.cmake
-- Installing: /media/psf/Developer/Robotics/char-01/ros2_pkg/install/ros2_pkg/share/ros2_pkg/cmake/ros2_pkg__rosidl_typesupport_introspection_cExport-noconfig.cmake
-- Installing: /media/psf/Developer/Robotics/char-01/ros2_pkg/install/ros2_pkg/share/ros2_pkg/cmake/ros2_pkg__rosidl_typesupport_cExport.cmake
-- Installing: /media/psf/Developer/Robotics/char-01/ros2_pkg/install/ros2_pkg/share/ros2_pkg/cmake/ros2_pkg__rosidl_typesupport_cExport-noconfig.cmake
-- Installing: /media/psf/Developer/Robotics/char-01/ros2_pkg/install/ros2_pkg/share/ros2_pkg/cmake/ros2_pkg__rosidl_typesupport_introspection_cppExport.cmake
-- Installing: /media/psf/Developer/Robotics/char-01/ros2_pkg/install/ros2_pkg/share/ros2_pkg/cmake/ros2_pkg__rosidl_typesupport_introspection_cppExport-noconfig.cmake
-- Installing: /media/psf/Developer/Robotics/char-01/ros2_pkg/install/ros2_pkg/share/ros2_pkg/cmake/ros2_pkg__rosidl_typesupport_cppExport.cmake
-- Installing: /media/psf/Developer/Robotics/char-01/ros2_pkg/install/ros2_pkg/share/ros2_pkg/cmake/ros2_pkg__rosidl_typesupport_cppExport-noconfig.cmake
-- Installing: /media/psf/Developer/Robotics/char-01/ros2_pkg/install/ros2_pkg/share/ros2_pkg/cmake/export_ros2_pkg__rosidl_generator_pyExport.cmake
-- Installing: /media/psf/Developer/Robotics/char-01/ros2_pkg/install/ros2_pkg/share/ros2_pkg/cmake/export_ros2_pkg__rosidl_generator_pyExport-noconfig.cmake
-- Installing: /media/psf/Developer/Robotics/char-01/ros2_pkg/install/ros2_pkg/share/ros2_pkg/cmake/rosidl_cmake-extras.cmake
-- Installing: /media/psf/Developer/Robotics/char-01/ros2_pkg/install/ros2_pkg/share/ros2_pkg/cmake/ament_cmake_export_dependencies-extras.cmake
-- Installing: /media/psf/Developer/Robotics/char-01/ros2_pkg/install/ros2_pkg/share/ros2_pkg/cmake/ament_cmake_export_include_directories-extras.cmake
-- Installing: /media/psf/Developer/Robotics/char-01/ros2_pkg/install/ros2_pkg/share/ros2_pkg/cmake/ament_cmake_export_libraries-extras.cmake
-- Installing: /media/psf/Developer/Robotics/char-01/ros2_pkg/install/ros2_pkg/share/ros2_pkg/cmake/ament_cmake_export_targets-extras.cmake
-- Installing: /media/psf/Developer/Robotics/char-01/ros2_pkg/install/ros2_pkg/share/ros2_pkg/cmake/rosidl_cmake_export_typesupport_targets-extras.cmake
-- Installing: /media/psf/Developer/Robotics/char-01/ros2_pkg/install/ros2_pkg/share/ros2_pkg/cmake/rosidl_cmake_export_typesupport_libraries-extras.cmake
-- Installing: /media/psf/Developer/Robotics/char-01/ros2_pkg/install/ros2_pkg/share/ros2_pkg/cmake/ros2_pkgConfig.cmake
-- Installing: /media/psf/Developer/Robotics/char-01/ros2_pkg/install/ros2_pkg/share/ros2_pkg/cmake/ros2_pkgConfig-version.cmake
-- Installing: /media/psf/Developer/Robotics/char-01/ros2_pkg/install/ros2_pkg/share/ros2_pkg/package.xml
