[0.054s] Invoking command in '/media/psf/Developer/Robotics/char-01/ros2_pkg/build/ros2_pkg': CMAKE_PREFIX_PATH=${CMAKE_PREFIX_PATH}:/opt/ros/humble CONDA_PROMPT_MODIFIER=(base) /usr/bin/cmake --build /media/psf/Developer/Robotics/char-01/ros2_pkg/build/ros2_pkg -- -j2 -l2
[0.181s] [  1%] Built target ros2_pkg__cpp
[0.183s] [  8%] Built target ros2_pkg__rosidl_generator_c
[0.238s] [  8%] Built target ament_cmake_python_copy_ros2_pkg
[0.239s] [ 11%] Built target publisher
[0.281s] [ 17%] Built target rpm_pub
[0.281s] [ 17%] Built target subscriber
[0.317s] [ 18%] [32mBuilding CXX object CMakeFiles/lidar_node.dir/sensors/lidar_node.cc.o[0m
[0.320s] [ 21%] Built target speed_calc
[0.375s] [ 28%] Built target ros2_pkg__rosidl_typesupport_cpp
[0.399s] [35m[1mConsolidate compiler generated dependencies of target ros2_pkg__rosidl_typesupport_fastrtps_c[0m
[0.469s] [ 36%] Built target ros2_pkg__rosidl_typesupport_fastrtps_c
[0.488s] [ 37%] [34m[1mGenerating C++ type support for eProsima Fast-RTPS[0m
[1.028s] [ 39%] [32mBuilding CXX object CMakeFiles/ros2_pkg__rosidl_typesupport_fastrtps_cpp.dir/rosidl_typesupport_fastrtps_cpp/ros2_pkg/srv/detail/dds_fastrtps/odd_even_check__type_support.cpp.o[0m
[1.589s] [ 40%] [32mBuilding CXX object CMakeFiles/ros2_pkg__rosidl_typesupport_fastrtps_cpp.dir/rosidl_typesupport_fastrtps_cpp/ros2_pkg/srv/detail/dds_fastrtps/turn_camera__type_support.cpp.o[0m
[1.942s] [ 42%] [32mBuilding CXX object CMakeFiles/ros2_pkg__rosidl_typesupport_fastrtps_cpp.dir/rosidl_typesupport_fastrtps_cpp/ros2_pkg/action/detail/dds_fastrtps/navigate__type_support.cpp.o[0m
[2.387s] [ 43%] [32m[1mLinking CXX shared library libros2_pkg__rosidl_typesupport_fastrtps_cpp.so[0m
[2.477s] [ 43%] Built target ros2_pkg__rosidl_typesupport_fastrtps_cpp
[2.501s] [ 44%] [34m[1mGenerating C introspection for ROS interfaces[0m
[2.925s] [ 46%] [32mBuilding C object CMakeFiles/ros2_pkg__rosidl_typesupport_introspection_c.dir/rosidl_typesupport_introspection_c/ros2_pkg/srv/detail/odd_even_check__type_support.c.o[0m
[3.092s] [ 47%] [32mBuilding C object CMakeFiles/ros2_pkg__rosidl_typesupport_introspection_c.dir/rosidl_typesupport_introspection_c/ros2_pkg/srv/detail/turn_camera__type_support.c.o[0m
[3.166s] [ 49%] [32mBuilding C object CMakeFiles/ros2_pkg__rosidl_typesupport_introspection_c.dir/rosidl_typesupport_introspection_c/ros2_pkg/action/detail/navigate__type_support.c.o[0m
[3.262s] [ 50%] [32m[1mLinking C shared library libros2_pkg__rosidl_typesupport_introspection_c.so[0m
[3.343s] [ 50%] Built target ros2_pkg__rosidl_typesupport_introspection_c
[3.372s] [ 52%] [34m[1mGenerating C type support dispatch for ROS interfaces[0m
[3.709s] [ 53%] [32mBuilding CXX object CMakeFiles/ros2_pkg__rosidl_typesupport_c.dir/rosidl_typesupport_c/ros2_pkg/srv/odd_even_check__type_support.cpp.o[0m
[3.751s] [ 55%] [32mBuilding CXX object CMakeFiles/ros2_pkg__rosidl_typesupport_c.dir/rosidl_typesupport_c/ros2_pkg/srv/turn_camera__type_support.cpp.o[0m
[3.789s] [ 56%] [32mBuilding CXX object CMakeFiles/ros2_pkg__rosidl_typesupport_c.dir/rosidl_typesupport_c/ros2_pkg/action/navigate__type_support.cpp.o[0m
[3.846s] [ 57%] [32m[1mLinking CXX shared library libros2_pkg__rosidl_typesupport_c.so[0m
[3.899s] [ 57%] Built target ros2_pkg__rosidl_typesupport_c
[3.915s] [ 59%] [34m[1mGenerating C++ introspection for ROS interfaces[0m
[4.314s] [ 60%] [32mBuilding CXX object CMakeFiles/ros2_pkg__rosidl_typesupport_introspection_cpp.dir/rosidl_typesupport_introspection_cpp/ros2_pkg/srv/detail/odd_even_check__type_support.cpp.o[0m
[4.759s] [ 62%] [32mBuilding CXX object CMakeFiles/ros2_pkg__rosidl_typesupport_introspection_cpp.dir/rosidl_typesupport_introspection_cpp/ros2_pkg/srv/detail/turn_camera__type_support.cpp.o[0m
[5.136s] [ 63%] [32mBuilding CXX object CMakeFiles/ros2_pkg__rosidl_typesupport_introspection_cpp.dir/rosidl_typesupport_introspection_cpp/ros2_pkg/action/detail/navigate__type_support.cpp.o[0m
[5.597s] [ 65%] [32m[1mLinking CXX shared library libros2_pkg__rosidl_typesupport_introspection_cpp.so[0m
[5.693s] [ 65%] Built target ros2_pkg__rosidl_typesupport_introspection_cpp
[6.053s] running egg_info
[6.053s] creating ros2_pkg.egg-info
[6.054s] writing ros2_pkg.egg-info/PKG-INFO
[6.054s] writing dependency_links to ros2_pkg.egg-info/dependency_links.txt
[6.055s] writing top-level names to ros2_pkg.egg-info/top_level.txt
[6.055s] writing manifest file 'ros2_pkg.egg-info/SOURCES.txt'
[6.058s] reading manifest file 'ros2_pkg.egg-info/SOURCES.txt'
[6.058s] writing manifest file 'ros2_pkg.egg-info/SOURCES.txt'
[6.081s] [ 65%] Built target ament_cmake_python_build_ros2_pkg_egg
[6.107s] [ 66%] [32mBuilding CXX object CMakeFiles/service_server.dir/src/service_server.cpp.o[0m
[6.728s] [ 68%] [32m[1mLinking CXX executable lidar_node[0m
[7.158s] [ 68%] Built target lidar_node
[7.187s] [ 69%] [32mBuilding CXX object CMakeFiles/service_client.dir/src/service_client.cpp.o[0m
[8.325s] [ 71%] [32m[1mLinking CXX executable service_server[0m
[8.483s] [ 71%] Built target service_server
[8.514s] [ 72%] [32mBuilding CXX object CMakeFiles/turn_camera_service.dir/src/turn_camera_service.cpp.o[0m
[9.277s] [ 73%] [32m[1mLinking CXX executable service_client[0m
[9.429s] [ 73%] Built target service_client
[9.456s] [ 75%] [32mBuilding CXX object CMakeFiles/turn_camera_client.dir/src/turn_camera_client.cpp.o[0m
[11.092s] [ 76%] [32m[1mLinking CXX executable turn_camera_service[0m
[11.619s] [ 76%] Built target turn_camera_service
[11.649s] [ 78%] [32mBuilding CXX object CMakeFiles/action_server.dir/src/action_server.cpp.o[0m
[11.867s] [ 79%] [32m[1mLinking CXX executable turn_camera_client[0m
[12.358s] [ 79%] Built target turn_camera_client
[12.385s] [ 81%] [32mBuilding CXX object CMakeFiles/action_client.dir/src/action_client.cpp.o[0m
[14.988s] [ 82%] [32m[1mLinking CXX executable action_client[0m
[15.219s] [ 82%] Built target action_client
[15.258s] [ 82%] Built target ros2_pkg
[15.290s] [ 84%] [34m[1mGenerating Python code for ROS interfaces[0m
[16.159s] [ 84%] Built target ros2_pkg__py
[16.187s] [ 85%] [32mBuilding C object CMakeFiles/ros2_pkg__rosidl_generator_py.dir/rosidl_generator_py/ros2_pkg/srv/_odd_even_check_s.c.o[0m
[16.361s] [ 86%] [32mBuilding C object CMakeFiles/ros2_pkg__rosidl_generator_py.dir/rosidl_generator_py/ros2_pkg/srv/_turn_camera_s.c.o[0m
[16.488s] [ 88%] [32mBuilding C object CMakeFiles/ros2_pkg__rosidl_generator_py.dir/rosidl_generator_py/ros2_pkg/action/_navigate_s.c.o[0m
[16.621s] [ 89%] [32m[1mLinking C shared library rosidl_generator_py/ros2_pkg/libros2_pkg__rosidl_generator_py.so[0m
[16.678s] [ 89%] Built target ros2_pkg__rosidl_generator_py
[16.709s] [ 91%] [32mBuilding C object CMakeFiles/ros2_pkg__rosidl_typesupport_fastrtps_c__pyext.dir/rosidl_generator_py/ros2_pkg/_ros2_pkg_s.ep.rosidl_typesupport_fastrtps_c.c.o[0m
[16.843s] [ 92%] [32m[1mLinking C shared library rosidl_generator_py/ros2_pkg/ros2_pkg_s__rosidl_typesupport_fastrtps_c.cpython-310-aarch64-linux-gnu.so[0m
[16.903s] [ 92%] Built target ros2_pkg__rosidl_typesupport_fastrtps_c__pyext
[16.955s] [ 94%] [32mBuilding C object CMakeFiles/ros2_pkg__rosidl_typesupport_introspection_c__pyext.dir/rosidl_generator_py/ros2_pkg/_ros2_pkg_s.ep.rosidl_typesupport_introspection_c.c.o[0m
[17.114s] [ 97%] [32m[1mLinking CXX executable action_server[0m
[17.115s] [ 97%] [32m[1mLinking C shared library rosidl_generator_py/ros2_pkg/ros2_pkg_s__rosidl_typesupport_introspection_c.cpython-310-aarch64-linux-gnu.so[0m
[17.172s] [ 97%] Built target ros2_pkg__rosidl_typesupport_introspection_c__pyext
[17.216s] [ 98%] [32mBuilding C object CMakeFiles/ros2_pkg__rosidl_typesupport_c__pyext.dir/rosidl_generator_py/ros2_pkg/_ros2_pkg_s.ep.rosidl_typesupport_c.c.o[0m
[17.340s] [100%] [32m[1mLinking C shared library rosidl_generator_py/ros2_pkg/ros2_pkg_s__rosidl_typesupport_c.cpython-310-aarch64-linux-gnu.so[0m
[17.407s] [100%] Built target ros2_pkg__rosidl_typesupport_c__pyext
[17.570s] [100%] Built target action_server
[17.651s] Invoked command in '/media/psf/Developer/Robotics/char-01/ros2_pkg/build/ros2_pkg' returned '0': CMAKE_PREFIX_PATH=${CMAKE_PREFIX_PATH}:/opt/ros/humble CONDA_PROMPT_MODIFIER=(base) /usr/bin/cmake --build /media/psf/Developer/Robotics/char-01/ros2_pkg/build/ros2_pkg -- -j2 -l2
[17.941s] Invoking command in '/media/psf/Developer/Robotics/char-01/ros2_pkg/build/ros2_pkg': CMAKE_PREFIX_PATH=${CMAKE_PREFIX_PATH}:/opt/ros/humble CONDA_PROMPT_MODIFIER=(base) /usr/bin/cmake --install /media/psf/Developer/Robotics/char-01/ros2_pkg/build/ros2_pkg
[17.953s] -- Install configuration: ""
[17.954s] -- Installing: /media/psf/Developer/Robotics/char-01/ros2_pkg/install/ros2_pkg/share/ament_index/resource_index/rosidl_interfaces/ros2_pkg
[17.957s] -- Installing: /media/psf/Developer/Robotics/char-01/ros2_pkg/install/ros2_pkg/include/ros2_pkg/ros2_pkg
[17.958s] -- Installing: /media/psf/Developer/Robotics/char-01/ros2_pkg/install/ros2_pkg/include/ros2_pkg/ros2_pkg/msg
[17.959s] -- Installing: /media/psf/Developer/Robotics/char-01/ros2_pkg/install/ros2_pkg/include/ros2_pkg/ros2_pkg/msg/rosidl_generator_c__visibility_control.h
[17.961s] -- Installing: /media/psf/Developer/Robotics/char-01/ros2_pkg/install/ros2_pkg/include/ros2_pkg/ros2_pkg/action
[17.961s] -- Installing: /media/psf/Developer/Robotics/char-01/ros2_pkg/install/ros2_pkg/include/ros2_pkg/ros2_pkg/action/navigate.h
[17.963s] -- Installing: /media/psf/Developer/Robotics/char-01/ros2_pkg/install/ros2_pkg/include/ros2_pkg/ros2_pkg/action/detail
[17.964s] -- Installing: /media/psf/Developer/Robotics/char-01/ros2_pkg/install/ros2_pkg/include/ros2_pkg/ros2_pkg/action/detail/navigate__struct.h
[17.966s] -- Installing: /media/psf/Developer/Robotics/char-01/ros2_pkg/install/ros2_pkg/include/ros2_pkg/ros2_pkg/action/detail/navigate__functions.h
[17.968s] -- Installing: /media/psf/Developer/Robotics/char-01/ros2_pkg/install/ros2_pkg/include/ros2_pkg/ros2_pkg/action/detail/navigate__type_support.h
[17.970s] -- Installing: /media/psf/Developer/Robotics/char-01/ros2_pkg/install/ros2_pkg/include/ros2_pkg/ros2_pkg/action/detail/navigate__functions.c
[17.973s] -- Installing: /media/psf/Developer/Robotics/char-01/ros2_pkg/install/ros2_pkg/include/ros2_pkg/ros2_pkg/srv
[17.974s] -- Installing: /media/psf/Developer/Robotics/char-01/ros2_pkg/install/ros2_pkg/include/ros2_pkg/ros2_pkg/srv/odd_even_check.h
[17.976s] -- Installing: /media/psf/Developer/Robotics/char-01/ros2_pkg/install/ros2_pkg/include/ros2_pkg/ros2_pkg/srv/detail
[17.977s] -- Installing: /media/psf/Developer/Robotics/char-01/ros2_pkg/install/ros2_pkg/include/ros2_pkg/ros2_pkg/srv/detail/odd_even_check__functions.h
[17.979s] -- Installing: /media/psf/Developer/Robotics/char-01/ros2_pkg/install/ros2_pkg/include/ros2_pkg/ros2_pkg/srv/detail/odd_even_check__struct.h
[17.981s] -- Installing: /media/psf/Developer/Robotics/char-01/ros2_pkg/install/ros2_pkg/include/ros2_pkg/ros2_pkg/srv/detail/turn_camera__functions.h
[17.982s] -- Installing: /media/psf/Developer/Robotics/char-01/ros2_pkg/install/ros2_pkg/include/ros2_pkg/ros2_pkg/srv/detail/odd_even_check__type_support.h
[17.984s] -- Installing: /media/psf/Developer/Robotics/char-01/ros2_pkg/install/ros2_pkg/include/ros2_pkg/ros2_pkg/srv/detail/turn_camera__struct.h
[17.986s] -- Installing: /media/psf/Developer/Robotics/char-01/ros2_pkg/install/ros2_pkg/include/ros2_pkg/ros2_pkg/srv/detail/odd_even_check__functions.c
[17.988s] -- Installing: /media/psf/Developer/Robotics/char-01/ros2_pkg/install/ros2_pkg/include/ros2_pkg/ros2_pkg/srv/detail/turn_camera__type_support.h
[17.990s] -- Installing: /media/psf/Developer/Robotics/char-01/ros2_pkg/install/ros2_pkg/include/ros2_pkg/ros2_pkg/srv/detail/turn_camera__functions.c
[17.993s] -- Installing: /media/psf/Developer/Robotics/char-01/ros2_pkg/install/ros2_pkg/include/ros2_pkg/ros2_pkg/srv/turn_camera.h
[17.996s] -- Installing: /media/psf/Developer/Robotics/char-01/ros2_pkg/install/ros2_pkg/share/ros2_pkg/environment/library_path.sh
[17.998s] -- Installing: /media/psf/Developer/Robotics/char-01/ros2_pkg/install/ros2_pkg/share/ros2_pkg/environment/library_path.dsv
[18.000s] -- Installing: /media/psf/Developer/Robotics/char-01/ros2_pkg/install/ros2_pkg/lib/libros2_pkg__rosidl_generator_c.so
[18.004s] -- Set runtime path of "/media/psf/Developer/Robotics/char-01/ros2_pkg/install/ros2_pkg/lib/libros2_pkg__rosidl_generator_c.so" to ""
[18.005s] -- Up-to-date: /media/psf/Developer/Robotics/char-01/ros2_pkg/install/ros2_pkg/include/ros2_pkg/ros2_pkg
[18.005s] -- Up-to-date: /media/psf/Developer/Robotics/char-01/ros2_pkg/install/ros2_pkg/include/ros2_pkg/ros2_pkg/msg
[18.006s] -- Installing: /media/psf/Developer/Robotics/char-01/ros2_pkg/install/ros2_pkg/include/ros2_pkg/ros2_pkg/msg/rosidl_typesupport_fastrtps_c__visibility_control.h
[18.008s] -- Up-to-date: /media/psf/Developer/Robotics/char-01/ros2_pkg/install/ros2_pkg/include/ros2_pkg/ros2_pkg/action
[18.008s] -- Up-to-date: /media/psf/Developer/Robotics/char-01/ros2_pkg/install/ros2_pkg/include/ros2_pkg/ros2_pkg/action/detail
[18.009s] -- Installing: /media/psf/Developer/Robotics/char-01/ros2_pkg/install/ros2_pkg/include/ros2_pkg/ros2_pkg/action/detail/navigate__rosidl_typesupport_fastrtps_c.h
[18.011s] -- Up-to-date: /media/psf/Developer/Robotics/char-01/ros2_pkg/install/ros2_pkg/include/ros2_pkg/ros2_pkg/srv
[18.011s] -- Up-to-date: /media/psf/Developer/Robotics/char-01/ros2_pkg/install/ros2_pkg/include/ros2_pkg/ros2_pkg/srv/detail
[18.012s] -- Installing: /media/psf/Developer/Robotics/char-01/ros2_pkg/install/ros2_pkg/include/ros2_pkg/ros2_pkg/srv/detail/turn_camera__rosidl_typesupport_fastrtps_c.h
[18.014s] -- Installing: /media/psf/Developer/Robotics/char-01/ros2_pkg/install/ros2_pkg/include/ros2_pkg/ros2_pkg/srv/detail/odd_even_check__rosidl_typesupport_fastrtps_c.h
[18.016s] -- Installing: /media/psf/Developer/Robotics/char-01/ros2_pkg/install/ros2_pkg/lib/libros2_pkg__rosidl_typesupport_fastrtps_c.so
[18.020s] -- Set runtime path of "/media/psf/Developer/Robotics/char-01/ros2_pkg/install/ros2_pkg/lib/libros2_pkg__rosidl_typesupport_fastrtps_c.so" to ""
[18.020s] -- Up-to-date: /media/psf/Developer/Robotics/char-01/ros2_pkg/install/ros2_pkg/include/ros2_pkg/ros2_pkg
[18.021s] -- Up-to-date: /media/psf/Developer/Robotics/char-01/ros2_pkg/install/ros2_pkg/include/ros2_pkg/ros2_pkg/action
[18.021s] -- Installing: /media/psf/Developer/Robotics/char-01/ros2_pkg/install/ros2_pkg/include/ros2_pkg/ros2_pkg/action/navigate.hpp
[18.023s] -- Up-to-date: /media/psf/Developer/Robotics/char-01/ros2_pkg/install/ros2_pkg/include/ros2_pkg/ros2_pkg/action/detail
[18.023s] -- Installing: /media/psf/Developer/Robotics/char-01/ros2_pkg/install/ros2_pkg/include/ros2_pkg/ros2_pkg/action/detail/navigate__traits.hpp
[18.026s] -- Installing: /media/psf/Developer/Robotics/char-01/ros2_pkg/install/ros2_pkg/include/ros2_pkg/ros2_pkg/action/detail/navigate__struct.hpp
[18.028s] -- Installing: /media/psf/Developer/Robotics/char-01/ros2_pkg/install/ros2_pkg/include/ros2_pkg/ros2_pkg/action/detail/navigate__builder.hpp
[18.030s] -- Up-to-date: /media/psf/Developer/Robotics/char-01/ros2_pkg/install/ros2_pkg/include/ros2_pkg/ros2_pkg/srv
[18.030s] -- Installing: /media/psf/Developer/Robotics/char-01/ros2_pkg/install/ros2_pkg/include/ros2_pkg/ros2_pkg/srv/turn_camera.hpp
[18.032s] -- Installing: /media/psf/Developer/Robotics/char-01/ros2_pkg/install/ros2_pkg/include/ros2_pkg/ros2_pkg/srv/odd_even_check.hpp
[18.034s] -- Up-to-date: /media/psf/Developer/Robotics/char-01/ros2_pkg/install/ros2_pkg/include/ros2_pkg/ros2_pkg/srv/detail
[18.034s] -- Installing: /media/psf/Developer/Robotics/char-01/ros2_pkg/install/ros2_pkg/include/ros2_pkg/ros2_pkg/srv/detail/odd_even_check__struct.hpp
[18.037s] -- Installing: /media/psf/Developer/Robotics/char-01/ros2_pkg/install/ros2_pkg/include/ros2_pkg/ros2_pkg/srv/detail/turn_camera__traits.hpp
[18.039s] -- Installing: /media/psf/Developer/Robotics/char-01/ros2_pkg/install/ros2_pkg/include/ros2_pkg/ros2_pkg/srv/detail/odd_even_check__traits.hpp
[18.041s] -- Installing: /media/psf/Developer/Robotics/char-01/ros2_pkg/install/ros2_pkg/include/ros2_pkg/ros2_pkg/srv/detail/turn_camera__struct.hpp
[18.043s] -- Installing: /media/psf/Developer/Robotics/char-01/ros2_pkg/install/ros2_pkg/include/ros2_pkg/ros2_pkg/srv/detail/turn_camera__builder.hpp
[18.045s] -- Installing: /media/psf/Developer/Robotics/char-01/ros2_pkg/install/ros2_pkg/include/ros2_pkg/ros2_pkg/srv/detail/odd_even_check__builder.hpp
[18.046s] -- Up-to-date: /media/psf/Developer/Robotics/char-01/ros2_pkg/install/ros2_pkg/include/ros2_pkg/ros2_pkg
[18.047s] -- Up-to-date: /media/psf/Developer/Robotics/char-01/ros2_pkg/install/ros2_pkg/include/ros2_pkg/ros2_pkg/msg
[18.047s] -- Installing: /media/psf/Developer/Robotics/char-01/ros2_pkg/install/ros2_pkg/include/ros2_pkg/ros2_pkg/msg/rosidl_typesupport_fastrtps_cpp__visibility_control.h
[18.049s] -- Up-to-date: /media/psf/Developer/Robotics/char-01/ros2_pkg/install/ros2_pkg/include/ros2_pkg/ros2_pkg/action
[18.050s] -- Up-to-date: /media/psf/Developer/Robotics/char-01/ros2_pkg/install/ros2_pkg/include/ros2_pkg/ros2_pkg/action/detail
[18.050s] -- Installing: /media/psf/Developer/Robotics/char-01/ros2_pkg/install/ros2_pkg/include/ros2_pkg/ros2_pkg/action/detail/navigate__rosidl_typesupport_fastrtps_cpp.hpp
[18.054s] -- Installing: /media/psf/Developer/Robotics/char-01/ros2_pkg/install/ros2_pkg/include/ros2_pkg/ros2_pkg/action/detail/dds_fastrtps
[18.054s] -- Up-to-date: /media/psf/Developer/Robotics/char-01/ros2_pkg/install/ros2_pkg/include/ros2_pkg/ros2_pkg/srv
[18.055s] -- Up-to-date: /media/psf/Developer/Robotics/char-01/ros2_pkg/install/ros2_pkg/include/ros2_pkg/ros2_pkg/srv/detail
[18.056s] -- Installing: /media/psf/Developer/Robotics/char-01/ros2_pkg/install/ros2_pkg/include/ros2_pkg/ros2_pkg/srv/detail/odd_even_check__rosidl_typesupport_fastrtps_cpp.hpp
[18.058s] -- Installing: /media/psf/Developer/Robotics/char-01/ros2_pkg/install/ros2_pkg/include/ros2_pkg/ros2_pkg/srv/detail/turn_camera__rosidl_typesupport_fastrtps_cpp.hpp
[18.060s] -- Installing: /media/psf/Developer/Robotics/char-01/ros2_pkg/install/ros2_pkg/include/ros2_pkg/ros2_pkg/srv/detail/dds_fastrtps
[18.061s] -- Installing: /media/psf/Developer/Robotics/char-01/ros2_pkg/install/ros2_pkg/lib/libros2_pkg__rosidl_typesupport_fastrtps_cpp.so
[18.065s] -- Set runtime path of "/media/psf/Developer/Robotics/char-01/ros2_pkg/install/ros2_pkg/lib/libros2_pkg__rosidl_typesupport_fastrtps_cpp.so" to ""
[18.066s] -- Up-to-date: /media/psf/Developer/Robotics/char-01/ros2_pkg/install/ros2_pkg/include/ros2_pkg/ros2_pkg
[18.066s] -- Up-to-date: /media/psf/Developer/Robotics/char-01/ros2_pkg/install/ros2_pkg/include/ros2_pkg/ros2_pkg/msg
[18.067s] -- Installing: /media/psf/Developer/Robotics/char-01/ros2_pkg/install/ros2_pkg/include/ros2_pkg/ros2_pkg/msg/rosidl_typesupport_introspection_c__visibility_control.h
[18.068s] -- Up-to-date: /media/psf/Developer/Robotics/char-01/ros2_pkg/install/ros2_pkg/include/ros2_pkg/ros2_pkg/action
[18.069s] -- Up-to-date: /media/psf/Developer/Robotics/char-01/ros2_pkg/install/ros2_pkg/include/ros2_pkg/ros2_pkg/action/detail
[18.069s] -- Installing: /media/psf/Developer/Robotics/char-01/ros2_pkg/install/ros2_pkg/include/ros2_pkg/ros2_pkg/action/detail/navigate__rosidl_typesupport_introspection_c.h
[18.071s] -- Installing: /media/psf/Developer/Robotics/char-01/ros2_pkg/install/ros2_pkg/include/ros2_pkg/ros2_pkg/action/detail/navigate__type_support.c
[18.074s] -- Up-to-date: /media/psf/Developer/Robotics/char-01/ros2_pkg/install/ros2_pkg/include/ros2_pkg/ros2_pkg/srv
[18.075s] -- Up-to-date: /media/psf/Developer/Robotics/char-01/ros2_pkg/install/ros2_pkg/include/ros2_pkg/ros2_pkg/srv/detail
[18.075s] -- Installing: /media/psf/Developer/Robotics/char-01/ros2_pkg/install/ros2_pkg/include/ros2_pkg/ros2_pkg/srv/detail/turn_camera__type_support.c
[18.077s] -- Installing: /media/psf/Developer/Robotics/char-01/ros2_pkg/install/ros2_pkg/include/ros2_pkg/ros2_pkg/srv/detail/turn_camera__rosidl_typesupport_introspection_c.h
[18.079s] -- Installing: /media/psf/Developer/Robotics/char-01/ros2_pkg/install/ros2_pkg/include/ros2_pkg/ros2_pkg/srv/detail/odd_even_check__rosidl_typesupport_introspection_c.h
[18.081s] -- Installing: /media/psf/Developer/Robotics/char-01/ros2_pkg/install/ros2_pkg/include/ros2_pkg/ros2_pkg/srv/detail/odd_even_check__type_support.c
[18.083s] -- Installing: /media/psf/Developer/Robotics/char-01/ros2_pkg/install/ros2_pkg/lib/libros2_pkg__rosidl_typesupport_introspection_c.so
[18.087s] -- Set runtime path of "/media/psf/Developer/Robotics/char-01/ros2_pkg/install/ros2_pkg/lib/libros2_pkg__rosidl_typesupport_introspection_c.so" to ""
[18.087s] -- Installing: /media/psf/Developer/Robotics/char-01/ros2_pkg/install/ros2_pkg/lib/libros2_pkg__rosidl_typesupport_c.so
[18.090s] -- Set runtime path of "/media/psf/Developer/Robotics/char-01/ros2_pkg/install/ros2_pkg/lib/libros2_pkg__rosidl_typesupport_c.so" to ""
[18.091s] -- Up-to-date: /media/psf/Developer/Robotics/char-01/ros2_pkg/install/ros2_pkg/include/ros2_pkg/ros2_pkg
[18.091s] -- Up-to-date: /media/psf/Developer/Robotics/char-01/ros2_pkg/install/ros2_pkg/include/ros2_pkg/ros2_pkg/action
[18.092s] -- Up-to-date: /media/psf/Developer/Robotics/char-01/ros2_pkg/install/ros2_pkg/include/ros2_pkg/ros2_pkg/action/detail
[18.092s] -- Installing: /media/psf/Developer/Robotics/char-01/ros2_pkg/install/ros2_pkg/include/ros2_pkg/ros2_pkg/action/detail/navigate__rosidl_typesupport_introspection_cpp.hpp
[18.094s] -- Installing: /media/psf/Developer/Robotics/char-01/ros2_pkg/install/ros2_pkg/include/ros2_pkg/ros2_pkg/action/detail/navigate__type_support.cpp
[18.097s] -- Up-to-date: /media/psf/Developer/Robotics/char-01/ros2_pkg/install/ros2_pkg/include/ros2_pkg/ros2_pkg/srv
[18.097s] -- Up-to-date: /media/psf/Developer/Robotics/char-01/ros2_pkg/install/ros2_pkg/include/ros2_pkg/ros2_pkg/srv/detail
[18.098s] -- Installing: /media/psf/Developer/Robotics/char-01/ros2_pkg/install/ros2_pkg/include/ros2_pkg/ros2_pkg/srv/detail/odd_even_check__type_support.cpp
[18.100s] -- Installing: /media/psf/Developer/Robotics/char-01/ros2_pkg/install/ros2_pkg/include/ros2_pkg/ros2_pkg/srv/detail/odd_even_check__rosidl_typesupport_introspection_cpp.hpp
[18.102s] -- Installing: /media/psf/Developer/Robotics/char-01/ros2_pkg/install/ros2_pkg/include/ros2_pkg/ros2_pkg/srv/detail/turn_camera__type_support.cpp
[18.104s] -- Installing: /media/psf/Developer/Robotics/char-01/ros2_pkg/install/ros2_pkg/include/ros2_pkg/ros2_pkg/srv/detail/turn_camera__rosidl_typesupport_introspection_cpp.hpp
[18.106s] -- Installing: /media/psf/Developer/Robotics/char-01/ros2_pkg/install/ros2_pkg/lib/libros2_pkg__rosidl_typesupport_introspection_cpp.so
[18.110s] -- Set runtime path of "/media/psf/Developer/Robotics/char-01/ros2_pkg/install/ros2_pkg/lib/libros2_pkg__rosidl_typesupport_introspection_cpp.so" to ""
[18.111s] -- Installing: /media/psf/Developer/Robotics/char-01/ros2_pkg/install/ros2_pkg/lib/libros2_pkg__rosidl_typesupport_cpp.so
[18.114s] -- Set runtime path of "/media/psf/Developer/Robotics/char-01/ros2_pkg/install/ros2_pkg/lib/libros2_pkg__rosidl_typesupport_cpp.so" to ""
[18.114s] -- Installing: /media/psf/Developer/Robotics/char-01/ros2_pkg/install/ros2_pkg/share/ros2_pkg/environment/pythonpath.sh
[18.116s] -- Installing: /media/psf/Developer/Robotics/char-01/ros2_pkg/install/ros2_pkg/share/ros2_pkg/environment/pythonpath.dsv
[18.118s] -- Installing: /media/psf/Developer/Robotics/char-01/ros2_pkg/install/ros2_pkg/local/lib/python3.10/dist-packages/ros2_pkg-0.0.0-py3.10.egg-info
[18.120s] -- Installing: /media/psf/Developer/Robotics/char-01/ros2_pkg/install/ros2_pkg/local/lib/python3.10/dist-packages/ros2_pkg-0.0.0-py3.10.egg-info/PKG-INFO
[18.121s] -- Installing: /media/psf/Developer/Robotics/char-01/ros2_pkg/install/ros2_pkg/local/lib/python3.10/dist-packages/ros2_pkg-0.0.0-py3.10.egg-info/SOURCES.txt
[18.123s] -- Installing: /media/psf/Developer/Robotics/char-01/ros2_pkg/install/ros2_pkg/local/lib/python3.10/dist-packages/ros2_pkg-0.0.0-py3.10.egg-info/top_level.txt
[18.125s] -- Installing: /media/psf/Developer/Robotics/char-01/ros2_pkg/install/ros2_pkg/local/lib/python3.10/dist-packages/ros2_pkg-0.0.0-py3.10.egg-info/dependency_links.txt
[18.128s] -- Installing: /media/psf/Developer/Robotics/char-01/ros2_pkg/install/ros2_pkg/local/lib/python3.10/dist-packages/ros2_pkg
[18.129s] -- Installing: /media/psf/Developer/Robotics/char-01/ros2_pkg/install/ros2_pkg/local/lib/python3.10/dist-packages/ros2_pkg/_ros2_pkg_s.ep.rosidl_typesupport_fastrtps_c.c
[18.132s] -- Installing: /media/psf/Developer/Robotics/char-01/ros2_pkg/install/ros2_pkg/local/lib/python3.10/dist-packages/ros2_pkg/libros2_pkg__rosidl_generator_py.so
[18.135s] -- Installing: /media/psf/Developer/Robotics/char-01/ros2_pkg/install/ros2_pkg/local/lib/python3.10/dist-packages/ros2_pkg/_ros2_pkg_s.ep.rosidl_typesupport_c.c
[18.138s] -- Installing: /media/psf/Developer/Robotics/char-01/ros2_pkg/install/ros2_pkg/local/lib/python3.10/dist-packages/ros2_pkg/__init__.py
[18.140s] -- Installing: /media/psf/Developer/Robotics/char-01/ros2_pkg/install/ros2_pkg/local/lib/python3.10/dist-packages/ros2_pkg/ros2_pkg_s__rosidl_typesupport_c.cpython-310-aarch64-linux-gnu.so
[18.142s] -- Installing: /media/psf/Developer/Robotics/char-01/ros2_pkg/install/ros2_pkg/local/lib/python3.10/dist-packages/ros2_pkg/action
[18.143s] -- Installing: /media/psf/Developer/Robotics/char-01/ros2_pkg/install/ros2_pkg/local/lib/python3.10/dist-packages/ros2_pkg/action/_navigate_s.c
[18.145s] -- Installing: /media/psf/Developer/Robotics/char-01/ros2_pkg/install/ros2_pkg/local/lib/python3.10/dist-packages/ros2_pkg/action/_navigate.py
[18.148s] -- Installing: /media/psf/Developer/Robotics/char-01/ros2_pkg/install/ros2_pkg/local/lib/python3.10/dist-packages/ros2_pkg/action/__init__.py
[18.150s] -- Installing: /media/psf/Developer/Robotics/char-01/ros2_pkg/install/ros2_pkg/local/lib/python3.10/dist-packages/ros2_pkg/ros2_pkg_s__rosidl_typesupport_introspection_c.cpython-310-aarch64-linux-gnu.so
[18.154s] -- Installing: /media/psf/Developer/Robotics/char-01/ros2_pkg/install/ros2_pkg/local/lib/python3.10/dist-packages/ros2_pkg/_ros2_pkg_s.ep.rosidl_typesupport_introspection_c.c
[18.157s] -- Installing: /media/psf/Developer/Robotics/char-01/ros2_pkg/install/ros2_pkg/local/lib/python3.10/dist-packages/ros2_pkg/srv
[18.158s] -- Installing: /media/psf/Developer/Robotics/char-01/ros2_pkg/install/ros2_pkg/local/lib/python3.10/dist-packages/ros2_pkg/srv/_turn_camera.py
[18.160s] -- Installing: /media/psf/Developer/Robotics/char-01/ros2_pkg/install/ros2_pkg/local/lib/python3.10/dist-packages/ros2_pkg/srv/__init__.py
[18.162s] -- Installing: /media/psf/Developer/Robotics/char-01/ros2_pkg/install/ros2_pkg/local/lib/python3.10/dist-packages/ros2_pkg/srv/_odd_even_check_s.c
[18.164s] -- Installing: /media/psf/Developer/Robotics/char-01/ros2_pkg/install/ros2_pkg/local/lib/python3.10/dist-packages/ros2_pkg/srv/_odd_even_check.py
[18.166s] -- Installing: /media/psf/Developer/Robotics/char-01/ros2_pkg/install/ros2_pkg/local/lib/python3.10/dist-packages/ros2_pkg/srv/_turn_camera_s.c
[18.168s] -- Installing: /media/psf/Developer/Robotics/char-01/ros2_pkg/install/ros2_pkg/local/lib/python3.10/dist-packages/ros2_pkg/ros2_pkg_s__rosidl_typesupport_fastrtps_c.cpython-310-aarch64-linux-gnu.so
[18.202s] Listing '/media/psf/Developer/Robotics/char-01/ros2_pkg/install/ros2_pkg/local/lib/python3.10/dist-packages/ros2_pkg'...
[18.202s] Compiling '/media/psf/Developer/Robotics/char-01/ros2_pkg/install/ros2_pkg/local/lib/python3.10/dist-packages/ros2_pkg/__init__.py'...
[18.203s] Listing '/media/psf/Developer/Robotics/char-01/ros2_pkg/install/ros2_pkg/local/lib/python3.10/dist-packages/ros2_pkg/action'...
[18.203s] Compiling '/media/psf/Developer/Robotics/char-01/ros2_pkg/install/ros2_pkg/local/lib/python3.10/dist-packages/ros2_pkg/action/__init__.py'...
[18.203s] Compiling '/media/psf/Developer/Robotics/char-01/ros2_pkg/install/ros2_pkg/local/lib/python3.10/dist-packages/ros2_pkg/action/_navigate.py'...
[18.203s] Listing '/media/psf/Developer/Robotics/char-01/ros2_pkg/install/ros2_pkg/local/lib/python3.10/dist-packages/ros2_pkg/srv'...
[18.203s] Compiling '/media/psf/Developer/Robotics/char-01/ros2_pkg/install/ros2_pkg/local/lib/python3.10/dist-packages/ros2_pkg/srv/__init__.py'...
[18.203s] Compiling '/media/psf/Developer/Robotics/char-01/ros2_pkg/install/ros2_pkg/local/lib/python3.10/dist-packages/ros2_pkg/srv/_odd_even_check.py'...
[18.203s] Compiling '/media/psf/Developer/Robotics/char-01/ros2_pkg/install/ros2_pkg/local/lib/python3.10/dist-packages/ros2_pkg/srv/_turn_camera.py'...
[18.207s] -- Installing: /media/psf/Developer/Robotics/char-01/ros2_pkg/install/ros2_pkg/local/lib/python3.10/dist-packages/ros2_pkg/ros2_pkg_s__rosidl_typesupport_fastrtps_c.cpython-310-aarch64-linux-gnu.so
[18.211s] -- Set runtime path of "/media/psf/Developer/Robotics/char-01/ros2_pkg/install/ros2_pkg/local/lib/python3.10/dist-packages/ros2_pkg/ros2_pkg_s__rosidl_typesupport_fastrtps_c.cpython-310-aarch64-linux-gnu.so" to ""
[18.211s] -- Installing: /media/psf/Developer/Robotics/char-01/ros2_pkg/install/ros2_pkg/local/lib/python3.10/dist-packages/ros2_pkg/ros2_pkg_s__rosidl_typesupport_introspection_c.cpython-310-aarch64-linux-gnu.so
[18.215s] -- Set runtime path of "/media/psf/Developer/Robotics/char-01/ros2_pkg/install/ros2_pkg/local/lib/python3.10/dist-packages/ros2_pkg/ros2_pkg_s__rosidl_typesupport_introspection_c.cpython-310-aarch64-linux-gnu.so" to ""
[18.216s] -- Installing: /media/psf/Developer/Robotics/char-01/ros2_pkg/install/ros2_pkg/local/lib/python3.10/dist-packages/ros2_pkg/ros2_pkg_s__rosidl_typesupport_c.cpython-310-aarch64-linux-gnu.so
[18.219s] -- Set runtime path of "/media/psf/Developer/Robotics/char-01/ros2_pkg/install/ros2_pkg/local/lib/python3.10/dist-packages/ros2_pkg/ros2_pkg_s__rosidl_typesupport_c.cpython-310-aarch64-linux-gnu.so" to ""
[18.219s] -- Installing: /media/psf/Developer/Robotics/char-01/ros2_pkg/install/ros2_pkg/lib/libros2_pkg__rosidl_generator_py.so
[18.223s] -- Set runtime path of "/media/psf/Developer/Robotics/char-01/ros2_pkg/install/ros2_pkg/lib/libros2_pkg__rosidl_generator_py.so" to ""
[18.223s] -- Installing: /media/psf/Developer/Robotics/char-01/ros2_pkg/install/ros2_pkg/share/ros2_pkg/srv/OddEvenCheck.idl
[18.225s] -- Installing: /media/psf/Developer/Robotics/char-01/ros2_pkg/install/ros2_pkg/share/ros2_pkg/srv/TurnCamera.idl
[18.228s] -- Installing: /media/psf/Developer/Robotics/char-01/ros2_pkg/install/ros2_pkg/share/ros2_pkg/action/Navigate.idl
[18.230s] -- Installing: /media/psf/Developer/Robotics/char-01/ros2_pkg/install/ros2_pkg/share/ros2_pkg/srv/OddEvenCheck.srv
[18.232s] -- Installing: /media/psf/Developer/Robotics/char-01/ros2_pkg/install/ros2_pkg/share/ros2_pkg/srv/OddEvenCheck_Request.msg
[18.234s] -- Installing: /media/psf/Developer/Robotics/char-01/ros2_pkg/install/ros2_pkg/share/ros2_pkg/srv/OddEvenCheck_Response.msg
[18.236s] -- Installing: /media/psf/Developer/Robotics/char-01/ros2_pkg/install/ros2_pkg/share/ros2_pkg/srv/TurnCamera.srv
[18.238s] -- Installing: /media/psf/Developer/Robotics/char-01/ros2_pkg/install/ros2_pkg/share/ros2_pkg/srv/TurnCamera_Request.msg
[18.239s] -- Installing: /media/psf/Developer/Robotics/char-01/ros2_pkg/install/ros2_pkg/share/ros2_pkg/srv/TurnCamera_Response.msg
[18.242s] -- Installing: /media/psf/Developer/Robotics/char-01/ros2_pkg/install/ros2_pkg/share/ros2_pkg/action/Navigate.action
[18.244s] -- Installing: /media/psf/Developer/Robotics/char-01/ros2_pkg/install/ros2_pkg/lib/ros2_pkg/publisher
[18.263s] -- Set runtime path of "/media/psf/Developer/Robotics/char-01/ros2_pkg/install/ros2_pkg/lib/ros2_pkg/publisher" to ""
[18.263s] -- Installing: /media/psf/Developer/Robotics/char-01/ros2_pkg/install/ros2_pkg/lib/ros2_pkg/subscriber
[18.338s] -- Set runtime path of "/media/psf/Developer/Robotics/char-01/ros2_pkg/install/ros2_pkg/lib/ros2_pkg/subscriber" to ""
[18.339s] -- Installing: /media/psf/Developer/Robotics/char-01/ros2_pkg/install/ros2_pkg/lib/ros2_pkg/rpm_pub
[18.357s] -- Set runtime path of "/media/psf/Developer/Robotics/char-01/ros2_pkg/install/ros2_pkg/lib/ros2_pkg/rpm_pub" to ""
[18.358s] -- Installing: /media/psf/Developer/Robotics/char-01/ros2_pkg/install/ros2_pkg/lib/ros2_pkg/speed_calc
[18.390s] -- Set runtime path of "/media/psf/Developer/Robotics/char-01/ros2_pkg/install/ros2_pkg/lib/ros2_pkg/speed_calc" to ""
[18.390s] -- Installing: /media/psf/Developer/Robotics/char-01/ros2_pkg/install/ros2_pkg/lib/ros2_pkg/service_server
[18.400s] -- Set runtime path of "/media/psf/Developer/Robotics/char-01/ros2_pkg/install/ros2_pkg/lib/ros2_pkg/service_server" to ""
[18.401s] -- Installing: /media/psf/Developer/Robotics/char-01/ros2_pkg/install/ros2_pkg/lib/ros2_pkg/service_client
[18.412s] -- Set runtime path of "/media/psf/Developer/Robotics/char-01/ros2_pkg/install/ros2_pkg/lib/ros2_pkg/service_client" to ""
[18.413s] -- Installing: /media/psf/Developer/Robotics/char-01/ros2_pkg/install/ros2_pkg/lib/ros2_pkg/turn_camera_service
[18.423s] -- Set runtime path of "/media/psf/Developer/Robotics/char-01/ros2_pkg/install/ros2_pkg/lib/ros2_pkg/turn_camera_service" to ""
[18.424s] -- Installing: /media/psf/Developer/Robotics/char-01/ros2_pkg/install/ros2_pkg/lib/ros2_pkg/turn_camera_client
[18.435s] -- Set runtime path of "/media/psf/Developer/Robotics/char-01/ros2_pkg/install/ros2_pkg/lib/ros2_pkg/turn_camera_client" to ""
[18.435s] -- Installing: /media/psf/Developer/Robotics/char-01/ros2_pkg/install/ros2_pkg/lib/ros2_pkg/action_server
[18.504s] -- Set runtime path of "/media/psf/Developer/Robotics/char-01/ros2_pkg/install/ros2_pkg/lib/ros2_pkg/action_server" to ""
[18.505s] -- Installing: /media/psf/Developer/Robotics/char-01/ros2_pkg/install/ros2_pkg/lib/ros2_pkg/action_client
[18.519s] -- Set runtime path of "/media/psf/Developer/Robotics/char-01/ros2_pkg/install/ros2_pkg/lib/ros2_pkg/action_client" to ""
[18.519s] -- Installing: /media/psf/Developer/Robotics/char-01/ros2_pkg/install/ros2_pkg/lib/ros2_pkg/lidar_node
[18.581s] -- Set runtime path of "/media/psf/Developer/Robotics/char-01/ros2_pkg/install/ros2_pkg/lib/ros2_pkg/lidar_node" to ""
[18.582s] -- Installing: /media/psf/Developer/Robotics/char-01/ros2_pkg/install/ros2_pkg/share/ros2_pkg//launch
[18.583s] -- Installing: /media/psf/Developer/Robotics/char-01/ros2_pkg/install/ros2_pkg/share/ros2_pkg//launch/launch_project.launch.py
[18.585s] -- Installing: /media/psf/Developer/Robotics/char-01/ros2_pkg/install/ros2_pkg/share/ros2_pkg//launch/__pycache__
[18.586s] -- Installing: /media/psf/Developer/Robotics/char-01/ros2_pkg/install/ros2_pkg/share/ros2_pkg//launch/__pycache__/robot_state_publisher.launch.cpython-310.pyc
[18.588s] -- Installing: /media/psf/Developer/Robotics/char-01/ros2_pkg/install/ros2_pkg/share/ros2_pkg//launch/char_01.launch.py
[18.589s] -- Installing: /media/psf/Developer/Robotics/char-01/ros2_pkg/install/ros2_pkg/share/ros2_pkg//launch/rpm_node.launch.py
[18.592s] -- Installing: /media/psf/Developer/Robotics/char-01/ros2_pkg/install/ros2_pkg/share/ament_index/resource_index/package_run_dependencies/ros2_pkg
[18.594s] -- Installing: /media/psf/Developer/Robotics/char-01/ros2_pkg/install/ros2_pkg/share/ament_index/resource_index/parent_prefix_path/ros2_pkg
[18.597s] -- Installing: /media/psf/Developer/Robotics/char-01/ros2_pkg/install/ros2_pkg/share/ros2_pkg/environment/ament_prefix_path.sh
[18.599s] -- Installing: /media/psf/Developer/Robotics/char-01/ros2_pkg/install/ros2_pkg/share/ros2_pkg/environment/ament_prefix_path.dsv
[18.601s] -- Installing: /media/psf/Developer/Robotics/char-01/ros2_pkg/install/ros2_pkg/share/ros2_pkg/environment/path.sh
[18.602s] -- Installing: /media/psf/Developer/Robotics/char-01/ros2_pkg/install/ros2_pkg/share/ros2_pkg/environment/path.dsv
[18.604s] -- Installing: /media/psf/Developer/Robotics/char-01/ros2_pkg/install/ros2_pkg/share/ros2_pkg/local_setup.bash
[18.606s] -- Installing: /media/psf/Developer/Robotics/char-01/ros2_pkg/install/ros2_pkg/share/ros2_pkg/local_setup.sh
[18.608s] -- Installing: /media/psf/Developer/Robotics/char-01/ros2_pkg/install/ros2_pkg/share/ros2_pkg/local_setup.zsh
[18.610s] -- Installing: /media/psf/Developer/Robotics/char-01/ros2_pkg/install/ros2_pkg/share/ros2_pkg/local_setup.dsv
[18.612s] -- Installing: /media/psf/Developer/Robotics/char-01/ros2_pkg/install/ros2_pkg/share/ros2_pkg/package.dsv
[18.614s] -- Installing: /media/psf/Developer/Robotics/char-01/ros2_pkg/install/ros2_pkg/share/ament_index/resource_index/packages/ros2_pkg
[18.616s] -- Installing: /media/psf/Developer/Robotics/char-01/ros2_pkg/install/ros2_pkg/share/ros2_pkg/cmake/export_ros2_pkg__rosidl_generator_cExport.cmake
[18.619s] -- Installing: /media/psf/Developer/Robotics/char-01/ros2_pkg/install/ros2_pkg/share/ros2_pkg/cmake/export_ros2_pkg__rosidl_generator_cExport-noconfig.cmake
[18.621s] -- Installing: /media/psf/Developer/Robotics/char-01/ros2_pkg/install/ros2_pkg/share/ros2_pkg/cmake/export_ros2_pkg__rosidl_typesupport_fastrtps_cExport.cmake
[18.623s] -- Installing: /media/psf/Developer/Robotics/char-01/ros2_pkg/install/ros2_pkg/share/ros2_pkg/cmake/export_ros2_pkg__rosidl_typesupport_fastrtps_cExport-noconfig.cmake
[18.625s] -- Installing: /media/psf/Developer/Robotics/char-01/ros2_pkg/install/ros2_pkg/share/ros2_pkg/cmake/export_ros2_pkg__rosidl_generator_cppExport.cmake
[18.627s] -- Installing: /media/psf/Developer/Robotics/char-01/ros2_pkg/install/ros2_pkg/share/ros2_pkg/cmake/export_ros2_pkg__rosidl_typesupport_fastrtps_cppExport.cmake
[18.629s] -- Installing: /media/psf/Developer/Robotics/char-01/ros2_pkg/install/ros2_pkg/share/ros2_pkg/cmake/export_ros2_pkg__rosidl_typesupport_fastrtps_cppExport-noconfig.cmake
[18.631s] -- Installing: /media/psf/Developer/Robotics/char-01/ros2_pkg/install/ros2_pkg/share/ros2_pkg/cmake/ros2_pkg__rosidl_typesupport_introspection_cExport.cmake
[18.633s] -- Installing: /media/psf/Developer/Robotics/char-01/ros2_pkg/install/ros2_pkg/share/ros2_pkg/cmake/ros2_pkg__rosidl_typesupport_introspection_cExport-noconfig.cmake
[18.635s] -- Installing: /media/psf/Developer/Robotics/char-01/ros2_pkg/install/ros2_pkg/share/ros2_pkg/cmake/ros2_pkg__rosidl_typesupport_cExport.cmake
[18.637s] -- Installing: /media/psf/Developer/Robotics/char-01/ros2_pkg/install/ros2_pkg/share/ros2_pkg/cmake/ros2_pkg__rosidl_typesupport_cExport-noconfig.cmake
[18.639s] -- Installing: /media/psf/Developer/Robotics/char-01/ros2_pkg/install/ros2_pkg/share/ros2_pkg/cmake/ros2_pkg__rosidl_typesupport_introspection_cppExport.cmake
[18.641s] -- Installing: /media/psf/Developer/Robotics/char-01/ros2_pkg/install/ros2_pkg/share/ros2_pkg/cmake/ros2_pkg__rosidl_typesupport_introspection_cppExport-noconfig.cmake
[18.643s] -- Installing: /media/psf/Developer/Robotics/char-01/ros2_pkg/install/ros2_pkg/share/ros2_pkg/cmake/ros2_pkg__rosidl_typesupport_cppExport.cmake
[18.645s] -- Installing: /media/psf/Developer/Robotics/char-01/ros2_pkg/install/ros2_pkg/share/ros2_pkg/cmake/ros2_pkg__rosidl_typesupport_cppExport-noconfig.cmake
[18.647s] -- Installing: /media/psf/Developer/Robotics/char-01/ros2_pkg/install/ros2_pkg/share/ros2_pkg/cmake/export_ros2_pkg__rosidl_generator_pyExport.cmake
[18.649s] -- Installing: /media/psf/Developer/Robotics/char-01/ros2_pkg/install/ros2_pkg/share/ros2_pkg/cmake/export_ros2_pkg__rosidl_generator_pyExport-noconfig.cmake
[18.651s] -- Installing: /media/psf/Developer/Robotics/char-01/ros2_pkg/install/ros2_pkg/share/ros2_pkg/cmake/rosidl_cmake-extras.cmake
[18.655s] -- Installing: /media/psf/Developer/Robotics/char-01/ros2_pkg/install/ros2_pkg/share/ros2_pkg/cmake/ament_cmake_export_dependencies-extras.cmake
[18.657s] -- Installing: /media/psf/Developer/Robotics/char-01/ros2_pkg/install/ros2_pkg/share/ros2_pkg/cmake/ament_cmake_export_include_directories-extras.cmake
[18.659s] -- Installing: /media/psf/Developer/Robotics/char-01/ros2_pkg/install/ros2_pkg/share/ros2_pkg/cmake/ament_cmake_export_libraries-extras.cmake
[18.661s] -- Installing: /media/psf/Developer/Robotics/char-01/ros2_pkg/install/ros2_pkg/share/ros2_pkg/cmake/ament_cmake_export_targets-extras.cmake
[18.663s] -- Installing: /media/psf/Developer/Robotics/char-01/ros2_pkg/install/ros2_pkg/share/ros2_pkg/cmake/rosidl_cmake_export_typesupport_targets-extras.cmake
[18.665s] -- Installing: /media/psf/Developer/Robotics/char-01/ros2_pkg/install/ros2_pkg/share/ros2_pkg/cmake/rosidl_cmake_export_typesupport_libraries-extras.cmake
[18.667s] -- Installing: /media/psf/Developer/Robotics/char-01/ros2_pkg/install/ros2_pkg/share/ros2_pkg/cmake/ros2_pkgConfig.cmake
[18.673s] -- Installing: /media/psf/Developer/Robotics/char-01/ros2_pkg/install/ros2_pkg/share/ros2_pkg/cmake/ros2_pkgConfig-version.cmake
[18.676s] -- Installing: /media/psf/Developer/Robotics/char-01/ros2_pkg/install/ros2_pkg/share/ros2_pkg/package.xml
[18.687s] Invoked command in '/media/psf/Developer/Robotics/char-01/ros2_pkg/build/ros2_pkg' returned '0': CMAKE_PREFIX_PATH=${CMAKE_PREFIX_PATH}:/opt/ros/humble CONDA_PROMPT_MODIFIER=(base) /usr/bin/cmake --install /media/psf/Developer/Robotics/char-01/ros2_pkg/build/ros2_pkg
