[0.057s] Invoking command in '/media/psf/Developer/Robotics/char-01/char_01/build/ros2_pkg': CMAKE_PREFIX_PATH=${CMAKE_PREFIX_PATH}:/opt/ros/humble /usr/bin/cmake /media/psf/Developer/Robotics/char-01/char_01/ros2_pkg -DAMENT_CMAKE_SYMLINK_INSTALL=1 -DCMAKE_INSTALL_PREFIX=/media/psf/Developer/Robotics/char-01/char_01/install/ros2_pkg
[0.090s] -- Found ament_cmake: 1.3.6 (/opt/ros/humble/share/ament_cmake/cmake)
[0.230s] -- Override CMake install command with custom implementation using symlinks instead of copying resources
[0.245s] -- Found rclcpp: 16.0.7 (/opt/ros/humble/share/rclcpp/cmake)
[0.270s] -- Found rosidl_generator_c: 3.1.5 (/opt/ros/humble/share/rosidl_generator_c/cmake)
[0.271s] -- Found rosidl_adapter: 3.1.5 (/opt/ros/humble/share/rosidl_adapter/cmake)
[0.276s] -- Found rosidl_generator_cpp: 3.1.5 (/opt/ros/humble/share/rosidl_generator_cpp/cmake)
[0.285s] -- Using all available rosidl_typesupport_c: rosidl_typesupport_fastrtps_c;rosidl_typesupport_introspection_c
[0.296s] -- Using all available rosidl_typesupport_cpp: rosidl_typesupport_fastrtps_cpp;rosidl_typesupport_introspection_cpp
[0.342s] -- Found rmw_implementation_cmake: 6.1.1 (/opt/ros/humble/share/rmw_implementation_cmake/cmake)
[0.344s] -- Found rmw_fastrtps_cpp: 6.2.5 (/opt/ros/humble/share/rmw_fastrtps_cpp/cmake)
[0.488s] -- Using RMW implementation 'rmw_fastrtps_cpp' as default
[0.633s] -- Found rosidl_default_generators: 1.2.0 (/opt/ros/humble/share/rosidl_default_generators/cmake)
[0.639s] -- Found sensor_msgs: 4.2.3 (/opt/ros/humble/share/sensor_msgs/cmake)
[0.761s] -- Found cv_bridge: 3.2.1 (/opt/ros/humble/share/cv_bridge/cmake)
[0.771s] -- Found action_msgs: 1.2.1 (/opt/ros/humble/share/action_msgs/cmake)
[0.821s] -- Found rclcpp_action: 16.0.7 (/opt/ros/humble/share/rclcpp_action/cmake)
[1.154s] -- Found ament_cmake_cppcheck: 0.12.9 (/opt/ros/humble/share/ament_cmake_cppcheck/cmake)
[1.155s] -- Found ament_cmake_cpplint: 0.12.9 (/opt/ros/humble/share/ament_cmake_cpplint/cmake)
[1.156s] -- Found ament_cmake_uncrustify: 0.12.9 (/opt/ros/humble/share/ament_cmake_uncrustify/cmake)
[1.157s] -- Found ament_cmake_ros: 0.10.0 (/opt/ros/humble/share/ament_cmake_ros/cmake)
[1.792s] -- Using all available rosidl_typesupport_c: rosidl_typesupport_fastrtps_c;rosidl_typesupport_introspection_c
[2.023s] -- Using all available rosidl_typesupport_cpp: rosidl_typesupport_fastrtps_cpp;rosidl_typesupport_introspection_cpp
[2.042s] -- Found python_cmake_module: 0.10.0 (/opt/ros/humble/share/python_cmake_module/cmake)
[2.060s] -- Using PYTHON_EXECUTABLE: /usr/bin/python3
[2.061s] -- Using PYTHON_INCLUDE_DIRS: /usr/include/python3.10
[2.061s] -- Using PYTHON_LIBRARIES: /usr/lib/aarch64-linux-gnu/libpython3.10.so
[2.176s] -- Found ament_cmake_flake8: 0.12.9 (/opt/ros/humble/share/ament_cmake_flake8/cmake)
[2.176s] -- Found ament_cmake_pep257: 0.12.9 (/opt/ros/humble/share/ament_cmake_pep257/cmake)
[2.194s] -- Found ament_lint_auto: 0.12.9 (/opt/ros/humble/share/ament_lint_auto/cmake)
[2.264s] -- Added test 'cppcheck' to perform static code analysis on C / C++ code
[2.265s] -- Configured cppcheck include dirs: 
[2.266s] -- Configured cppcheck exclude dirs and/or files: 
[2.306s] -- Added test 'cpplint' to check C / C++ code against the Google style
[2.306s] -- Configured cpplint exclude dirs and/or files: 
[2.358s] -- Added test 'uncrustify' to check C / C++ code style
[2.359s] -- Configured uncrustify additional arguments: 
[2.364s] -- Added test 'flake8' to check Python code syntax and style conventions
[2.369s] -- Added test 'pep257' to check Python code against some of the docstring style conventions in PEP 257
[2.370s] -- Added test 'copyright' to check source files copyright and LICENSE
[2.385s] -- Added test 'lint_cmake' to check CMake code style
[2.390s] -- Added test 'xmllint' to check XML markup files
[2.410s] -- Configuring done
[2.796s] -- Generating done
[2.825s] -- Build files have been written to: /media/psf/Developer/Robotics/char-01/char_01/build/ros2_pkg
[2.834s] Invoked command in '/media/psf/Developer/Robotics/char-01/char_01/build/ros2_pkg' returned '0': CMAKE_PREFIX_PATH=${CMAKE_PREFIX_PATH}:/opt/ros/humble /usr/bin/cmake /media/psf/Developer/Robotics/char-01/char_01/ros2_pkg -DAMENT_CMAKE_SYMLINK_INSTALL=1 -DCMAKE_INSTALL_PREFIX=/media/psf/Developer/Robotics/char-01/char_01/install/ros2_pkg
[2.836s] Invoking command in '/media/psf/Developer/Robotics/char-01/char_01/build/ros2_pkg': CMAKE_PREFIX_PATH=${CMAKE_PREFIX_PATH}:/opt/ros/humble /usr/bin/cmake --build /media/psf/Developer/Robotics/char-01/char_01/build/ros2_pkg -- -j2 -l2
[2.938s] [  1%] [34m[1mGenerating C code for ROS interfaces[0m
[2.960s] [  2%] [34m[1mGenerating C++ code for ROS interfaces[0m
[3.756s] [  2%] Built target ros2_pkg__cpp
[3.793s] [  4%] [32mBuilding C object CMakeFiles/ros2_pkg__rosidl_generator_c.dir/rosidl_generator_c/ros2_pkg/srv/detail/odd_even_check__functions.c.o[0m
[3.875s] [  4%] Built target ament_cmake_python_symlink_ros2_pkg
[3.898s] [  5%] [32mBuilding C object CMakeFiles/ros2_pkg__rosidl_generator_c.dir/rosidl_generator_c/ros2_pkg/srv/detail/turn_camera__functions.c.o[0m
[3.939s] [  7%] [32mBuilding C object CMakeFiles/ros2_pkg__rosidl_generator_c.dir/rosidl_generator_c/ros2_pkg/action/detail/navigate__functions.c.o[0m
[4.054s] [  8%] [32mBuilding CXX object CMakeFiles/publisher.dir/src/publisher.cpp.o[0m
[4.232s] [ 10%] [32m[1mLinking C shared library libros2_pkg__rosidl_generator_c.so[0m
[4.408s] [ 10%] Built target ros2_pkg__rosidl_generator_c
[4.469s] [ 11%] [32mBuilding CXX object CMakeFiles/subscriber.dir/src/subscriber.cpp.o[0m
[25.769s] [ 13%] [32m[1mLinking CXX executable publisher[0m
[26.535s] [ 13%] Built target publisher
[30.383s] [ 14%] [32m[1mLinking CXX executable subscriber[0m
[30.852s] [ 14%] Built target subscriber
[30.892s] [ 16%] [32mBuilding CXX object CMakeFiles/rpm_pub.dir/src/rpm_pub.cpp.o[0m
[33.412s] [ 17%] [32m[1mLinking CXX executable rpm_pub[0m
[33.623s] [ 17%] Built target rpm_pub
[33.658s] [ 19%] [32mBuilding CXX object CMakeFiles/speed_calc.dir/src/speed_calc.cpp.o[0m
[38.627s] [ 20%] [32m[1mLinking CXX executable speed_calc[0m
[39.055s] [ 20%] Built target speed_calc
[39.080s] [ 22%] [34m[1mGenerating C++ type support dispatch for ROS interfaces[0m
[39.394s] [ 23%] [32mBuilding CXX object CMakeFiles/ros2_pkg__rosidl_typesupport_cpp.dir/rosidl_typesupport_cpp/ros2_pkg/srv/odd_even_check__type_support.cpp.o[0m
[39.582s] [ 25%] [32mBuilding CXX object CMakeFiles/ros2_pkg__rosidl_typesupport_cpp.dir/rosidl_typesupport_cpp/ros2_pkg/srv/turn_camera__type_support.cpp.o[0m
[39.804s] [ 26%] [32mBuilding CXX object CMakeFiles/ros2_pkg__rosidl_typesupport_cpp.dir/rosidl_typesupport_cpp/ros2_pkg/action/navigate__type_support.cpp.o[0m
[40.108s] [ 28%] [32m[1mLinking CXX shared library libros2_pkg__rosidl_typesupport_cpp.so[0m
[40.158s] [ 28%] Built target ros2_pkg__rosidl_typesupport_cpp
[40.180s] [ 29%] [34m[1mGenerating C type support for eProsima Fast-RTPS[0m
[40.613s] [ 31%] [32mBuilding CXX object CMakeFiles/ros2_pkg__rosidl_typesupport_fastrtps_c.dir/rosidl_typesupport_fastrtps_c/ros2_pkg/srv/detail/odd_even_check__type_support_c.cpp.o[0m
[40.923s] [ 32%] [32mBuilding CXX object CMakeFiles/ros2_pkg__rosidl_typesupport_fastrtps_c.dir/rosidl_typesupport_fastrtps_c/ros2_pkg/srv/detail/turn_camera__type_support_c.cpp.o[0m
[41.199s] [ 34%] [32mBuilding CXX object CMakeFiles/ros2_pkg__rosidl_typesupport_fastrtps_c.dir/rosidl_typesupport_fastrtps_c/ros2_pkg/action/detail/navigate__type_support_c.cpp.o[0m
[41.478s] [ 35%] [32m[1mLinking CXX shared library libros2_pkg__rosidl_typesupport_fastrtps_c.so[0m
[41.556s] [ 35%] Built target ros2_pkg__rosidl_typesupport_fastrtps_c
[41.574s] [ 37%] [34m[1mGenerating C++ type support for eProsima Fast-RTPS[0m
[41.994s] [ 38%] [32mBuilding CXX object CMakeFiles/ros2_pkg__rosidl_typesupport_fastrtps_cpp.dir/rosidl_typesupport_fastrtps_cpp/ros2_pkg/srv/detail/dds_fastrtps/odd_even_check__type_support.cpp.o[0m
[42.266s] [ 40%] [32mBuilding CXX object CMakeFiles/ros2_pkg__rosidl_typesupport_fastrtps_cpp.dir/rosidl_typesupport_fastrtps_cpp/ros2_pkg/srv/detail/dds_fastrtps/turn_camera__type_support.cpp.o[0m
[42.547s] [ 41%] [32mBuilding CXX object CMakeFiles/ros2_pkg__rosidl_typesupport_fastrtps_cpp.dir/rosidl_typesupport_fastrtps_cpp/ros2_pkg/action/detail/dds_fastrtps/navigate__type_support.cpp.o[0m
[42.978s] [ 43%] [32m[1mLinking CXX shared library libros2_pkg__rosidl_typesupport_fastrtps_cpp.so[0m
[43.060s] [ 43%] Built target ros2_pkg__rosidl_typesupport_fastrtps_cpp
[43.078s] [ 44%] [34m[1mGenerating C introspection for ROS interfaces[0m
[43.515s] [ 46%] [32mBuilding C object CMakeFiles/ros2_pkg__rosidl_typesupport_introspection_c.dir/rosidl_typesupport_introspection_c/ros2_pkg/srv/detail/odd_even_check__type_support.c.o[0m
[43.584s] [ 47%] [32mBuilding C object CMakeFiles/ros2_pkg__rosidl_typesupport_introspection_c.dir/rosidl_typesupport_introspection_c/ros2_pkg/srv/detail/turn_camera__type_support.c.o[0m
[43.659s] [ 49%] [32mBuilding C object CMakeFiles/ros2_pkg__rosidl_typesupport_introspection_c.dir/rosidl_typesupport_introspection_c/ros2_pkg/action/detail/navigate__type_support.c.o[0m
[43.730s] [ 50%] [32m[1mLinking C shared library libros2_pkg__rosidl_typesupport_introspection_c.so[0m
[43.785s] [ 50%] Built target ros2_pkg__rosidl_typesupport_introspection_c
[43.806s] [ 52%] [34m[1mGenerating C type support dispatch for ROS interfaces[0m
[44.183s] [ 53%] [32mBuilding CXX object CMakeFiles/ros2_pkg__rosidl_typesupport_c.dir/rosidl_typesupport_c/ros2_pkg/srv/odd_even_check__type_support.cpp.o[0m
[44.231s] [ 55%] [32mBuilding CXX object CMakeFiles/ros2_pkg__rosidl_typesupport_c.dir/rosidl_typesupport_c/ros2_pkg/srv/turn_camera__type_support.cpp.o[0m
[44.284s] [ 56%] [32mBuilding CXX object CMakeFiles/ros2_pkg__rosidl_typesupport_c.dir/rosidl_typesupport_c/ros2_pkg/action/navigate__type_support.cpp.o[0m
[44.351s] [ 58%] [32m[1mLinking CXX shared library libros2_pkg__rosidl_typesupport_c.so[0m
[44.413s] [ 58%] Built target ros2_pkg__rosidl_typesupport_c
[44.432s] [ 59%] [34m[1mGenerating C++ introspection for ROS interfaces[0m
[44.890s] [ 61%] [32mBuilding CXX object CMakeFiles/ros2_pkg__rosidl_typesupport_introspection_cpp.dir/rosidl_typesupport_introspection_cpp/ros2_pkg/srv/detail/odd_even_check__type_support.cpp.o[0m
[45.192s] [ 62%] [32mBuilding CXX object CMakeFiles/ros2_pkg__rosidl_typesupport_introspection_cpp.dir/rosidl_typesupport_introspection_cpp/ros2_pkg/srv/detail/turn_camera__type_support.cpp.o[0m
[45.541s] [ 64%] [32mBuilding CXX object CMakeFiles/ros2_pkg__rosidl_typesupport_introspection_cpp.dir/rosidl_typesupport_introspection_cpp/ros2_pkg/action/detail/navigate__type_support.cpp.o[0m
[45.964s] [ 65%] [32m[1mLinking CXX shared library libros2_pkg__rosidl_typesupport_introspection_cpp.so[0m
[46.039s] [ 65%] Built target ros2_pkg__rosidl_typesupport_introspection_cpp
[46.440s] running egg_info
[46.440s] creating ros2_pkg.egg-info
[46.441s] writing ros2_pkg.egg-info/PKG-INFO
[46.441s] writing dependency_links to ros2_pkg.egg-info/dependency_links.txt
[46.442s] writing top-level names to ros2_pkg.egg-info/top_level.txt
[46.443s] writing manifest file 'ros2_pkg.egg-info/SOURCES.txt'
[46.446s] reading manifest file 'ros2_pkg.egg-info/SOURCES.txt'
[46.447s] writing manifest file 'ros2_pkg.egg-info/SOURCES.txt'
[46.471s] [ 65%] Built target ament_cmake_python_build_ros2_pkg_egg
[46.515s] [ 67%] [32mBuilding CXX object CMakeFiles/service_server.dir/src/service_server.cpp.o[0m
[49.516s] [ 68%] [32m[1mLinking CXX executable service_server[0m
[49.745s] [ 68%] Built target service_server
[49.786s] [ 70%] [32mBuilding CXX object CMakeFiles/service_client.dir/src/service_client.cpp.o[0m
[53.826s] [ 71%] [32m[1mLinking CXX executable service_client[0m
[54.061s] [ 71%] Built target service_client
[54.122s] [ 73%] [32mBuilding CXX object CMakeFiles/turn_camera_service.dir/src/turn_camera_service.cpp.o[0m
[58.322s] [ 74%] [32m[1mLinking CXX executable turn_camera_service[0m
[58.985s] [ 74%] Built target turn_camera_service
[59.049s] [ 76%] [32mBuilding CXX object CMakeFiles/turn_camera_client.dir/src/turn_camera_client.cpp.o[0m
[63.474s] [ 77%] [32m[1mLinking CXX executable turn_camera_client[0m
[64.314s] [ 77%] Built target turn_camera_client
[64.377s] [ 79%] [32mBuilding CXX object CMakeFiles/action_server.dir/src/action_server.cpp.o[0m
[74.446s] [01m[K/media/psf/Developer/Robotics/char-01/char_01/ros2_pkg/src/action_server.cpp:132:1:[m[K [01;31m[Kfatal error: [m[Kopening dependency file CMakeFiles/action_server.dir/src/action_server.cpp.o.d: No such file or directory
[74.452s]   132 | [01;31m[K}[m[K
[74.453s]       | [01;31m[K^[m[K
[74.453s] compilation terminated.
[74.486s] gmake[2]: *** [CMakeFiles/action_server.dir/build.make:76: CMakeFiles/action_server.dir/src/action_server.cpp.o] Error 1
[74.490s] gmake[1]: *** [CMakeFiles/Makefile2:823: CMakeFiles/action_server.dir/all] Error 2
[74.499s] gmake: *** [Makefile:146: all] Error 2
[74.653s] Invoked command in '/media/psf/Developer/Robotics/char-01/char_01/build/ros2_pkg' returned '2': CMAKE_PREFIX_PATH=${CMAKE_PREFIX_PATH}:/opt/ros/humble /usr/bin/cmake --build /media/psf/Developer/Robotics/char-01/char_01/build/ros2_pkg -- -j2 -l2
