[0.067s] Invoking command in '/media/psf/Developer/Robotics/char-01/build/ros2_pkg': CMAKE_PREFIX_PATH=${CMAKE_PREFIX_PATH}:/opt/ros/humble CONDA_PROMPT_MODIFIER=(base) /usr/bin/cmake --build /media/psf/Developer/Robotics/char-01/build/ros2_pkg -- -j2 -l2
[0.232s] [  1%] Built target ros2_pkg__cpp
[0.245s] [  8%] Built target ros2_pkg__rosidl_generator_c
[0.292s] [  8%] Built target ament_cmake_python_symlink_ros2_pkg
[0.304s] [ 11%] Built target publisher
[0.385s] [ 14%] Built target subscriber
[0.395s] [ 16%] Built target rpm_pub
[0.477s] [ 21%] Built target speed_calc
[0.480s] [ 26%] Built target ros2_pkg__rosidl_typesupport_cpp
[0.564s] [ 40%] Built target ros2_pkg__rosidl_typesupport_fastrtps_c
[0.564s] [ 40%] Built target ros2_pkg__rosidl_typesupport_fastrtps_cpp
[0.621s] [ 53%] Built target ros2_pkg__rosidl_typesupport_c
[0.633s] [ 54%] Built target ros2_pkg__rosidl_typesupport_introspection_c
[0.695s] [ 61%] Built target ros2_pkg__rosidl_typesupport_introspection_cpp
[0.747s] [ 64%] Built target service_server
[0.803s] [ 67%] Built target service_client
[0.822s] running egg_info
[0.823s] writing ros2_pkg.egg-info/PKG-INFO
[0.824s] writing dependency_links to ros2_pkg.egg-info/dependency_links.txt
[0.825s] writing top-level names to ros2_pkg.egg-info/top_level.txt
[0.832s] reading manifest file 'ros2_pkg.egg-info/SOURCES.txt'
[0.834s] writing manifest file 'ros2_pkg.egg-info/SOURCES.txt'
[0.864s] [ 69%] Built target ament_cmake_python_build_ros2_pkg_egg
[0.865s] [ 70%] Built target turn_camera_service
[0.929s] [ 76%] Built target turn_camera_client
[0.929s] [ 76%] Built target action_server
[0.992s] [ 78%] Built target action_client
[0.995s] [ 81%] Built target lidar_node
[1.042s] [ 81%] Built target ros2_pkg
[1.060s] [ 83%] [32mBuilding CXX object CMakeFiles/control.dir/src/control.cpp.o[0m
[1.113s] [ 84%] Built target ros2_pkg__py
[1.179s] [ 90%] Built target ros2_pkg__rosidl_generator_py
[1.262s] [ 92%] Built target ros2_pkg__rosidl_typesupport_fastrtps_c__pyext
[1.310s] [ 95%] Built target ros2_pkg__rosidl_typesupport_introspection_c__pyext
[1.364s] [ 98%] Built target ros2_pkg__rosidl_typesupport_c__pyext
[6.407s] [100%] [32m[1mLinking CXX executable control[0m
[6.937s] [100%] Built target control
[7.016s] Invoked command in '/media/psf/Developer/Robotics/char-01/build/ros2_pkg' returned '0': CMAKE_PREFIX_PATH=${CMAKE_PREFIX_PATH}:/opt/ros/humble CONDA_PROMPT_MODIFIER=(base) /usr/bin/cmake --build /media/psf/Developer/Robotics/char-01/build/ros2_pkg -- -j2 -l2
[7.584s] Invoking command in '/media/psf/Developer/Robotics/char-01/build/ros2_pkg': CMAKE_PREFIX_PATH=${CMAKE_PREFIX_PATH}:/opt/ros/humble CONDA_PROMPT_MODIFIER=(base) /usr/bin/cmake --install /media/psf/Developer/Robotics/char-01/build/ros2_pkg
[7.602s] -- Install configuration: ""
[7.605s] -- Execute custom install script
[7.606s] -- Up-to-date symlink: /media/psf/Developer/Robotics/char-01/install/ros2_pkg/share/ament_index/resource_index/rosidl_interfaces/ros2_pkg
[7.609s] -- Up-to-date symlink: /media/psf/Developer/Robotics/char-01/install/ros2_pkg/include/ros2_pkg/ros2_pkg/action/detail/navigate__functions.h
[7.610s] -- Up-to-date symlink: /media/psf/Developer/Robotics/char-01/install/ros2_pkg/include/ros2_pkg/ros2_pkg/action/detail/navigate__struct.h
[7.610s] -- Up-to-date symlink: /media/psf/Developer/Robotics/char-01/install/ros2_pkg/include/ros2_pkg/ros2_pkg/action/detail/navigate__type_support.h
[7.611s] -- Up-to-date symlink: /media/psf/Developer/Robotics/char-01/install/ros2_pkg/include/ros2_pkg/ros2_pkg/action/navigate.h
[7.611s] -- Up-to-date symlink: /media/psf/Developer/Robotics/char-01/install/ros2_pkg/include/ros2_pkg/ros2_pkg/msg/rosidl_generator_c__visibility_control.h
[7.612s] -- Up-to-date symlink: /media/psf/Developer/Robotics/char-01/install/ros2_pkg/include/ros2_pkg/ros2_pkg/srv/detail/odd_even_check__functions.h
[7.612s] -- Up-to-date symlink: /media/psf/Developer/Robotics/char-01/install/ros2_pkg/include/ros2_pkg/ros2_pkg/srv/detail/odd_even_check__struct.h
[7.613s] -- Up-to-date symlink: /media/psf/Developer/Robotics/char-01/install/ros2_pkg/include/ros2_pkg/ros2_pkg/srv/detail/odd_even_check__type_support.h
[7.613s] -- Up-to-date symlink: /media/psf/Developer/Robotics/char-01/install/ros2_pkg/include/ros2_pkg/ros2_pkg/srv/detail/turn_camera__functions.h
[7.613s] -- Up-to-date symlink: /media/psf/Developer/Robotics/char-01/install/ros2_pkg/include/ros2_pkg/ros2_pkg/srv/detail/turn_camera__struct.h
[7.614s] -- Up-to-date symlink: /media/psf/Developer/Robotics/char-01/install/ros2_pkg/include/ros2_pkg/ros2_pkg/srv/detail/turn_camera__type_support.h
[7.614s] -- Up-to-date symlink: /media/psf/Developer/Robotics/char-01/install/ros2_pkg/include/ros2_pkg/ros2_pkg/srv/odd_even_check.h
[7.614s] -- Up-to-date symlink: /media/psf/Developer/Robotics/char-01/install/ros2_pkg/include/ros2_pkg/ros2_pkg/srv/turn_camera.h
[7.615s] -- Up-to-date symlink: /media/psf/Developer/Robotics/char-01/install/ros2_pkg/share/ros2_pkg/environment/library_path.sh
[7.615s] -- Up-to-date symlink: /media/psf/Developer/Robotics/char-01/install/ros2_pkg/share/ros2_pkg/environment/library_path.dsv
[7.618s] -- Up-to-date symlink: /media/psf/Developer/Robotics/char-01/install/ros2_pkg/include/ros2_pkg/ros2_pkg/action/detail/navigate__rosidl_typesupport_fastrtps_c.h
[7.619s] -- Up-to-date symlink: /media/psf/Developer/Robotics/char-01/install/ros2_pkg/include/ros2_pkg/ros2_pkg/msg/rosidl_typesupport_fastrtps_c__visibility_control.h
[7.619s] -- Up-to-date symlink: /media/psf/Developer/Robotics/char-01/install/ros2_pkg/include/ros2_pkg/ros2_pkg/srv/detail/odd_even_check__rosidl_typesupport_fastrtps_c.h
[7.619s] -- Up-to-date symlink: /media/psf/Developer/Robotics/char-01/install/ros2_pkg/include/ros2_pkg/ros2_pkg/srv/detail/turn_camera__rosidl_typesupport_fastrtps_c.h
[7.620s] -- Up-to-date symlink: /media/psf/Developer/Robotics/char-01/install/ros2_pkg/include/ros2_pkg/ros2_pkg/action/detail/navigate__builder.hpp
[7.620s] -- Up-to-date symlink: /media/psf/Developer/Robotics/char-01/install/ros2_pkg/include/ros2_pkg/ros2_pkg/action/detail/navigate__struct.hpp
[7.621s] -- Up-to-date symlink: /media/psf/Developer/Robotics/char-01/install/ros2_pkg/include/ros2_pkg/ros2_pkg/action/detail/navigate__traits.hpp
[7.621s] -- Up-to-date symlink: /media/psf/Developer/Robotics/char-01/install/ros2_pkg/include/ros2_pkg/ros2_pkg/action/navigate.hpp
[7.621s] -- Up-to-date symlink: /media/psf/Developer/Robotics/char-01/install/ros2_pkg/include/ros2_pkg/ros2_pkg/srv/detail/odd_even_check__builder.hpp
[7.622s] -- Up-to-date symlink: /media/psf/Developer/Robotics/char-01/install/ros2_pkg/include/ros2_pkg/ros2_pkg/srv/detail/odd_even_check__struct.hpp
[7.622s] -- Up-to-date symlink: /media/psf/Developer/Robotics/char-01/install/ros2_pkg/include/ros2_pkg/ros2_pkg/srv/detail/odd_even_check__traits.hpp
[7.622s] -- Up-to-date symlink: /media/psf/Developer/Robotics/char-01/install/ros2_pkg/include/ros2_pkg/ros2_pkg/srv/detail/turn_camera__builder.hpp
[7.622s] -- Up-to-date symlink: /media/psf/Developer/Robotics/char-01/install/ros2_pkg/include/ros2_pkg/ros2_pkg/srv/detail/turn_camera__struct.hpp
[7.623s] -- Up-to-date symlink: /media/psf/Developer/Robotics/char-01/install/ros2_pkg/include/ros2_pkg/ros2_pkg/srv/detail/turn_camera__traits.hpp
[7.623s] -- Up-to-date symlink: /media/psf/Developer/Robotics/char-01/install/ros2_pkg/include/ros2_pkg/ros2_pkg/srv/odd_even_check.hpp
[7.623s] -- Up-to-date symlink: /media/psf/Developer/Robotics/char-01/install/ros2_pkg/include/ros2_pkg/ros2_pkg/srv/turn_camera.hpp
[7.627s] -- Up-to-date symlink: /media/psf/Developer/Robotics/char-01/install/ros2_pkg/include/ros2_pkg/ros2_pkg/action/detail/navigate__rosidl_typesupport_fastrtps_cpp.hpp
[7.627s] -- Up-to-date symlink: /media/psf/Developer/Robotics/char-01/install/ros2_pkg/include/ros2_pkg/ros2_pkg/msg/rosidl_typesupport_fastrtps_cpp__visibility_control.h
[7.627s] -- Up-to-date symlink: /media/psf/Developer/Robotics/char-01/install/ros2_pkg/include/ros2_pkg/ros2_pkg/srv/detail/odd_even_check__rosidl_typesupport_fastrtps_cpp.hpp
[7.628s] -- Up-to-date symlink: /media/psf/Developer/Robotics/char-01/install/ros2_pkg/include/ros2_pkg/ros2_pkg/srv/detail/turn_camera__rosidl_typesupport_fastrtps_cpp.hpp
[7.629s] -- Up-to-date symlink: /media/psf/Developer/Robotics/char-01/install/ros2_pkg/include/ros2_pkg/ros2_pkg/action/detail/navigate__rosidl_typesupport_introspection_c.h
[7.629s] -- Up-to-date symlink: /media/psf/Developer/Robotics/char-01/install/ros2_pkg/include/ros2_pkg/ros2_pkg/msg/rosidl_typesupport_introspection_c__visibility_control.h
[7.630s] -- Up-to-date symlink: /media/psf/Developer/Robotics/char-01/install/ros2_pkg/include/ros2_pkg/ros2_pkg/srv/detail/odd_even_check__rosidl_typesupport_introspection_c.h
[7.630s] -- Up-to-date symlink: /media/psf/Developer/Robotics/char-01/install/ros2_pkg/include/ros2_pkg/ros2_pkg/srv/detail/turn_camera__rosidl_typesupport_introspection_c.h
[7.631s] -- Up-to-date symlink: /media/psf/Developer/Robotics/char-01/install/ros2_pkg/include/ros2_pkg/ros2_pkg/action/detail/navigate__rosidl_typesupport_introspection_cpp.hpp
[7.631s] -- Up-to-date symlink: /media/psf/Developer/Robotics/char-01/install/ros2_pkg/include/ros2_pkg/ros2_pkg/srv/detail/odd_even_check__rosidl_typesupport_introspection_cpp.hpp
[7.632s] -- Up-to-date symlink: /media/psf/Developer/Robotics/char-01/install/ros2_pkg/include/ros2_pkg/ros2_pkg/srv/detail/turn_camera__rosidl_typesupport_introspection_cpp.hpp
[7.632s] -- Up-to-date symlink: /media/psf/Developer/Robotics/char-01/install/ros2_pkg/share/ros2_pkg/environment/pythonpath.sh
[7.633s] -- Up-to-date symlink: /media/psf/Developer/Robotics/char-01/install/ros2_pkg/share/ros2_pkg/environment/pythonpath.dsv
[7.633s] -- Up-to-date symlink: /media/psf/Developer/Robotics/char-01/install/ros2_pkg/local/lib/python3.10/dist-packages/ros2_pkg-0.0.0-py3.10.egg-info/PKG-INFO
[7.633s] -- Up-to-date symlink: /media/psf/Developer/Robotics/char-01/install/ros2_pkg/local/lib/python3.10/dist-packages/ros2_pkg-0.0.0-py3.10.egg-info/SOURCES.txt
[7.634s] -- Up-to-date symlink: /media/psf/Developer/Robotics/char-01/install/ros2_pkg/local/lib/python3.10/dist-packages/ros2_pkg-0.0.0-py3.10.egg-info/dependency_links.txt
[7.634s] -- Up-to-date symlink: /media/psf/Developer/Robotics/char-01/install/ros2_pkg/local/lib/python3.10/dist-packages/ros2_pkg-0.0.0-py3.10.egg-info/top_level.txt
[7.636s] -- Up-to-date symlink: /media/psf/Developer/Robotics/char-01/install/ros2_pkg/local/lib/python3.10/dist-packages/ros2_pkg/__init__.py
[7.636s] -- Up-to-date symlink: /media/psf/Developer/Robotics/char-01/install/ros2_pkg/local/lib/python3.10/dist-packages/ros2_pkg/_ros2_pkg_s.ep.rosidl_typesupport_c.c
[7.637s] -- Up-to-date symlink: /media/psf/Developer/Robotics/char-01/install/ros2_pkg/local/lib/python3.10/dist-packages/ros2_pkg/_ros2_pkg_s.ep.rosidl_typesupport_fastrtps_c.c
[7.637s] -- Up-to-date symlink: /media/psf/Developer/Robotics/char-01/install/ros2_pkg/local/lib/python3.10/dist-packages/ros2_pkg/_ros2_pkg_s.ep.rosidl_typesupport_introspection_c.c
[7.637s] -- Up-to-date symlink: /media/psf/Developer/Robotics/char-01/install/ros2_pkg/local/lib/python3.10/dist-packages/ros2_pkg/action/__init__.py
[7.638s] -- Up-to-date symlink: /media/psf/Developer/Robotics/char-01/install/ros2_pkg/local/lib/python3.10/dist-packages/ros2_pkg/action/_navigate.py
[7.638s] -- Up-to-date symlink: /media/psf/Developer/Robotics/char-01/install/ros2_pkg/local/lib/python3.10/dist-packages/ros2_pkg/action/_navigate_s.c
[7.638s] -- Up-to-date symlink: /media/psf/Developer/Robotics/char-01/install/ros2_pkg/local/lib/python3.10/dist-packages/ros2_pkg/libros2_pkg__rosidl_generator_py.so
[7.638s] -- Up-to-date symlink: /media/psf/Developer/Robotics/char-01/install/ros2_pkg/local/lib/python3.10/dist-packages/ros2_pkg/ros2_pkg_s__rosidl_typesupport_c.cpython-310-aarch64-linux-gnu.so
[7.639s] -- Up-to-date symlink: /media/psf/Developer/Robotics/char-01/install/ros2_pkg/local/lib/python3.10/dist-packages/ros2_pkg/ros2_pkg_s__rosidl_typesupport_fastrtps_c.cpython-310-aarch64-linux-gnu.so
[7.639s] -- Up-to-date symlink: /media/psf/Developer/Robotics/char-01/install/ros2_pkg/local/lib/python3.10/dist-packages/ros2_pkg/ros2_pkg_s__rosidl_typesupport_introspection_c.cpython-310-aarch64-linux-gnu.so
[7.639s] -- Up-to-date symlink: /media/psf/Developer/Robotics/char-01/install/ros2_pkg/local/lib/python3.10/dist-packages/ros2_pkg/srv/__init__.py
[7.640s] -- Up-to-date symlink: /media/psf/Developer/Robotics/char-01/install/ros2_pkg/local/lib/python3.10/dist-packages/ros2_pkg/srv/_odd_even_check.py
[7.640s] -- Up-to-date symlink: /media/psf/Developer/Robotics/char-01/install/ros2_pkg/local/lib/python3.10/dist-packages/ros2_pkg/srv/_odd_even_check_s.c
[7.640s] -- Up-to-date symlink: /media/psf/Developer/Robotics/char-01/install/ros2_pkg/local/lib/python3.10/dist-packages/ros2_pkg/srv/_turn_camera.py
[7.641s] -- Up-to-date symlink: /media/psf/Developer/Robotics/char-01/install/ros2_pkg/local/lib/python3.10/dist-packages/ros2_pkg/srv/_turn_camera_s.c
[7.642s] -- Up-to-date symlink: /media/psf/Developer/Robotics/char-01/install/ros2_pkg/local/lib/python3.10/dist-packages/ros2_pkg/ros2_pkg_s__rosidl_typesupport_fastrtps_c.cpython-310-aarch64-linux-gnu.so
[7.642s] -- Up-to-date symlink: /media/psf/Developer/Robotics/char-01/install/ros2_pkg/local/lib/python3.10/dist-packages/ros2_pkg/ros2_pkg_s__rosidl_typesupport_introspection_c.cpython-310-aarch64-linux-gnu.so
[7.643s] -- Up-to-date symlink: /media/psf/Developer/Robotics/char-01/install/ros2_pkg/local/lib/python3.10/dist-packages/ros2_pkg/ros2_pkg_s__rosidl_typesupport_c.cpython-310-aarch64-linux-gnu.so
[7.643s] -- Up-to-date symlink: /media/psf/Developer/Robotics/char-01/install/ros2_pkg/share/ros2_pkg/srv/OddEvenCheck.idl
[7.644s] -- Up-to-date symlink: /media/psf/Developer/Robotics/char-01/install/ros2_pkg/share/ros2_pkg/srv/TurnCamera.idl
[7.644s] -- Up-to-date symlink: /media/psf/Developer/Robotics/char-01/install/ros2_pkg/share/ros2_pkg/action/Navigate.idl
[7.645s] -- Up-to-date symlink: /media/psf/Developer/Robotics/char-01/install/ros2_pkg/share/ros2_pkg/srv/OddEvenCheck.srv
[7.645s] -- Up-to-date symlink: /media/psf/Developer/Robotics/char-01/install/ros2_pkg/share/ros2_pkg/srv/OddEvenCheck_Request.msg
[7.645s] -- Up-to-date symlink: /media/psf/Developer/Robotics/char-01/install/ros2_pkg/share/ros2_pkg/srv/OddEvenCheck_Response.msg
[7.645s] -- Up-to-date symlink: /media/psf/Developer/Robotics/char-01/install/ros2_pkg/share/ros2_pkg/srv/TurnCamera.srv
[7.646s] -- Up-to-date symlink: /media/psf/Developer/Robotics/char-01/install/ros2_pkg/share/ros2_pkg/srv/TurnCamera_Request.msg
[7.646s] -- Up-to-date symlink: /media/psf/Developer/Robotics/char-01/install/ros2_pkg/share/ros2_pkg/srv/TurnCamera_Response.msg
[7.646s] -- Up-to-date symlink: /media/psf/Developer/Robotics/char-01/install/ros2_pkg/share/ros2_pkg/action/Navigate.action
[7.647s] -- Up-to-date symlink: /media/psf/Developer/Robotics/char-01/install/ros2_pkg/lib/ros2_pkg/publisher
[7.647s] -- Up-to-date symlink: /media/psf/Developer/Robotics/char-01/install/ros2_pkg/lib/ros2_pkg/subscriber
[7.648s] -- Up-to-date symlink: /media/psf/Developer/Robotics/char-01/install/ros2_pkg/lib/ros2_pkg/rpm_pub
[7.648s] -- Up-to-date symlink: /media/psf/Developer/Robotics/char-01/install/ros2_pkg/lib/ros2_pkg/speed_calc
[7.648s] -- Up-to-date symlink: /media/psf/Developer/Robotics/char-01/install/ros2_pkg/lib/ros2_pkg/service_server
[7.649s] -- Up-to-date symlink: /media/psf/Developer/Robotics/char-01/install/ros2_pkg/lib/ros2_pkg/service_client
[7.649s] -- Up-to-date symlink: /media/psf/Developer/Robotics/char-01/install/ros2_pkg/lib/ros2_pkg/turn_camera_service
[7.649s] -- Up-to-date symlink: /media/psf/Developer/Robotics/char-01/install/ros2_pkg/lib/ros2_pkg/turn_camera_client
[7.650s] -- Up-to-date symlink: /media/psf/Developer/Robotics/char-01/install/ros2_pkg/lib/ros2_pkg/action_server
[7.650s] -- Up-to-date symlink: /media/psf/Developer/Robotics/char-01/install/ros2_pkg/lib/ros2_pkg/action_client
[7.650s] -- Up-to-date symlink: /media/psf/Developer/Robotics/char-01/install/ros2_pkg/lib/ros2_pkg/lidar_node
[7.651s] -- Up-to-date symlink: /media/psf/Developer/Robotics/char-01/install/ros2_pkg/lib/ros2_pkg/control
[7.651s] -- Up-to-date symlink: /media/psf/Developer/Robotics/char-01/install/ros2_pkg/lib/ros2_pkg/predict.py
[7.652s] -- Up-to-date symlink: /media/psf/Developer/Robotics/char-01/install/ros2_pkg/share/ros2_pkg//launch/__pycache__/robot_state_publisher.launch.cpython-310.pyc
[7.652s] -- Up-to-date symlink: /media/psf/Developer/Robotics/char-01/install/ros2_pkg/share/ros2_pkg//launch/char_01.launch.py
[7.652s] -- Up-to-date symlink: /media/psf/Developer/Robotics/char-01/install/ros2_pkg/share/ros2_pkg//launch/launch_project.launch.py
[7.653s] -- Up-to-date symlink: /media/psf/Developer/Robotics/char-01/install/ros2_pkg/share/ros2_pkg//launch/rpm_node.launch.py
[7.653s] -- Up-to-date symlink: /media/psf/Developer/Robotics/char-01/install/ros2_pkg/share/ament_index/resource_index/package_run_dependencies/ros2_pkg
[7.653s] -- Up-to-date symlink: /media/psf/Developer/Robotics/char-01/install/ros2_pkg/share/ament_index/resource_index/parent_prefix_path/ros2_pkg
[7.654s] -- Up-to-date symlink: /media/psf/Developer/Robotics/char-01/install/ros2_pkg/share/ros2_pkg/environment/ament_prefix_path.sh
[7.654s] -- Up-to-date symlink: /media/psf/Developer/Robotics/char-01/install/ros2_pkg/share/ros2_pkg/environment/ament_prefix_path.dsv
[7.654s] -- Up-to-date symlink: /media/psf/Developer/Robotics/char-01/install/ros2_pkg/share/ros2_pkg/environment/path.sh
[7.655s] -- Up-to-date symlink: /media/psf/Developer/Robotics/char-01/install/ros2_pkg/share/ros2_pkg/environment/path.dsv
[7.655s] -- Up-to-date symlink: /media/psf/Developer/Robotics/char-01/install/ros2_pkg/share/ros2_pkg/local_setup.bash
[7.655s] -- Up-to-date symlink: /media/psf/Developer/Robotics/char-01/install/ros2_pkg/share/ros2_pkg/local_setup.sh
[7.656s] -- Up-to-date symlink: /media/psf/Developer/Robotics/char-01/install/ros2_pkg/share/ros2_pkg/local_setup.zsh
[7.656s] -- Up-to-date symlink: /media/psf/Developer/Robotics/char-01/install/ros2_pkg/share/ros2_pkg/local_setup.dsv
[7.656s] -- Symlinking: /media/psf/Developer/Robotics/char-01/install/ros2_pkg/share/ros2_pkg/package.dsv
[7.676s] -- Up-to-date symlink: /media/psf/Developer/Robotics/char-01/install/ros2_pkg/share/ament_index/resource_index/packages/ros2_pkg
[7.677s] -- Up-to-date symlink: /media/psf/Developer/Robotics/char-01/install/ros2_pkg/share/ros2_pkg/cmake/rosidl_cmake-extras.cmake
[7.677s] -- Up-to-date symlink: /media/psf/Developer/Robotics/char-01/install/ros2_pkg/share/ros2_pkg/cmake/ament_cmake_export_dependencies-extras.cmake
[7.678s] -- Up-to-date symlink: /media/psf/Developer/Robotics/char-01/install/ros2_pkg/share/ros2_pkg/cmake/ament_cmake_export_include_directories-extras.cmake
[7.678s] -- Up-to-date symlink: /media/psf/Developer/Robotics/char-01/install/ros2_pkg/share/ros2_pkg/cmake/ament_cmake_export_libraries-extras.cmake
[7.678s] -- Up-to-date symlink: /media/psf/Developer/Robotics/char-01/install/ros2_pkg/share/ros2_pkg/cmake/ament_cmake_export_targets-extras.cmake
[7.679s] -- Up-to-date symlink: /media/psf/Developer/Robotics/char-01/install/ros2_pkg/share/ros2_pkg/cmake/rosidl_cmake_export_typesupport_targets-extras.cmake
[7.679s] -- Up-to-date symlink: /media/psf/Developer/Robotics/char-01/install/ros2_pkg/share/ros2_pkg/cmake/rosidl_cmake_export_typesupport_libraries-extras.cmake
[7.680s] -- Up-to-date symlink: /media/psf/Developer/Robotics/char-01/install/ros2_pkg/share/ros2_pkg/cmake/ros2_pkgConfig.cmake
[7.680s] -- Up-to-date symlink: /media/psf/Developer/Robotics/char-01/install/ros2_pkg/share/ros2_pkg/cmake/ros2_pkgConfig-version.cmake
[7.680s] -- Up-to-date symlink: /media/psf/Developer/Robotics/char-01/install/ros2_pkg/share/ros2_pkg/package.xml
[7.682s] -- Up-to-date: /media/psf/Developer/Robotics/char-01/install/ros2_pkg/lib/libros2_pkg__rosidl_generator_c.so
[7.683s] -- Up-to-date: /media/psf/Developer/Robotics/char-01/install/ros2_pkg/lib/libros2_pkg__rosidl_typesupport_fastrtps_c.so
[7.684s] -- Up-to-date: /media/psf/Developer/Robotics/char-01/install/ros2_pkg/lib/libros2_pkg__rosidl_typesupport_fastrtps_cpp.so
[7.686s] -- Up-to-date: /media/psf/Developer/Robotics/char-01/install/ros2_pkg/lib/libros2_pkg__rosidl_typesupport_introspection_c.so
[7.687s] -- Up-to-date: /media/psf/Developer/Robotics/char-01/install/ros2_pkg/lib/libros2_pkg__rosidl_typesupport_c.so
[7.689s] -- Up-to-date: /media/psf/Developer/Robotics/char-01/install/ros2_pkg/lib/libros2_pkg__rosidl_typesupport_introspection_cpp.so
[7.691s] -- Up-to-date: /media/psf/Developer/Robotics/char-01/install/ros2_pkg/lib/libros2_pkg__rosidl_typesupport_cpp.so
[7.741s] Listing '/media/psf/Developer/Robotics/char-01/install/ros2_pkg/local/lib/python3.10/dist-packages/ros2_pkg'...
[7.741s] Listing '/media/psf/Developer/Robotics/char-01/install/ros2_pkg/local/lib/python3.10/dist-packages/ros2_pkg/action'...
[7.741s] Listing '/media/psf/Developer/Robotics/char-01/install/ros2_pkg/local/lib/python3.10/dist-packages/ros2_pkg/srv'...
[7.745s] -- Up-to-date: /media/psf/Developer/Robotics/char-01/install/ros2_pkg/lib/libros2_pkg__rosidl_generator_py.so
[7.746s] -- Up-to-date: /media/psf/Developer/Robotics/char-01/install/ros2_pkg/share/ros2_pkg/cmake/export_ros2_pkg__rosidl_generator_cExport.cmake
[7.746s] -- Up-to-date: /media/psf/Developer/Robotics/char-01/install/ros2_pkg/share/ros2_pkg/cmake/export_ros2_pkg__rosidl_generator_cExport-noconfig.cmake
[7.747s] -- Up-to-date: /media/psf/Developer/Robotics/char-01/install/ros2_pkg/share/ros2_pkg/cmake/export_ros2_pkg__rosidl_typesupport_fastrtps_cExport.cmake
[7.747s] -- Up-to-date: /media/psf/Developer/Robotics/char-01/install/ros2_pkg/share/ros2_pkg/cmake/export_ros2_pkg__rosidl_typesupport_fastrtps_cExport-noconfig.cmake
[7.748s] -- Up-to-date: /media/psf/Developer/Robotics/char-01/install/ros2_pkg/share/ros2_pkg/cmake/export_ros2_pkg__rosidl_generator_cppExport.cmake
[7.749s] -- Up-to-date: /media/psf/Developer/Robotics/char-01/install/ros2_pkg/share/ros2_pkg/cmake/export_ros2_pkg__rosidl_typesupport_fastrtps_cppExport.cmake
[7.749s] -- Up-to-date: /media/psf/Developer/Robotics/char-01/install/ros2_pkg/share/ros2_pkg/cmake/export_ros2_pkg__rosidl_typesupport_fastrtps_cppExport-noconfig.cmake
[7.750s] -- Up-to-date: /media/psf/Developer/Robotics/char-01/install/ros2_pkg/share/ros2_pkg/cmake/ros2_pkg__rosidl_typesupport_introspection_cExport.cmake
[7.750s] -- Up-to-date: /media/psf/Developer/Robotics/char-01/install/ros2_pkg/share/ros2_pkg/cmake/ros2_pkg__rosidl_typesupport_introspection_cExport-noconfig.cmake
[7.751s] -- Up-to-date: /media/psf/Developer/Robotics/char-01/install/ros2_pkg/share/ros2_pkg/cmake/ros2_pkg__rosidl_typesupport_cExport.cmake
[7.751s] -- Up-to-date: /media/psf/Developer/Robotics/char-01/install/ros2_pkg/share/ros2_pkg/cmake/ros2_pkg__rosidl_typesupport_cExport-noconfig.cmake
[7.752s] -- Up-to-date: /media/psf/Developer/Robotics/char-01/install/ros2_pkg/share/ros2_pkg/cmake/ros2_pkg__rosidl_typesupport_introspection_cppExport.cmake
[7.752s] -- Up-to-date: /media/psf/Developer/Robotics/char-01/install/ros2_pkg/share/ros2_pkg/cmake/ros2_pkg__rosidl_typesupport_introspection_cppExport-noconfig.cmake
[7.753s] -- Up-to-date: /media/psf/Developer/Robotics/char-01/install/ros2_pkg/share/ros2_pkg/cmake/ros2_pkg__rosidl_typesupport_cppExport.cmake
[7.753s] -- Up-to-date: /media/psf/Developer/Robotics/char-01/install/ros2_pkg/share/ros2_pkg/cmake/ros2_pkg__rosidl_typesupport_cppExport-noconfig.cmake
[7.754s] -- Up-to-date: /media/psf/Developer/Robotics/char-01/install/ros2_pkg/share/ros2_pkg/cmake/export_ros2_pkg__rosidl_generator_pyExport.cmake
[7.755s] -- Up-to-date: /media/psf/Developer/Robotics/char-01/install/ros2_pkg/share/ros2_pkg/cmake/export_ros2_pkg__rosidl_generator_pyExport-noconfig.cmake
[7.764s] Invoked command in '/media/psf/Developer/Robotics/char-01/build/ros2_pkg' returned '0': CMAKE_PREFIX_PATH=${CMAKE_PREFIX_PATH}:/opt/ros/humble CONDA_PROMPT_MODIFIER=(base) /usr/bin/cmake --install /media/psf/Developer/Robotics/char-01/build/ros2_pkg
