[0.049s] Invoking command in '/media/psf/Developer/Robotics/char-01/build/ros2_pkg': CMAKE_PREFIX_PATH=${CMAKE_PREFIX_PATH}:/opt/ros/humble /usr/bin/cmake --build /media/psf/Developer/Robotics/char-01/build/ros2_pkg -- -j2 -l2
[0.207s] [  1%] Built target ros2_pkg__cpp
[0.221s] [  8%] Built target ros2_pkg__rosidl_generator_c
[0.256s] [  8%] Built target ament_cmake_python_symlink_ros2_pkg
[0.269s] [ 11%] Built target publisher
[0.307s] [ 14%] Built target subscriber
[0.309s] [ 17%] Built target rpm_pub
[0.349s] [ 20%] Built target speed_calc
[0.351s] [ 21%] [32mBuilding CXX object CMakeFiles/lidar_node.dir/sensors/lidar_node.cc.o[0m
[0.419s] [ 28%] Built target ros2_pkg__rosidl_typesupport_cpp
[0.475s] [ 36%] Built target ros2_pkg__rosidl_typesupport_fastrtps_c
[0.552s] [ 43%] Built target ros2_pkg__rosidl_typesupport_fastrtps_cpp
[0.633s] [ 50%] Built target ros2_pkg__rosidl_typesupport_introspection_c
[0.692s] [ 57%] Built target ros2_pkg__rosidl_typesupport_c
[0.759s] [ 65%] Built target ros2_pkg__rosidl_typesupport_introspection_cpp
[1.032s] running egg_info
[1.033s] writing ros2_pkg.egg-info/PKG-INFO
[1.034s] writing dependency_links to ros2_pkg.egg-info/dependency_links.txt
[1.035s] writing top-level names to ros2_pkg.egg-info/top_level.txt
[1.042s] reading manifest file 'ros2_pkg.egg-info/SOURCES.txt'
[1.050s] writing manifest file 'ros2_pkg.egg-info/SOURCES.txt'
[1.086s] [ 65%] Built target ament_cmake_python_build_ros2_pkg_egg
[1.134s] [ 68%] Built target service_server
[1.187s] [ 71%] Built target service_client
[1.279s] [ 73%] Built target turn_camera_service
[1.340s] [ 76%] Built target turn_camera_client
[1.394s] [ 79%] Built target action_server
[1.457s] [ 82%] Built target action_client
[1.512s] [ 82%] Built target ros2_pkg
[1.558s] [ 84%] Built target ros2_pkg__py
[1.626s] [ 89%] Built target ros2_pkg__rosidl_generator_py
[1.670s] [ 92%] Built target ros2_pkg__rosidl_typesupport_fastrtps_c__pyext
[1.707s] [ 95%] Built target ros2_pkg__rosidl_typesupport_introspection_c__pyext
[1.777s] [ 98%] Built target ros2_pkg__rosidl_typesupport_c__pyext
[5.853s] [100%] [32m[1mLinking CXX executable lidar_node[0m
[6.314s] [100%] Built target lidar_node
[6.383s] Invoked command in '/media/psf/Developer/Robotics/char-01/build/ros2_pkg' returned '0': CMAKE_PREFIX_PATH=${CMAKE_PREFIX_PATH}:/opt/ros/humble /usr/bin/cmake --build /media/psf/Developer/Robotics/char-01/build/ros2_pkg -- -j2 -l2
[6.648s] Invoking command in '/media/psf/Developer/Robotics/char-01/build/ros2_pkg': CMAKE_PREFIX_PATH=${CMAKE_PREFIX_PATH}:/opt/ros/humble /usr/bin/cmake --install /media/psf/Developer/Robotics/char-01/build/ros2_pkg
[6.659s] -- Install configuration: ""
[6.661s] -- Execute custom install script
[6.662s] -- Up-to-date symlink: /media/psf/Developer/Robotics/char-01/install/ros2_pkg/share/ament_index/resource_index/rosidl_interfaces/ros2_pkg
[6.666s] -- Up-to-date symlink: /media/psf/Developer/Robotics/char-01/install/ros2_pkg/include/ros2_pkg/ros2_pkg/action/detail/navigate__functions.h
[6.666s] -- Up-to-date symlink: /media/psf/Developer/Robotics/char-01/install/ros2_pkg/include/ros2_pkg/ros2_pkg/action/detail/navigate__struct.h
[6.667s] -- Up-to-date symlink: /media/psf/Developer/Robotics/char-01/install/ros2_pkg/include/ros2_pkg/ros2_pkg/action/detail/navigate__type_support.h
[6.667s] -- Up-to-date symlink: /media/psf/Developer/Robotics/char-01/install/ros2_pkg/include/ros2_pkg/ros2_pkg/action/navigate.h
[6.667s] -- Up-to-date symlink: /media/psf/Developer/Robotics/char-01/install/ros2_pkg/include/ros2_pkg/ros2_pkg/msg/rosidl_generator_c__visibility_control.h
[6.668s] -- Up-to-date symlink: /media/psf/Developer/Robotics/char-01/install/ros2_pkg/include/ros2_pkg/ros2_pkg/srv/detail/odd_even_check__functions.h
[6.668s] -- Up-to-date symlink: /media/psf/Developer/Robotics/char-01/install/ros2_pkg/include/ros2_pkg/ros2_pkg/srv/detail/odd_even_check__struct.h
[6.669s] -- Up-to-date symlink: /media/psf/Developer/Robotics/char-01/install/ros2_pkg/include/ros2_pkg/ros2_pkg/srv/detail/odd_even_check__type_support.h
[6.669s] -- Up-to-date symlink: /media/psf/Developer/Robotics/char-01/install/ros2_pkg/include/ros2_pkg/ros2_pkg/srv/detail/turn_camera__functions.h
[6.670s] -- Up-to-date symlink: /media/psf/Developer/Robotics/char-01/install/ros2_pkg/include/ros2_pkg/ros2_pkg/srv/detail/turn_camera__struct.h
[6.670s] -- Up-to-date symlink: /media/psf/Developer/Robotics/char-01/install/ros2_pkg/include/ros2_pkg/ros2_pkg/srv/detail/turn_camera__type_support.h
[6.670s] -- Up-to-date symlink: /media/psf/Developer/Robotics/char-01/install/ros2_pkg/include/ros2_pkg/ros2_pkg/srv/odd_even_check.h
[6.671s] -- Up-to-date symlink: /media/psf/Developer/Robotics/char-01/install/ros2_pkg/include/ros2_pkg/ros2_pkg/srv/turn_camera.h
[6.672s] -- Up-to-date symlink: /media/psf/Developer/Robotics/char-01/install/ros2_pkg/share/ros2_pkg/environment/library_path.sh
[6.673s] -- Up-to-date symlink: /media/psf/Developer/Robotics/char-01/install/ros2_pkg/share/ros2_pkg/environment/library_path.dsv
[6.676s] -- Up-to-date symlink: /media/psf/Developer/Robotics/char-01/install/ros2_pkg/include/ros2_pkg/ros2_pkg/action/detail/navigate__rosidl_typesupport_fastrtps_c.h
[6.677s] -- Up-to-date symlink: /media/psf/Developer/Robotics/char-01/install/ros2_pkg/include/ros2_pkg/ros2_pkg/msg/rosidl_typesupport_fastrtps_c__visibility_control.h
[6.677s] -- Up-to-date symlink: /media/psf/Developer/Robotics/char-01/install/ros2_pkg/include/ros2_pkg/ros2_pkg/srv/detail/odd_even_check__rosidl_typesupport_fastrtps_c.h
[6.678s] -- Up-to-date symlink: /media/psf/Developer/Robotics/char-01/install/ros2_pkg/include/ros2_pkg/ros2_pkg/srv/detail/turn_camera__rosidl_typesupport_fastrtps_c.h
[6.680s] -- Up-to-date symlink: /media/psf/Developer/Robotics/char-01/install/ros2_pkg/include/ros2_pkg/ros2_pkg/action/detail/navigate__builder.hpp
[6.681s] -- Up-to-date symlink: /media/psf/Developer/Robotics/char-01/install/ros2_pkg/include/ros2_pkg/ros2_pkg/action/detail/navigate__struct.hpp
[6.681s] -- Up-to-date symlink: /media/psf/Developer/Robotics/char-01/install/ros2_pkg/include/ros2_pkg/ros2_pkg/action/detail/navigate__traits.hpp
[6.681s] -- Up-to-date symlink: /media/psf/Developer/Robotics/char-01/install/ros2_pkg/include/ros2_pkg/ros2_pkg/action/navigate.hpp
[6.682s] -- Up-to-date symlink: /media/psf/Developer/Robotics/char-01/install/ros2_pkg/include/ros2_pkg/ros2_pkg/srv/detail/odd_even_check__builder.hpp
[6.682s] -- Up-to-date symlink: /media/psf/Developer/Robotics/char-01/install/ros2_pkg/include/ros2_pkg/ros2_pkg/srv/detail/odd_even_check__struct.hpp
[6.683s] -- Up-to-date symlink: /media/psf/Developer/Robotics/char-01/install/ros2_pkg/include/ros2_pkg/ros2_pkg/srv/detail/odd_even_check__traits.hpp
[6.683s] -- Up-to-date symlink: /media/psf/Developer/Robotics/char-01/install/ros2_pkg/include/ros2_pkg/ros2_pkg/srv/detail/turn_camera__builder.hpp
[6.683s] -- Up-to-date symlink: /media/psf/Developer/Robotics/char-01/install/ros2_pkg/include/ros2_pkg/ros2_pkg/srv/detail/turn_camera__struct.hpp
[6.685s] -- Up-to-date symlink: /media/psf/Developer/Robotics/char-01/install/ros2_pkg/include/ros2_pkg/ros2_pkg/srv/detail/turn_camera__traits.hpp
[6.685s] -- Up-to-date symlink: /media/psf/Developer/Robotics/char-01/install/ros2_pkg/include/ros2_pkg/ros2_pkg/srv/odd_even_check.hpp
[6.686s] -- Up-to-date symlink: /media/psf/Developer/Robotics/char-01/install/ros2_pkg/include/ros2_pkg/ros2_pkg/srv/turn_camera.hpp
[6.691s] -- Up-to-date symlink: /media/psf/Developer/Robotics/char-01/install/ros2_pkg/include/ros2_pkg/ros2_pkg/action/detail/navigate__rosidl_typesupport_fastrtps_cpp.hpp
[6.691s] -- Up-to-date symlink: /media/psf/Developer/Robotics/char-01/install/ros2_pkg/include/ros2_pkg/ros2_pkg/msg/rosidl_typesupport_fastrtps_cpp__visibility_control.h
[6.692s] -- Up-to-date symlink: /media/psf/Developer/Robotics/char-01/install/ros2_pkg/include/ros2_pkg/ros2_pkg/srv/detail/odd_even_check__rosidl_typesupport_fastrtps_cpp.hpp
[6.692s] -- Up-to-date symlink: /media/psf/Developer/Robotics/char-01/install/ros2_pkg/include/ros2_pkg/ros2_pkg/srv/detail/turn_camera__rosidl_typesupport_fastrtps_cpp.hpp
[6.696s] -- Up-to-date symlink: /media/psf/Developer/Robotics/char-01/install/ros2_pkg/include/ros2_pkg/ros2_pkg/action/detail/navigate__rosidl_typesupport_introspection_c.h
[6.697s] -- Up-to-date symlink: /media/psf/Developer/Robotics/char-01/install/ros2_pkg/include/ros2_pkg/ros2_pkg/msg/rosidl_typesupport_introspection_c__visibility_control.h
[6.697s] -- Up-to-date symlink: /media/psf/Developer/Robotics/char-01/install/ros2_pkg/include/ros2_pkg/ros2_pkg/srv/detail/odd_even_check__rosidl_typesupport_introspection_c.h
[6.698s] -- Up-to-date symlink: /media/psf/Developer/Robotics/char-01/install/ros2_pkg/include/ros2_pkg/ros2_pkg/srv/detail/turn_camera__rosidl_typesupport_introspection_c.h
[6.700s] -- Up-to-date symlink: /media/psf/Developer/Robotics/char-01/install/ros2_pkg/include/ros2_pkg/ros2_pkg/action/detail/navigate__rosidl_typesupport_introspection_cpp.hpp
[6.700s] -- Up-to-date symlink: /media/psf/Developer/Robotics/char-01/install/ros2_pkg/include/ros2_pkg/ros2_pkg/srv/detail/odd_even_check__rosidl_typesupport_introspection_cpp.hpp
[6.700s] -- Up-to-date symlink: /media/psf/Developer/Robotics/char-01/install/ros2_pkg/include/ros2_pkg/ros2_pkg/srv/detail/turn_camera__rosidl_typesupport_introspection_cpp.hpp
[6.701s] -- Up-to-date symlink: /media/psf/Developer/Robotics/char-01/install/ros2_pkg/share/ros2_pkg/environment/pythonpath.sh
[6.701s] -- Up-to-date symlink: /media/psf/Developer/Robotics/char-01/install/ros2_pkg/share/ros2_pkg/environment/pythonpath.dsv
[6.703s] -- Up-to-date symlink: /media/psf/Developer/Robotics/char-01/install/ros2_pkg/local/lib/python3.10/dist-packages/ros2_pkg-0.0.0-py3.10.egg-info/PKG-INFO
[6.703s] -- Up-to-date symlink: /media/psf/Developer/Robotics/char-01/install/ros2_pkg/local/lib/python3.10/dist-packages/ros2_pkg-0.0.0-py3.10.egg-info/SOURCES.txt
[6.704s] -- Up-to-date symlink: /media/psf/Developer/Robotics/char-01/install/ros2_pkg/local/lib/python3.10/dist-packages/ros2_pkg-0.0.0-py3.10.egg-info/dependency_links.txt
[6.704s] -- Up-to-date symlink: /media/psf/Developer/Robotics/char-01/install/ros2_pkg/local/lib/python3.10/dist-packages/ros2_pkg-0.0.0-py3.10.egg-info/top_level.txt
[6.708s] -- Up-to-date symlink: /media/psf/Developer/Robotics/char-01/install/ros2_pkg/local/lib/python3.10/dist-packages/ros2_pkg/__init__.py
[6.708s] -- Up-to-date symlink: /media/psf/Developer/Robotics/char-01/install/ros2_pkg/local/lib/python3.10/dist-packages/ros2_pkg/_ros2_pkg_s.ep.rosidl_typesupport_c.c
[6.708s] -- Up-to-date symlink: /media/psf/Developer/Robotics/char-01/install/ros2_pkg/local/lib/python3.10/dist-packages/ros2_pkg/_ros2_pkg_s.ep.rosidl_typesupport_fastrtps_c.c
[6.709s] -- Up-to-date symlink: /media/psf/Developer/Robotics/char-01/install/ros2_pkg/local/lib/python3.10/dist-packages/ros2_pkg/_ros2_pkg_s.ep.rosidl_typesupport_introspection_c.c
[6.709s] -- Up-to-date symlink: /media/psf/Developer/Robotics/char-01/install/ros2_pkg/local/lib/python3.10/dist-packages/ros2_pkg/action/__init__.py
[6.710s] -- Up-to-date symlink: /media/psf/Developer/Robotics/char-01/install/ros2_pkg/local/lib/python3.10/dist-packages/ros2_pkg/action/_navigate.py
[6.710s] -- Up-to-date symlink: /media/psf/Developer/Robotics/char-01/install/ros2_pkg/local/lib/python3.10/dist-packages/ros2_pkg/action/_navigate_s.c
[6.711s] -- Up-to-date symlink: /media/psf/Developer/Robotics/char-01/install/ros2_pkg/local/lib/python3.10/dist-packages/ros2_pkg/libros2_pkg__rosidl_generator_py.so
[6.711s] -- Up-to-date symlink: /media/psf/Developer/Robotics/char-01/install/ros2_pkg/local/lib/python3.10/dist-packages/ros2_pkg/ros2_pkg_s__rosidl_typesupport_c.cpython-310-aarch64-linux-gnu.so
[6.712s] -- Up-to-date symlink: /media/psf/Developer/Robotics/char-01/install/ros2_pkg/local/lib/python3.10/dist-packages/ros2_pkg/ros2_pkg_s__rosidl_typesupport_fastrtps_c.cpython-310-aarch64-linux-gnu.so
[6.712s] -- Up-to-date symlink: /media/psf/Developer/Robotics/char-01/install/ros2_pkg/local/lib/python3.10/dist-packages/ros2_pkg/ros2_pkg_s__rosidl_typesupport_introspection_c.cpython-310-aarch64-linux-gnu.so
[6.713s] -- Up-to-date symlink: /media/psf/Developer/Robotics/char-01/install/ros2_pkg/local/lib/python3.10/dist-packages/ros2_pkg/srv/__init__.py
[6.713s] -- Up-to-date symlink: /media/psf/Developer/Robotics/char-01/install/ros2_pkg/local/lib/python3.10/dist-packages/ros2_pkg/srv/_odd_even_check.py
[6.714s] -- Up-to-date symlink: /media/psf/Developer/Robotics/char-01/install/ros2_pkg/local/lib/python3.10/dist-packages/ros2_pkg/srv/_odd_even_check_s.c
[6.714s] -- Up-to-date symlink: /media/psf/Developer/Robotics/char-01/install/ros2_pkg/local/lib/python3.10/dist-packages/ros2_pkg/srv/_turn_camera.py
[6.714s] -- Up-to-date symlink: /media/psf/Developer/Robotics/char-01/install/ros2_pkg/local/lib/python3.10/dist-packages/ros2_pkg/srv/_turn_camera_s.c
[6.715s] -- Up-to-date symlink: /media/psf/Developer/Robotics/char-01/install/ros2_pkg/local/lib/python3.10/dist-packages/ros2_pkg/ros2_pkg_s__rosidl_typesupport_fastrtps_c.cpython-310-aarch64-linux-gnu.so
[6.717s] -- Up-to-date symlink: /media/psf/Developer/Robotics/char-01/install/ros2_pkg/local/lib/python3.10/dist-packages/ros2_pkg/ros2_pkg_s__rosidl_typesupport_introspection_c.cpython-310-aarch64-linux-gnu.so
[6.717s] -- Up-to-date symlink: /media/psf/Developer/Robotics/char-01/install/ros2_pkg/local/lib/python3.10/dist-packages/ros2_pkg/ros2_pkg_s__rosidl_typesupport_c.cpython-310-aarch64-linux-gnu.so
[6.718s] -- Up-to-date symlink: /media/psf/Developer/Robotics/char-01/install/ros2_pkg/share/ros2_pkg/srv/OddEvenCheck.idl
[6.719s] -- Up-to-date symlink: /media/psf/Developer/Robotics/char-01/install/ros2_pkg/share/ros2_pkg/srv/TurnCamera.idl
[6.719s] -- Up-to-date symlink: /media/psf/Developer/Robotics/char-01/install/ros2_pkg/share/ros2_pkg/action/Navigate.idl
[6.720s] -- Up-to-date symlink: /media/psf/Developer/Robotics/char-01/install/ros2_pkg/share/ros2_pkg/srv/OddEvenCheck.srv
[6.721s] -- Up-to-date symlink: /media/psf/Developer/Robotics/char-01/install/ros2_pkg/share/ros2_pkg/srv/OddEvenCheck_Request.msg
[6.721s] -- Up-to-date symlink: /media/psf/Developer/Robotics/char-01/install/ros2_pkg/share/ros2_pkg/srv/OddEvenCheck_Response.msg
[6.721s] -- Up-to-date symlink: /media/psf/Developer/Robotics/char-01/install/ros2_pkg/share/ros2_pkg/srv/TurnCamera.srv
[6.722s] -- Up-to-date symlink: /media/psf/Developer/Robotics/char-01/install/ros2_pkg/share/ros2_pkg/srv/TurnCamera_Request.msg
[6.722s] -- Up-to-date symlink: /media/psf/Developer/Robotics/char-01/install/ros2_pkg/share/ros2_pkg/srv/TurnCamera_Response.msg
[6.723s] -- Up-to-date symlink: /media/psf/Developer/Robotics/char-01/install/ros2_pkg/share/ros2_pkg/action/Navigate.action
[6.724s] -- Up-to-date symlink: /media/psf/Developer/Robotics/char-01/install/ros2_pkg/lib/ros2_pkg/publisher
[6.725s] -- Up-to-date symlink: /media/psf/Developer/Robotics/char-01/install/ros2_pkg/lib/ros2_pkg/subscriber
[6.725s] -- Up-to-date symlink: /media/psf/Developer/Robotics/char-01/install/ros2_pkg/lib/ros2_pkg/rpm_pub
[6.726s] -- Up-to-date symlink: /media/psf/Developer/Robotics/char-01/install/ros2_pkg/lib/ros2_pkg/speed_calc
[6.727s] -- Up-to-date symlink: /media/psf/Developer/Robotics/char-01/install/ros2_pkg/lib/ros2_pkg/service_server
[6.727s] -- Up-to-date symlink: /media/psf/Developer/Robotics/char-01/install/ros2_pkg/lib/ros2_pkg/service_client
[6.728s] -- Up-to-date symlink: /media/psf/Developer/Robotics/char-01/install/ros2_pkg/lib/ros2_pkg/turn_camera_service
[6.728s] -- Up-to-date symlink: /media/psf/Developer/Robotics/char-01/install/ros2_pkg/lib/ros2_pkg/turn_camera_client
[6.729s] -- Up-to-date symlink: /media/psf/Developer/Robotics/char-01/install/ros2_pkg/lib/ros2_pkg/action_server
[6.729s] -- Up-to-date symlink: /media/psf/Developer/Robotics/char-01/install/ros2_pkg/lib/ros2_pkg/action_client
[6.730s] -- Up-to-date symlink: /media/psf/Developer/Robotics/char-01/install/ros2_pkg/lib/ros2_pkg/lidar_node
[6.731s] -- Up-to-date symlink: /media/psf/Developer/Robotics/char-01/install/ros2_pkg/share/ros2_pkg//launch/__pycache__/robot_state_publisher.launch.cpython-310.pyc
[6.732s] -- Up-to-date symlink: /media/psf/Developer/Robotics/char-01/install/ros2_pkg/share/ros2_pkg//launch/char_01.launch.py
[6.732s] -- Up-to-date symlink: /media/psf/Developer/Robotics/char-01/install/ros2_pkg/share/ros2_pkg//launch/launch_project.launch.py
[6.732s] -- Up-to-date symlink: /media/psf/Developer/Robotics/char-01/install/ros2_pkg/share/ros2_pkg//launch/rpm_node.launch.py
[6.733s] -- Up-to-date symlink: /media/psf/Developer/Robotics/char-01/install/ros2_pkg/share/ament_index/resource_index/package_run_dependencies/ros2_pkg
[6.733s] -- Up-to-date symlink: /media/psf/Developer/Robotics/char-01/install/ros2_pkg/share/ament_index/resource_index/parent_prefix_path/ros2_pkg
[6.736s] -- Up-to-date symlink: /media/psf/Developer/Robotics/char-01/install/ros2_pkg/share/ros2_pkg/environment/ament_prefix_path.sh
[6.736s] -- Up-to-date symlink: /media/psf/Developer/Robotics/char-01/install/ros2_pkg/share/ros2_pkg/environment/ament_prefix_path.dsv
[6.737s] -- Up-to-date symlink: /media/psf/Developer/Robotics/char-01/install/ros2_pkg/share/ros2_pkg/environment/path.sh
[6.737s] -- Up-to-date symlink: /media/psf/Developer/Robotics/char-01/install/ros2_pkg/share/ros2_pkg/environment/path.dsv
[6.738s] -- Up-to-date symlink: /media/psf/Developer/Robotics/char-01/install/ros2_pkg/share/ros2_pkg/local_setup.bash
[6.738s] -- Up-to-date symlink: /media/psf/Developer/Robotics/char-01/install/ros2_pkg/share/ros2_pkg/local_setup.sh
[6.739s] -- Up-to-date symlink: /media/psf/Developer/Robotics/char-01/install/ros2_pkg/share/ros2_pkg/local_setup.zsh
[6.739s] -- Up-to-date symlink: /media/psf/Developer/Robotics/char-01/install/ros2_pkg/share/ros2_pkg/local_setup.dsv
[6.740s] -- Symlinking: /media/psf/Developer/Robotics/char-01/install/ros2_pkg/share/ros2_pkg/package.dsv
[6.751s] -- Up-to-date symlink: /media/psf/Developer/Robotics/char-01/install/ros2_pkg/share/ament_index/resource_index/packages/ros2_pkg
[6.751s] -- Up-to-date symlink: /media/psf/Developer/Robotics/char-01/install/ros2_pkg/share/ros2_pkg/cmake/rosidl_cmake-extras.cmake
[6.752s] -- Up-to-date symlink: /media/psf/Developer/Robotics/char-01/install/ros2_pkg/share/ros2_pkg/cmake/ament_cmake_export_dependencies-extras.cmake
[6.752s] -- Up-to-date symlink: /media/psf/Developer/Robotics/char-01/install/ros2_pkg/share/ros2_pkg/cmake/ament_cmake_export_include_directories-extras.cmake
[6.753s] -- Up-to-date symlink: /media/psf/Developer/Robotics/char-01/install/ros2_pkg/share/ros2_pkg/cmake/ament_cmake_export_libraries-extras.cmake
[6.753s] -- Up-to-date symlink: /media/psf/Developer/Robotics/char-01/install/ros2_pkg/share/ros2_pkg/cmake/ament_cmake_export_targets-extras.cmake
[6.754s] -- Up-to-date symlink: /media/psf/Developer/Robotics/char-01/install/ros2_pkg/share/ros2_pkg/cmake/rosidl_cmake_export_typesupport_targets-extras.cmake
[6.754s] -- Up-to-date symlink: /media/psf/Developer/Robotics/char-01/install/ros2_pkg/share/ros2_pkg/cmake/rosidl_cmake_export_typesupport_libraries-extras.cmake
[6.755s] -- Up-to-date symlink: /media/psf/Developer/Robotics/char-01/install/ros2_pkg/share/ros2_pkg/cmake/ros2_pkgConfig.cmake
[6.756s] -- Up-to-date symlink: /media/psf/Developer/Robotics/char-01/install/ros2_pkg/share/ros2_pkg/cmake/ros2_pkgConfig-version.cmake
[6.756s] -- Up-to-date symlink: /media/psf/Developer/Robotics/char-01/install/ros2_pkg/share/ros2_pkg/package.xml
[6.758s] -- Up-to-date: /media/psf/Developer/Robotics/char-01/install/ros2_pkg/lib/libros2_pkg__rosidl_generator_c.so
[6.759s] -- Up-to-date: /media/psf/Developer/Robotics/char-01/install/ros2_pkg/lib/libros2_pkg__rosidl_typesupport_fastrtps_c.so
[6.761s] -- Up-to-date: /media/psf/Developer/Robotics/char-01/install/ros2_pkg/lib/libros2_pkg__rosidl_typesupport_fastrtps_cpp.so
[6.763s] -- Up-to-date: /media/psf/Developer/Robotics/char-01/install/ros2_pkg/lib/libros2_pkg__rosidl_typesupport_introspection_c.so
[6.764s] -- Up-to-date: /media/psf/Developer/Robotics/char-01/install/ros2_pkg/lib/libros2_pkg__rosidl_typesupport_c.so
[6.766s] -- Up-to-date: /media/psf/Developer/Robotics/char-01/install/ros2_pkg/lib/libros2_pkg__rosidl_typesupport_introspection_cpp.so
[6.767s] -- Up-to-date: /media/psf/Developer/Robotics/char-01/install/ros2_pkg/lib/libros2_pkg__rosidl_typesupport_cpp.so
[6.815s] Listing '/media/psf/Developer/Robotics/char-01/install/ros2_pkg/local/lib/python3.10/dist-packages/ros2_pkg'...
[6.815s] Listing '/media/psf/Developer/Robotics/char-01/install/ros2_pkg/local/lib/python3.10/dist-packages/ros2_pkg/action'...
[6.815s] Listing '/media/psf/Developer/Robotics/char-01/install/ros2_pkg/local/lib/python3.10/dist-packages/ros2_pkg/srv'...
[6.819s] -- Up-to-date: /media/psf/Developer/Robotics/char-01/install/ros2_pkg/lib/libros2_pkg__rosidl_generator_py.so
[6.821s] -- Up-to-date: /media/psf/Developer/Robotics/char-01/install/ros2_pkg/share/ros2_pkg/cmake/export_ros2_pkg__rosidl_generator_cExport.cmake
[6.821s] -- Up-to-date: /media/psf/Developer/Robotics/char-01/install/ros2_pkg/share/ros2_pkg/cmake/export_ros2_pkg__rosidl_generator_cExport-noconfig.cmake
[6.822s] -- Up-to-date: /media/psf/Developer/Robotics/char-01/install/ros2_pkg/share/ros2_pkg/cmake/export_ros2_pkg__rosidl_typesupport_fastrtps_cExport.cmake
[6.822s] -- Up-to-date: /media/psf/Developer/Robotics/char-01/install/ros2_pkg/share/ros2_pkg/cmake/export_ros2_pkg__rosidl_typesupport_fastrtps_cExport-noconfig.cmake
[6.823s] -- Up-to-date: /media/psf/Developer/Robotics/char-01/install/ros2_pkg/share/ros2_pkg/cmake/export_ros2_pkg__rosidl_generator_cppExport.cmake
[6.824s] -- Up-to-date: /media/psf/Developer/Robotics/char-01/install/ros2_pkg/share/ros2_pkg/cmake/export_ros2_pkg__rosidl_typesupport_fastrtps_cppExport.cmake
[6.825s] -- Up-to-date: /media/psf/Developer/Robotics/char-01/install/ros2_pkg/share/ros2_pkg/cmake/export_ros2_pkg__rosidl_typesupport_fastrtps_cppExport-noconfig.cmake
[6.826s] -- Up-to-date: /media/psf/Developer/Robotics/char-01/install/ros2_pkg/share/ros2_pkg/cmake/ros2_pkg__rosidl_typesupport_introspection_cExport.cmake
[6.826s] -- Up-to-date: /media/psf/Developer/Robotics/char-01/install/ros2_pkg/share/ros2_pkg/cmake/ros2_pkg__rosidl_typesupport_introspection_cExport-noconfig.cmake
[6.827s] -- Up-to-date: /media/psf/Developer/Robotics/char-01/install/ros2_pkg/share/ros2_pkg/cmake/ros2_pkg__rosidl_typesupport_cExport.cmake
[6.827s] -- Up-to-date: /media/psf/Developer/Robotics/char-01/install/ros2_pkg/share/ros2_pkg/cmake/ros2_pkg__rosidl_typesupport_cExport-noconfig.cmake
[6.828s] -- Up-to-date: /media/psf/Developer/Robotics/char-01/install/ros2_pkg/share/ros2_pkg/cmake/ros2_pkg__rosidl_typesupport_introspection_cppExport.cmake
[6.829s] -- Up-to-date: /media/psf/Developer/Robotics/char-01/install/ros2_pkg/share/ros2_pkg/cmake/ros2_pkg__rosidl_typesupport_introspection_cppExport-noconfig.cmake
[6.830s] -- Up-to-date: /media/psf/Developer/Robotics/char-01/install/ros2_pkg/share/ros2_pkg/cmake/ros2_pkg__rosidl_typesupport_cppExport.cmake
[6.830s] -- Up-to-date: /media/psf/Developer/Robotics/char-01/install/ros2_pkg/share/ros2_pkg/cmake/ros2_pkg__rosidl_typesupport_cppExport-noconfig.cmake
[6.831s] -- Up-to-date: /media/psf/Developer/Robotics/char-01/install/ros2_pkg/share/ros2_pkg/cmake/export_ros2_pkg__rosidl_generator_pyExport.cmake
[6.831s] -- Up-to-date: /media/psf/Developer/Robotics/char-01/install/ros2_pkg/share/ros2_pkg/cmake/export_ros2_pkg__rosidl_generator_pyExport-noconfig.cmake
[6.840s] Invoked command in '/media/psf/Developer/Robotics/char-01/build/ros2_pkg' returned '0': CMAKE_PREFIX_PATH=${CMAKE_PREFIX_PATH}:/opt/ros/humble /usr/bin/cmake --install /media/psf/Developer/Robotics/char-01/build/ros2_pkg
