[0.066s] Invoking command in '/media/psf/Developer/Robotics/char-01/build/ros2_pkg': CMAKE_PREFIX_PATH=${CMAKE_PREFIX_PATH}:/opt/ros/humble CONDA_PROMPT_MODIFIER=(base) /usr/bin/cmake --build /media/psf/Developer/Robotics/char-01/build/ros2_pkg -- -j2 -l2
[0.199s] [  1%] Built target ros2_pkg__cpp
[0.213s] [  8%] Built target ros2_pkg__rosidl_generator_c
[0.256s] [  8%] Built target ament_cmake_python_symlink_ros2_pkg
[0.266s] [ 11%] Built target publisher
[0.307s] [ 14%] Built target subscriber
[0.322s] [ 17%] Built target rpm_pub
[0.370s] [ 20%] Built target speed_calc
[0.383s] [ 23%] Built target lidar_node
[0.433s] [ 30%] Built target ros2_pkg__rosidl_typesupport_cpp
[0.440s] [ 37%] Built target ros2_pkg__rosidl_typesupport_fastrtps_c
[0.491s] [ 44%] Built target ros2_pkg__rosidl_typesupport_fastrtps_cpp
[0.497s] [ 52%] Built target ros2_pkg__rosidl_typesupport_introspection_c
[0.548s] [ 59%] Built target ros2_pkg__rosidl_typesupport_c
[0.565s] [ 66%] Built target ros2_pkg__rosidl_typesupport_introspection_cpp
[0.623s] [ 69%] Built target service_server
[0.685s] [ 72%] Built target service_client
[0.754s] [ 75%] Built target turn_camera_service
[0.755s] running egg_info
[0.755s] writing ros2_pkg.egg-info/PKG-INFO
[0.756s] writing dependency_links to ros2_pkg.egg-info/dependency_links.txt
[0.757s] writing top-level names to ros2_pkg.egg-info/top_level.txt
[0.761s] reading manifest file 'ros2_pkg.egg-info/SOURCES.txt'
[0.763s] writing manifest file 'ros2_pkg.egg-info/SOURCES.txt'
[0.792s] [ 75%] Built target ament_cmake_python_build_ros2_pkg_egg
[0.818s] [ 78%] Built target turn_camera_client
[0.857s] [ 81%] Built target action_server
[0.871s] [ 84%] Built target action_client
[0.900s] [ 84%] Built target ros2_pkg
[0.947s] [ 85%] Built target ros2_pkg__py
[0.992s] [ 91%] Built target ros2_pkg__rosidl_generator_py
[1.039s] [ 94%] Built target ros2_pkg__rosidl_typesupport_introspection_c__pyext
[1.041s] [ 97%] Built target ros2_pkg__rosidl_typesupport_fastrtps_c__pyext
[1.083s] [100%] Built target ros2_pkg__rosidl_typesupport_c__pyext
[1.107s] Invoked command in '/media/psf/Developer/Robotics/char-01/build/ros2_pkg' returned '0': CMAKE_PREFIX_PATH=${CMAKE_PREFIX_PATH}:/opt/ros/humble CONDA_PROMPT_MODIFIER=(base) /usr/bin/cmake --build /media/psf/Developer/Robotics/char-01/build/ros2_pkg -- -j2 -l2
[1.590s] Invoking command in '/media/psf/Developer/Robotics/char-01/build/ros2_pkg': CMAKE_PREFIX_PATH=${CMAKE_PREFIX_PATH}:/opt/ros/humble CONDA_PROMPT_MODIFIER=(base) /usr/bin/cmake --install /media/psf/Developer/Robotics/char-01/build/ros2_pkg
[1.609s] -- Install configuration: ""
[1.611s] -- Execute custom install script
[1.613s] -- Up-to-date symlink: /media/psf/Developer/Robotics/char-01/install/ros2_pkg/share/ament_index/resource_index/rosidl_interfaces/ros2_pkg
[1.617s] -- Up-to-date symlink: /media/psf/Developer/Robotics/char-01/install/ros2_pkg/include/ros2_pkg/ros2_pkg/action/detail/navigate__functions.h
[1.617s] -- Up-to-date symlink: /media/psf/Developer/Robotics/char-01/install/ros2_pkg/include/ros2_pkg/ros2_pkg/action/detail/navigate__struct.h
[1.618s] -- Up-to-date symlink: /media/psf/Developer/Robotics/char-01/install/ros2_pkg/include/ros2_pkg/ros2_pkg/action/detail/navigate__type_support.h
[1.618s] -- Up-to-date symlink: /media/psf/Developer/Robotics/char-01/install/ros2_pkg/include/ros2_pkg/ros2_pkg/action/navigate.h
[1.618s] -- Up-to-date symlink: /media/psf/Developer/Robotics/char-01/install/ros2_pkg/include/ros2_pkg/ros2_pkg/msg/rosidl_generator_c__visibility_control.h
[1.619s] -- Up-to-date symlink: /media/psf/Developer/Robotics/char-01/install/ros2_pkg/include/ros2_pkg/ros2_pkg/srv/detail/odd_even_check__functions.h
[1.619s] -- Up-to-date symlink: /media/psf/Developer/Robotics/char-01/install/ros2_pkg/include/ros2_pkg/ros2_pkg/srv/detail/odd_even_check__struct.h
[1.620s] -- Up-to-date symlink: /media/psf/Developer/Robotics/char-01/install/ros2_pkg/include/ros2_pkg/ros2_pkg/srv/detail/odd_even_check__type_support.h
[1.620s] -- Up-to-date symlink: /media/psf/Developer/Robotics/char-01/install/ros2_pkg/include/ros2_pkg/ros2_pkg/srv/detail/turn_camera__functions.h
[1.621s] -- Up-to-date symlink: /media/psf/Developer/Robotics/char-01/install/ros2_pkg/include/ros2_pkg/ros2_pkg/srv/detail/turn_camera__struct.h
[1.621s] -- Up-to-date symlink: /media/psf/Developer/Robotics/char-01/install/ros2_pkg/include/ros2_pkg/ros2_pkg/srv/detail/turn_camera__type_support.h
[1.621s] -- Up-to-date symlink: /media/psf/Developer/Robotics/char-01/install/ros2_pkg/include/ros2_pkg/ros2_pkg/srv/odd_even_check.h
[1.622s] -- Up-to-date symlink: /media/psf/Developer/Robotics/char-01/install/ros2_pkg/include/ros2_pkg/ros2_pkg/srv/turn_camera.h
[1.622s] -- Up-to-date symlink: /media/psf/Developer/Robotics/char-01/install/ros2_pkg/share/ros2_pkg/environment/library_path.sh
[1.623s] -- Up-to-date symlink: /media/psf/Developer/Robotics/char-01/install/ros2_pkg/share/ros2_pkg/environment/library_path.dsv
[1.626s] -- Up-to-date symlink: /media/psf/Developer/Robotics/char-01/install/ros2_pkg/include/ros2_pkg/ros2_pkg/action/detail/navigate__rosidl_typesupport_fastrtps_c.h
[1.627s] -- Up-to-date symlink: /media/psf/Developer/Robotics/char-01/install/ros2_pkg/include/ros2_pkg/ros2_pkg/msg/rosidl_typesupport_fastrtps_c__visibility_control.h
[1.629s] -- Up-to-date symlink: /media/psf/Developer/Robotics/char-01/install/ros2_pkg/include/ros2_pkg/ros2_pkg/srv/detail/odd_even_check__rosidl_typesupport_fastrtps_c.h
[1.629s] -- Up-to-date symlink: /media/psf/Developer/Robotics/char-01/install/ros2_pkg/include/ros2_pkg/ros2_pkg/srv/detail/turn_camera__rosidl_typesupport_fastrtps_c.h
[1.632s] -- Up-to-date symlink: /media/psf/Developer/Robotics/char-01/install/ros2_pkg/include/ros2_pkg/ros2_pkg/action/detail/navigate__builder.hpp
[1.632s] -- Up-to-date symlink: /media/psf/Developer/Robotics/char-01/install/ros2_pkg/include/ros2_pkg/ros2_pkg/action/detail/navigate__struct.hpp
[1.633s] -- Up-to-date symlink: /media/psf/Developer/Robotics/char-01/install/ros2_pkg/include/ros2_pkg/ros2_pkg/action/detail/navigate__traits.hpp
[1.633s] -- Up-to-date symlink: /media/psf/Developer/Robotics/char-01/install/ros2_pkg/include/ros2_pkg/ros2_pkg/action/navigate.hpp
[1.634s] -- Up-to-date symlink: /media/psf/Developer/Robotics/char-01/install/ros2_pkg/include/ros2_pkg/ros2_pkg/srv/detail/odd_even_check__builder.hpp
[1.634s] -- Up-to-date symlink: /media/psf/Developer/Robotics/char-01/install/ros2_pkg/include/ros2_pkg/ros2_pkg/srv/detail/odd_even_check__struct.hpp
[1.635s] -- Up-to-date symlink: /media/psf/Developer/Robotics/char-01/install/ros2_pkg/include/ros2_pkg/ros2_pkg/srv/detail/odd_even_check__traits.hpp
[1.635s] -- Up-to-date symlink: /media/psf/Developer/Robotics/char-01/install/ros2_pkg/include/ros2_pkg/ros2_pkg/srv/detail/turn_camera__builder.hpp
[1.636s] -- Up-to-date symlink: /media/psf/Developer/Robotics/char-01/install/ros2_pkg/include/ros2_pkg/ros2_pkg/srv/detail/turn_camera__struct.hpp
[1.636s] -- Up-to-date symlink: /media/psf/Developer/Robotics/char-01/install/ros2_pkg/include/ros2_pkg/ros2_pkg/srv/detail/turn_camera__traits.hpp
[1.636s] -- Up-to-date symlink: /media/psf/Developer/Robotics/char-01/install/ros2_pkg/include/ros2_pkg/ros2_pkg/srv/odd_even_check.hpp
[1.637s] -- Up-to-date symlink: /media/psf/Developer/Robotics/char-01/install/ros2_pkg/include/ros2_pkg/ros2_pkg/srv/turn_camera.hpp
[1.641s] -- Up-to-date symlink: /media/psf/Developer/Robotics/char-01/install/ros2_pkg/include/ros2_pkg/ros2_pkg/action/detail/navigate__rosidl_typesupport_fastrtps_cpp.hpp
[1.642s] -- Up-to-date symlink: /media/psf/Developer/Robotics/char-01/install/ros2_pkg/include/ros2_pkg/ros2_pkg/msg/rosidl_typesupport_fastrtps_cpp__visibility_control.h
[1.642s] -- Up-to-date symlink: /media/psf/Developer/Robotics/char-01/install/ros2_pkg/include/ros2_pkg/ros2_pkg/srv/detail/odd_even_check__rosidl_typesupport_fastrtps_cpp.hpp
[1.643s] -- Up-to-date symlink: /media/psf/Developer/Robotics/char-01/install/ros2_pkg/include/ros2_pkg/ros2_pkg/srv/detail/turn_camera__rosidl_typesupport_fastrtps_cpp.hpp
[1.645s] -- Up-to-date symlink: /media/psf/Developer/Robotics/char-01/install/ros2_pkg/include/ros2_pkg/ros2_pkg/action/detail/navigate__rosidl_typesupport_introspection_c.h
[1.645s] -- Up-to-date symlink: /media/psf/Developer/Robotics/char-01/install/ros2_pkg/include/ros2_pkg/ros2_pkg/msg/rosidl_typesupport_introspection_c__visibility_control.h
[1.646s] -- Up-to-date symlink: /media/psf/Developer/Robotics/char-01/install/ros2_pkg/include/ros2_pkg/ros2_pkg/srv/detail/odd_even_check__rosidl_typesupport_introspection_c.h
[1.646s] -- Up-to-date symlink: /media/psf/Developer/Robotics/char-01/install/ros2_pkg/include/ros2_pkg/ros2_pkg/srv/detail/turn_camera__rosidl_typesupport_introspection_c.h
[1.648s] -- Up-to-date symlink: /media/psf/Developer/Robotics/char-01/install/ros2_pkg/include/ros2_pkg/ros2_pkg/action/detail/navigate__rosidl_typesupport_introspection_cpp.hpp
[1.648s] -- Up-to-date symlink: /media/psf/Developer/Robotics/char-01/install/ros2_pkg/include/ros2_pkg/ros2_pkg/srv/detail/odd_even_check__rosidl_typesupport_introspection_cpp.hpp
[1.649s] -- Up-to-date symlink: /media/psf/Developer/Robotics/char-01/install/ros2_pkg/include/ros2_pkg/ros2_pkg/srv/detail/turn_camera__rosidl_typesupport_introspection_cpp.hpp
[1.649s] -- Up-to-date symlink: /media/psf/Developer/Robotics/char-01/install/ros2_pkg/share/ros2_pkg/environment/pythonpath.sh
[1.650s] -- Up-to-date symlink: /media/psf/Developer/Robotics/char-01/install/ros2_pkg/share/ros2_pkg/environment/pythonpath.dsv
[1.651s] -- Up-to-date symlink: /media/psf/Developer/Robotics/char-01/install/ros2_pkg/local/lib/python3.10/dist-packages/ros2_pkg-0.0.0-py3.10.egg-info/PKG-INFO
[1.651s] -- Up-to-date symlink: /media/psf/Developer/Robotics/char-01/install/ros2_pkg/local/lib/python3.10/dist-packages/ros2_pkg-0.0.0-py3.10.egg-info/SOURCES.txt
[1.652s] -- Up-to-date symlink: /media/psf/Developer/Robotics/char-01/install/ros2_pkg/local/lib/python3.10/dist-packages/ros2_pkg-0.0.0-py3.10.egg-info/dependency_links.txt
[1.652s] -- Up-to-date symlink: /media/psf/Developer/Robotics/char-01/install/ros2_pkg/local/lib/python3.10/dist-packages/ros2_pkg-0.0.0-py3.10.egg-info/top_level.txt
[1.655s] -- Up-to-date symlink: /media/psf/Developer/Robotics/char-01/install/ros2_pkg/local/lib/python3.10/dist-packages/ros2_pkg/__init__.py
[1.655s] -- Up-to-date symlink: /media/psf/Developer/Robotics/char-01/install/ros2_pkg/local/lib/python3.10/dist-packages/ros2_pkg/_ros2_pkg_s.ep.rosidl_typesupport_c.c
[1.655s] -- Up-to-date symlink: /media/psf/Developer/Robotics/char-01/install/ros2_pkg/local/lib/python3.10/dist-packages/ros2_pkg/_ros2_pkg_s.ep.rosidl_typesupport_fastrtps_c.c
[1.656s] -- Up-to-date symlink: /media/psf/Developer/Robotics/char-01/install/ros2_pkg/local/lib/python3.10/dist-packages/ros2_pkg/_ros2_pkg_s.ep.rosidl_typesupport_introspection_c.c
[1.656s] -- Up-to-date symlink: /media/psf/Developer/Robotics/char-01/install/ros2_pkg/local/lib/python3.10/dist-packages/ros2_pkg/action/__init__.py
[1.657s] -- Up-to-date symlink: /media/psf/Developer/Robotics/char-01/install/ros2_pkg/local/lib/python3.10/dist-packages/ros2_pkg/action/_navigate.py
[1.657s] -- Up-to-date symlink: /media/psf/Developer/Robotics/char-01/install/ros2_pkg/local/lib/python3.10/dist-packages/ros2_pkg/action/_navigate_s.c
[1.658s] -- Up-to-date symlink: /media/psf/Developer/Robotics/char-01/install/ros2_pkg/local/lib/python3.10/dist-packages/ros2_pkg/libros2_pkg__rosidl_generator_py.so
[1.658s] -- Up-to-date symlink: /media/psf/Developer/Robotics/char-01/install/ros2_pkg/local/lib/python3.10/dist-packages/ros2_pkg/ros2_pkg_s__rosidl_typesupport_c.cpython-310-aarch64-linux-gnu.so
[1.659s] -- Up-to-date symlink: /media/psf/Developer/Robotics/char-01/install/ros2_pkg/local/lib/python3.10/dist-packages/ros2_pkg/ros2_pkg_s__rosidl_typesupport_fastrtps_c.cpython-310-aarch64-linux-gnu.so
[1.659s] -- Up-to-date symlink: /media/psf/Developer/Robotics/char-01/install/ros2_pkg/local/lib/python3.10/dist-packages/ros2_pkg/ros2_pkg_s__rosidl_typesupport_introspection_c.cpython-310-aarch64-linux-gnu.so
[1.659s] -- Up-to-date symlink: /media/psf/Developer/Robotics/char-01/install/ros2_pkg/local/lib/python3.10/dist-packages/ros2_pkg/srv/__init__.py
[1.660s] -- Up-to-date symlink: /media/psf/Developer/Robotics/char-01/install/ros2_pkg/local/lib/python3.10/dist-packages/ros2_pkg/srv/_odd_even_check.py
[1.660s] -- Up-to-date symlink: /media/psf/Developer/Robotics/char-01/install/ros2_pkg/local/lib/python3.10/dist-packages/ros2_pkg/srv/_odd_even_check_s.c
[1.661s] -- Up-to-date symlink: /media/psf/Developer/Robotics/char-01/install/ros2_pkg/local/lib/python3.10/dist-packages/ros2_pkg/srv/_turn_camera.py
[1.661s] -- Up-to-date symlink: /media/psf/Developer/Robotics/char-01/install/ros2_pkg/local/lib/python3.10/dist-packages/ros2_pkg/srv/_turn_camera_s.c
[1.662s] -- Up-to-date symlink: /media/psf/Developer/Robotics/char-01/install/ros2_pkg/local/lib/python3.10/dist-packages/ros2_pkg/ros2_pkg_s__rosidl_typesupport_fastrtps_c.cpython-310-aarch64-linux-gnu.so
[1.663s] -- Up-to-date symlink: /media/psf/Developer/Robotics/char-01/install/ros2_pkg/local/lib/python3.10/dist-packages/ros2_pkg/ros2_pkg_s__rosidl_typesupport_introspection_c.cpython-310-aarch64-linux-gnu.so
[1.663s] -- Up-to-date symlink: /media/psf/Developer/Robotics/char-01/install/ros2_pkg/local/lib/python3.10/dist-packages/ros2_pkg/ros2_pkg_s__rosidl_typesupport_c.cpython-310-aarch64-linux-gnu.so
[1.664s] -- Up-to-date symlink: /media/psf/Developer/Robotics/char-01/install/ros2_pkg/share/ros2_pkg/srv/OddEvenCheck.idl
[1.664s] -- Up-to-date symlink: /media/psf/Developer/Robotics/char-01/install/ros2_pkg/share/ros2_pkg/srv/TurnCamera.idl
[1.665s] -- Up-to-date symlink: /media/psf/Developer/Robotics/char-01/install/ros2_pkg/share/ros2_pkg/action/Navigate.idl
[1.666s] -- Up-to-date symlink: /media/psf/Developer/Robotics/char-01/install/ros2_pkg/share/ros2_pkg/srv/OddEvenCheck.srv
[1.666s] -- Up-to-date symlink: /media/psf/Developer/Robotics/char-01/install/ros2_pkg/share/ros2_pkg/srv/OddEvenCheck_Request.msg
[1.666s] -- Up-to-date symlink: /media/psf/Developer/Robotics/char-01/install/ros2_pkg/share/ros2_pkg/srv/OddEvenCheck_Response.msg
[1.667s] -- Up-to-date symlink: /media/psf/Developer/Robotics/char-01/install/ros2_pkg/share/ros2_pkg/srv/TurnCamera.srv
[1.667s] -- Up-to-date symlink: /media/psf/Developer/Robotics/char-01/install/ros2_pkg/share/ros2_pkg/srv/TurnCamera_Request.msg
[1.668s] -- Up-to-date symlink: /media/psf/Developer/Robotics/char-01/install/ros2_pkg/share/ros2_pkg/srv/TurnCamera_Response.msg
[1.668s] -- Up-to-date symlink: /media/psf/Developer/Robotics/char-01/install/ros2_pkg/share/ros2_pkg/action/Navigate.action
[1.669s] -- Up-to-date symlink: /media/psf/Developer/Robotics/char-01/install/ros2_pkg/lib/ros2_pkg/publisher
[1.670s] -- Up-to-date symlink: /media/psf/Developer/Robotics/char-01/install/ros2_pkg/lib/ros2_pkg/subscriber
[1.670s] -- Up-to-date symlink: /media/psf/Developer/Robotics/char-01/install/ros2_pkg/lib/ros2_pkg/rpm_pub
[1.671s] -- Up-to-date symlink: /media/psf/Developer/Robotics/char-01/install/ros2_pkg/lib/ros2_pkg/speed_calc
[1.671s] -- Up-to-date symlink: /media/psf/Developer/Robotics/char-01/install/ros2_pkg/lib/ros2_pkg/service_server
[1.671s] -- Up-to-date symlink: /media/psf/Developer/Robotics/char-01/install/ros2_pkg/lib/ros2_pkg/service_client
[1.672s] -- Up-to-date symlink: /media/psf/Developer/Robotics/char-01/install/ros2_pkg/lib/ros2_pkg/turn_camera_service
[1.672s] -- Up-to-date symlink: /media/psf/Developer/Robotics/char-01/install/ros2_pkg/lib/ros2_pkg/turn_camera_client
[1.673s] -- Up-to-date symlink: /media/psf/Developer/Robotics/char-01/install/ros2_pkg/lib/ros2_pkg/action_server
[1.673s] -- Up-to-date symlink: /media/psf/Developer/Robotics/char-01/install/ros2_pkg/lib/ros2_pkg/action_client
[1.674s] -- Up-to-date symlink: /media/psf/Developer/Robotics/char-01/install/ros2_pkg/lib/ros2_pkg/lidar_node
[1.675s] -- Up-to-date symlink: /media/psf/Developer/Robotics/char-01/install/ros2_pkg/share/ros2_pkg//launch/__pycache__/robot_state_publisher.launch.cpython-310.pyc
[1.675s] -- Up-to-date symlink: /media/psf/Developer/Robotics/char-01/install/ros2_pkg/share/ros2_pkg//launch/char_01.launch.py
[1.676s] -- Up-to-date symlink: /media/psf/Developer/Robotics/char-01/install/ros2_pkg/share/ros2_pkg//launch/launch_project.launch.py
[1.676s] -- Up-to-date symlink: /media/psf/Developer/Robotics/char-01/install/ros2_pkg/share/ros2_pkg//launch/rpm_node.launch.py
[1.677s] -- Up-to-date symlink: /media/psf/Developer/Robotics/char-01/install/ros2_pkg/share/ament_index/resource_index/package_run_dependencies/ros2_pkg
[1.677s] -- Up-to-date symlink: /media/psf/Developer/Robotics/char-01/install/ros2_pkg/share/ament_index/resource_index/parent_prefix_path/ros2_pkg
[1.678s] -- Up-to-date symlink: /media/psf/Developer/Robotics/char-01/install/ros2_pkg/share/ros2_pkg/environment/ament_prefix_path.sh
[1.678s] -- Up-to-date symlink: /media/psf/Developer/Robotics/char-01/install/ros2_pkg/share/ros2_pkg/environment/ament_prefix_path.dsv
[1.679s] -- Up-to-date symlink: /media/psf/Developer/Robotics/char-01/install/ros2_pkg/share/ros2_pkg/environment/path.sh
[1.679s] -- Up-to-date symlink: /media/psf/Developer/Robotics/char-01/install/ros2_pkg/share/ros2_pkg/environment/path.dsv
[1.679s] -- Up-to-date symlink: /media/psf/Developer/Robotics/char-01/install/ros2_pkg/share/ros2_pkg/local_setup.bash
[1.680s] -- Up-to-date symlink: /media/psf/Developer/Robotics/char-01/install/ros2_pkg/share/ros2_pkg/local_setup.sh
[1.680s] -- Up-to-date symlink: /media/psf/Developer/Robotics/char-01/install/ros2_pkg/share/ros2_pkg/local_setup.zsh
[1.681s] -- Up-to-date symlink: /media/psf/Developer/Robotics/char-01/install/ros2_pkg/share/ros2_pkg/local_setup.dsv
[1.681s] -- Symlinking: /media/psf/Developer/Robotics/char-01/install/ros2_pkg/share/ros2_pkg/package.dsv
[1.696s] -- Up-to-date symlink: /media/psf/Developer/Robotics/char-01/install/ros2_pkg/share/ament_index/resource_index/packages/ros2_pkg
[1.696s] -- Up-to-date symlink: /media/psf/Developer/Robotics/char-01/install/ros2_pkg/share/ros2_pkg/cmake/rosidl_cmake-extras.cmake
[1.697s] -- Up-to-date symlink: /media/psf/Developer/Robotics/char-01/install/ros2_pkg/share/ros2_pkg/cmake/ament_cmake_export_dependencies-extras.cmake
[1.697s] -- Up-to-date symlink: /media/psf/Developer/Robotics/char-01/install/ros2_pkg/share/ros2_pkg/cmake/ament_cmake_export_include_directories-extras.cmake
[1.698s] -- Up-to-date symlink: /media/psf/Developer/Robotics/char-01/install/ros2_pkg/share/ros2_pkg/cmake/ament_cmake_export_libraries-extras.cmake
[1.698s] -- Up-to-date symlink: /media/psf/Developer/Robotics/char-01/install/ros2_pkg/share/ros2_pkg/cmake/ament_cmake_export_targets-extras.cmake
[1.699s] -- Up-to-date symlink: /media/psf/Developer/Robotics/char-01/install/ros2_pkg/share/ros2_pkg/cmake/rosidl_cmake_export_typesupport_targets-extras.cmake
[1.699s] -- Up-to-date symlink: /media/psf/Developer/Robotics/char-01/install/ros2_pkg/share/ros2_pkg/cmake/rosidl_cmake_export_typesupport_libraries-extras.cmake
[1.700s] -- Up-to-date symlink: /media/psf/Developer/Robotics/char-01/install/ros2_pkg/share/ros2_pkg/cmake/ros2_pkgConfig.cmake
[1.700s] -- Up-to-date symlink: /media/psf/Developer/Robotics/char-01/install/ros2_pkg/share/ros2_pkg/cmake/ros2_pkgConfig-version.cmake
[1.701s] -- Up-to-date symlink: /media/psf/Developer/Robotics/char-01/install/ros2_pkg/share/ros2_pkg/package.xml
[1.702s] -- Up-to-date: /media/psf/Developer/Robotics/char-01/install/ros2_pkg/lib/libros2_pkg__rosidl_generator_c.so
[1.704s] -- Up-to-date: /media/psf/Developer/Robotics/char-01/install/ros2_pkg/lib/libros2_pkg__rosidl_typesupport_fastrtps_c.so
[1.706s] -- Up-to-date: /media/psf/Developer/Robotics/char-01/install/ros2_pkg/lib/libros2_pkg__rosidl_typesupport_fastrtps_cpp.so
[1.707s] -- Up-to-date: /media/psf/Developer/Robotics/char-01/install/ros2_pkg/lib/libros2_pkg__rosidl_typesupport_introspection_c.so
[1.708s] -- Up-to-date: /media/psf/Developer/Robotics/char-01/install/ros2_pkg/lib/libros2_pkg__rosidl_typesupport_c.so
[1.710s] -- Up-to-date: /media/psf/Developer/Robotics/char-01/install/ros2_pkg/lib/libros2_pkg__rosidl_typesupport_introspection_cpp.so
[1.712s] -- Up-to-date: /media/psf/Developer/Robotics/char-01/install/ros2_pkg/lib/libros2_pkg__rosidl_typesupport_cpp.so
[1.738s] Listing '/media/psf/Developer/Robotics/char-01/install/ros2_pkg/local/lib/python3.10/dist-packages/ros2_pkg'...
[1.739s] Listing '/media/psf/Developer/Robotics/char-01/install/ros2_pkg/local/lib/python3.10/dist-packages/ros2_pkg/action'...
[1.739s] Listing '/media/psf/Developer/Robotics/char-01/install/ros2_pkg/local/lib/python3.10/dist-packages/ros2_pkg/srv'...
[1.742s] -- Up-to-date: /media/psf/Developer/Robotics/char-01/install/ros2_pkg/lib/libros2_pkg__rosidl_generator_py.so
[1.743s] -- Up-to-date: /media/psf/Developer/Robotics/char-01/install/ros2_pkg/share/ros2_pkg/cmake/export_ros2_pkg__rosidl_generator_cExport.cmake
[1.744s] -- Up-to-date: /media/psf/Developer/Robotics/char-01/install/ros2_pkg/share/ros2_pkg/cmake/export_ros2_pkg__rosidl_generator_cExport-noconfig.cmake
[1.744s] -- Up-to-date: /media/psf/Developer/Robotics/char-01/install/ros2_pkg/share/ros2_pkg/cmake/export_ros2_pkg__rosidl_typesupport_fastrtps_cExport.cmake
[1.745s] -- Up-to-date: /media/psf/Developer/Robotics/char-01/install/ros2_pkg/share/ros2_pkg/cmake/export_ros2_pkg__rosidl_typesupport_fastrtps_cExport-noconfig.cmake
[1.745s] -- Up-to-date: /media/psf/Developer/Robotics/char-01/install/ros2_pkg/share/ros2_pkg/cmake/export_ros2_pkg__rosidl_generator_cppExport.cmake
[1.746s] -- Up-to-date: /media/psf/Developer/Robotics/char-01/install/ros2_pkg/share/ros2_pkg/cmake/export_ros2_pkg__rosidl_typesupport_fastrtps_cppExport.cmake
[1.746s] -- Up-to-date: /media/psf/Developer/Robotics/char-01/install/ros2_pkg/share/ros2_pkg/cmake/export_ros2_pkg__rosidl_typesupport_fastrtps_cppExport-noconfig.cmake
[1.747s] -- Up-to-date: /media/psf/Developer/Robotics/char-01/install/ros2_pkg/share/ros2_pkg/cmake/ros2_pkg__rosidl_typesupport_introspection_cExport.cmake
[1.747s] -- Up-to-date: /media/psf/Developer/Robotics/char-01/install/ros2_pkg/share/ros2_pkg/cmake/ros2_pkg__rosidl_typesupport_introspection_cExport-noconfig.cmake
[1.748s] -- Up-to-date: /media/psf/Developer/Robotics/char-01/install/ros2_pkg/share/ros2_pkg/cmake/ros2_pkg__rosidl_typesupport_cExport.cmake
[1.748s] -- Up-to-date: /media/psf/Developer/Robotics/char-01/install/ros2_pkg/share/ros2_pkg/cmake/ros2_pkg__rosidl_typesupport_cExport-noconfig.cmake
[1.750s] -- Up-to-date: /media/psf/Developer/Robotics/char-01/install/ros2_pkg/share/ros2_pkg/cmake/ros2_pkg__rosidl_typesupport_introspection_cppExport.cmake
[1.751s] -- Up-to-date: /media/psf/Developer/Robotics/char-01/install/ros2_pkg/share/ros2_pkg/cmake/ros2_pkg__rosidl_typesupport_introspection_cppExport-noconfig.cmake
[1.752s] -- Up-to-date: /media/psf/Developer/Robotics/char-01/install/ros2_pkg/share/ros2_pkg/cmake/ros2_pkg__rosidl_typesupport_cppExport.cmake
[1.752s] -- Up-to-date: /media/psf/Developer/Robotics/char-01/install/ros2_pkg/share/ros2_pkg/cmake/ros2_pkg__rosidl_typesupport_cppExport-noconfig.cmake
[1.753s] -- Up-to-date: /media/psf/Developer/Robotics/char-01/install/ros2_pkg/share/ros2_pkg/cmake/export_ros2_pkg__rosidl_generator_pyExport.cmake
[1.753s] -- Up-to-date: /media/psf/Developer/Robotics/char-01/install/ros2_pkg/share/ros2_pkg/cmake/export_ros2_pkg__rosidl_generator_pyExport-noconfig.cmake
[1.756s] Invoked command in '/media/psf/Developer/Robotics/char-01/build/ros2_pkg' returned '0': CMAKE_PREFIX_PATH=${CMAKE_PREFIX_PATH}:/opt/ros/humble CONDA_PROMPT_MODIFIER=(base) /usr/bin/cmake --install /media/psf/Developer/Robotics/char-01/build/ros2_pkg
