[0.440s] DEBUG:colcon:Command line arguments: ['/usr/bin/colcon', 'build']
[0.441s] DEBUG:colcon:Parsed command line arguments: Namespace(log_base=None, log_level=None, verb_name='build', build_base='build', install_base='install', merge_install=False, symlink_install=False, test_result_base=None, continue_on_error=False, executor='parallel', parallel_workers=2, event_handlers=None, ignore_user_meta=False, metas=['./colcon.meta'], base_paths=['.'], packages_ignore=None, packages_ignore_regex=None, paths=None, packages_up_to=None, packages_up_to_regex=None, packages_above=None, packages_above_and_dependencies=None, packages_above_depth=None, packages_select_by_dep=None, packages_skip_by_dep=None, packages_skip_up_to=None, packages_select_build_failed=False, packages_skip_build_finished=False, packages_select_test_failures=False, packages_skip_test_passed=False, packages_select=None, packages_skip=None, packages_select_regex=None, packages_skip_regex=None, packages_start=None, packages_end=None, allow_overriding=[], cmake_args=None, cmake_target=None, cmake_target_skip_unavailable=False, cmake_clean_cache=False, cmake_clean_first=False, cmake_force_configure=False, ament_cmake_args=None, catkin_cmake_args=None, catkin_skip_building_tests=False, verb_parser=<colcon_defaults.argument_parser.defaults.DefaultArgumentsDecorator object at 0xffffbd7c8970>, verb_extension=<colcon_core.verb.build.BuildVerb object at 0xffffbd7cb7f0>, main=<bound method BuildVerb.main of <colcon_core.verb.build.BuildVerb object at 0xffffbd7cb7f0>>)
[0.468s] Level 1:colcon.colcon_core.package_discovery:discover_packages(colcon_meta) check parameters
[0.468s] Level 1:colcon.colcon_core.package_discovery:discover_packages(recursive) check parameters
[0.468s] Level 1:colcon.colcon_core.package_discovery:discover_packages(ignore) check parameters
[0.468s] Level 1:colcon.colcon_core.package_discovery:discover_packages(path) check parameters
[0.468s] Level 1:colcon.colcon_core.package_discovery:discover_packages(colcon_meta) discover
[0.469s] Level 1:colcon.colcon_core.package_discovery:discover_packages(recursive) discover
[0.469s] INFO:colcon.colcon_core.package_discovery:Crawling recursively for packages in '/media/psf/Developer/Robotics/char-01'
[0.469s] Level 1:colcon.colcon_core.package_identification:_identify(.) by extensions ['ignore', 'ignore_ament_install']
[0.469s] Level 1:colcon.colcon_core.package_identification:_identify(.) by extension 'ignore'
[0.470s] Level 1:colcon.colcon_core.package_identification:_identify(.) by extension 'ignore_ament_install'
[0.470s] Level 1:colcon.colcon_core.package_identification:_identify(.) by extensions ['colcon_pkg']
[0.470s] Level 1:colcon.colcon_core.package_identification:_identify(.) by extension 'colcon_pkg'
[0.470s] Level 1:colcon.colcon_core.package_identification:_identify(.) by extensions ['colcon_meta']
[0.470s] Level 1:colcon.colcon_core.package_identification:_identify(.) by extension 'colcon_meta'
[0.470s] Level 1:colcon.colcon_core.package_identification:_identify(.) by extensions ['ros']
[0.470s] Level 1:colcon.colcon_core.package_identification:_identify(.) by extension 'ros'
[0.477s] Level 1:colcon.colcon_core.package_identification:_identify(.) by extensions ['cmake', 'python']
[0.477s] Level 1:colcon.colcon_core.package_identification:_identify(.) by extension 'cmake'
[0.477s] Level 1:colcon.colcon_core.package_identification:_identify(.) by extension 'python'
[0.477s] Level 1:colcon.colcon_core.package_identification:_identify(.) by extensions ['python_setup_py']
[0.477s] Level 1:colcon.colcon_core.package_identification:_identify(.) by extension 'python_setup_py'
[0.478s] Level 1:colcon.colcon_core.package_identification:_identify(build) by extensions ['ignore', 'ignore_ament_install']
[0.478s] Level 1:colcon.colcon_core.package_identification:_identify(build) by extension 'ignore'
[0.478s] Level 1:colcon.colcon_core.package_identification:_identify(build) ignored
[0.478s] Level 1:colcon.colcon_core.package_identification:_identify(install) by extensions ['ignore', 'ignore_ament_install']
[0.478s] Level 1:colcon.colcon_core.package_identification:_identify(install) by extension 'ignore'
[0.478s] Level 1:colcon.colcon_core.package_identification:_identify(install) ignored
[0.479s] Level 1:colcon.colcon_core.package_identification:_identify(log) by extensions ['ignore', 'ignore_ament_install']
[0.479s] Level 1:colcon.colcon_core.package_identification:_identify(log) by extension 'ignore'
[0.480s] Level 1:colcon.colcon_core.package_identification:_identify(log) ignored
[0.480s] Level 1:colcon.colcon_core.package_identification:_identify(ros2_pkg) by extensions ['ignore', 'ignore_ament_install']
[0.480s] Level 1:colcon.colcon_core.package_identification:_identify(ros2_pkg) by extension 'ignore'
[0.480s] Level 1:colcon.colcon_core.package_identification:_identify(ros2_pkg) by extension 'ignore_ament_install'
[0.481s] Level 1:colcon.colcon_core.package_identification:_identify(ros2_pkg) by extensions ['colcon_pkg']
[0.481s] Level 1:colcon.colcon_core.package_identification:_identify(ros2_pkg) by extension 'colcon_pkg'
[0.481s] Level 1:colcon.colcon_core.package_identification:_identify(ros2_pkg) by extensions ['colcon_meta']
[0.481s] Level 1:colcon.colcon_core.package_identification:_identify(ros2_pkg) by extension 'colcon_meta'
[0.481s] Level 1:colcon.colcon_core.package_identification:_identify(ros2_pkg) by extensions ['ros']
[0.481s] Level 1:colcon.colcon_core.package_identification:_identify(ros2_pkg) by extension 'ros'
[0.483s] DEBUG:colcon.colcon_core.package_identification:Package 'ros2_pkg' with type 'ros.ament_cmake' and name 'ros2_pkg'
[0.483s] Level 1:colcon.colcon_core.package_discovery:discover_packages(recursive) using defaults
[0.484s] Level 1:colcon.colcon_core.package_discovery:discover_packages(ignore) discover
[0.484s] Level 1:colcon.colcon_core.package_discovery:discover_packages(ignore) using defaults
[0.484s] Level 1:colcon.colcon_core.package_discovery:discover_packages(path) discover
[0.484s] Level 1:colcon.colcon_core.package_discovery:discover_packages(path) using defaults
[0.530s] Level 1:colcon.colcon_core.package_discovery:discover_packages(prefix_path) check parameters
[0.531s] Level 1:colcon.colcon_core.package_discovery:discover_packages(prefix_path) discover
[0.552s] DEBUG:colcon.colcon_installed_package_information.package_discovery:Found 1 installed packages in /media/psf/Developer/Robotics/char-01/ros2_pkg/install
[0.562s] DEBUG:colcon.colcon_installed_package_information.package_discovery:Found 1 installed packages in /media/psf/Developer/robotics/ros_env/install
[0.569s] DEBUG:colcon.colcon_installed_package_information.package_discovery:Found 289 installed packages in /opt/ros/humble
[0.570s] Level 1:colcon.colcon_core.package_discovery:discover_packages(prefix_path) using defaults
[0.629s] Level 5:colcon.colcon_core.verb:set package 'ros2_pkg' build argument 'cmake_args' from command line to 'None'
[0.629s] Level 5:colcon.colcon_core.verb:set package 'ros2_pkg' build argument 'cmake_target' from command line to 'None'
[0.629s] Level 5:colcon.colcon_core.verb:set package 'ros2_pkg' build argument 'cmake_target_skip_unavailable' from command line to 'False'
[0.630s] Level 5:colcon.colcon_core.verb:set package 'ros2_pkg' build argument 'cmake_clean_cache' from command line to 'False'
[0.630s] Level 5:colcon.colcon_core.verb:set package 'ros2_pkg' build argument 'cmake_clean_first' from command line to 'False'
[0.630s] Level 5:colcon.colcon_core.verb:set package 'ros2_pkg' build argument 'cmake_force_configure' from command line to 'False'
[0.630s] Level 5:colcon.colcon_core.verb:set package 'ros2_pkg' build argument 'ament_cmake_args' from command line to 'None'
[0.630s] Level 5:colcon.colcon_core.verb:set package 'ros2_pkg' build argument 'catkin_cmake_args' from command line to 'None'
[0.630s] Level 5:colcon.colcon_core.verb:set package 'ros2_pkg' build argument 'catkin_skip_building_tests' from command line to 'False'
[0.630s] DEBUG:colcon.colcon_core.verb:Building package 'ros2_pkg' with the following arguments: {'ament_cmake_args': None, 'build_base': '/media/psf/Developer/Robotics/char-01/build/ros2_pkg', 'catkin_cmake_args': None, 'catkin_skip_building_tests': False, 'cmake_args': None, 'cmake_clean_cache': False, 'cmake_clean_first': False, 'cmake_force_configure': False, 'cmake_target': None, 'cmake_target_skip_unavailable': False, 'install_base': '/media/psf/Developer/Robotics/char-01/install/ros2_pkg', 'merge_install': False, 'path': '/media/psf/Developer/Robotics/char-01/ros2_pkg', 'symlink_install': False, 'test_result_base': None}
[0.637s] INFO:colcon.colcon_core.executor:Executing jobs using 'parallel' executor
[0.645s] DEBUG:colcon.colcon_parallel_executor.executor.parallel:run_until_complete
[0.645s] INFO:colcon.colcon_ros.task.ament_cmake.build:Building ROS package in '/media/psf/Developer/Robotics/char-01/ros2_pkg' with build type 'ament_cmake'
[0.645s] INFO:colcon.colcon_cmake.task.cmake.build:Building CMake package in '/media/psf/Developer/Robotics/char-01/ros2_pkg'
[0.653s] INFO:colcon.colcon_core.plugin_system:Skipping extension 'colcon_core.shell.bat': Not used on non-Windows systems
[0.653s] INFO:colcon.colcon_core.shell:Skip shell extension 'powershell' for command environment: Not usable outside of PowerShell
[0.653s] DEBUG:colcon.colcon_core.shell:Skip shell extension 'dsv' for command environment
[0.703s] DEBUG:colcon.colcon_core.event_handler.log_command:Invoking command in '/media/psf/Developer/Robotics/char-01/build/ros2_pkg': CMAKE_PREFIX_PATH=${CMAKE_PREFIX_PATH}:/opt/ros/humble CONDA_PROMPT_MODIFIER=(base) /usr/bin/cmake --build /media/psf/Developer/Robotics/char-01/build/ros2_pkg -- -j2 -l2
[1.631s] DEBUG:colcon.colcon_core.event_handler.log_command:Invoked command in '/media/psf/Developer/Robotics/char-01/build/ros2_pkg' returned '0': CMAKE_PREFIX_PATH=${CMAKE_PREFIX_PATH}:/opt/ros/humble CONDA_PROMPT_MODIFIER=(base) /usr/bin/cmake --build /media/psf/Developer/Robotics/char-01/build/ros2_pkg -- -j2 -l2
[1.974s] DEBUG:colcon.colcon_core.event_handler.log_command:Invoking command in '/media/psf/Developer/Robotics/char-01/build/ros2_pkg': CMAKE_PREFIX_PATH=${CMAKE_PREFIX_PATH}:/opt/ros/humble CONDA_PROMPT_MODIFIER=(base) /usr/bin/cmake --install /media/psf/Developer/Robotics/char-01/build/ros2_pkg
[2.128s] Level 1:colcon.colcon_core.environment:create_environment_scripts_only(ros2_pkg)
[2.129s] DEBUG:colcon.colcon_core.event_handler.log_command:Invoked command in '/media/psf/Developer/Robotics/char-01/build/ros2_pkg' returned '0': CMAKE_PREFIX_PATH=${CMAKE_PREFIX_PATH}:/opt/ros/humble CONDA_PROMPT_MODIFIER=(base) /usr/bin/cmake --install /media/psf/Developer/Robotics/char-01/build/ros2_pkg
[2.136s] Level 1:colcon.colcon_core.environment:checking '/media/psf/Developer/Robotics/char-01/install/ros2_pkg' for CMake module files
[2.140s] Level 1:colcon.colcon_core.environment:checking '/media/psf/Developer/Robotics/char-01/install/ros2_pkg' for CMake config files
[2.148s] Level 1:colcon.colcon_core.shell:create_environment_hook('ros2_pkg', 'cmake_prefix_path')
[2.154s] INFO:colcon.colcon_core.shell:Creating environment hook '/media/psf/Developer/Robotics/char-01/install/ros2_pkg/share/ros2_pkg/hook/cmake_prefix_path.ps1'
[2.155s] INFO:colcon.colcon_core.shell:Creating environment descriptor '/media/psf/Developer/Robotics/char-01/install/ros2_pkg/share/ros2_pkg/hook/cmake_prefix_path.dsv'
[2.155s] INFO:colcon.colcon_core.shell:Creating environment hook '/media/psf/Developer/Robotics/char-01/install/ros2_pkg/share/ros2_pkg/hook/cmake_prefix_path.sh'
[2.156s] Level 1:colcon.colcon_core.environment:checking '/media/psf/Developer/Robotics/char-01/install/ros2_pkg/lib'
[2.157s] Level 1:colcon.colcon_core.shell:create_environment_hook('ros2_pkg', 'ld_library_path_lib')
[2.163s] INFO:colcon.colcon_core.shell:Creating environment hook '/media/psf/Developer/Robotics/char-01/install/ros2_pkg/share/ros2_pkg/hook/ld_library_path_lib.ps1'
[2.163s] INFO:colcon.colcon_core.shell:Creating environment descriptor '/media/psf/Developer/Robotics/char-01/install/ros2_pkg/share/ros2_pkg/hook/ld_library_path_lib.dsv'
[2.163s] INFO:colcon.colcon_core.shell:Creating environment hook '/media/psf/Developer/Robotics/char-01/install/ros2_pkg/share/ros2_pkg/hook/ld_library_path_lib.sh'
[2.164s] Level 1:colcon.colcon_core.environment:checking '/media/psf/Developer/Robotics/char-01/install/ros2_pkg/bin'
[2.164s] Level 1:colcon.colcon_core.environment:checking '/media/psf/Developer/Robotics/char-01/install/ros2_pkg/lib/pkgconfig/ros2_pkg.pc'
[2.164s] Level 1:colcon.colcon_core.environment:checking '/media/psf/Developer/Robotics/char-01/install/ros2_pkg/lib/python3.10/site-packages'
[2.164s] Level 1:colcon.colcon_core.environment:checking '/media/psf/Developer/Robotics/char-01/install/ros2_pkg/bin'
[2.170s] INFO:colcon.colcon_core.shell:Creating package script '/media/psf/Developer/Robotics/char-01/install/ros2_pkg/share/ros2_pkg/package.ps1'
[2.171s] INFO:colcon.colcon_core.shell:Creating package descriptor '/media/psf/Developer/Robotics/char-01/install/ros2_pkg/share/ros2_pkg/package.dsv'
[2.171s] INFO:colcon.colcon_core.shell:Creating package script '/media/psf/Developer/Robotics/char-01/install/ros2_pkg/share/ros2_pkg/package.sh'
[2.172s] INFO:colcon.colcon_core.shell:Creating package script '/media/psf/Developer/Robotics/char-01/install/ros2_pkg/share/ros2_pkg/package.bash'
[2.172s] INFO:colcon.colcon_core.shell:Creating package script '/media/psf/Developer/Robotics/char-01/install/ros2_pkg/share/ros2_pkg/package.zsh'
[2.173s] Level 1:colcon.colcon_core.environment:create_file_with_runtime_dependencies(/media/psf/Developer/Robotics/char-01/install/ros2_pkg/share/colcon-core/packages/ros2_pkg)
[2.528s] Level 1:colcon.colcon_core.environment:create_environment_scripts_only(ros2_pkg)
[2.534s] Level 1:colcon.colcon_core.environment:checking '/media/psf/Developer/Robotics/char-01/install/ros2_pkg' for CMake module files
[2.538s] Level 1:colcon.colcon_core.environment:checking '/media/psf/Developer/Robotics/char-01/install/ros2_pkg' for CMake config files
[2.546s] Level 1:colcon.colcon_core.shell:create_environment_hook('ros2_pkg', 'cmake_prefix_path')
[2.553s] INFO:colcon.colcon_core.shell:Creating environment hook '/media/psf/Developer/Robotics/char-01/install/ros2_pkg/share/ros2_pkg/hook/cmake_prefix_path.ps1'
[2.554s] INFO:colcon.colcon_core.shell:Creating environment descriptor '/media/psf/Developer/Robotics/char-01/install/ros2_pkg/share/ros2_pkg/hook/cmake_prefix_path.dsv'
[2.554s] INFO:colcon.colcon_core.shell:Creating environment hook '/media/psf/Developer/Robotics/char-01/install/ros2_pkg/share/ros2_pkg/hook/cmake_prefix_path.sh'
[2.555s] Level 1:colcon.colcon_core.environment:checking '/media/psf/Developer/Robotics/char-01/install/ros2_pkg/lib'
[2.555s] Level 1:colcon.colcon_core.shell:create_environment_hook('ros2_pkg', 'ld_library_path_lib')
[2.561s] INFO:colcon.colcon_core.shell:Creating environment hook '/media/psf/Developer/Robotics/char-01/install/ros2_pkg/share/ros2_pkg/hook/ld_library_path_lib.ps1'
[2.561s] INFO:colcon.colcon_core.shell:Creating environment descriptor '/media/psf/Developer/Robotics/char-01/install/ros2_pkg/share/ros2_pkg/hook/ld_library_path_lib.dsv'
[2.562s] INFO:colcon.colcon_core.shell:Creating environment hook '/media/psf/Developer/Robotics/char-01/install/ros2_pkg/share/ros2_pkg/hook/ld_library_path_lib.sh'
[2.562s] Level 1:colcon.colcon_core.environment:checking '/media/psf/Developer/Robotics/char-01/install/ros2_pkg/bin'
[2.562s] Level 1:colcon.colcon_core.environment:checking '/media/psf/Developer/Robotics/char-01/install/ros2_pkg/lib/pkgconfig/ros2_pkg.pc'
[2.563s] Level 1:colcon.colcon_core.environment:checking '/media/psf/Developer/Robotics/char-01/install/ros2_pkg/lib/python3.10/site-packages'
[2.563s] Level 1:colcon.colcon_core.environment:checking '/media/psf/Developer/Robotics/char-01/install/ros2_pkg/bin'
[2.569s] INFO:colcon.colcon_core.shell:Creating package script '/media/psf/Developer/Robotics/char-01/install/ros2_pkg/share/ros2_pkg/package.ps1'
[2.569s] INFO:colcon.colcon_core.shell:Creating package descriptor '/media/psf/Developer/Robotics/char-01/install/ros2_pkg/share/ros2_pkg/package.dsv'
[2.570s] INFO:colcon.colcon_core.shell:Creating package script '/media/psf/Developer/Robotics/char-01/install/ros2_pkg/share/ros2_pkg/package.sh'
[2.570s] INFO:colcon.colcon_core.shell:Creating package script '/media/psf/Developer/Robotics/char-01/install/ros2_pkg/share/ros2_pkg/package.bash'
[2.571s] INFO:colcon.colcon_core.shell:Creating package script '/media/psf/Developer/Robotics/char-01/install/ros2_pkg/share/ros2_pkg/package.zsh'
[2.571s] Level 1:colcon.colcon_core.environment:create_file_with_runtime_dependencies(/media/psf/Developer/Robotics/char-01/install/ros2_pkg/share/colcon-core/packages/ros2_pkg)
[2.572s] DEBUG:colcon.colcon_parallel_executor.executor.parallel:closing loop
[2.572s] DEBUG:colcon.colcon_parallel_executor.executor.parallel:loop closed
[2.572s] DEBUG:colcon.colcon_parallel_executor.executor.parallel:run_until_complete finished with '0'
[2.572s] DEBUG:colcon.colcon_core.event_reactor:joining thread
[2.588s] INFO:colcon.colcon_core.plugin_system:Skipping extension 'colcon_notification.desktop_notification.terminal_notifier': Not used on non-Darwin systems
[2.588s] INFO:colcon.colcon_core.plugin_system:Skipping extension 'colcon_notification.desktop_notification.win32': Not used on non-Windows systems
[2.588s] INFO:colcon.colcon_notification.desktop_notification:Sending desktop notification using 'notify2'
[2.596s] DEBUG:colcon.colcon_core.event_reactor:joined thread
[2.605s] INFO:colcon.colcon_core.shell:Creating prefix script '/media/psf/Developer/Robotics/char-01/install/local_setup.ps1'
[2.606s] INFO:colcon.colcon_core.shell:Creating prefix util module '/media/psf/Developer/Robotics/char-01/install/_local_setup_util_ps1.py'
[2.607s] INFO:colcon.colcon_core.shell:Creating prefix chain script '/media/psf/Developer/Robotics/char-01/install/setup.ps1'
[2.615s] INFO:colcon.colcon_core.shell:Creating prefix script '/media/psf/Developer/Robotics/char-01/install/local_setup.sh'
[2.615s] INFO:colcon.colcon_core.shell:Creating prefix util module '/media/psf/Developer/Robotics/char-01/install/_local_setup_util_sh.py'
[2.616s] INFO:colcon.colcon_core.shell:Creating prefix chain script '/media/psf/Developer/Robotics/char-01/install/setup.sh'
[2.625s] INFO:colcon.colcon_core.shell:Creating prefix script '/media/psf/Developer/Robotics/char-01/install/local_setup.bash'
[2.625s] INFO:colcon.colcon_core.shell:Creating prefix chain script '/media/psf/Developer/Robotics/char-01/install/setup.bash'
[2.634s] INFO:colcon.colcon_core.shell:Creating prefix script '/media/psf/Developer/Robotics/char-01/install/local_setup.zsh'
[2.634s] INFO:colcon.colcon_core.shell:Creating prefix chain script '/media/psf/Developer/Robotics/char-01/install/setup.zsh'
