[0.517s] DEBUG:colcon:Command line arguments: ['/usr/bin/colcon', 'build']
[0.517s] DEBUG:colcon:Parsed command line arguments: Namespace(log_base=None, log_level=None, verb_name='build', build_base='build', install_base='install', merge_install=False, symlink_install=False, test_result_base=None, continue_on_error=False, executor='parallel', parallel_workers=2, event_handlers=None, ignore_user_meta=False, metas=['./colcon.meta'], base_paths=['.'], packages_ignore=None, packages_ignore_regex=None, paths=None, packages_up_to=None, packages_up_to_regex=None, packages_above=None, packages_above_and_dependencies=None, packages_above_depth=None, packages_select_by_dep=None, packages_skip_by_dep=None, packages_skip_up_to=None, packages_select_build_failed=False, packages_skip_build_finished=False, packages_select_test_failures=False, packages_skip_test_passed=False, packages_select=None, packages_skip=None, packages_select_regex=None, packages_skip_regex=None, packages_start=None, packages_end=None, allow_overriding=[], cmake_args=None, cmake_target=None, cmake_target_skip_unavailable=False, cmake_clean_cache=False, cmake_clean_first=False, cmake_force_configure=False, ament_cmake_args=None, catkin_cmake_args=None, catkin_skip_building_tests=False, verb_parser=<colcon_defaults.argument_parser.defaults.DefaultArgumentsDecorator object at 0xffffbc749780>, verb_extension=<colcon_core.verb.build.BuildVerb object at 0xffffbc737880>, main=<bound method BuildVerb.main of <colcon_core.verb.build.BuildVerb object at 0xffffbc737880>>)
[0.543s] Level 1:colcon.colcon_core.package_discovery:discover_packages(colcon_meta) check parameters
[0.544s] Level 1:colcon.colcon_core.package_discovery:discover_packages(recursive) check parameters
[0.544s] Level 1:colcon.colcon_core.package_discovery:discover_packages(ignore) check parameters
[0.544s] Level 1:colcon.colcon_core.package_discovery:discover_packages(path) check parameters
[0.544s] Level 1:colcon.colcon_core.package_discovery:discover_packages(colcon_meta) discover
[0.544s] Level 1:colcon.colcon_core.package_discovery:discover_packages(recursive) discover
[0.544s] INFO:colcon.colcon_core.package_discovery:Crawling recursively for packages in '/media/psf/Developer/Robotics/char-01/ros2_pkg/sensors'
[0.544s] Level 1:colcon.colcon_core.package_identification:_identify(.) by extensions ['ignore', 'ignore_ament_install']
[0.544s] Level 1:colcon.colcon_core.package_identification:_identify(.) by extension 'ignore'
[0.545s] Level 1:colcon.colcon_core.package_identification:_identify(.) by extension 'ignore_ament_install'
[0.545s] Level 1:colcon.colcon_core.package_identification:_identify(.) by extensions ['colcon_pkg']
[0.545s] Level 1:colcon.colcon_core.package_identification:_identify(.) by extension 'colcon_pkg'
[0.545s] Level 1:colcon.colcon_core.package_identification:_identify(.) by extensions ['colcon_meta']
[0.545s] Level 1:colcon.colcon_core.package_identification:_identify(.) by extension 'colcon_meta'
[0.545s] Level 1:colcon.colcon_core.package_identification:_identify(.) by extensions ['ros']
[0.545s] Level 1:colcon.colcon_core.package_identification:_identify(.) by extension 'ros'
[0.552s] Level 1:colcon.colcon_core.package_identification:_identify(.) by extensions ['cmake', 'python']
[0.552s] Level 1:colcon.colcon_core.package_identification:_identify(.) by extension 'cmake'
[0.563s] Level 1:colcon.colcon_core.package_identification:_identify(.) by extension 'python'
[0.563s] DEBUG:colcon.colcon_core.package_identification:Package '.' with type 'cmake' and name 'avoid_wall'
[0.563s] Level 1:colcon.colcon_core.package_discovery:discover_packages(recursive) using defaults
[0.563s] Level 1:colcon.colcon_core.package_discovery:discover_packages(ignore) discover
[0.564s] Level 1:colcon.colcon_core.package_discovery:discover_packages(ignore) using defaults
[0.564s] Level 1:colcon.colcon_core.package_discovery:discover_packages(path) discover
[0.564s] Level 1:colcon.colcon_core.package_discovery:discover_packages(path) using defaults
[0.610s] Level 1:colcon.colcon_core.package_discovery:discover_packages(prefix_path) check parameters
[0.611s] Level 1:colcon.colcon_core.package_discovery:discover_packages(prefix_path) discover
[0.627s] DEBUG:colcon.colcon_installed_package_information.package_discovery:Found 1 installed packages in /media/psf/Developer/robotics/ros_env/install
[0.634s] DEBUG:colcon.colcon_installed_package_information.package_discovery:Found 278 installed packages in /opt/ros/humble
[0.635s] Level 1:colcon.colcon_core.package_discovery:discover_packages(prefix_path) using defaults
[0.688s] Level 5:colcon.colcon_core.verb:set package 'avoid_wall' build argument 'cmake_args' from command line to 'None'
[0.688s] Level 5:colcon.colcon_core.verb:set package 'avoid_wall' build argument 'cmake_target' from command line to 'None'
[0.688s] Level 5:colcon.colcon_core.verb:set package 'avoid_wall' build argument 'cmake_target_skip_unavailable' from command line to 'False'
[0.688s] Level 5:colcon.colcon_core.verb:set package 'avoid_wall' build argument 'cmake_clean_cache' from command line to 'False'
[0.688s] Level 5:colcon.colcon_core.verb:set package 'avoid_wall' build argument 'cmake_clean_first' from command line to 'False'
[0.688s] Level 5:colcon.colcon_core.verb:set package 'avoid_wall' build argument 'cmake_force_configure' from command line to 'False'
[0.689s] Level 5:colcon.colcon_core.verb:set package 'avoid_wall' build argument 'ament_cmake_args' from command line to 'None'
[0.689s] Level 5:colcon.colcon_core.verb:set package 'avoid_wall' build argument 'catkin_cmake_args' from command line to 'None'
[0.689s] Level 5:colcon.colcon_core.verb:set package 'avoid_wall' build argument 'catkin_skip_building_tests' from command line to 'False'
[0.689s] DEBUG:colcon.colcon_core.verb:Building package 'avoid_wall' with the following arguments: {'ament_cmake_args': None, 'build_base': '/media/psf/Developer/Robotics/char-01/ros2_pkg/sensors/build/avoid_wall', 'catkin_cmake_args': None, 'catkin_skip_building_tests': False, 'cmake_args': None, 'cmake_clean_cache': False, 'cmake_clean_first': False, 'cmake_force_configure': False, 'cmake_target': None, 'cmake_target_skip_unavailable': False, 'install_base': '/media/psf/Developer/Robotics/char-01/ros2_pkg/sensors/install/avoid_wall', 'merge_install': False, 'path': '/media/psf/Developer/Robotics/char-01/ros2_pkg/sensors', 'symlink_install': False, 'test_result_base': None}
[0.696s] INFO:colcon.colcon_core.executor:Executing jobs using 'parallel' executor
[0.703s] DEBUG:colcon.colcon_parallel_executor.executor.parallel:run_until_complete
[0.703s] INFO:colcon.colcon_cmake.task.cmake.build:Building CMake package in '/media/psf/Developer/Robotics/char-01/ros2_pkg/sensors'
[0.712s] INFO:colcon.colcon_core.plugin_system:Skipping extension 'colcon_core.shell.bat': Not used on non-Windows systems
[0.713s] INFO:colcon.colcon_core.shell:Skip shell extension 'powershell' for command environment: Not usable outside of PowerShell
[0.713s] DEBUG:colcon.colcon_core.shell:Skip shell extension 'dsv' for command environment
[0.752s] DEBUG:colcon.colcon_core.event_handler.log_command:Invoking command in '/media/psf/Developer/Robotics/char-01/ros2_pkg/sensors/build/avoid_wall': /usr/bin/cmake /media/psf/Developer/Robotics/char-01/ros2_pkg/sensors -DCMAKE_INSTALL_PREFIX=/media/psf/Developer/Robotics/char-01/ros2_pkg/sensors/install/avoid_wall
[1.391s] DEBUG:colcon.colcon_core.event_handler.log_command:Invoked command in '/media/psf/Developer/Robotics/char-01/ros2_pkg/sensors/build/avoid_wall' returned '0': /usr/bin/cmake /media/psf/Developer/Robotics/char-01/ros2_pkg/sensors -DCMAKE_INSTALL_PREFIX=/media/psf/Developer/Robotics/char-01/ros2_pkg/sensors/install/avoid_wall
[1.394s] DEBUG:colcon.colcon_core.event_handler.log_command:Invoking command in '/media/psf/Developer/Robotics/char-01/ros2_pkg/sensors/build/avoid_wall': /usr/bin/cmake --build /media/psf/Developer/Robotics/char-01/ros2_pkg/sensors/build/avoid_wall -- -j2 -l2
[5.148s] DEBUG:colcon.colcon_core.event_handler.log_command:Invoked command in '/media/psf/Developer/Robotics/char-01/ros2_pkg/sensors/build/avoid_wall' returned '0': /usr/bin/cmake --build /media/psf/Developer/Robotics/char-01/ros2_pkg/sensors/build/avoid_wall -- -j2 -l2
[5.181s] WARNING:colcon.colcon_cmake.task.cmake.build:Could not run installation step for package 'avoid_wall' because it has no 'install' target
[5.181s] Level 1:colcon.colcon_core.environment:create_environment_scripts_only(avoid_wall)
[5.212s] Level 1:colcon.colcon_core.environment:checking '/media/psf/Developer/Robotics/char-01/ros2_pkg/sensors/install/avoid_wall' for CMake module files
[5.213s] Level 1:colcon.colcon_core.environment:checking '/media/psf/Developer/Robotics/char-01/ros2_pkg/sensors/install/avoid_wall' for CMake config files
[5.215s] Level 1:colcon.colcon_core.environment:checking '/media/psf/Developer/Robotics/char-01/ros2_pkg/sensors/install/avoid_wall/bin'
[5.215s] Level 1:colcon.colcon_core.environment:checking '/media/psf/Developer/Robotics/char-01/ros2_pkg/sensors/install/avoid_wall/lib/pkgconfig/avoid_wall.pc'
[5.216s] Level 1:colcon.colcon_core.environment:checking '/media/psf/Developer/Robotics/char-01/ros2_pkg/sensors/install/avoid_wall/lib/python3.10/site-packages'
[5.216s] Level 1:colcon.colcon_core.environment:checking '/media/psf/Developer/Robotics/char-01/ros2_pkg/sensors/install/avoid_wall/bin'
[5.222s] INFO:colcon.colcon_core.shell:Creating package script '/media/psf/Developer/Robotics/char-01/ros2_pkg/sensors/install/avoid_wall/share/avoid_wall/package.ps1'
[5.225s] INFO:colcon.colcon_core.shell:Creating package descriptor '/media/psf/Developer/Robotics/char-01/ros2_pkg/sensors/install/avoid_wall/share/avoid_wall/package.dsv'
[5.226s] INFO:colcon.colcon_core.shell:Creating package script '/media/psf/Developer/Robotics/char-01/ros2_pkg/sensors/install/avoid_wall/share/avoid_wall/package.sh'
[5.227s] INFO:colcon.colcon_core.shell:Creating package script '/media/psf/Developer/Robotics/char-01/ros2_pkg/sensors/install/avoid_wall/share/avoid_wall/package.bash'
[5.228s] INFO:colcon.colcon_core.shell:Creating package script '/media/psf/Developer/Robotics/char-01/ros2_pkg/sensors/install/avoid_wall/share/avoid_wall/package.zsh'
[5.229s] Level 1:colcon.colcon_core.environment:create_file_with_runtime_dependencies(/media/psf/Developer/Robotics/char-01/ros2_pkg/sensors/install/avoid_wall/share/colcon-core/packages/avoid_wall)
[5.231s] DEBUG:colcon.colcon_parallel_executor.executor.parallel:closing loop
[5.232s] DEBUG:colcon.colcon_parallel_executor.executor.parallel:loop closed
[5.232s] DEBUG:colcon.colcon_parallel_executor.executor.parallel:run_until_complete finished with '0'
[5.232s] DEBUG:colcon.colcon_core.event_reactor:joining thread
[5.255s] INFO:colcon.colcon_core.plugin_system:Skipping extension 'colcon_notification.desktop_notification.terminal_notifier': Not used on non-Darwin systems
[5.255s] INFO:colcon.colcon_core.plugin_system:Skipping extension 'colcon_notification.desktop_notification.win32': Not used on non-Windows systems
[5.255s] INFO:colcon.colcon_notification.desktop_notification:Sending desktop notification using 'notify2'
[5.272s] DEBUG:colcon.colcon_core.event_reactor:joined thread
[5.280s] INFO:colcon.colcon_core.shell:Creating prefix script '/media/psf/Developer/Robotics/char-01/ros2_pkg/sensors/install/local_setup.ps1'
[5.282s] INFO:colcon.colcon_core.shell:Creating prefix util module '/media/psf/Developer/Robotics/char-01/ros2_pkg/sensors/install/_local_setup_util_ps1.py'
[5.283s] INFO:colcon.colcon_core.shell:Creating prefix chain script '/media/psf/Developer/Robotics/char-01/ros2_pkg/sensors/install/setup.ps1'
[5.293s] INFO:colcon.colcon_core.shell:Creating prefix script '/media/psf/Developer/Robotics/char-01/ros2_pkg/sensors/install/local_setup.sh'
[5.294s] INFO:colcon.colcon_core.shell:Creating prefix util module '/media/psf/Developer/Robotics/char-01/ros2_pkg/sensors/install/_local_setup_util_sh.py'
[5.295s] INFO:colcon.colcon_core.shell:Creating prefix chain script '/media/psf/Developer/Robotics/char-01/ros2_pkg/sensors/install/setup.sh'
[5.304s] INFO:colcon.colcon_core.shell:Creating prefix script '/media/psf/Developer/Robotics/char-01/ros2_pkg/sensors/install/local_setup.bash'
[5.305s] INFO:colcon.colcon_core.shell:Creating prefix chain script '/media/psf/Developer/Robotics/char-01/ros2_pkg/sensors/install/setup.bash'
[5.314s] INFO:colcon.colcon_core.shell:Creating prefix script '/media/psf/Developer/Robotics/char-01/ros2_pkg/sensors/install/local_setup.zsh'
[5.316s] INFO:colcon.colcon_core.shell:Creating prefix chain script '/media/psf/Developer/Robotics/char-01/ros2_pkg/sensors/install/setup.zsh'
