[0.066s] Invoking command in '/media/psf/Developer/Robotics/char-01/build/ros2_pkg': CMAKE_PREFIX_PATH=${CMAKE_PREFIX_PATH}:/opt/ros/humble /usr/bin/cmake --build /media/psf/Developer/Robotics/char-01/build/ros2_pkg -- -j2 -l2
[0.228s] [  1%] Built target ros2_pkg__cpp
[0.250s] [35m[1mConsolidate compiler generated dependencies of target ros2_pkg__rosidl_generator_c[0m
[0.287s] [  8%] Built target ros2_pkg__rosidl_generator_c
[0.366s] [  8%] Built target ament_cmake_python_copy_ros2_pkg
[0.402s] [35m[1mConsolidate compiler generated dependencies of target publisher[0m
[0.535s] [ 11%] Built target publisher
[0.560s] [35m[1mConsolidate compiler generated dependencies of target subscriber[0m
[0.691s] [ 14%] Built target subscriber
[0.712s] [35m[1mConsolidate compiler generated dependencies of target rpm_pub[0m
[0.847s] [ 17%] Built target rpm_pub
[0.870s] [35m[1mConsolidate compiler generated dependencies of target speed_calc[0m
[0.971s] [ 20%] Built target speed_calc
[1.002s] [35m[1mConsolidate compiler generated dependencies of target ros2_pkg__rosidl_typesupport_cpp[0m
[1.075s] [ 28%] Built target ros2_pkg__rosidl_typesupport_cpp
[1.101s] [35m[1mConsolidate compiler generated dependencies of target ros2_pkg__rosidl_typesupport_fastrtps_c[0m
[1.162s] [ 35%] Built target ros2_pkg__rosidl_typesupport_fastrtps_c
[1.188s] [35m[1mConsolidate compiler generated dependencies of target ros2_pkg__rosidl_typesupport_fastrtps_cpp[0m
[1.276s] [ 43%] Built target ros2_pkg__rosidl_typesupport_fastrtps_cpp
[1.301s] [35m[1mConsolidate compiler generated dependencies of target ros2_pkg__rosidl_typesupport_introspection_c[0m
[1.350s] [ 50%] Built target ros2_pkg__rosidl_typesupport_introspection_c
[1.378s] [35m[1mConsolidate compiler generated dependencies of target ros2_pkg__rosidl_typesupport_c[0m
[1.413s] [ 58%] Built target ros2_pkg__rosidl_typesupport_c
[1.439s] [35m[1mConsolidate compiler generated dependencies of target ros2_pkg__rosidl_typesupport_introspection_cpp[0m
[1.491s] [ 65%] Built target ros2_pkg__rosidl_typesupport_introspection_cpp
[1.708s] running egg_info
[1.709s] writing ros2_pkg.egg-info/PKG-INFO
[1.709s] writing dependency_links to ros2_pkg.egg-info/dependency_links.txt
[1.710s] writing top-level names to ros2_pkg.egg-info/top_level.txt
[1.714s] reading manifest file 'ros2_pkg.egg-info/SOURCES.txt'
[1.715s] writing manifest file 'ros2_pkg.egg-info/SOURCES.txt'
[1.748s] [ 65%] Built target ament_cmake_python_build_ros2_pkg_egg
[1.771s] [35m[1mConsolidate compiler generated dependencies of target service_server[0m
[1.868s] [ 68%] Built target service_server
[1.892s] [35m[1mConsolidate compiler generated dependencies of target service_client[0m
[1.990s] [ 71%] Built target service_client
[2.016s] [35m[1mConsolidate compiler generated dependencies of target turn_camera_service[0m
[2.123s] [ 74%] Built target turn_camera_service
[2.145s] [35m[1mConsolidate compiler generated dependencies of target turn_camera_client[0m
[2.208s] [ 77%] Built target turn_camera_client
[2.229s] [35m[1mConsolidate compiler generated dependencies of target action_server[0m
[2.308s] [ 80%] Built target action_server
[2.329s] [35m[1mConsolidate compiler generated dependencies of target action_client[0m
[2.404s] [ 83%] Built target action_client
[2.441s] [ 83%] Built target ros2_pkg
[2.476s] [ 85%] Built target ros2_pkg__py
[2.496s] [35m[1mConsolidate compiler generated dependencies of target ros2_pkg__rosidl_generator_py[0m
[2.544s] [ 91%] Built target ros2_pkg__rosidl_generator_py
[2.565s] [35m[1mConsolidate compiler generated dependencies of target ros2_pkg__rosidl_typesupport_fastrtps_c__pyext[0m
[2.603s] [ 94%] Built target ros2_pkg__rosidl_typesupport_fastrtps_c__pyext
[2.624s] [35m[1mConsolidate compiler generated dependencies of target ros2_pkg__rosidl_typesupport_introspection_c__pyext[0m
[2.660s] [ 97%] Built target ros2_pkg__rosidl_typesupport_introspection_c__pyext
[2.679s] [35m[1mConsolidate compiler generated dependencies of target ros2_pkg__rosidl_typesupport_c__pyext[0m
[2.717s] [100%] Built target ros2_pkg__rosidl_typesupport_c__pyext
[2.742s] Invoked command in '/media/psf/Developer/Robotics/char-01/build/ros2_pkg' returned '0': CMAKE_PREFIX_PATH=${CMAKE_PREFIX_PATH}:/opt/ros/humble /usr/bin/cmake --build /media/psf/Developer/Robotics/char-01/build/ros2_pkg -- -j2 -l2
[3.057s] Invoking command in '/media/psf/Developer/Robotics/char-01/build/ros2_pkg': CMAKE_PREFIX_PATH=${CMAKE_PREFIX_PATH}:/opt/ros/humble /usr/bin/cmake --install /media/psf/Developer/Robotics/char-01/build/ros2_pkg
[3.081s] -- Install configuration: ""
[3.083s] -- Up-to-date: /media/psf/Developer/Robotics/char-01/install/ros2_pkg/share/ament_index/resource_index/rosidl_interfaces/ros2_pkg
[3.083s] -- Up-to-date: /media/psf/Developer/Robotics/char-01/install/ros2_pkg/include/ros2_pkg/ros2_pkg
[3.086s] -- Up-to-date: /media/psf/Developer/Robotics/char-01/install/ros2_pkg/include/ros2_pkg/ros2_pkg/msg
[3.086s] -- Up-to-date: /media/psf/Developer/Robotics/char-01/install/ros2_pkg/include/ros2_pkg/ros2_pkg/msg/rosidl_generator_c__visibility_control.h
[3.087s] -- Up-to-date: /media/psf/Developer/Robotics/char-01/install/ros2_pkg/include/ros2_pkg/ros2_pkg/action
[3.088s] -- Up-to-date: /media/psf/Developer/Robotics/char-01/install/ros2_pkg/include/ros2_pkg/ros2_pkg/action/navigate.h
[3.088s] -- Up-to-date: /media/psf/Developer/Robotics/char-01/install/ros2_pkg/include/ros2_pkg/ros2_pkg/action/detail
[3.089s] -- Up-to-date: /media/psf/Developer/Robotics/char-01/install/ros2_pkg/include/ros2_pkg/ros2_pkg/action/detail/navigate__struct.h
[3.089s] -- Up-to-date: /media/psf/Developer/Robotics/char-01/install/ros2_pkg/include/ros2_pkg/ros2_pkg/action/detail/navigate__functions.h
[3.089s] -- Up-to-date: /media/psf/Developer/Robotics/char-01/install/ros2_pkg/include/ros2_pkg/ros2_pkg/action/detail/navigate__type_support.h
[3.090s] -- Up-to-date: /media/psf/Developer/Robotics/char-01/install/ros2_pkg/include/ros2_pkg/ros2_pkg/action/detail/navigate__functions.c
[3.090s] -- Up-to-date: /media/psf/Developer/Robotics/char-01/install/ros2_pkg/include/ros2_pkg/ros2_pkg/srv
[3.091s] -- Up-to-date: /media/psf/Developer/Robotics/char-01/install/ros2_pkg/include/ros2_pkg/ros2_pkg/srv/odd_even_check.h
[3.091s] -- Up-to-date: /media/psf/Developer/Robotics/char-01/install/ros2_pkg/include/ros2_pkg/ros2_pkg/srv/detail
[3.092s] -- Up-to-date: /media/psf/Developer/Robotics/char-01/install/ros2_pkg/include/ros2_pkg/ros2_pkg/srv/detail/odd_even_check__functions.h
[3.092s] -- Up-to-date: /media/psf/Developer/Robotics/char-01/install/ros2_pkg/include/ros2_pkg/ros2_pkg/srv/detail/odd_even_check__struct.h
[3.092s] -- Up-to-date: /media/psf/Developer/Robotics/char-01/install/ros2_pkg/include/ros2_pkg/ros2_pkg/srv/detail/turn_camera__functions.h
[3.092s] -- Up-to-date: /media/psf/Developer/Robotics/char-01/install/ros2_pkg/include/ros2_pkg/ros2_pkg/srv/detail/odd_even_check__type_support.h
[3.093s] -- Up-to-date: /media/psf/Developer/Robotics/char-01/install/ros2_pkg/include/ros2_pkg/ros2_pkg/srv/detail/turn_camera__struct.h
[3.093s] -- Up-to-date: /media/psf/Developer/Robotics/char-01/install/ros2_pkg/include/ros2_pkg/ros2_pkg/srv/detail/odd_even_check__functions.c
[3.093s] -- Up-to-date: /media/psf/Developer/Robotics/char-01/install/ros2_pkg/include/ros2_pkg/ros2_pkg/srv/detail/turn_camera__type_support.h
[3.093s] -- Up-to-date: /media/psf/Developer/Robotics/char-01/install/ros2_pkg/include/ros2_pkg/ros2_pkg/srv/detail/turn_camera__functions.c
[3.093s] -- Up-to-date: /media/psf/Developer/Robotics/char-01/install/ros2_pkg/include/ros2_pkg/ros2_pkg/srv/turn_camera.h
[3.094s] -- Installing: /media/psf/Developer/Robotics/char-01/install/ros2_pkg/share/ros2_pkg/environment/library_path.sh
[3.096s] -- Up-to-date: /media/psf/Developer/Robotics/char-01/install/ros2_pkg/share/ros2_pkg/environment/library_path.dsv
[3.097s] -- Up-to-date: /media/psf/Developer/Robotics/char-01/install/ros2_pkg/lib/libros2_pkg__rosidl_generator_c.so
[3.098s] -- Up-to-date: /media/psf/Developer/Robotics/char-01/install/ros2_pkg/include/ros2_pkg/ros2_pkg
[3.098s] -- Up-to-date: /media/psf/Developer/Robotics/char-01/install/ros2_pkg/include/ros2_pkg/ros2_pkg/msg
[3.099s] -- Up-to-date: /media/psf/Developer/Robotics/char-01/install/ros2_pkg/include/ros2_pkg/ros2_pkg/msg/rosidl_typesupport_fastrtps_c__visibility_control.h
[3.099s] -- Up-to-date: /media/psf/Developer/Robotics/char-01/install/ros2_pkg/include/ros2_pkg/ros2_pkg/action
[3.099s] -- Up-to-date: /media/psf/Developer/Robotics/char-01/install/ros2_pkg/include/ros2_pkg/ros2_pkg/action/detail
[3.100s] -- Up-to-date: /media/psf/Developer/Robotics/char-01/install/ros2_pkg/include/ros2_pkg/ros2_pkg/action/detail/navigate__rosidl_typesupport_fastrtps_c.h
[3.100s] -- Up-to-date: /media/psf/Developer/Robotics/char-01/install/ros2_pkg/include/ros2_pkg/ros2_pkg/srv
[3.101s] -- Up-to-date: /media/psf/Developer/Robotics/char-01/install/ros2_pkg/include/ros2_pkg/ros2_pkg/srv/detail
[3.102s] -- Up-to-date: /media/psf/Developer/Robotics/char-01/install/ros2_pkg/include/ros2_pkg/ros2_pkg/srv/detail/turn_camera__rosidl_typesupport_fastrtps_c.h
[3.103s] -- Up-to-date: /media/psf/Developer/Robotics/char-01/install/ros2_pkg/include/ros2_pkg/ros2_pkg/srv/detail/odd_even_check__rosidl_typesupport_fastrtps_c.h
[3.104s] -- Up-to-date: /media/psf/Developer/Robotics/char-01/install/ros2_pkg/lib/libros2_pkg__rosidl_typesupport_fastrtps_c.so
[3.105s] -- Up-to-date: /media/psf/Developer/Robotics/char-01/install/ros2_pkg/include/ros2_pkg/ros2_pkg
[3.105s] -- Up-to-date: /media/psf/Developer/Robotics/char-01/install/ros2_pkg/include/ros2_pkg/ros2_pkg/action
[3.106s] -- Up-to-date: /media/psf/Developer/Robotics/char-01/install/ros2_pkg/include/ros2_pkg/ros2_pkg/action/navigate.hpp
[3.106s] -- Up-to-date: /media/psf/Developer/Robotics/char-01/install/ros2_pkg/include/ros2_pkg/ros2_pkg/action/detail
[3.106s] -- Up-to-date: /media/psf/Developer/Robotics/char-01/install/ros2_pkg/include/ros2_pkg/ros2_pkg/action/detail/navigate__traits.hpp
[3.106s] -- Up-to-date: /media/psf/Developer/Robotics/char-01/install/ros2_pkg/include/ros2_pkg/ros2_pkg/action/detail/navigate__struct.hpp
[3.106s] -- Up-to-date: /media/psf/Developer/Robotics/char-01/install/ros2_pkg/include/ros2_pkg/ros2_pkg/action/detail/navigate__builder.hpp
[3.107s] -- Up-to-date: /media/psf/Developer/Robotics/char-01/install/ros2_pkg/include/ros2_pkg/ros2_pkg/srv
[3.107s] -- Up-to-date: /media/psf/Developer/Robotics/char-01/install/ros2_pkg/include/ros2_pkg/ros2_pkg/srv/turn_camera.hpp
[3.107s] -- Up-to-date: /media/psf/Developer/Robotics/char-01/install/ros2_pkg/include/ros2_pkg/ros2_pkg/srv/odd_even_check.hpp
[3.108s] -- Up-to-date: /media/psf/Developer/Robotics/char-01/install/ros2_pkg/include/ros2_pkg/ros2_pkg/srv/detail
[3.108s] -- Up-to-date: /media/psf/Developer/Robotics/char-01/install/ros2_pkg/include/ros2_pkg/ros2_pkg/srv/detail/odd_even_check__struct.hpp
[3.108s] -- Up-to-date: /media/psf/Developer/Robotics/char-01/install/ros2_pkg/include/ros2_pkg/ros2_pkg/srv/detail/turn_camera__traits.hpp
[3.108s] -- Up-to-date: /media/psf/Developer/Robotics/char-01/install/ros2_pkg/include/ros2_pkg/ros2_pkg/srv/detail/odd_even_check__traits.hpp
[3.109s] -- Up-to-date: /media/psf/Developer/Robotics/char-01/install/ros2_pkg/include/ros2_pkg/ros2_pkg/srv/detail/turn_camera__struct.hpp
[3.109s] -- Up-to-date: /media/psf/Developer/Robotics/char-01/install/ros2_pkg/include/ros2_pkg/ros2_pkg/srv/detail/turn_camera__builder.hpp
[3.109s] -- Up-to-date: /media/psf/Developer/Robotics/char-01/install/ros2_pkg/include/ros2_pkg/ros2_pkg/srv/detail/odd_even_check__builder.hpp
[3.109s] -- Up-to-date: /media/psf/Developer/Robotics/char-01/install/ros2_pkg/include/ros2_pkg/ros2_pkg
[3.110s] -- Up-to-date: /media/psf/Developer/Robotics/char-01/install/ros2_pkg/include/ros2_pkg/ros2_pkg/msg
[3.110s] -- Up-to-date: /media/psf/Developer/Robotics/char-01/install/ros2_pkg/include/ros2_pkg/ros2_pkg/msg/rosidl_typesupport_fastrtps_cpp__visibility_control.h
[3.111s] -- Up-to-date: /media/psf/Developer/Robotics/char-01/install/ros2_pkg/include/ros2_pkg/ros2_pkg/action
[3.111s] -- Up-to-date: /media/psf/Developer/Robotics/char-01/install/ros2_pkg/include/ros2_pkg/ros2_pkg/action/detail
[3.112s] -- Up-to-date: /media/psf/Developer/Robotics/char-01/install/ros2_pkg/include/ros2_pkg/ros2_pkg/action/detail/navigate__rosidl_typesupport_fastrtps_cpp.hpp
[3.112s] -- Installing: /media/psf/Developer/Robotics/char-01/install/ros2_pkg/include/ros2_pkg/ros2_pkg/action/detail/dds_fastrtps
[3.113s] -- Up-to-date: /media/psf/Developer/Robotics/char-01/install/ros2_pkg/include/ros2_pkg/ros2_pkg/srv
[3.113s] -- Up-to-date: /media/psf/Developer/Robotics/char-01/install/ros2_pkg/include/ros2_pkg/ros2_pkg/srv/detail
[3.114s] -- Up-to-date: /media/psf/Developer/Robotics/char-01/install/ros2_pkg/include/ros2_pkg/ros2_pkg/srv/detail/odd_even_check__rosidl_typesupport_fastrtps_cpp.hpp
[3.114s] -- Up-to-date: /media/psf/Developer/Robotics/char-01/install/ros2_pkg/include/ros2_pkg/ros2_pkg/srv/detail/turn_camera__rosidl_typesupport_fastrtps_cpp.hpp
[3.114s] -- Installing: /media/psf/Developer/Robotics/char-01/install/ros2_pkg/include/ros2_pkg/ros2_pkg/srv/detail/dds_fastrtps
[3.115s] -- Up-to-date: /media/psf/Developer/Robotics/char-01/install/ros2_pkg/lib/libros2_pkg__rosidl_typesupport_fastrtps_cpp.so
[3.116s] -- Up-to-date: /media/psf/Developer/Robotics/char-01/install/ros2_pkg/include/ros2_pkg/ros2_pkg
[3.117s] -- Up-to-date: /media/psf/Developer/Robotics/char-01/install/ros2_pkg/include/ros2_pkg/ros2_pkg/msg
[3.117s] -- Up-to-date: /media/psf/Developer/Robotics/char-01/install/ros2_pkg/include/ros2_pkg/ros2_pkg/msg/rosidl_typesupport_introspection_c__visibility_control.h
[3.117s] -- Up-to-date: /media/psf/Developer/Robotics/char-01/install/ros2_pkg/include/ros2_pkg/ros2_pkg/action
[3.118s] -- Up-to-date: /media/psf/Developer/Robotics/char-01/install/ros2_pkg/include/ros2_pkg/ros2_pkg/action/detail
[3.118s] -- Up-to-date: /media/psf/Developer/Robotics/char-01/install/ros2_pkg/include/ros2_pkg/ros2_pkg/action/detail/navigate__rosidl_typesupport_introspection_c.h
[3.118s] -- Up-to-date: /media/psf/Developer/Robotics/char-01/install/ros2_pkg/include/ros2_pkg/ros2_pkg/action/detail/navigate__type_support.c
[3.118s] -- Up-to-date: /media/psf/Developer/Robotics/char-01/install/ros2_pkg/include/ros2_pkg/ros2_pkg/srv
[3.119s] -- Up-to-date: /media/psf/Developer/Robotics/char-01/install/ros2_pkg/include/ros2_pkg/ros2_pkg/srv/detail
[3.119s] -- Up-to-date: /media/psf/Developer/Robotics/char-01/install/ros2_pkg/include/ros2_pkg/ros2_pkg/srv/detail/turn_camera__type_support.c
[3.119s] -- Up-to-date: /media/psf/Developer/Robotics/char-01/install/ros2_pkg/include/ros2_pkg/ros2_pkg/srv/detail/turn_camera__rosidl_typesupport_introspection_c.h
[3.119s] -- Up-to-date: /media/psf/Developer/Robotics/char-01/install/ros2_pkg/include/ros2_pkg/ros2_pkg/srv/detail/odd_even_check__rosidl_typesupport_introspection_c.h
[3.120s] -- Up-to-date: /media/psf/Developer/Robotics/char-01/install/ros2_pkg/include/ros2_pkg/ros2_pkg/srv/detail/odd_even_check__type_support.c
[3.121s] -- Up-to-date: /media/psf/Developer/Robotics/char-01/install/ros2_pkg/lib/libros2_pkg__rosidl_typesupport_introspection_c.so
[3.122s] -- Up-to-date: /media/psf/Developer/Robotics/char-01/install/ros2_pkg/lib/libros2_pkg__rosidl_typesupport_c.so
[3.123s] -- Up-to-date: /media/psf/Developer/Robotics/char-01/install/ros2_pkg/include/ros2_pkg/ros2_pkg
[3.123s] -- Up-to-date: /media/psf/Developer/Robotics/char-01/install/ros2_pkg/include/ros2_pkg/ros2_pkg/action
[3.123s] -- Up-to-date: /media/psf/Developer/Robotics/char-01/install/ros2_pkg/include/ros2_pkg/ros2_pkg/action/detail
[3.124s] -- Up-to-date: /media/psf/Developer/Robotics/char-01/install/ros2_pkg/include/ros2_pkg/ros2_pkg/action/detail/navigate__rosidl_typesupport_introspection_cpp.hpp
[3.124s] -- Up-to-date: /media/psf/Developer/Robotics/char-01/install/ros2_pkg/include/ros2_pkg/ros2_pkg/action/detail/navigate__type_support.cpp
[3.124s] -- Up-to-date: /media/psf/Developer/Robotics/char-01/install/ros2_pkg/include/ros2_pkg/ros2_pkg/srv
[3.124s] -- Up-to-date: /media/psf/Developer/Robotics/char-01/install/ros2_pkg/include/ros2_pkg/ros2_pkg/srv/detail
[3.125s] -- Up-to-date: /media/psf/Developer/Robotics/char-01/install/ros2_pkg/include/ros2_pkg/ros2_pkg/srv/detail/odd_even_check__type_support.cpp
[3.125s] -- Up-to-date: /media/psf/Developer/Robotics/char-01/install/ros2_pkg/include/ros2_pkg/ros2_pkg/srv/detail/odd_even_check__rosidl_typesupport_introspection_cpp.hpp
[3.125s] -- Up-to-date: /media/psf/Developer/Robotics/char-01/install/ros2_pkg/include/ros2_pkg/ros2_pkg/srv/detail/turn_camera__type_support.cpp
[3.125s] -- Up-to-date: /media/psf/Developer/Robotics/char-01/install/ros2_pkg/include/ros2_pkg/ros2_pkg/srv/detail/turn_camera__rosidl_typesupport_introspection_cpp.hpp
[3.126s] -- Up-to-date: /media/psf/Developer/Robotics/char-01/install/ros2_pkg/lib/libros2_pkg__rosidl_typesupport_introspection_cpp.so
[3.127s] -- Up-to-date: /media/psf/Developer/Robotics/char-01/install/ros2_pkg/lib/libros2_pkg__rosidl_typesupport_cpp.so
[3.130s] -- Up-to-date: /media/psf/Developer/Robotics/char-01/install/ros2_pkg/share/ros2_pkg/environment/pythonpath.sh
[3.130s] -- Up-to-date: /media/psf/Developer/Robotics/char-01/install/ros2_pkg/share/ros2_pkg/environment/pythonpath.dsv
[3.131s] -- Up-to-date: /media/psf/Developer/Robotics/char-01/install/ros2_pkg/local/lib/python3.10/dist-packages/ros2_pkg-0.0.0-py3.10.egg-info
[3.131s] -- Installing: /media/psf/Developer/Robotics/char-01/install/ros2_pkg/local/lib/python3.10/dist-packages/ros2_pkg-0.0.0-py3.10.egg-info/PKG-INFO
[3.134s] -- Installing: /media/psf/Developer/Robotics/char-01/install/ros2_pkg/local/lib/python3.10/dist-packages/ros2_pkg-0.0.0-py3.10.egg-info/SOURCES.txt
[3.136s] -- Installing: /media/psf/Developer/Robotics/char-01/install/ros2_pkg/local/lib/python3.10/dist-packages/ros2_pkg-0.0.0-py3.10.egg-info/top_level.txt
[3.138s] -- Installing: /media/psf/Developer/Robotics/char-01/install/ros2_pkg/local/lib/python3.10/dist-packages/ros2_pkg-0.0.0-py3.10.egg-info/dependency_links.txt
[3.140s] -- Up-to-date: /media/psf/Developer/Robotics/char-01/install/ros2_pkg/local/lib/python3.10/dist-packages/ros2_pkg
[3.140s] -- Up-to-date: /media/psf/Developer/Robotics/char-01/install/ros2_pkg/local/lib/python3.10/dist-packages/ros2_pkg/_ros2_pkg_s.ep.rosidl_typesupport_fastrtps_c.c
[3.140s] -- Up-to-date: /media/psf/Developer/Robotics/char-01/install/ros2_pkg/local/lib/python3.10/dist-packages/ros2_pkg/libros2_pkg__rosidl_generator_py.so
[3.140s] -- Up-to-date: /media/psf/Developer/Robotics/char-01/install/ros2_pkg/local/lib/python3.10/dist-packages/ros2_pkg/_ros2_pkg_s.ep.rosidl_typesupport_c.c
[3.141s] -- Up-to-date: /media/psf/Developer/Robotics/char-01/install/ros2_pkg/local/lib/python3.10/dist-packages/ros2_pkg/__init__.py
[3.141s] -- Up-to-date: /media/psf/Developer/Robotics/char-01/install/ros2_pkg/local/lib/python3.10/dist-packages/ros2_pkg/ros2_pkg_s__rosidl_typesupport_c.cpython-310-aarch64-linux-gnu.so
[3.141s] -- Up-to-date: /media/psf/Developer/Robotics/char-01/install/ros2_pkg/local/lib/python3.10/dist-packages/ros2_pkg/action
[3.141s] -- Up-to-date: /media/psf/Developer/Robotics/char-01/install/ros2_pkg/local/lib/python3.10/dist-packages/ros2_pkg/action/_navigate_s.c
[3.142s] -- Up-to-date: /media/psf/Developer/Robotics/char-01/install/ros2_pkg/local/lib/python3.10/dist-packages/ros2_pkg/action/_navigate.py
[3.142s] -- Up-to-date: /media/psf/Developer/Robotics/char-01/install/ros2_pkg/local/lib/python3.10/dist-packages/ros2_pkg/action/__init__.py
[3.142s] -- Up-to-date: /media/psf/Developer/Robotics/char-01/install/ros2_pkg/local/lib/python3.10/dist-packages/ros2_pkg/ros2_pkg_s__rosidl_typesupport_introspection_c.cpython-310-aarch64-linux-gnu.so
[3.142s] -- Up-to-date: /media/psf/Developer/Robotics/char-01/install/ros2_pkg/local/lib/python3.10/dist-packages/ros2_pkg/_ros2_pkg_s.ep.rosidl_typesupport_introspection_c.c
[3.142s] -- Up-to-date: /media/psf/Developer/Robotics/char-01/install/ros2_pkg/local/lib/python3.10/dist-packages/ros2_pkg/srv
[3.143s] -- Up-to-date: /media/psf/Developer/Robotics/char-01/install/ros2_pkg/local/lib/python3.10/dist-packages/ros2_pkg/srv/_turn_camera.py
[3.143s] -- Up-to-date: /media/psf/Developer/Robotics/char-01/install/ros2_pkg/local/lib/python3.10/dist-packages/ros2_pkg/srv/__init__.py
[3.143s] -- Up-to-date: /media/psf/Developer/Robotics/char-01/install/ros2_pkg/local/lib/python3.10/dist-packages/ros2_pkg/srv/_odd_even_check_s.c
[3.143s] -- Up-to-date: /media/psf/Developer/Robotics/char-01/install/ros2_pkg/local/lib/python3.10/dist-packages/ros2_pkg/srv/_odd_even_check.py
[3.143s] -- Up-to-date: /media/psf/Developer/Robotics/char-01/install/ros2_pkg/local/lib/python3.10/dist-packages/ros2_pkg/srv/_turn_camera_s.c
[3.144s] -- Up-to-date: /media/psf/Developer/Robotics/char-01/install/ros2_pkg/local/lib/python3.10/dist-packages/ros2_pkg/ros2_pkg_s__rosidl_typesupport_fastrtps_c.cpython-310-aarch64-linux-gnu.so
[3.197s] Listing '/media/psf/Developer/Robotics/char-01/install/ros2_pkg/local/lib/python3.10/dist-packages/ros2_pkg'...
[3.197s] Compiling '/media/psf/Developer/Robotics/char-01/install/ros2_pkg/local/lib/python3.10/dist-packages/ros2_pkg/__init__.py'...
[3.197s] Listing '/media/psf/Developer/Robotics/char-01/install/ros2_pkg/local/lib/python3.10/dist-packages/ros2_pkg/action'...
[3.198s] Compiling '/media/psf/Developer/Robotics/char-01/install/ros2_pkg/local/lib/python3.10/dist-packages/ros2_pkg/action/__init__.py'...
[3.198s] Compiling '/media/psf/Developer/Robotics/char-01/install/ros2_pkg/local/lib/python3.10/dist-packages/ros2_pkg/action/_navigate.py'...
[3.198s] Listing '/media/psf/Developer/Robotics/char-01/install/ros2_pkg/local/lib/python3.10/dist-packages/ros2_pkg/srv'...
[3.198s] Compiling '/media/psf/Developer/Robotics/char-01/install/ros2_pkg/local/lib/python3.10/dist-packages/ros2_pkg/srv/__init__.py'...
[3.199s] Compiling '/media/psf/Developer/Robotics/char-01/install/ros2_pkg/local/lib/python3.10/dist-packages/ros2_pkg/srv/_odd_even_check.py'...
[3.199s] Compiling '/media/psf/Developer/Robotics/char-01/install/ros2_pkg/local/lib/python3.10/dist-packages/ros2_pkg/srv/_turn_camera.py'...
[3.205s] -- Up-to-date: /media/psf/Developer/Robotics/char-01/install/ros2_pkg/local/lib/python3.10/dist-packages/ros2_pkg/ros2_pkg_s__rosidl_typesupport_fastrtps_c.cpython-310-aarch64-linux-gnu.so
[3.206s] -- Up-to-date: /media/psf/Developer/Robotics/char-01/install/ros2_pkg/local/lib/python3.10/dist-packages/ros2_pkg/ros2_pkg_s__rosidl_typesupport_introspection_c.cpython-310-aarch64-linux-gnu.so
[3.208s] -- Up-to-date: /media/psf/Developer/Robotics/char-01/install/ros2_pkg/local/lib/python3.10/dist-packages/ros2_pkg/ros2_pkg_s__rosidl_typesupport_c.cpython-310-aarch64-linux-gnu.so
[3.210s] -- Up-to-date: /media/psf/Developer/Robotics/char-01/install/ros2_pkg/lib/libros2_pkg__rosidl_generator_py.so
[3.211s] -- Up-to-date: /media/psf/Developer/Robotics/char-01/install/ros2_pkg/share/ros2_pkg/srv/OddEvenCheck.idl
[3.212s] -- Up-to-date: /media/psf/Developer/Robotics/char-01/install/ros2_pkg/share/ros2_pkg/srv/TurnCamera.idl
[3.212s] -- Up-to-date: /media/psf/Developer/Robotics/char-01/install/ros2_pkg/share/ros2_pkg/action/Navigate.idl
[3.213s] -- Up-to-date: /media/psf/Developer/Robotics/char-01/install/ros2_pkg/share/ros2_pkg/srv/OddEvenCheck.srv
[3.213s] -- Up-to-date: /media/psf/Developer/Robotics/char-01/install/ros2_pkg/share/ros2_pkg/srv/OddEvenCheck_Request.msg
[3.214s] -- Up-to-date: /media/psf/Developer/Robotics/char-01/install/ros2_pkg/share/ros2_pkg/srv/OddEvenCheck_Response.msg
[3.214s] -- Up-to-date: /media/psf/Developer/Robotics/char-01/install/ros2_pkg/share/ros2_pkg/srv/TurnCamera.srv
[3.214s] -- Up-to-date: /media/psf/Developer/Robotics/char-01/install/ros2_pkg/share/ros2_pkg/srv/TurnCamera_Request.msg
[3.215s] -- Up-to-date: /media/psf/Developer/Robotics/char-01/install/ros2_pkg/share/ros2_pkg/srv/TurnCamera_Response.msg
[3.215s] -- Up-to-date: /media/psf/Developer/Robotics/char-01/install/ros2_pkg/share/ros2_pkg/action/Navigate.action
[3.217s] -- Up-to-date: /media/psf/Developer/Robotics/char-01/install/ros2_pkg/lib/ros2_pkg/publisher
[3.220s] -- Up-to-date: /media/psf/Developer/Robotics/char-01/install/ros2_pkg/lib/ros2_pkg/subscriber
[3.222s] -- Up-to-date: /media/psf/Developer/Robotics/char-01/install/ros2_pkg/lib/ros2_pkg/rpm_pub
[3.224s] -- Up-to-date: /media/psf/Developer/Robotics/char-01/install/ros2_pkg/lib/ros2_pkg/speed_calc
[3.226s] -- Up-to-date: /media/psf/Developer/Robotics/char-01/install/ros2_pkg/lib/ros2_pkg/service_server
[3.228s] -- Up-to-date: /media/psf/Developer/Robotics/char-01/install/ros2_pkg/lib/ros2_pkg/service_client
[3.231s] -- Up-to-date: /media/psf/Developer/Robotics/char-01/install/ros2_pkg/lib/ros2_pkg/turn_camera_service
[3.233s] -- Up-to-date: /media/psf/Developer/Robotics/char-01/install/ros2_pkg/lib/ros2_pkg/turn_camera_client
[3.236s] -- Up-to-date: /media/psf/Developer/Robotics/char-01/install/ros2_pkg/lib/ros2_pkg/action_server
[3.237s] -- Up-to-date: /media/psf/Developer/Robotics/char-01/install/ros2_pkg/lib/ros2_pkg/action_client
[3.238s] -- Up-to-date: /media/psf/Developer/Robotics/char-01/install/ros2_pkg/share/ros2_pkg//launch
[3.239s] -- Up-to-date: /media/psf/Developer/Robotics/char-01/install/ros2_pkg/share/ros2_pkg//launch/launch_project.launch.py
[3.239s] -- Up-to-date: /media/psf/Developer/Robotics/char-01/install/ros2_pkg/share/ros2_pkg//launch/rpm_node.launch.py
[3.239s] -- Up-to-date: /media/psf/Developer/Robotics/char-01/install/ros2_pkg/share/ament_index/resource_index/package_run_dependencies/ros2_pkg
[3.240s] -- Up-to-date: /media/psf/Developer/Robotics/char-01/install/ros2_pkg/share/ament_index/resource_index/parent_prefix_path/ros2_pkg
[3.240s] -- Installing: /media/psf/Developer/Robotics/char-01/install/ros2_pkg/share/ros2_pkg/environment/ament_prefix_path.sh
[3.242s] -- Up-to-date: /media/psf/Developer/Robotics/char-01/install/ros2_pkg/share/ros2_pkg/environment/ament_prefix_path.dsv
[3.242s] -- Installing: /media/psf/Developer/Robotics/char-01/install/ros2_pkg/share/ros2_pkg/environment/path.sh
[3.243s] -- Up-to-date: /media/psf/Developer/Robotics/char-01/install/ros2_pkg/share/ros2_pkg/environment/path.dsv
[3.244s] -- Up-to-date: /media/psf/Developer/Robotics/char-01/install/ros2_pkg/share/ros2_pkg/local_setup.bash
[3.244s] -- Up-to-date: /media/psf/Developer/Robotics/char-01/install/ros2_pkg/share/ros2_pkg/local_setup.sh
[3.244s] -- Up-to-date: /media/psf/Developer/Robotics/char-01/install/ros2_pkg/share/ros2_pkg/local_setup.zsh
[3.244s] -- Up-to-date: /media/psf/Developer/Robotics/char-01/install/ros2_pkg/share/ros2_pkg/local_setup.dsv
[3.244s] -- Up-to-date: /media/psf/Developer/Robotics/char-01/install/ros2_pkg/share/ros2_pkg/package.dsv
[3.245s] -- Up-to-date: /media/psf/Developer/Robotics/char-01/install/ros2_pkg/share/ament_index/resource_index/packages/ros2_pkg
[3.246s] -- Up-to-date: /media/psf/Developer/Robotics/char-01/install/ros2_pkg/share/ros2_pkg/cmake/export_ros2_pkg__rosidl_generator_cExport.cmake
[3.246s] -- Up-to-date: /media/psf/Developer/Robotics/char-01/install/ros2_pkg/share/ros2_pkg/cmake/export_ros2_pkg__rosidl_generator_cExport-noconfig.cmake
[3.247s] -- Up-to-date: /media/psf/Developer/Robotics/char-01/install/ros2_pkg/share/ros2_pkg/cmake/export_ros2_pkg__rosidl_typesupport_fastrtps_cExport.cmake
[3.247s] -- Up-to-date: /media/psf/Developer/Robotics/char-01/install/ros2_pkg/share/ros2_pkg/cmake/export_ros2_pkg__rosidl_typesupport_fastrtps_cExport-noconfig.cmake
[3.248s] -- Up-to-date: /media/psf/Developer/Robotics/char-01/install/ros2_pkg/share/ros2_pkg/cmake/export_ros2_pkg__rosidl_generator_cppExport.cmake
[3.249s] -- Up-to-date: /media/psf/Developer/Robotics/char-01/install/ros2_pkg/share/ros2_pkg/cmake/export_ros2_pkg__rosidl_typesupport_fastrtps_cppExport.cmake
[3.250s] -- Up-to-date: /media/psf/Developer/Robotics/char-01/install/ros2_pkg/share/ros2_pkg/cmake/export_ros2_pkg__rosidl_typesupport_fastrtps_cppExport-noconfig.cmake
[3.251s] -- Up-to-date: /media/psf/Developer/Robotics/char-01/install/ros2_pkg/share/ros2_pkg/cmake/ros2_pkg__rosidl_typesupport_introspection_cExport.cmake
[3.251s] -- Up-to-date: /media/psf/Developer/Robotics/char-01/install/ros2_pkg/share/ros2_pkg/cmake/ros2_pkg__rosidl_typesupport_introspection_cExport-noconfig.cmake
[3.252s] -- Up-to-date: /media/psf/Developer/Robotics/char-01/install/ros2_pkg/share/ros2_pkg/cmake/ros2_pkg__rosidl_typesupport_cExport.cmake
[3.252s] -- Up-to-date: /media/psf/Developer/Robotics/char-01/install/ros2_pkg/share/ros2_pkg/cmake/ros2_pkg__rosidl_typesupport_cExport-noconfig.cmake
[3.253s] -- Up-to-date: /media/psf/Developer/Robotics/char-01/install/ros2_pkg/share/ros2_pkg/cmake/ros2_pkg__rosidl_typesupport_introspection_cppExport.cmake
[3.253s] -- Up-to-date: /media/psf/Developer/Robotics/char-01/install/ros2_pkg/share/ros2_pkg/cmake/ros2_pkg__rosidl_typesupport_introspection_cppExport-noconfig.cmake
[3.254s] -- Up-to-date: /media/psf/Developer/Robotics/char-01/install/ros2_pkg/share/ros2_pkg/cmake/ros2_pkg__rosidl_typesupport_cppExport.cmake
[3.255s] -- Up-to-date: /media/psf/Developer/Robotics/char-01/install/ros2_pkg/share/ros2_pkg/cmake/ros2_pkg__rosidl_typesupport_cppExport-noconfig.cmake
[3.255s] -- Up-to-date: /media/psf/Developer/Robotics/char-01/install/ros2_pkg/share/ros2_pkg/cmake/export_ros2_pkg__rosidl_generator_pyExport.cmake
[3.256s] -- Up-to-date: /media/psf/Developer/Robotics/char-01/install/ros2_pkg/share/ros2_pkg/cmake/export_ros2_pkg__rosidl_generator_pyExport-noconfig.cmake
[3.256s] -- Up-to-date: /media/psf/Developer/Robotics/char-01/install/ros2_pkg/share/ros2_pkg/cmake/rosidl_cmake-extras.cmake
[3.256s] -- Up-to-date: /media/psf/Developer/Robotics/char-01/install/ros2_pkg/share/ros2_pkg/cmake/ament_cmake_export_dependencies-extras.cmake
[3.256s] -- Up-to-date: /media/psf/Developer/Robotics/char-01/install/ros2_pkg/share/ros2_pkg/cmake/ament_cmake_export_include_directories-extras.cmake
[3.257s] -- Up-to-date: /media/psf/Developer/Robotics/char-01/install/ros2_pkg/share/ros2_pkg/cmake/ament_cmake_export_libraries-extras.cmake
[3.257s] -- Up-to-date: /media/psf/Developer/Robotics/char-01/install/ros2_pkg/share/ros2_pkg/cmake/ament_cmake_export_targets-extras.cmake
[3.257s] -- Up-to-date: /media/psf/Developer/Robotics/char-01/install/ros2_pkg/share/ros2_pkg/cmake/rosidl_cmake_export_typesupport_targets-extras.cmake
[3.257s] -- Up-to-date: /media/psf/Developer/Robotics/char-01/install/ros2_pkg/share/ros2_pkg/cmake/rosidl_cmake_export_typesupport_libraries-extras.cmake
[3.257s] -- Up-to-date: /media/psf/Developer/Robotics/char-01/install/ros2_pkg/share/ros2_pkg/cmake/ros2_pkgConfig.cmake
[3.258s] -- Up-to-date: /media/psf/Developer/Robotics/char-01/install/ros2_pkg/share/ros2_pkg/cmake/ros2_pkgConfig-version.cmake
[3.258s] -- Up-to-date: /media/psf/Developer/Robotics/char-01/install/ros2_pkg/share/ros2_pkg/package.xml
[3.261s] Invoked command in '/media/psf/Developer/Robotics/char-01/build/ros2_pkg' returned '0': CMAKE_PREFIX_PATH=${CMAKE_PREFIX_PATH}:/opt/ros/humble /usr/bin/cmake --install /media/psf/Developer/Robotics/char-01/build/ros2_pkg
