[0.504s] DEBUG:colcon:Command line arguments: ['/usr/bin/colcon', 'build']
[0.504s] DEBUG:colcon:Parsed command line arguments: Namespace(log_base=None, log_level=None, verb_name='build', build_base='build', install_base='install', merge_install=False, symlink_install=False, test_result_base=None, continue_on_error=False, executor='parallel', parallel_workers=2, event_handlers=None, ignore_user_meta=False, metas=['./colcon.meta'], base_paths=['.'], packages_ignore=None, packages_ignore_regex=None, paths=None, packages_up_to=None, packages_up_to_regex=None, packages_above=None, packages_above_and_dependencies=None, packages_above_depth=None, packages_select_by_dep=None, packages_skip_by_dep=None, packages_skip_up_to=None, packages_select_build_failed=False, packages_skip_build_finished=False, packages_select_test_failures=False, packages_skip_test_passed=False, packages_select=None, packages_skip=None, packages_select_regex=None, packages_skip_regex=None, packages_start=None, packages_end=None, allow_overriding=[], cmake_args=None, cmake_target=None, cmake_target_skip_unavailable=False, cmake_clean_cache=False, cmake_clean_first=False, cmake_force_configure=False, ament_cmake_args=None, catkin_cmake_args=None, catkin_skip_building_tests=False, verb_parser=<colcon_defaults.argument_parser.defaults.DefaultArgumentsDecorator object at 0xffffa424a590>, verb_extension=<colcon_core.verb.build.BuildVerb object at 0xffffa4236230>, main=<bound method BuildVerb.main of <colcon_core.verb.build.BuildVerb object at 0xffffa4236230>>)
[0.544s] Level 1:colcon.colcon_core.package_discovery:discover_packages(colcon_meta) check parameters
[0.544s] Level 1:colcon.colcon_core.package_discovery:discover_packages(recursive) check parameters
[0.544s] Level 1:colcon.colcon_core.package_discovery:discover_packages(ignore) check parameters
[0.544s] Level 1:colcon.colcon_core.package_discovery:discover_packages(path) check parameters
[0.545s] Level 1:colcon.colcon_core.package_discovery:discover_packages(colcon_meta) discover
[0.545s] Level 1:colcon.colcon_core.package_discovery:discover_packages(recursive) discover
[0.545s] INFO:colcon.colcon_core.package_discovery:Crawling recursively for packages in '/media/psf/Developer/Robotics/char-01/char_01'
[0.546s] Level 1:colcon.colcon_core.package_identification:_identify(.) by extensions ['ignore', 'ignore_ament_install']
[0.546s] Level 1:colcon.colcon_core.package_identification:_identify(.) by extension 'ignore'
[0.546s] Level 1:colcon.colcon_core.package_identification:_identify(.) by extension 'ignore_ament_install'
[0.546s] Level 1:colcon.colcon_core.package_identification:_identify(.) by extensions ['colcon_pkg']
[0.546s] Level 1:colcon.colcon_core.package_identification:_identify(.) by extension 'colcon_pkg'
[0.546s] Level 1:colcon.colcon_core.package_identification:_identify(.) by extensions ['colcon_meta']
[0.546s] Level 1:colcon.colcon_core.package_identification:_identify(.) by extension 'colcon_meta'
[0.546s] Level 1:colcon.colcon_core.package_identification:_identify(.) by extensions ['ros']
[0.546s] Level 1:colcon.colcon_core.package_identification:_identify(.) by extension 'ros'
[0.557s] Level 1:colcon.colcon_core.package_identification:_identify(.) by extensions ['cmake', 'python']
[0.557s] Level 1:colcon.colcon_core.package_identification:_identify(.) by extension 'cmake'
[0.557s] Level 1:colcon.colcon_core.package_identification:_identify(.) by extension 'python'
[0.557s] Level 1:colcon.colcon_core.package_identification:_identify(.) by extensions ['python_setup_py']
[0.557s] Level 1:colcon.colcon_core.package_identification:_identify(.) by extension 'python_setup_py'
[0.558s] Level 1:colcon.colcon_core.package_identification:_identify(build) by extensions ['ignore', 'ignore_ament_install']
[0.558s] Level 1:colcon.colcon_core.package_identification:_identify(build) by extension 'ignore'
[0.558s] Level 1:colcon.colcon_core.package_identification:_identify(build) ignored
[0.558s] Level 1:colcon.colcon_core.package_identification:_identify(install) by extensions ['ignore', 'ignore_ament_install']
[0.559s] Level 1:colcon.colcon_core.package_identification:_identify(install) by extension 'ignore'
[0.559s] Level 1:colcon.colcon_core.package_identification:_identify(install) ignored
[0.559s] Level 1:colcon.colcon_core.package_identification:_identify(log) by extensions ['ignore', 'ignore_ament_install']
[0.559s] Level 1:colcon.colcon_core.package_identification:_identify(log) by extension 'ignore'
[0.559s] Level 1:colcon.colcon_core.package_identification:_identify(log) ignored
[0.560s] Level 1:colcon.colcon_core.package_identification:_identify(ros2_pkg) by extensions ['ignore', 'ignore_ament_install']
[0.560s] Level 1:colcon.colcon_core.package_identification:_identify(ros2_pkg) by extension 'ignore'
[0.560s] Level 1:colcon.colcon_core.package_identification:_identify(ros2_pkg) by extension 'ignore_ament_install'
[0.560s] Level 1:colcon.colcon_core.package_identification:_identify(ros2_pkg) by extensions ['colcon_pkg']
[0.560s] Level 1:colcon.colcon_core.package_identification:_identify(ros2_pkg) by extension 'colcon_pkg'
[0.560s] Level 1:colcon.colcon_core.package_identification:_identify(ros2_pkg) by extensions ['colcon_meta']
[0.560s] Level 1:colcon.colcon_core.package_identification:_identify(ros2_pkg) by extension 'colcon_meta'
[0.561s] Level 1:colcon.colcon_core.package_identification:_identify(ros2_pkg) by extensions ['ros']
[0.561s] Level 1:colcon.colcon_core.package_identification:_identify(ros2_pkg) by extension 'ros'
[0.564s] DEBUG:colcon.colcon_core.package_identification:Package 'ros2_pkg' with type 'ros.ament_cmake' and name 'ros2_pkg'
[0.564s] Level 1:colcon.colcon_core.package_discovery:discover_packages(recursive) using defaults
[0.564s] Level 1:colcon.colcon_core.package_discovery:discover_packages(ignore) discover
[0.564s] Level 1:colcon.colcon_core.package_discovery:discover_packages(ignore) using defaults
[0.564s] Level 1:colcon.colcon_core.package_discovery:discover_packages(path) discover
[0.565s] Level 1:colcon.colcon_core.package_discovery:discover_packages(path) using defaults
[0.624s] Level 1:colcon.colcon_core.package_discovery:discover_packages(prefix_path) check parameters
[0.624s] Level 1:colcon.colcon_core.package_discovery:discover_packages(prefix_path) discover
[0.645s] DEBUG:colcon.colcon_installed_package_information.package_discovery:Found 1 installed packages in /media/psf/Developer/robotics/ros_env/install
[0.655s] DEBUG:colcon.colcon_installed_package_information.package_discovery:Found 284 installed packages in /opt/ros/humble
[0.656s] Level 1:colcon.colcon_core.package_discovery:discover_packages(prefix_path) using defaults
[0.756s] Level 5:colcon.colcon_core.verb:set package 'ros2_pkg' build argument 'cmake_args' from command line to 'None'
[0.756s] Level 5:colcon.colcon_core.verb:set package 'ros2_pkg' build argument 'cmake_target' from command line to 'None'
[0.756s] Level 5:colcon.colcon_core.verb:set package 'ros2_pkg' build argument 'cmake_target_skip_unavailable' from command line to 'False'
[0.756s] Level 5:colcon.colcon_core.verb:set package 'ros2_pkg' build argument 'cmake_clean_cache' from command line to 'False'
[0.756s] Level 5:colcon.colcon_core.verb:set package 'ros2_pkg' build argument 'cmake_clean_first' from command line to 'False'
[0.756s] Level 5:colcon.colcon_core.verb:set package 'ros2_pkg' build argument 'cmake_force_configure' from command line to 'False'
[0.756s] Level 5:colcon.colcon_core.verb:set package 'ros2_pkg' build argument 'ament_cmake_args' from command line to 'None'
[0.757s] Level 5:colcon.colcon_core.verb:set package 'ros2_pkg' build argument 'catkin_cmake_args' from command line to 'None'
[0.757s] Level 5:colcon.colcon_core.verb:set package 'ros2_pkg' build argument 'catkin_skip_building_tests' from command line to 'False'
[0.757s] DEBUG:colcon.colcon_core.verb:Building package 'ros2_pkg' with the following arguments: {'ament_cmake_args': None, 'build_base': '/media/psf/Developer/Robotics/char-01/char_01/build/ros2_pkg', 'catkin_cmake_args': None, 'catkin_skip_building_tests': False, 'cmake_args': None, 'cmake_clean_cache': False, 'cmake_clean_first': False, 'cmake_force_configure': False, 'cmake_target': None, 'cmake_target_skip_unavailable': False, 'install_base': '/media/psf/Developer/Robotics/char-01/char_01/install/ros2_pkg', 'merge_install': False, 'path': '/media/psf/Developer/Robotics/char-01/char_01/ros2_pkg', 'symlink_install': False, 'test_result_base': None}
[0.764s] INFO:colcon.colcon_core.executor:Executing jobs using 'parallel' executor
[0.772s] DEBUG:colcon.colcon_parallel_executor.executor.parallel:run_until_complete
[0.772s] INFO:colcon.colcon_ros.task.ament_cmake.build:Building ROS package in '/media/psf/Developer/Robotics/char-01/char_01/ros2_pkg' with build type 'ament_cmake'
[0.773s] INFO:colcon.colcon_cmake.task.cmake.build:Building CMake package in '/media/psf/Developer/Robotics/char-01/char_01/ros2_pkg'
[0.783s] INFO:colcon.colcon_core.plugin_system:Skipping extension 'colcon_core.shell.bat': Not used on non-Windows systems
[0.785s] INFO:colcon.colcon_core.shell:Skip shell extension 'powershell' for command environment: Not usable outside of PowerShell
[0.786s] DEBUG:colcon.colcon_core.shell:Skip shell extension 'dsv' for command environment
[0.826s] DEBUG:colcon.colcon_core.event_handler.log_command:Invoking command in '/media/psf/Developer/Robotics/char-01/char_01/build/ros2_pkg': CMAKE_PREFIX_PATH=${CMAKE_PREFIX_PATH}:/opt/ros/humble /usr/bin/cmake /media/psf/Developer/Robotics/char-01/char_01/ros2_pkg -DCMAKE_INSTALL_PREFIX=/media/psf/Developer/Robotics/char-01/char_01/install/ros2_pkg
[3.587s] DEBUG:colcon.colcon_core.event_handler.log_command:Invoked command in '/media/psf/Developer/Robotics/char-01/char_01/build/ros2_pkg' returned '0': CMAKE_PREFIX_PATH=${CMAKE_PREFIX_PATH}:/opt/ros/humble /usr/bin/cmake /media/psf/Developer/Robotics/char-01/char_01/ros2_pkg -DCMAKE_INSTALL_PREFIX=/media/psf/Developer/Robotics/char-01/char_01/install/ros2_pkg
[3.589s] DEBUG:colcon.colcon_core.event_handler.log_command:Invoking command in '/media/psf/Developer/Robotics/char-01/char_01/build/ros2_pkg': CMAKE_PREFIX_PATH=${CMAKE_PREFIX_PATH}:/opt/ros/humble /usr/bin/cmake --build /media/psf/Developer/Robotics/char-01/char_01/build/ros2_pkg -- -j2 -l2
[6.386s] DEBUG:colcon.colcon_core.event_handler.log_command:Invoked command in '/media/psf/Developer/Robotics/char-01/char_01/build/ros2_pkg' returned '0': CMAKE_PREFIX_PATH=${CMAKE_PREFIX_PATH}:/opt/ros/humble /usr/bin/cmake --build /media/psf/Developer/Robotics/char-01/char_01/build/ros2_pkg -- -j2 -l2
[6.655s] DEBUG:colcon.colcon_core.event_handler.log_command:Invoking command in '/media/psf/Developer/Robotics/char-01/char_01/build/ros2_pkg': CMAKE_PREFIX_PATH=${CMAKE_PREFIX_PATH}:/opt/ros/humble /usr/bin/cmake --install /media/psf/Developer/Robotics/char-01/char_01/build/ros2_pkg
[6.831s] Level 1:colcon.colcon_core.environment:create_environment_scripts_only(ros2_pkg)
[6.836s] DEBUG:colcon.colcon_core.event_handler.log_command:Invoked command in '/media/psf/Developer/Robotics/char-01/char_01/build/ros2_pkg' returned '0': CMAKE_PREFIX_PATH=${CMAKE_PREFIX_PATH}:/opt/ros/humble /usr/bin/cmake --install /media/psf/Developer/Robotics/char-01/char_01/build/ros2_pkg
[6.840s] Level 1:colcon.colcon_core.environment:checking '/media/psf/Developer/Robotics/char-01/char_01/install/ros2_pkg' for CMake module files
[6.847s] Level 1:colcon.colcon_core.environment:checking '/media/psf/Developer/Robotics/char-01/char_01/install/ros2_pkg' for CMake config files
[6.861s] Level 1:colcon.colcon_core.shell:create_environment_hook('ros2_pkg', 'cmake_prefix_path')
[6.868s] INFO:colcon.colcon_core.shell:Creating environment hook '/media/psf/Developer/Robotics/char-01/char_01/install/ros2_pkg/share/ros2_pkg/hook/cmake_prefix_path.ps1'
[6.870s] INFO:colcon.colcon_core.shell:Creating environment descriptor '/media/psf/Developer/Robotics/char-01/char_01/install/ros2_pkg/share/ros2_pkg/hook/cmake_prefix_path.dsv'
[6.871s] INFO:colcon.colcon_core.shell:Creating environment hook '/media/psf/Developer/Robotics/char-01/char_01/install/ros2_pkg/share/ros2_pkg/hook/cmake_prefix_path.sh'
[6.872s] Level 1:colcon.colcon_core.environment:checking '/media/psf/Developer/Robotics/char-01/char_01/install/ros2_pkg/lib'
[6.872s] Level 1:colcon.colcon_core.shell:create_environment_hook('ros2_pkg', 'ld_library_path_lib')
[6.879s] INFO:colcon.colcon_core.shell:Creating environment hook '/media/psf/Developer/Robotics/char-01/char_01/install/ros2_pkg/share/ros2_pkg/hook/ld_library_path_lib.ps1'
[6.880s] INFO:colcon.colcon_core.shell:Creating environment descriptor '/media/psf/Developer/Robotics/char-01/char_01/install/ros2_pkg/share/ros2_pkg/hook/ld_library_path_lib.dsv'
[6.881s] INFO:colcon.colcon_core.shell:Creating environment hook '/media/psf/Developer/Robotics/char-01/char_01/install/ros2_pkg/share/ros2_pkg/hook/ld_library_path_lib.sh'
[6.881s] Level 1:colcon.colcon_core.environment:checking '/media/psf/Developer/Robotics/char-01/char_01/install/ros2_pkg/bin'
[6.881s] Level 1:colcon.colcon_core.environment:checking '/media/psf/Developer/Robotics/char-01/char_01/install/ros2_pkg/lib/pkgconfig/ros2_pkg.pc'
[6.882s] Level 1:colcon.colcon_core.environment:checking '/media/psf/Developer/Robotics/char-01/char_01/install/ros2_pkg/lib/python3.10/site-packages'
[6.882s] Level 1:colcon.colcon_core.environment:checking '/media/psf/Developer/Robotics/char-01/char_01/install/ros2_pkg/bin'
[6.889s] INFO:colcon.colcon_core.shell:Creating package script '/media/psf/Developer/Robotics/char-01/char_01/install/ros2_pkg/share/ros2_pkg/package.ps1'
[6.890s] INFO:colcon.colcon_core.shell:Creating package descriptor '/media/psf/Developer/Robotics/char-01/char_01/install/ros2_pkg/share/ros2_pkg/package.dsv'
[6.892s] INFO:colcon.colcon_core.shell:Creating package script '/media/psf/Developer/Robotics/char-01/char_01/install/ros2_pkg/share/ros2_pkg/package.sh'
[6.893s] INFO:colcon.colcon_core.shell:Creating package script '/media/psf/Developer/Robotics/char-01/char_01/install/ros2_pkg/share/ros2_pkg/package.bash'
[6.894s] INFO:colcon.colcon_core.shell:Creating package script '/media/psf/Developer/Robotics/char-01/char_01/install/ros2_pkg/share/ros2_pkg/package.zsh'
[6.895s] Level 1:colcon.colcon_core.environment:create_file_with_runtime_dependencies(/media/psf/Developer/Robotics/char-01/char_01/install/ros2_pkg/share/colcon-core/packages/ros2_pkg)
[7.185s] Level 1:colcon.colcon_core.environment:create_environment_scripts_only(ros2_pkg)
[7.192s] Level 1:colcon.colcon_core.environment:checking '/media/psf/Developer/Robotics/char-01/char_01/install/ros2_pkg' for CMake module files
[7.197s] Level 1:colcon.colcon_core.environment:checking '/media/psf/Developer/Robotics/char-01/char_01/install/ros2_pkg' for CMake config files
[7.218s] Level 1:colcon.colcon_core.shell:create_environment_hook('ros2_pkg', 'cmake_prefix_path')
[7.225s] INFO:colcon.colcon_core.shell:Creating environment hook '/media/psf/Developer/Robotics/char-01/char_01/install/ros2_pkg/share/ros2_pkg/hook/cmake_prefix_path.ps1'
[7.226s] INFO:colcon.colcon_core.shell:Creating environment descriptor '/media/psf/Developer/Robotics/char-01/char_01/install/ros2_pkg/share/ros2_pkg/hook/cmake_prefix_path.dsv'
[7.226s] INFO:colcon.colcon_core.shell:Creating environment hook '/media/psf/Developer/Robotics/char-01/char_01/install/ros2_pkg/share/ros2_pkg/hook/cmake_prefix_path.sh'
[7.227s] Level 1:colcon.colcon_core.environment:checking '/media/psf/Developer/Robotics/char-01/char_01/install/ros2_pkg/lib'
[7.228s] Level 1:colcon.colcon_core.shell:create_environment_hook('ros2_pkg', 'ld_library_path_lib')
[7.234s] INFO:colcon.colcon_core.shell:Creating environment hook '/media/psf/Developer/Robotics/char-01/char_01/install/ros2_pkg/share/ros2_pkg/hook/ld_library_path_lib.ps1'
[7.235s] INFO:colcon.colcon_core.shell:Creating environment descriptor '/media/psf/Developer/Robotics/char-01/char_01/install/ros2_pkg/share/ros2_pkg/hook/ld_library_path_lib.dsv'
[7.236s] INFO:colcon.colcon_core.shell:Creating environment hook '/media/psf/Developer/Robotics/char-01/char_01/install/ros2_pkg/share/ros2_pkg/hook/ld_library_path_lib.sh'
[7.236s] Level 1:colcon.colcon_core.environment:checking '/media/psf/Developer/Robotics/char-01/char_01/install/ros2_pkg/bin'
[7.236s] Level 1:colcon.colcon_core.environment:checking '/media/psf/Developer/Robotics/char-01/char_01/install/ros2_pkg/lib/pkgconfig/ros2_pkg.pc'
[7.237s] Level 1:colcon.colcon_core.environment:checking '/media/psf/Developer/Robotics/char-01/char_01/install/ros2_pkg/lib/python3.10/site-packages'
[7.238s] Level 1:colcon.colcon_core.environment:checking '/media/psf/Developer/Robotics/char-01/char_01/install/ros2_pkg/bin'
[7.244s] INFO:colcon.colcon_core.shell:Creating package script '/media/psf/Developer/Robotics/char-01/char_01/install/ros2_pkg/share/ros2_pkg/package.ps1'
[7.245s] INFO:colcon.colcon_core.shell:Creating package descriptor '/media/psf/Developer/Robotics/char-01/char_01/install/ros2_pkg/share/ros2_pkg/package.dsv'
[7.246s] INFO:colcon.colcon_core.shell:Creating package script '/media/psf/Developer/Robotics/char-01/char_01/install/ros2_pkg/share/ros2_pkg/package.sh'
[7.247s] INFO:colcon.colcon_core.shell:Creating package script '/media/psf/Developer/Robotics/char-01/char_01/install/ros2_pkg/share/ros2_pkg/package.bash'
[7.248s] INFO:colcon.colcon_core.shell:Creating package script '/media/psf/Developer/Robotics/char-01/char_01/install/ros2_pkg/share/ros2_pkg/package.zsh'
[7.248s] Level 1:colcon.colcon_core.environment:create_file_with_runtime_dependencies(/media/psf/Developer/Robotics/char-01/char_01/install/ros2_pkg/share/colcon-core/packages/ros2_pkg)
[7.249s] DEBUG:colcon.colcon_parallel_executor.executor.parallel:closing loop
[7.249s] DEBUG:colcon.colcon_parallel_executor.executor.parallel:loop closed
[7.249s] DEBUG:colcon.colcon_parallel_executor.executor.parallel:run_until_complete finished with '0'
[7.249s] DEBUG:colcon.colcon_core.event_reactor:joining thread
[7.261s] INFO:colcon.colcon_core.plugin_system:Skipping extension 'colcon_notification.desktop_notification.terminal_notifier': Not used on non-Darwin systems
[7.263s] INFO:colcon.colcon_core.plugin_system:Skipping extension 'colcon_notification.desktop_notification.win32': Not used on non-Windows systems
[7.263s] INFO:colcon.colcon_notification.desktop_notification:Sending desktop notification using 'notify2'
[7.287s] DEBUG:colcon.colcon_core.event_reactor:joined thread
[7.295s] INFO:colcon.colcon_core.shell:Creating prefix script '/media/psf/Developer/Robotics/char-01/char_01/install/local_setup.ps1'
[7.297s] INFO:colcon.colcon_core.shell:Creating prefix util module '/media/psf/Developer/Robotics/char-01/char_01/install/_local_setup_util_ps1.py'
[7.298s] INFO:colcon.colcon_core.shell:Creating prefix chain script '/media/psf/Developer/Robotics/char-01/char_01/install/setup.ps1'
[7.309s] INFO:colcon.colcon_core.shell:Creating prefix script '/media/psf/Developer/Robotics/char-01/char_01/install/local_setup.sh'
[7.310s] INFO:colcon.colcon_core.shell:Creating prefix util module '/media/psf/Developer/Robotics/char-01/char_01/install/_local_setup_util_sh.py'
[7.312s] INFO:colcon.colcon_core.shell:Creating prefix chain script '/media/psf/Developer/Robotics/char-01/char_01/install/setup.sh'
[7.322s] INFO:colcon.colcon_core.shell:Creating prefix script '/media/psf/Developer/Robotics/char-01/char_01/install/local_setup.bash'
[7.323s] INFO:colcon.colcon_core.shell:Creating prefix chain script '/media/psf/Developer/Robotics/char-01/char_01/install/setup.bash'
[7.335s] INFO:colcon.colcon_core.shell:Creating prefix script '/media/psf/Developer/Robotics/char-01/char_01/install/local_setup.zsh'
[7.336s] INFO:colcon.colcon_core.shell:Creating prefix chain script '/media/psf/Developer/Robotics/char-01/char_01/install/setup.zsh'
