[0.472s] DEBUG:colcon:Command line arguments: ['/usr/bin/colcon', 'build']
[0.473s] DEBUG:colcon:Parsed command line arguments: Namespace(log_base=None, log_level=None, verb_name='build', build_base='build', install_base='install', merge_install=False, symlink_install=False, test_result_base=None, continue_on_error=False, executor='parallel', parallel_workers=2, event_handlers=None, ignore_user_meta=False, metas=['./colcon.meta'], base_paths=['.'], packages_ignore=None, packages_ignore_regex=None, paths=None, packages_up_to=None, packages_up_to_regex=None, packages_above=None, packages_above_and_dependencies=None, packages_above_depth=None, packages_select_by_dep=None, packages_skip_by_dep=None, packages_skip_up_to=None, packages_select_build_failed=False, packages_skip_build_finished=False, packages_select_test_failures=False, packages_skip_test_passed=False, packages_select=None, packages_skip=None, packages_select_regex=None, packages_skip_regex=None, packages_start=None, packages_end=None, allow_overriding=[], cmake_args=None, cmake_target=None, cmake_target_skip_unavailable=False, cmake_clean_cache=False, cmake_clean_first=False, cmake_force_configure=False, ament_cmake_args=None, catkin_cmake_args=None, catkin_skip_building_tests=False, verb_parser=<colcon_defaults.argument_parser.defaults.DefaultArgumentsDecorator object at 0xffff8aedaec0>, verb_extension=<colcon_core.verb.build.BuildVerb object at 0xffff8aec6680>, main=<bound method BuildVerb.main of <colcon_core.verb.build.BuildVerb object at 0xffff8aec6680>>)
[0.500s] Level 1:colcon.colcon_core.package_discovery:discover_packages(colcon_meta) check parameters
[0.501s] Level 1:colcon.colcon_core.package_discovery:discover_packages(recursive) check parameters
[0.501s] Level 1:colcon.colcon_core.package_discovery:discover_packages(ignore) check parameters
[0.501s] Level 1:colcon.colcon_core.package_discovery:discover_packages(path) check parameters
[0.501s] Level 1:colcon.colcon_core.package_discovery:discover_packages(colcon_meta) discover
[0.501s] Level 1:colcon.colcon_core.package_discovery:discover_packages(recursive) discover
[0.501s] INFO:colcon.colcon_core.package_discovery:Crawling recursively for packages in '/media/psf/Developer/Robotics/char-01/ros2_pkg/worlds'
[0.502s] Level 1:colcon.colcon_core.package_identification:_identify(.) by extensions ['ignore', 'ignore_ament_install']
[0.502s] Level 1:colcon.colcon_core.package_identification:_identify(.) by extension 'ignore'
[0.502s] Level 1:colcon.colcon_core.package_identification:_identify(.) by extension 'ignore_ament_install'
[0.502s] Level 1:colcon.colcon_core.package_identification:_identify(.) by extensions ['colcon_pkg']
[0.502s] Level 1:colcon.colcon_core.package_identification:_identify(.) by extension 'colcon_pkg'
[0.502s] Level 1:colcon.colcon_core.package_identification:_identify(.) by extensions ['colcon_meta']
[0.503s] Level 1:colcon.colcon_core.package_identification:_identify(.) by extension 'colcon_meta'
[0.503s] Level 1:colcon.colcon_core.package_identification:_identify(.) by extensions ['ros']
[0.503s] Level 1:colcon.colcon_core.package_identification:_identify(.) by extension 'ros'
[0.510s] Level 1:colcon.colcon_core.package_identification:_identify(.) by extensions ['cmake', 'python']
[0.510s] Level 1:colcon.colcon_core.package_identification:_identify(.) by extension 'cmake'
[0.510s] Level 1:colcon.colcon_core.package_identification:_identify(.) by extension 'python'
[0.510s] Level 1:colcon.colcon_core.package_identification:_identify(.) by extensions ['python_setup_py']
[0.511s] Level 1:colcon.colcon_core.package_identification:_identify(.) by extension 'python_setup_py'
[0.511s] Level 1:colcon.colcon_core.package_identification:_identify(build) by extensions ['ignore', 'ignore_ament_install']
[0.511s] Level 1:colcon.colcon_core.package_identification:_identify(build) by extension 'ignore'
[0.511s] Level 1:colcon.colcon_core.package_identification:_identify(build) ignored
[0.512s] Level 1:colcon.colcon_core.package_identification:_identify(install) by extensions ['ignore', 'ignore_ament_install']
[0.512s] Level 1:colcon.colcon_core.package_identification:_identify(install) by extension 'ignore'
[0.512s] Level 1:colcon.colcon_core.package_identification:_identify(install) ignored
[0.513s] Level 1:colcon.colcon_core.package_identification:_identify(log) by extensions ['ignore', 'ignore_ament_install']
[0.513s] Level 1:colcon.colcon_core.package_identification:_identify(log) by extension 'ignore'
[0.513s] Level 1:colcon.colcon_core.package_identification:_identify(log) ignored
[0.513s] Level 1:colcon.colcon_core.package_discovery:discover_packages(recursive) using defaults
[0.513s] Level 1:colcon.colcon_core.package_discovery:discover_packages(ignore) discover
[0.513s] Level 1:colcon.colcon_core.package_discovery:discover_packages(ignore) using defaults
[0.513s] Level 1:colcon.colcon_core.package_discovery:discover_packages(path) discover
[0.513s] Level 1:colcon.colcon_core.package_discovery:discover_packages(path) using defaults
[0.557s] Level 1:colcon.colcon_core.package_discovery:discover_packages(prefix_path) check parameters
[0.558s] Level 1:colcon.colcon_core.package_discovery:discover_packages(prefix_path) discover
[0.575s] DEBUG:colcon.colcon_installed_package_information.package_discovery:Found 1 installed packages in /media/psf/Developer/robotics/ros_env/install
[0.582s] DEBUG:colcon.colcon_installed_package_information.package_discovery:Found 288 installed packages in /opt/ros/humble
[0.583s] Level 1:colcon.colcon_core.package_discovery:discover_packages(prefix_path) using defaults
[0.638s] INFO:colcon.colcon_core.executor:Executing jobs using 'parallel' executor
[0.645s] DEBUG:colcon.colcon_parallel_executor.executor.parallel:run_until_complete
[0.645s] DEBUG:colcon.colcon_parallel_executor.executor.parallel:closing loop
[0.645s] DEBUG:colcon.colcon_parallel_executor.executor.parallel:loop closed
[0.646s] DEBUG:colcon.colcon_parallel_executor.executor.parallel:run_until_complete finished with '0'
[0.646s] DEBUG:colcon.colcon_core.event_reactor:joining thread
[0.655s] INFO:colcon.colcon_core.plugin_system:Skipping extension 'colcon_notification.desktop_notification.terminal_notifier': Not used on non-Darwin systems
[0.655s] INFO:colcon.colcon_core.plugin_system:Skipping extension 'colcon_notification.desktop_notification.win32': Not used on non-Windows systems
[0.655s] INFO:colcon.colcon_notification.desktop_notification:Sending desktop notification using 'notify2'
[0.671s] DEBUG:colcon.colcon_core.event_reactor:joined thread
[0.678s] INFO:colcon.colcon_core.plugin_system:Skipping extension 'colcon_core.shell.bat': Not used on non-Windows systems
[0.679s] INFO:colcon.colcon_core.shell:Creating prefix script '/media/psf/Developer/Robotics/char-01/ros2_pkg/worlds/install/local_setup.ps1'
[0.681s] INFO:colcon.colcon_core.shell:Creating prefix util module '/media/psf/Developer/Robotics/char-01/ros2_pkg/worlds/install/_local_setup_util_ps1.py'
[0.682s] INFO:colcon.colcon_core.shell:Creating prefix chain script '/media/psf/Developer/Robotics/char-01/ros2_pkg/worlds/install/setup.ps1'
[0.691s] INFO:colcon.colcon_core.shell:Creating prefix script '/media/psf/Developer/Robotics/char-01/ros2_pkg/worlds/install/local_setup.sh'
[0.692s] INFO:colcon.colcon_core.shell:Creating prefix util module '/media/psf/Developer/Robotics/char-01/ros2_pkg/worlds/install/_local_setup_util_sh.py'
[0.693s] INFO:colcon.colcon_core.shell:Creating prefix chain script '/media/psf/Developer/Robotics/char-01/ros2_pkg/worlds/install/setup.sh'
[0.703s] INFO:colcon.colcon_core.shell:Creating prefix script '/media/psf/Developer/Robotics/char-01/ros2_pkg/worlds/install/local_setup.bash'
[0.704s] INFO:colcon.colcon_core.shell:Creating prefix chain script '/media/psf/Developer/Robotics/char-01/ros2_pkg/worlds/install/setup.bash'
[0.712s] INFO:colcon.colcon_core.shell:Creating prefix script '/media/psf/Developer/Robotics/char-01/ros2_pkg/worlds/install/local_setup.zsh'
[0.713s] INFO:colcon.colcon_core.shell:Creating prefix chain script '/media/psf/Developer/Robotics/char-01/ros2_pkg/worlds/install/setup.zsh'
