[  1%] Built target ros2_pkg__cpp
[  8%] Built target ros2_pkg__rosidl_generator_c
[ 11%] Built target publisher
[ 11%] Built target ament_cmake_python_symlink_ros2_pkg
[ 14%] Built target subscriber
[ 16%] Built target rpm_pub
[ 19%] Built target speed_calc
[ 26%] Built target ros2_pkg__rosidl_typesupport_cpp
[ 33%] Built target ros2_pkg__rosidl_typesupport_fastrtps_c
[ 40%] Built target ros2_pkg__rosidl_typesupport_fastrtps_cpp
[ 47%] Built target ros2_pkg__rosidl_typesupport_introspection_c
[ 54%] Built target ros2_pkg__rosidl_typesupport_c
[ 61%] Built target ros2_pkg__rosidl_typesupport_introspection_cpp
[ 64%] Built target service_server
[ 67%] Built target service_client
running egg_info
writing ros2_pkg.egg-info/PKG-INFO
writing dependency_links to ros2_pkg.egg-info/dependency_links.txt
writing top-level names to ros2_pkg.egg-info/top_level.txt
reading manifest file 'ros2_pkg.egg-info/SOURCES.txt'
writing manifest file 'ros2_pkg.egg-info/SOURCES.txt'
[ 70%] Built target turn_camera_service
[ 70%] Built target ament_cmake_python_build_ros2_pkg_egg
[ 73%] Built target turn_camera_client
[ 76%] Built target action_server
[ 81%] Built target lidar_node
[ 81%] Built target action_client
[ 83%] [32mBuilding CXX object CMakeFiles/control.dir/src/control.cpp.o[0m
